# compute-plp-feats --verbose=2 --config=conf/plp.conf scp,p:exp/make_plp/train/wav_train.14.scp ark:- | copy-feats --compress=true ark:- ark,scp:/home/jincheng/SMIIP_1ST_HW/plp/raw_plp_train.14.ark,/home/jincheng/SMIIP_1ST_HW/plp/raw_plp_train.14.scp 
# Started at Thu Dec  5 00:56:42 CST 2019
#
copy-feats --compress=true ark:- ark,scp:/home/jincheng/SMIIP_1ST_HW/plp/raw_plp_train.14.ark,/home/jincheng/SMIIP_1ST_HW/plp/raw_plp_train.14.scp 
compute-plp-feats --verbose=2 --config=conf/plp.conf scp,p:exp/make_plp/train/wav_train.14.scp ark:- 
VLOG[2] (compute-plp-feats[5.5.166~1-013489]:main():compute-plp-feats.cc:173) Processed features for key NI_11A
VLOG[2] (compute-plp-feats[5.5.166~1-013489]:main():compute-plp-feats.cc:173) Processed features for key NI_169A
VLOG[2] (compute-plp-feats[5.5.166~1-013489]:main():compute-plp-feats.cc:173) Processed features for key NI_1989A
VLOG[2] (compute-plp-feats[5.5.166~1-013489]:main():compute-plp-feats.cc:173) Processed features for key NI_1A
VLOG[2] (compute-plp-feats[5.5.166~1-013489]:main():compute-plp-feats.cc:173) Processed features for key NI_1B
VLOG[2] (compute-plp-feats[5.5.166~1-013489]:main():compute-plp-feats.cc:173) Processed features for key NI_1Z955ZZA
VLOG[2] (compute-plp-feats[5.5.166~1-013489]:main():compute-plp-feats.cc:173) Processed features for key NI_23A
VLOG[2] (compute-plp-feats[5.5.166~1-013489]:main():compute-plp-feats.cc:173) Processed features for key NI_261A
VLOG[2] (compute-plp-feats[5.5.166~1-013489]:main():compute-plp-feats.cc:173) Processed features for key NI_263A
LOG (compute-plp-feats[5.5.166~1-013489]:main():compute-plp-feats.cc:172) Processed 10 utterances
VLOG[2] (compute-plp-feats[5.5.166~1-013489]:main():compute-plp-feats.cc:173) Processed features for key NI_2721364A
VLOG[2] (compute-plp-feats[5.5.166~1-013489]:main():compute-plp-feats.cc:173) Processed features for key NI_28ZA
VLOG[2] (compute-plp-feats[5.5.166~1-013489]:main():compute-plp-feats.cc:173) Processed features for key NI_2A
VLOG[2] (compute-plp-feats[5.5.166~1-013489]:main():compute-plp-feats.cc:173) Processed features for key NI_2B
VLOG[2] (compute-plp-feats[5.5.166~1-013489]:main():compute-plp-feats.cc:173) Processed features for key NI_32A
VLOG[2] (compute-plp-feats[5.5.166~1-013489]:main():compute-plp-feats.cc:173) Processed features for key NI_356O623A
VLOG[2] (compute-plp-feats[5.5.166~1-013489]:main():compute-plp-feats.cc:173) Processed features for key NI_3771OA
VLOG[2] (compute-plp-feats[5.5.166~1-013489]:main():compute-plp-feats.cc:173) Processed features for key NI_38681A
VLOG[2] (compute-plp-feats[5.5.166~1-013489]:main():compute-plp-feats.cc:173) Processed features for key NI_3A
VLOG[2] (compute-plp-feats[5.5.166~1-013489]:main():compute-plp-feats.cc:173) Processed features for key NI_3B
LOG (compute-plp-feats[5.5.166~1-013489]:main():compute-plp-feats.cc:172) Processed 20 utterances
VLOG[2] (compute-plp-feats[5.5.166~1-013489]:main():compute-plp-feats.cc:173) Processed features for key NI_3O1O9O4A
VLOG[2] (compute-plp-feats[5.5.166~1-013489]:main():compute-plp-feats.cc:173) Processed features for key NI_44O24A
VLOG[2] (compute-plp-feats[5.5.166~1-013489]:main():compute-plp-feats.cc:173) Processed features for key NI_464A
VLOG[2] (compute-plp-feats[5.5.166~1-013489]:main():compute-plp-feats.cc:173) Processed features for key NI_497Z5A
VLOG[2] (compute-plp-feats[5.5.166~1-013489]:main():compute-plp-feats.cc:173) Processed features for key NI_4A
VLOG[2] (compute-plp-feats[5.5.166~1-013489]:main():compute-plp-feats.cc:173) Processed features for key NI_4B
VLOG[2] (compute-plp-feats[5.5.166~1-013489]:main():compute-plp-feats.cc:173) Processed features for key NI_4O5A
VLOG[2] (compute-plp-feats[5.5.166~1-013489]:main():compute-plp-feats.cc:173) Processed features for key NI_4Z66A
VLOG[2] (compute-plp-feats[5.5.166~1-013489]:main():compute-plp-feats.cc:173) Processed features for key NI_51773A
VLOG[2] (compute-plp-feats[5.5.166~1-013489]:main():compute-plp-feats.cc:173) Processed features for key NI_579A
LOG (compute-plp-feats[5.5.166~1-013489]:main():compute-plp-feats.cc:172) Processed 30 utterances
VLOG[2] (compute-plp-feats[5.5.166~1-013489]:main():compute-plp-feats.cc:173) Processed features for key NI_5879175A
VLOG[2] (compute-plp-feats[5.5.166~1-013489]:main():compute-plp-feats.cc:173) Processed features for key NI_596O137A
VLOG[2] (compute-plp-feats[5.5.166~1-013489]:main():compute-plp-feats.cc:173) Processed features for key NI_59A
VLOG[2] (compute-plp-feats[5.5.166~1-013489]:main():compute-plp-feats.cc:173) Processed features for key NI_5A
VLOG[2] (compute-plp-feats[5.5.166~1-013489]:main():compute-plp-feats.cc:173) Processed features for key NI_5B
VLOG[2] (compute-plp-feats[5.5.166~1-013489]:main():compute-plp-feats.cc:173) Processed features for key NI_65A
VLOG[2] (compute-plp-feats[5.5.166~1-013489]:main():compute-plp-feats.cc:173) Processed features for key NI_67A
VLOG[2] (compute-plp-feats[5.5.166~1-013489]:main():compute-plp-feats.cc:173) Processed features for key NI_68548A
VLOG[2] (compute-plp-feats[5.5.166~1-013489]:main():compute-plp-feats.cc:173) Processed features for key NI_69O7O7OA
VLOG[2] (compute-plp-feats[5.5.166~1-013489]:main():compute-plp-feats.cc:173) Processed features for key NI_6A
LOG (compute-plp-feats[5.5.166~1-013489]:main():compute-plp-feats.cc:172) Processed 40 utterances
VLOG[2] (compute-plp-feats[5.5.166~1-013489]:main():compute-plp-feats.cc:173) Processed features for key NI_6B
VLOG[2] (compute-plp-feats[5.5.166~1-013489]:main():compute-plp-feats.cc:173) Processed features for key NI_6Z83443A
VLOG[2] (compute-plp-feats[5.5.166~1-013489]:main():compute-plp-feats.cc:173) Processed features for key NI_7394A
VLOG[2] (compute-plp-feats[5.5.166~1-013489]:main():compute-plp-feats.cc:173) Processed features for key NI_7414A
VLOG[2] (compute-plp-feats[5.5.166~1-013489]:main():compute-plp-feats.cc:173) Processed features for key NI_75484A
VLOG[2] (compute-plp-feats[5.5.166~1-013489]:main():compute-plp-feats.cc:173) Processed features for key NI_782Z845A
VLOG[2] (compute-plp-feats[5.5.166~1-013489]:main():compute-plp-feats.cc:173) Processed features for key NI_78Z3A
VLOG[2] (compute-plp-feats[5.5.166~1-013489]:main():compute-plp-feats.cc:173) Processed features for key NI_7A
VLOG[2] (compute-plp-feats[5.5.166~1-013489]:main():compute-plp-feats.cc:173) Processed features for key NI_7B
VLOG[2] (compute-plp-feats[5.5.166~1-013489]:main():compute-plp-feats.cc:173) Processed features for key NI_86212A
LOG (compute-plp-feats[5.5.166~1-013489]:main():compute-plp-feats.cc:172) Processed 50 utterances
VLOG[2] (compute-plp-feats[5.5.166~1-013489]:main():compute-plp-feats.cc:173) Processed features for key NI_87A
VLOG[2] (compute-plp-feats[5.5.166~1-013489]:main():compute-plp-feats.cc:173) Processed features for key NI_8831A
VLOG[2] (compute-plp-feats[5.5.166~1-013489]:main():compute-plp-feats.cc:173) Processed features for key NI_89OA
VLOG[2] (compute-plp-feats[5.5.166~1-013489]:main():compute-plp-feats.cc:173) Processed features for key NI_8A
VLOG[2] (compute-plp-feats[5.5.166~1-013489]:main():compute-plp-feats.cc:173) Processed features for key NI_8B
VLOG[2] (compute-plp-feats[5.5.166~1-013489]:main():compute-plp-feats.cc:173) Processed features for key NI_8OO8A
VLOG[2] (compute-plp-feats[5.5.166~1-013489]:main():compute-plp-feats.cc:173) Processed features for key NI_91655OOA
VLOG[2] (compute-plp-feats[5.5.166~1-013489]:main():compute-plp-feats.cc:173) Processed features for key NI_93A
VLOG[2] (compute-plp-feats[5.5.166~1-013489]:main():compute-plp-feats.cc:173) Processed features for key NI_93O3A
VLOG[2] (compute-plp-feats[5.5.166~1-013489]:main():compute-plp-feats.cc:173) Processed features for key NI_94399A
LOG (compute-plp-feats[5.5.166~1-013489]:main():compute-plp-feats.cc:172) Processed 60 utterances
VLOG[2] (compute-plp-feats[5.5.166~1-013489]:main():compute-plp-feats.cc:173) Processed features for key NI_9A
VLOG[2] (compute-plp-feats[5.5.166~1-013489]:main():compute-plp-feats.cc:173) Processed features for key NI_9B
VLOG[2] (compute-plp-feats[5.5.166~1-013489]:main():compute-plp-feats.cc:173) Processed features for key NI_9Z9A
VLOG[2] (compute-plp-feats[5.5.166~1-013489]:main():compute-plp-feats.cc:173) Processed features for key NI_O3OA
VLOG[2] (compute-plp-feats[5.5.166~1-013489]:main():compute-plp-feats.cc:173) Processed features for key NI_O5818A
VLOG[2] (compute-plp-feats[5.5.166~1-013489]:main():compute-plp-feats.cc:173) Processed features for key NI_O85A
VLOG[2] (compute-plp-feats[5.5.166~1-013489]:main():compute-plp-feats.cc:173) Processed features for key NI_O9766A
VLOG[2] (compute-plp-feats[5.5.166~1-013489]:main():compute-plp-feats.cc:173) Processed features for key NI_OA
VLOG[2] (compute-plp-feats[5.5.166~1-013489]:main():compute-plp-feats.cc:173) Processed features for key NI_OB
VLOG[2] (compute-plp-feats[5.5.166~1-013489]:main():compute-plp-feats.cc:173) Processed features for key NI_OOO6A
LOG (compute-plp-feats[5.5.166~1-013489]:main():compute-plp-feats.cc:172) Processed 70 utterances
VLOG[2] (compute-plp-feats[5.5.166~1-013489]:main():compute-plp-feats.cc:173) Processed features for key NI_Z1Z3572A
VLOG[2] (compute-plp-feats[5.5.166~1-013489]:main():compute-plp-feats.cc:173) Processed features for key NI_Z4A
VLOG[2] (compute-plp-feats[5.5.166~1-013489]:main():compute-plp-feats.cc:173) Processed features for key NI_Z6A
VLOG[2] (compute-plp-feats[5.5.166~1-013489]:main():compute-plp-feats.cc:173) Processed features for key NI_Z718A
VLOG[2] (compute-plp-feats[5.5.166~1-013489]:main():compute-plp-feats.cc:173) Processed features for key NI_ZA
VLOG[2] (compute-plp-feats[5.5.166~1-013489]:main():compute-plp-feats.cc:173) Processed features for key NI_ZB
VLOG[2] (compute-plp-feats[5.5.166~1-013489]:main():compute-plp-feats.cc:173) Processed features for key NI_ZZA
VLOG[2] (compute-plp-feats[5.5.166~1-013489]:main():compute-plp-feats.cc:173) Processed features for key NR_122O3A
VLOG[2] (compute-plp-feats[5.5.166~1-013489]:main():compute-plp-feats.cc:173) Processed features for key NR_13A
VLOG[2] (compute-plp-feats[5.5.166~1-013489]:main():compute-plp-feats.cc:173) Processed features for key NR_15626A
LOG (compute-plp-feats[5.5.166~1-013489]:main():compute-plp-feats.cc:172) Processed 80 utterances
VLOG[2] (compute-plp-feats[5.5.166~1-013489]:main():compute-plp-feats.cc:173) Processed features for key NR_173ZA
VLOG[2] (compute-plp-feats[5.5.166~1-013489]:main():compute-plp-feats.cc:173) Processed features for key NR_187A
VLOG[2] (compute-plp-feats[5.5.166~1-013489]:main():compute-plp-feats.cc:173) Processed features for key NR_1A
VLOG[2] (compute-plp-feats[5.5.166~1-013489]:main():compute-plp-feats.cc:173) Processed features for key NR_1B
VLOG[2] (compute-plp-feats[5.5.166~1-013489]:main():compute-plp-feats.cc:173) Processed features for key NR_211A
VLOG[2] (compute-plp-feats[5.5.166~1-013489]:main():compute-plp-feats.cc:173) Processed features for key NR_22446Z9A
VLOG[2] (compute-plp-feats[5.5.166~1-013489]:main():compute-plp-feats.cc:173) Processed features for key NR_2747A
VLOG[2] (compute-plp-feats[5.5.166~1-013489]:main():compute-plp-feats.cc:173) Processed features for key NR_289O9O4A
VLOG[2] (compute-plp-feats[5.5.166~1-013489]:main():compute-plp-feats.cc:173) Processed features for key NR_2A
VLOG[2] (compute-plp-feats[5.5.166~1-013489]:main():compute-plp-feats.cc:173) Processed features for key NR_2B
LOG (compute-plp-feats[5.5.166~1-013489]:main():compute-plp-feats.cc:172) Processed 90 utterances
VLOG[2] (compute-plp-feats[5.5.166~1-013489]:main():compute-plp-feats.cc:173) Processed features for key NR_2ZZ97A
VLOG[2] (compute-plp-feats[5.5.166~1-013489]:main():compute-plp-feats.cc:173) Processed features for key NR_31Z5A
VLOG[2] (compute-plp-feats[5.5.166~1-013489]:main():compute-plp-feats.cc:173) Processed features for key NR_34A
VLOG[2] (compute-plp-feats[5.5.166~1-013489]:main():compute-plp-feats.cc:173) Processed features for key NR_3676A
VLOG[2] (compute-plp-feats[5.5.166~1-013489]:main():compute-plp-feats.cc:173) Processed features for key NR_36OOA
VLOG[2] (compute-plp-feats[5.5.166~1-013489]:main():compute-plp-feats.cc:173) Processed features for key NR_39A
VLOG[2] (compute-plp-feats[5.5.166~1-013489]:main():compute-plp-feats.cc:173) Processed features for key NR_3A
VLOG[2] (compute-plp-feats[5.5.166~1-013489]:main():compute-plp-feats.cc:173) Processed features for key NR_3B
VLOG[2] (compute-plp-feats[5.5.166~1-013489]:main():compute-plp-feats.cc:173) Processed features for key NR_457A
VLOG[2] (compute-plp-feats[5.5.166~1-013489]:main():compute-plp-feats.cc:173) Processed features for key NR_4A
LOG (compute-plp-feats[5.5.166~1-013489]:main():compute-plp-feats.cc:172) Processed 100 utterances
VLOG[2] (compute-plp-feats[5.5.166~1-013489]:main():compute-plp-feats.cc:173) Processed features for key NR_4B
VLOG[2] (compute-plp-feats[5.5.166~1-013489]:main():compute-plp-feats.cc:173) Processed features for key NR_4O82OO6A
VLOG[2] (compute-plp-feats[5.5.166~1-013489]:main():compute-plp-feats.cc:173) Processed features for key NR_4OA
VLOG[2] (compute-plp-feats[5.5.166~1-013489]:main():compute-plp-feats.cc:173) Processed features for key NR_4Z452A
VLOG[2] (compute-plp-feats[5.5.166~1-013489]:main():compute-plp-feats.cc:173) Processed features for key NR_4ZA
VLOG[2] (compute-plp-feats[5.5.166~1-013489]:main():compute-plp-feats.cc:173) Processed features for key NR_5186A
VLOG[2] (compute-plp-feats[5.5.166~1-013489]:main():compute-plp-feats.cc:173) Processed features for key NR_52423A
VLOG[2] (compute-plp-feats[5.5.166~1-013489]:main():compute-plp-feats.cc:173) Processed features for key NR_5377643A
VLOG[2] (compute-plp-feats[5.5.166~1-013489]:main():compute-plp-feats.cc:173) Processed features for key NR_553A
VLOG[2] (compute-plp-feats[5.5.166~1-013489]:main():compute-plp-feats.cc:173) Processed features for key NR_58A
LOG (compute-plp-feats[5.5.166~1-013489]:main():compute-plp-feats.cc:172) Processed 110 utterances
VLOG[2] (compute-plp-feats[5.5.166~1-013489]:main():compute-plp-feats.cc:173) Processed features for key NR_5A
VLOG[2] (compute-plp-feats[5.5.166~1-013489]:main():compute-plp-feats.cc:173) Processed features for key NR_5B
VLOG[2] (compute-plp-feats[5.5.166~1-013489]:main():compute-plp-feats.cc:173) Processed features for key NR_65O7744A
VLOG[2] (compute-plp-feats[5.5.166~1-013489]:main():compute-plp-feats.cc:173) Processed features for key NR_66Z23A
VLOG[2] (compute-plp-feats[5.5.166~1-013489]:main():compute-plp-feats.cc:173) Processed features for key NR_675A
VLOG[2] (compute-plp-feats[5.5.166~1-013489]:main():compute-plp-feats.cc:173) Processed features for key NR_684A
VLOG[2] (compute-plp-feats[5.5.166~1-013489]:main():compute-plp-feats.cc:173) Processed features for key NR_69592A
VLOG[2] (compute-plp-feats[5.5.166~1-013489]:main():compute-plp-feats.cc:173) Processed features for key NR_6A
VLOG[2] (compute-plp-feats[5.5.166~1-013489]:main():compute-plp-feats.cc:173) Processed features for key NR_6B
VLOG[2] (compute-plp-feats[5.5.166~1-013489]:main():compute-plp-feats.cc:173) Processed features for key NR_73Z2633A
LOG (compute-plp-feats[5.5.166~1-013489]:main():compute-plp-feats.cc:172) Processed 120 utterances
VLOG[2] (compute-plp-feats[5.5.166~1-013489]:main():compute-plp-feats.cc:173) Processed features for key NR_751A
VLOG[2] (compute-plp-feats[5.5.166~1-013489]:main():compute-plp-feats.cc:173) Processed features for key NR_7889491A
VLOG[2] (compute-plp-feats[5.5.166~1-013489]:main():compute-plp-feats.cc:173) Processed features for key NR_7A
VLOG[2] (compute-plp-feats[5.5.166~1-013489]:main():compute-plp-feats.cc:173) Processed features for key NR_7B
VLOG[2] (compute-plp-feats[5.5.166~1-013489]:main():compute-plp-feats.cc:173) Processed features for key NR_7O328A
VLOG[2] (compute-plp-feats[5.5.166~1-013489]:main():compute-plp-feats.cc:173) Processed features for key NR_7O9A
VLOG[2] (compute-plp-feats[5.5.166~1-013489]:main():compute-plp-feats.cc:173) Processed features for key NR_8643849A
VLOG[2] (compute-plp-feats[5.5.166~1-013489]:main():compute-plp-feats.cc:173) Processed features for key NR_8714A
VLOG[2] (compute-plp-feats[5.5.166~1-013489]:main():compute-plp-feats.cc:173) Processed features for key NR_88A
VLOG[2] (compute-plp-feats[5.5.166~1-013489]:main():compute-plp-feats.cc:173) Processed features for key NR_8A
LOG (compute-plp-feats[5.5.166~1-013489]:main():compute-plp-feats.cc:172) Processed 130 utterances
VLOG[2] (compute-plp-feats[5.5.166~1-013489]:main():compute-plp-feats.cc:173) Processed features for key NR_8B
VLOG[2] (compute-plp-feats[5.5.166~1-013489]:main():compute-plp-feats.cc:173) Processed features for key NR_8OA
VLOG[2] (compute-plp-feats[5.5.166~1-013489]:main():compute-plp-feats.cc:173) Processed features for key NR_8Z59A
VLOG[2] (compute-plp-feats[5.5.166~1-013489]:main():compute-plp-feats.cc:173) Processed features for key NR_92566A
VLOG[2] (compute-plp-feats[5.5.166~1-013489]:main():compute-plp-feats.cc:173) Processed features for key NR_958O472A
VLOG[2] (compute-plp-feats[5.5.166~1-013489]:main():compute-plp-feats.cc:173) Processed features for key NR_9627A
VLOG[2] (compute-plp-feats[5.5.166~1-013489]:main():compute-plp-feats.cc:173) Processed features for key NR_985Z3A
VLOG[2] (compute-plp-feats[5.5.166~1-013489]:main():compute-plp-feats.cc:173) Processed features for key NR_9965A
VLOG[2] (compute-plp-feats[5.5.166~1-013489]:main():compute-plp-feats.cc:173) Processed features for key NR_9A
VLOG[2] (compute-plp-feats[5.5.166~1-013489]:main():compute-plp-feats.cc:173) Processed features for key NR_9B
LOG (compute-plp-feats[5.5.166~1-013489]:main():compute-plp-feats.cc:172) Processed 140 utterances
VLOG[2] (compute-plp-feats[5.5.166~1-013489]:main():compute-plp-feats.cc:173) Processed features for key NR_O1A
VLOG[2] (compute-plp-feats[5.5.166~1-013489]:main():compute-plp-feats.cc:173) Processed features for key NR_O1O29A
VLOG[2] (compute-plp-feats[5.5.166~1-013489]:main():compute-plp-feats.cc:173) Processed features for key NR_O5A
VLOG[2] (compute-plp-feats[5.5.166~1-013489]:main():compute-plp-feats.cc:173) Processed features for key NR_O7OA
VLOG[2] (compute-plp-feats[5.5.166~1-013489]:main():compute-plp-feats.cc:173) Processed features for key NR_O81A
VLOG[2] (compute-plp-feats[5.5.166~1-013489]:main():compute-plp-feats.cc:173) Processed features for key NR_OA
VLOG[2] (compute-plp-feats[5.5.166~1-013489]:main():compute-plp-feats.cc:173) Processed features for key NR_OB
VLOG[2] (compute-plp-feats[5.5.166~1-013489]:main():compute-plp-feats.cc:173) Processed features for key NR_Z13ZA
VLOG[2] (compute-plp-feats[5.5.166~1-013489]:main():compute-plp-feats.cc:173) Processed features for key NR_Z1A
VLOG[2] (compute-plp-feats[5.5.166~1-013489]:main():compute-plp-feats.cc:173) Processed features for key NR_Z63412ZA
LOG (compute-plp-feats[5.5.166~1-013489]:main():compute-plp-feats.cc:172) Processed 150 utterances
VLOG[2] (compute-plp-feats[5.5.166~1-013489]:main():compute-plp-feats.cc:173) Processed features for key NR_Z7ZA
VLOG[2] (compute-plp-feats[5.5.166~1-013489]:main():compute-plp-feats.cc:173) Processed features for key NR_ZA
VLOG[2] (compute-plp-feats[5.5.166~1-013489]:main():compute-plp-feats.cc:173) Processed features for key NR_ZB
VLOG[2] (compute-plp-feats[5.5.166~1-013489]:main():compute-plp-feats.cc:173) Processed features for key NR_ZZ8378ZA
VLOG[2] (compute-plp-feats[5.5.166~1-013489]:main():compute-plp-feats.cc:173) Processed features for key NW_11A
VLOG[2] (compute-plp-feats[5.5.166~1-013489]:main():compute-plp-feats.cc:173) Processed features for key NW_135A
VLOG[2] (compute-plp-feats[5.5.166~1-013489]:main():compute-plp-feats.cc:173) Processed features for key NW_1376A
VLOG[2] (compute-plp-feats[5.5.166~1-013489]:main():compute-plp-feats.cc:173) Processed features for key NW_17A
VLOG[2] (compute-plp-feats[5.5.166~1-013489]:main():compute-plp-feats.cc:173) Processed features for key NW_1A
VLOG[2] (compute-plp-feats[5.5.166~1-013489]:main():compute-plp-feats.cc:173) Processed features for key NW_1B
LOG (compute-plp-feats[5.5.166~1-013489]:main():compute-plp-feats.cc:172) Processed 160 utterances
VLOG[2] (compute-plp-feats[5.5.166~1-013489]:main():compute-plp-feats.cc:173) Processed features for key NW_1Z521Z6A
VLOG[2] (compute-plp-feats[5.5.166~1-013489]:main():compute-plp-feats.cc:173) Processed features for key NW_239A
VLOG[2] (compute-plp-feats[5.5.166~1-013489]:main():compute-plp-feats.cc:173) Processed features for key NW_2536231A
VLOG[2] (compute-plp-feats[5.5.166~1-013489]:main():compute-plp-feats.cc:173) Processed features for key NW_2696OA
VLOG[2] (compute-plp-feats[5.5.166~1-013489]:main():compute-plp-feats.cc:173) Processed features for key NW_2791OA
VLOG[2] (compute-plp-feats[5.5.166~1-013489]:main():compute-plp-feats.cc:173) Processed features for key NW_2A
VLOG[2] (compute-plp-feats[5.5.166~1-013489]:main():compute-plp-feats.cc:173) Processed features for key NW_2B
VLOG[2] (compute-plp-feats[5.5.166~1-013489]:main():compute-plp-feats.cc:173) Processed features for key NW_2OO19O9A
VLOG[2] (compute-plp-feats[5.5.166~1-013489]:main():compute-plp-feats.cc:173) Processed features for key NW_329725OA
VLOG[2] (compute-plp-feats[5.5.166~1-013489]:main():compute-plp-feats.cc:173) Processed features for key NW_33A
LOG (compute-plp-feats[5.5.166~1-013489]:main():compute-plp-feats.cc:172) Processed 170 utterances
VLOG[2] (compute-plp-feats[5.5.166~1-013489]:main():compute-plp-feats.cc:173) Processed features for key NW_364A
VLOG[2] (compute-plp-feats[5.5.166~1-013489]:main():compute-plp-feats.cc:173) Processed features for key NW_387Z6A
VLOG[2] (compute-plp-feats[5.5.166~1-013489]:main():compute-plp-feats.cc:173) Processed features for key NW_3881A
VLOG[2] (compute-plp-feats[5.5.166~1-013489]:main():compute-plp-feats.cc:173) Processed features for key NW_3A
VLOG[2] (compute-plp-feats[5.5.166~1-013489]:main():compute-plp-feats.cc:173) Processed features for key NW_3B
VLOG[2] (compute-plp-feats[5.5.166~1-013489]:main():compute-plp-feats.cc:173) Processed features for key NW_41248A
VLOG[2] (compute-plp-feats[5.5.166~1-013489]:main():compute-plp-feats.cc:173) Processed features for key NW_424OA
VLOG[2] (compute-plp-feats[5.5.166~1-013489]:main():compute-plp-feats.cc:173) Processed features for key NW_46A
VLOG[2] (compute-plp-feats[5.5.166~1-013489]:main():compute-plp-feats.cc:173) Processed features for key NW_4A
VLOG[2] (compute-plp-feats[5.5.166~1-013489]:main():compute-plp-feats.cc:173) Processed features for key NW_4B
LOG (compute-plp-feats[5.5.166~1-013489]:main():compute-plp-feats.cc:172) Processed 180 utterances
VLOG[2] (compute-plp-feats[5.5.166~1-013489]:main():compute-plp-feats.cc:173) Processed features for key NW_4O2A
VLOG[2] (compute-plp-feats[5.5.166~1-013489]:main():compute-plp-feats.cc:173) Processed features for key NW_4Z91856A
VLOG[2] (compute-plp-feats[5.5.166~1-013489]:main():compute-plp-feats.cc:173) Processed features for key NW_55A
VLOG[2] (compute-plp-feats[5.5.166~1-013489]:main():compute-plp-feats.cc:173) Processed features for key NW_58378A
VLOG[2] (compute-plp-feats[5.5.166~1-013489]:main():compute-plp-feats.cc:173) Processed features for key NW_587O7A
VLOG[2] (compute-plp-feats[5.5.166~1-013489]:main():compute-plp-feats.cc:173) Processed features for key NW_5934634A
VLOG[2] (compute-plp-feats[5.5.166~1-013489]:main():compute-plp-feats.cc:173) Processed features for key NW_59Z7A
VLOG[2] (compute-plp-feats[5.5.166~1-013489]:main():compute-plp-feats.cc:173) Processed features for key NW_5A
VLOG[2] (compute-plp-feats[5.5.166~1-013489]:main():compute-plp-feats.cc:173) Processed features for key NW_5B
VLOG[2] (compute-plp-feats[5.5.166~1-013489]:main():compute-plp-feats.cc:173) Processed features for key NW_61545A
LOG (compute-plp-feats[5.5.166~1-013489]:main():compute-plp-feats.cc:172) Processed 190 utterances
VLOG[2] (compute-plp-feats[5.5.166~1-013489]:main():compute-plp-feats.cc:173) Processed features for key NW_65A
VLOG[2] (compute-plp-feats[5.5.166~1-013489]:main():compute-plp-feats.cc:173) Processed features for key NW_66OA
VLOG[2] (compute-plp-feats[5.5.166~1-013489]:main():compute-plp-feats.cc:173) Processed features for key NW_67484A
VLOG[2] (compute-plp-feats[5.5.166~1-013489]:main():compute-plp-feats.cc:173) Processed features for key NW_6A
VLOG[2] (compute-plp-feats[5.5.166~1-013489]:main():compute-plp-feats.cc:173) Processed features for key NW_6B
VLOG[2] (compute-plp-feats[5.5.166~1-013489]:main():compute-plp-feats.cc:173) Processed features for key NW_6ZA
VLOG[2] (compute-plp-feats[5.5.166~1-013489]:main():compute-plp-feats.cc:173) Processed features for key NW_7543A
VLOG[2] (compute-plp-feats[5.5.166~1-013489]:main():compute-plp-feats.cc:173) Processed features for key NW_76A
VLOG[2] (compute-plp-feats[5.5.166~1-013489]:main():compute-plp-feats.cc:173) Processed features for key NW_77A
VLOG[2] (compute-plp-feats[5.5.166~1-013489]:main():compute-plp-feats.cc:173) Processed features for key NW_786A
LOG (compute-plp-feats[5.5.166~1-013489]:main():compute-plp-feats.cc:172) Processed 200 utterances
VLOG[2] (compute-plp-feats[5.5.166~1-013489]:main():compute-plp-feats.cc:173) Processed features for key NW_7944A
VLOG[2] (compute-plp-feats[5.5.166~1-013489]:main():compute-plp-feats.cc:173) Processed features for key NW_7A
VLOG[2] (compute-plp-feats[5.5.166~1-013489]:main():compute-plp-feats.cc:173) Processed features for key NW_7B
VLOG[2] (compute-plp-feats[5.5.166~1-013489]:main():compute-plp-feats.cc:173) Processed features for key NW_82A
VLOG[2] (compute-plp-feats[5.5.166~1-013489]:main():compute-plp-feats.cc:173) Processed features for key NW_84A
VLOG[2] (compute-plp-feats[5.5.166~1-013489]:main():compute-plp-feats.cc:173) Processed features for key NW_85ZZ2Z2A
VLOG[2] (compute-plp-feats[5.5.166~1-013489]:main():compute-plp-feats.cc:173) Processed features for key NW_863Z3ZZA
VLOG[2] (compute-plp-feats[5.5.166~1-013489]:main():compute-plp-feats.cc:173) Processed features for key NW_893O156A
VLOG[2] (compute-plp-feats[5.5.166~1-013489]:main():compute-plp-feats.cc:173) Processed features for key NW_8A
VLOG[2] (compute-plp-feats[5.5.166~1-013489]:main():compute-plp-feats.cc:173) Processed features for key NW_8B
LOG (compute-plp-feats[5.5.166~1-013489]:main():compute-plp-feats.cc:172) Processed 210 utterances
VLOG[2] (compute-plp-feats[5.5.166~1-013489]:main():compute-plp-feats.cc:173) Processed features for key NW_928A
VLOG[2] (compute-plp-feats[5.5.166~1-013489]:main():compute-plp-feats.cc:173) Processed features for key NW_942A
VLOG[2] (compute-plp-feats[5.5.166~1-013489]:main():compute-plp-feats.cc:173) Processed features for key NW_9519298A
VLOG[2] (compute-plp-feats[5.5.166~1-013489]:main():compute-plp-feats.cc:173) Processed features for key NW_98Z1A
VLOG[2] (compute-plp-feats[5.5.166~1-013489]:main():compute-plp-feats.cc:173) Processed features for key NW_9A
VLOG[2] (compute-plp-feats[5.5.166~1-013489]:main():compute-plp-feats.cc:173) Processed features for key NW_9B
VLOG[2] (compute-plp-feats[5.5.166~1-013489]:main():compute-plp-feats.cc:173) Processed features for key NW_9OO3A
VLOG[2] (compute-plp-feats[5.5.166~1-013489]:main():compute-plp-feats.cc:173) Processed features for key NW_O3162A
VLOG[2] (compute-plp-feats[5.5.166~1-013489]:main():compute-plp-feats.cc:173) Processed features for key NW_O499A
VLOG[2] (compute-plp-feats[5.5.166~1-013489]:main():compute-plp-feats.cc:173) Processed features for key NW_O53A
LOG (compute-plp-feats[5.5.166~1-013489]:main():compute-plp-feats.cc:172) Processed 220 utterances
VLOG[2] (compute-plp-feats[5.5.166~1-013489]:main():compute-plp-feats.cc:173) Processed features for key NW_O7322A
VLOG[2] (compute-plp-feats[5.5.166~1-013489]:main():compute-plp-feats.cc:173) Processed features for key NW_OA
VLOG[2] (compute-plp-feats[5.5.166~1-013489]:main():compute-plp-feats.cc:173) Processed features for key NW_OB
VLOG[2] (compute-plp-feats[5.5.166~1-013489]:main():compute-plp-feats.cc:173) Processed features for key NW_OO64147A
VLOG[2] (compute-plp-feats[5.5.166~1-013489]:main():compute-plp-feats.cc:173) Processed features for key NW_Z43A
VLOG[2] (compute-plp-feats[5.5.166~1-013489]:main():compute-plp-feats.cc:173) Processed features for key NW_Z49A
VLOG[2] (compute-plp-feats[5.5.166~1-013489]:main():compute-plp-feats.cc:173) Processed features for key NW_Z7335A
VLOG[2] (compute-plp-feats[5.5.166~1-013489]:main():compute-plp-feats.cc:173) Processed features for key NW_Z897A
VLOG[2] (compute-plp-feats[5.5.166~1-013489]:main():compute-plp-feats.cc:173) Processed features for key NW_Z996A
VLOG[2] (compute-plp-feats[5.5.166~1-013489]:main():compute-plp-feats.cc:173) Processed features for key NW_ZA
LOG (compute-plp-feats[5.5.166~1-013489]:main():compute-plp-feats.cc:172) Processed 230 utterances
VLOG[2] (compute-plp-feats[5.5.166~1-013489]:main():compute-plp-feats.cc:173) Processed features for key NW_ZB
VLOG[2] (compute-plp-feats[5.5.166~1-013489]:main():compute-plp-feats.cc:173) Processed features for key PB_1425A
VLOG[2] (compute-plp-feats[5.5.166~1-013489]:main():compute-plp-feats.cc:173) Processed features for key PB_17854A
VLOG[2] (compute-plp-feats[5.5.166~1-013489]:main():compute-plp-feats.cc:173) Processed features for key PB_19Z3735A
VLOG[2] (compute-plp-feats[5.5.166~1-013489]:main():compute-plp-feats.cc:173) Processed features for key PB_1A
VLOG[2] (compute-plp-feats[5.5.166~1-013489]:main():compute-plp-feats.cc:173) Processed features for key PB_1B
VLOG[2] (compute-plp-feats[5.5.166~1-013489]:main():compute-plp-feats.cc:173) Processed features for key PB_1O593A
VLOG[2] (compute-plp-feats[5.5.166~1-013489]:main():compute-plp-feats.cc:173) Processed features for key PB_1ZA
VLOG[2] (compute-plp-feats[5.5.166~1-013489]:main():compute-plp-feats.cc:173) Processed features for key PB_24A
VLOG[2] (compute-plp-feats[5.5.166~1-013489]:main():compute-plp-feats.cc:173) Processed features for key PB_24OA
LOG (compute-plp-feats[5.5.166~1-013489]:main():compute-plp-feats.cc:172) Processed 240 utterances
VLOG[2] (compute-plp-feats[5.5.166~1-013489]:main():compute-plp-feats.cc:173) Processed features for key PB_25A
VLOG[2] (compute-plp-feats[5.5.166~1-013489]:main():compute-plp-feats.cc:173) Processed features for key PB_26469A
VLOG[2] (compute-plp-feats[5.5.166~1-013489]:main():compute-plp-feats.cc:173) Processed features for key PB_269572OA
VLOG[2] (compute-plp-feats[5.5.166~1-013489]:main():compute-plp-feats.cc:173) Processed features for key PB_2A
VLOG[2] (compute-plp-feats[5.5.166~1-013489]:main():compute-plp-feats.cc:173) Processed features for key PB_2B
VLOG[2] (compute-plp-feats[5.5.166~1-013489]:main():compute-plp-feats.cc:173) Processed features for key PB_3233A
VLOG[2] (compute-plp-feats[5.5.166~1-013489]:main():compute-plp-feats.cc:173) Processed features for key PB_32ZA
VLOG[2] (compute-plp-feats[5.5.166~1-013489]:main():compute-plp-feats.cc:173) Processed features for key PB_34Z4A
VLOG[2] (compute-plp-feats[5.5.166~1-013489]:main():compute-plp-feats.cc:173) Processed features for key PB_37167A
VLOG[2] (compute-plp-feats[5.5.166~1-013489]:main():compute-plp-feats.cc:173) Processed features for key PB_3A
LOG (compute-plp-feats[5.5.166~1-013489]:main():compute-plp-feats.cc:172) Processed 250 utterances
VLOG[2] (compute-plp-feats[5.5.166~1-013489]:main():compute-plp-feats.cc:173) Processed features for key PB_3B
VLOG[2] (compute-plp-feats[5.5.166~1-013489]:main():compute-plp-feats.cc:173) Processed features for key PB_3O41A
VLOG[2] (compute-plp-feats[5.5.166~1-013489]:main():compute-plp-feats.cc:173) Processed features for key PB_44OA
VLOG[2] (compute-plp-feats[5.5.166~1-013489]:main():compute-plp-feats.cc:173) Processed features for key PB_46A
VLOG[2] (compute-plp-feats[5.5.166~1-013489]:main():compute-plp-feats.cc:173) Processed features for key PB_47611A
VLOG[2] (compute-plp-feats[5.5.166~1-013489]:main():compute-plp-feats.cc:173) Processed features for key PB_4887A
VLOG[2] (compute-plp-feats[5.5.166~1-013489]:main():compute-plp-feats.cc:173) Processed features for key PB_48OA
VLOG[2] (compute-plp-feats[5.5.166~1-013489]:main():compute-plp-feats.cc:173) Processed features for key PB_4A
VLOG[2] (compute-plp-feats[5.5.166~1-013489]:main():compute-plp-feats.cc:173) Processed features for key PB_4B
VLOG[2] (compute-plp-feats[5.5.166~1-013489]:main():compute-plp-feats.cc:173) Processed features for key PB_53Z8Z97A
LOG (compute-plp-feats[5.5.166~1-013489]:main():compute-plp-feats.cc:172) Processed 260 utterances
VLOG[2] (compute-plp-feats[5.5.166~1-013489]:main():compute-plp-feats.cc:173) Processed features for key PB_5553A
VLOG[2] (compute-plp-feats[5.5.166~1-013489]:main():compute-plp-feats.cc:173) Processed features for key PB_5822894A
VLOG[2] (compute-plp-feats[5.5.166~1-013489]:main():compute-plp-feats.cc:173) Processed features for key PB_58628A
VLOG[2] (compute-plp-feats[5.5.166~1-013489]:main():compute-plp-feats.cc:173) Processed features for key PB_59827A
VLOG[2] (compute-plp-feats[5.5.166~1-013489]:main():compute-plp-feats.cc:173) Processed features for key PB_5A
VLOG[2] (compute-plp-feats[5.5.166~1-013489]:main():compute-plp-feats.cc:173) Processed features for key PB_5B
VLOG[2] (compute-plp-feats[5.5.166~1-013489]:main():compute-plp-feats.cc:173) Processed features for key PB_636A
VLOG[2] (compute-plp-feats[5.5.166~1-013489]:main():compute-plp-feats.cc:173) Processed features for key PB_6384423A
VLOG[2] (compute-plp-feats[5.5.166~1-013489]:main():compute-plp-feats.cc:173) Processed features for key PB_66A
VLOG[2] (compute-plp-feats[5.5.166~1-013489]:main():compute-plp-feats.cc:173) Processed features for key PB_68817A
LOG (compute-plp-feats[5.5.166~1-013489]:main():compute-plp-feats.cc:172) Processed 270 utterances
VLOG[2] (compute-plp-feats[5.5.166~1-013489]:main():compute-plp-feats.cc:173) Processed features for key PB_6A
VLOG[2] (compute-plp-feats[5.5.166~1-013489]:main():compute-plp-feats.cc:173) Processed features for key PB_6B
VLOG[2] (compute-plp-feats[5.5.166~1-013489]:main():compute-plp-feats.cc:173) Processed features for key PB_6Z2A
VLOG[2] (compute-plp-feats[5.5.166~1-013489]:main():compute-plp-feats.cc:173) Processed features for key PB_72A
VLOG[2] (compute-plp-feats[5.5.166~1-013489]:main():compute-plp-feats.cc:173) Processed features for key PB_7419O89A
VLOG[2] (compute-plp-feats[5.5.166~1-013489]:main():compute-plp-feats.cc:173) Processed features for key PB_74A
VLOG[2] (compute-plp-feats[5.5.166~1-013489]:main():compute-plp-feats.cc:173) Processed features for key PB_75184A
VLOG[2] (compute-plp-feats[5.5.166~1-013489]:main():compute-plp-feats.cc:173) Processed features for key PB_77ZZA
VLOG[2] (compute-plp-feats[5.5.166~1-013489]:main():compute-plp-feats.cc:173) Processed features for key PB_7A
VLOG[2] (compute-plp-feats[5.5.166~1-013489]:main():compute-plp-feats.cc:173) Processed features for key PB_7B
LOG (compute-plp-feats[5.5.166~1-013489]:main():compute-plp-feats.cc:172) Processed 280 utterances
VLOG[2] (compute-plp-feats[5.5.166~1-013489]:main():compute-plp-feats.cc:173) Processed features for key PB_81A
VLOG[2] (compute-plp-feats[5.5.166~1-013489]:main():compute-plp-feats.cc:173) Processed features for key PB_8399A
VLOG[2] (compute-plp-feats[5.5.166~1-013489]:main():compute-plp-feats.cc:173) Processed features for key PB_8783622A
VLOG[2] (compute-plp-feats[5.5.166~1-013489]:main():compute-plp-feats.cc:173) Processed features for key PB_8A
VLOG[2] (compute-plp-feats[5.5.166~1-013489]:main():compute-plp-feats.cc:173) Processed features for key PB_8B
VLOG[2] (compute-plp-feats[5.5.166~1-013489]:main():compute-plp-feats.cc:173) Processed features for key PB_8Z7Z852A
VLOG[2] (compute-plp-feats[5.5.166~1-013489]:main():compute-plp-feats.cc:173) Processed features for key PB_8ZA
VLOG[2] (compute-plp-feats[5.5.166~1-013489]:main():compute-plp-feats.cc:173) Processed features for key PB_915A
VLOG[2] (compute-plp-feats[5.5.166~1-013489]:main():compute-plp-feats.cc:173) Processed features for key PB_9214A
VLOG[2] (compute-plp-feats[5.5.166~1-013489]:main():compute-plp-feats.cc:173) Processed features for key PB_929A
LOG (compute-plp-feats[5.5.166~1-013489]:main():compute-plp-feats.cc:172) Processed 290 utterances
VLOG[2] (compute-plp-feats[5.5.166~1-013489]:main():compute-plp-feats.cc:173) Processed features for key PB_98616A
VLOG[2] (compute-plp-feats[5.5.166~1-013489]:main():compute-plp-feats.cc:173) Processed features for key PB_9A
VLOG[2] (compute-plp-feats[5.5.166~1-013489]:main():compute-plp-feats.cc:173) Processed features for key PB_9B
VLOG[2] (compute-plp-feats[5.5.166~1-013489]:main():compute-plp-feats.cc:173) Processed features for key PB_9Z567A
VLOG[2] (compute-plp-feats[5.5.166~1-013489]:main():compute-plp-feats.cc:173) Processed features for key PB_O29OA
VLOG[2] (compute-plp-feats[5.5.166~1-013489]:main():compute-plp-feats.cc:173) Processed features for key PB_O6A
VLOG[2] (compute-plp-feats[5.5.166~1-013489]:main():compute-plp-feats.cc:173) Processed features for key PB_O715OO1A
VLOG[2] (compute-plp-feats[5.5.166~1-013489]:main():compute-plp-feats.cc:173) Processed features for key PB_O75A
VLOG[2] (compute-plp-feats[5.5.166~1-013489]:main():compute-plp-feats.cc:173) Processed features for key PB_OA
VLOG[2] (compute-plp-feats[5.5.166~1-013489]:main():compute-plp-feats.cc:173) Processed features for key PB_OB
LOG (compute-plp-feats[5.5.166~1-013489]:main():compute-plp-feats.cc:172) Processed 300 utterances
VLOG[2] (compute-plp-feats[5.5.166~1-013489]:main():compute-plp-feats.cc:173) Processed features for key PB_OO8A
VLOG[2] (compute-plp-feats[5.5.166~1-013489]:main():compute-plp-feats.cc:173) Processed features for key PB_Z113Z49A
VLOG[2] (compute-plp-feats[5.5.166~1-013489]:main():compute-plp-feats.cc:173) Processed features for key PB_Z2Z66Z5A
VLOG[2] (compute-plp-feats[5.5.166~1-013489]:main():compute-plp-feats.cc:173) Processed features for key PB_Z64A
VLOG[2] (compute-plp-feats[5.5.166~1-013489]:main():compute-plp-feats.cc:173) Processed features for key PB_Z7A
VLOG[2] (compute-plp-feats[5.5.166~1-013489]:main():compute-plp-feats.cc:173) Processed features for key PB_ZA
VLOG[2] (compute-plp-feats[5.5.166~1-013489]:main():compute-plp-feats.cc:173) Processed features for key PB_ZB
VLOG[2] (compute-plp-feats[5.5.166~1-013489]:main():compute-plp-feats.cc:173) Processed features for key PB_ZZZ9A
VLOG[2] (compute-plp-feats[5.5.166~1-013489]:main():compute-plp-feats.cc:173) Processed features for key PD_115A
VLOG[2] (compute-plp-feats[5.5.166~1-013489]:main():compute-plp-feats.cc:173) Processed features for key PD_12Z1A
LOG (compute-plp-feats[5.5.166~1-013489]:main():compute-plp-feats.cc:172) Processed 310 utterances
VLOG[2] (compute-plp-feats[5.5.166~1-013489]:main():compute-plp-feats.cc:173) Processed features for key PD_1637A
VLOG[2] (compute-plp-feats[5.5.166~1-013489]:main():compute-plp-feats.cc:173) Processed features for key PD_17ZA
VLOG[2] (compute-plp-feats[5.5.166~1-013489]:main():compute-plp-feats.cc:173) Processed features for key PD_1A
VLOG[2] (compute-plp-feats[5.5.166~1-013489]:main():compute-plp-feats.cc:173) Processed features for key PD_1B
VLOG[2] (compute-plp-feats[5.5.166~1-013489]:main():compute-plp-feats.cc:173) Processed features for key PD_1Z975A
VLOG[2] (compute-plp-feats[5.5.166~1-013489]:main():compute-plp-feats.cc:173) Processed features for key PD_232OA
VLOG[2] (compute-plp-feats[5.5.166~1-013489]:main():compute-plp-feats.cc:173) Processed features for key PD_25O2A
VLOG[2] (compute-plp-feats[5.5.166~1-013489]:main():compute-plp-feats.cc:173) Processed features for key PD_27267A
VLOG[2] (compute-plp-feats[5.5.166~1-013489]:main():compute-plp-feats.cc:173) Processed features for key PD_285O641A
VLOG[2] (compute-plp-feats[5.5.166~1-013489]:main():compute-plp-feats.cc:173) Processed features for key PD_29O7A
LOG (compute-plp-feats[5.5.166~1-013489]:main():compute-plp-feats.cc:172) Processed 320 utterances
VLOG[2] (compute-plp-feats[5.5.166~1-013489]:main():compute-plp-feats.cc:173) Processed features for key PD_2A
VLOG[2] (compute-plp-feats[5.5.166~1-013489]:main():compute-plp-feats.cc:173) Processed features for key PD_2B
VLOG[2] (compute-plp-feats[5.5.166~1-013489]:main():compute-plp-feats.cc:173) Processed features for key PD_32A
VLOG[2] (compute-plp-feats[5.5.166~1-013489]:main():compute-plp-feats.cc:173) Processed features for key PD_347A
VLOG[2] (compute-plp-feats[5.5.166~1-013489]:main():compute-plp-feats.cc:173) Processed features for key PD_37A
VLOG[2] (compute-plp-feats[5.5.166~1-013489]:main():compute-plp-feats.cc:173) Processed features for key PD_39A
VLOG[2] (compute-plp-feats[5.5.166~1-013489]:main():compute-plp-feats.cc:173) Processed features for key PD_3A
VLOG[2] (compute-plp-feats[5.5.166~1-013489]:main():compute-plp-feats.cc:173) Processed features for key PD_3B
VLOG[2] (compute-plp-feats[5.5.166~1-013489]:main():compute-plp-feats.cc:173) Processed features for key PD_3O58A
VLOG[2] (compute-plp-feats[5.5.166~1-013489]:main():compute-plp-feats.cc:173) Processed features for key PD_443A
LOG (compute-plp-feats[5.5.166~1-013489]:main():compute-plp-feats.cc:172) Processed 330 utterances
VLOG[2] (compute-plp-feats[5.5.166~1-013489]:main():compute-plp-feats.cc:173) Processed features for key PD_4673ZA
VLOG[2] (compute-plp-feats[5.5.166~1-013489]:main():compute-plp-feats.cc:173) Processed features for key PD_46Z4A
VLOG[2] (compute-plp-feats[5.5.166~1-013489]:main():compute-plp-feats.cc:173) Processed features for key PD_4A
VLOG[2] (compute-plp-feats[5.5.166~1-013489]:main():compute-plp-feats.cc:173) Processed features for key PD_4B
VLOG[2] (compute-plp-feats[5.5.166~1-013489]:main():compute-plp-feats.cc:173) Processed features for key PD_4O48938A
VLOG[2] (compute-plp-feats[5.5.166~1-013489]:main():compute-plp-feats.cc:173) Processed features for key PD_4Z96ZA
VLOG[2] (compute-plp-feats[5.5.166~1-013489]:main():compute-plp-feats.cc:173) Processed features for key PD_553A
VLOG[2] (compute-plp-feats[5.5.166~1-013489]:main():compute-plp-feats.cc:173) Processed features for key PD_56A
VLOG[2] (compute-plp-feats[5.5.166~1-013489]:main():compute-plp-feats.cc:173) Processed features for key PD_56B
VLOG[2] (compute-plp-feats[5.5.166~1-013489]:main():compute-plp-feats.cc:173) Processed features for key PD_58Z43A
LOG (compute-plp-feats[5.5.166~1-013489]:main():compute-plp-feats.cc:172) Processed 340 utterances
VLOG[2] (compute-plp-feats[5.5.166~1-013489]:main():compute-plp-feats.cc:173) Processed features for key PD_5A
VLOG[2] (compute-plp-feats[5.5.166~1-013489]:main():compute-plp-feats.cc:173) Processed features for key PD_5B
VLOG[2] (compute-plp-feats[5.5.166~1-013489]:main():compute-plp-feats.cc:173) Processed features for key PD_5ZZ51A
VLOG[2] (compute-plp-feats[5.5.166~1-013489]:main():compute-plp-feats.cc:173) Processed features for key PD_61A
VLOG[2] (compute-plp-feats[5.5.166~1-013489]:main():compute-plp-feats.cc:173) Processed features for key PD_62OA
VLOG[2] (compute-plp-feats[5.5.166~1-013489]:main():compute-plp-feats.cc:173) Processed features for key PD_653Z2A
VLOG[2] (compute-plp-feats[5.5.166~1-013489]:main():compute-plp-feats.cc:173) Processed features for key PD_6833A
VLOG[2] (compute-plp-feats[5.5.166~1-013489]:main():compute-plp-feats.cc:173) Processed features for key PD_69Z8A
VLOG[2] (compute-plp-feats[5.5.166~1-013489]:main():compute-plp-feats.cc:173) Processed features for key PD_6A
VLOG[2] (compute-plp-feats[5.5.166~1-013489]:main():compute-plp-feats.cc:173) Processed features for key PD_6B
LOG (compute-plp-feats[5.5.166~1-013489]:main():compute-plp-feats.cc:172) Processed 350 utterances
VLOG[2] (compute-plp-feats[5.5.166~1-013489]:main():compute-plp-feats.cc:173) Processed features for key PD_731A
VLOG[2] (compute-plp-feats[5.5.166~1-013489]:main():compute-plp-feats.cc:173) Processed features for key PD_77ZA
VLOG[2] (compute-plp-feats[5.5.166~1-013489]:main():compute-plp-feats.cc:173) Processed features for key PD_78ZZ821A
VLOG[2] (compute-plp-feats[5.5.166~1-013489]:main():compute-plp-feats.cc:173) Processed features for key PD_7996OA
VLOG[2] (compute-plp-feats[5.5.166~1-013489]:main():compute-plp-feats.cc:173) Processed features for key PD_7A
VLOG[2] (compute-plp-feats[5.5.166~1-013489]:main():compute-plp-feats.cc:173) Processed features for key PD_7B
VLOG[2] (compute-plp-feats[5.5.166~1-013489]:main():compute-plp-feats.cc:173) Processed features for key PD_7O55A
VLOG[2] (compute-plp-feats[5.5.166~1-013489]:main():compute-plp-feats.cc:173) Processed features for key PD_81A
VLOG[2] (compute-plp-feats[5.5.166~1-013489]:main():compute-plp-feats.cc:173) Processed features for key PD_857A
VLOG[2] (compute-plp-feats[5.5.166~1-013489]:main():compute-plp-feats.cc:173) Processed features for key PD_864472ZA
LOG (compute-plp-feats[5.5.166~1-013489]:main():compute-plp-feats.cc:172) Processed 360 utterances
VLOG[2] (compute-plp-feats[5.5.166~1-013489]:main():compute-plp-feats.cc:173) Processed features for key PD_86A
VLOG[2] (compute-plp-feats[5.5.166~1-013489]:main():compute-plp-feats.cc:173) Processed features for key PD_8A
VLOG[2] (compute-plp-feats[5.5.166~1-013489]:main():compute-plp-feats.cc:173) Processed features for key PD_8B
VLOG[2] (compute-plp-feats[5.5.166~1-013489]:main():compute-plp-feats.cc:173) Processed features for key PD_8O14O88A
VLOG[2] (compute-plp-feats[5.5.166~1-013489]:main():compute-plp-feats.cc:173) Processed features for key PD_91A
VLOG[2] (compute-plp-feats[5.5.166~1-013489]:main():compute-plp-feats.cc:173) Processed features for key PD_9523916A
VLOG[2] (compute-plp-feats[5.5.166~1-013489]:main():compute-plp-feats.cc:173) Processed features for key PD_9884275A
VLOG[2] (compute-plp-feats[5.5.166~1-013489]:main():compute-plp-feats.cc:173) Processed features for key PD_9989252A
VLOG[2] (compute-plp-feats[5.5.166~1-013489]:main():compute-plp-feats.cc:173) Processed features for key PD_9A
VLOG[2] (compute-plp-feats[5.5.166~1-013489]:main():compute-plp-feats.cc:173) Processed features for key PD_9B
LOG (compute-plp-feats[5.5.166~1-013489]:main():compute-plp-feats.cc:172) Processed 370 utterances
VLOG[2] (compute-plp-feats[5.5.166~1-013489]:main():compute-plp-feats.cc:173) Processed features for key PD_9Z76226A
VLOG[2] (compute-plp-feats[5.5.166~1-013489]:main():compute-plp-feats.cc:173) Processed features for key PD_O29748OA
VLOG[2] (compute-plp-feats[5.5.166~1-013489]:main():compute-plp-feats.cc:173) Processed features for key PD_O354595A
VLOG[2] (compute-plp-feats[5.5.166~1-013489]:main():compute-plp-feats.cc:173) Processed features for key PD_O35A
VLOG[2] (compute-plp-feats[5.5.166~1-013489]:main():compute-plp-feats.cc:173) Processed features for key PD_OA
VLOG[2] (compute-plp-feats[5.5.166~1-013489]:main():compute-plp-feats.cc:173) Processed features for key PD_OB
VLOG[2] (compute-plp-feats[5.5.166~1-013489]:main():compute-plp-feats.cc:173) Processed features for key PD_OO71OA
VLOG[2] (compute-plp-feats[5.5.166~1-013489]:main():compute-plp-feats.cc:173) Processed features for key PD_OO9OOA
VLOG[2] (compute-plp-feats[5.5.166~1-013489]:main():compute-plp-feats.cc:173) Processed features for key PD_Z1936A
VLOG[2] (compute-plp-feats[5.5.166~1-013489]:main():compute-plp-feats.cc:173) Processed features for key PD_Z38A
LOG (compute-plp-feats[5.5.166~1-013489]:main():compute-plp-feats.cc:172) Processed 380 utterances
VLOG[2] (compute-plp-feats[5.5.166~1-013489]:main():compute-plp-feats.cc:173) Processed features for key PD_Z592A
VLOG[2] (compute-plp-feats[5.5.166~1-013489]:main():compute-plp-feats.cc:173) Processed features for key PD_Z6A
VLOG[2] (compute-plp-feats[5.5.166~1-013489]:main():compute-plp-feats.cc:173) Processed features for key PD_Z6B
VLOG[2] (compute-plp-feats[5.5.166~1-013489]:main():compute-plp-feats.cc:173) Processed features for key PD_ZA
VLOG[2] (compute-plp-feats[5.5.166~1-013489]:main():compute-plp-feats.cc:173) Processed features for key PD_ZB
VLOG[2] (compute-plp-feats[5.5.166~1-013489]:main():compute-plp-feats.cc:173) Processed features for key PE_129OOA
VLOG[2] (compute-plp-feats[5.5.166~1-013489]:main():compute-plp-feats.cc:173) Processed features for key PE_14A
VLOG[2] (compute-plp-feats[5.5.166~1-013489]:main():compute-plp-feats.cc:173) Processed features for key PE_16A
VLOG[2] (compute-plp-feats[5.5.166~1-013489]:main():compute-plp-feats.cc:173) Processed features for key PE_194A
VLOG[2] (compute-plp-feats[5.5.166~1-013489]:main():compute-plp-feats.cc:173) Processed features for key PE_1A
LOG (compute-plp-feats[5.5.166~1-013489]:main():compute-plp-feats.cc:172) Processed 390 utterances
VLOG[2] (compute-plp-feats[5.5.166~1-013489]:main():compute-plp-feats.cc:173) Processed features for key PE_1B
VLOG[2] (compute-plp-feats[5.5.166~1-013489]:main():compute-plp-feats.cc:173) Processed features for key PE_1OA
VLOG[2] (compute-plp-feats[5.5.166~1-013489]:main():compute-plp-feats.cc:173) Processed features for key PE_2218ZZ4A
VLOG[2] (compute-plp-feats[5.5.166~1-013489]:main():compute-plp-feats.cc:173) Processed features for key PE_224A
VLOG[2] (compute-plp-feats[5.5.166~1-013489]:main():compute-plp-feats.cc:173) Processed features for key PE_233A
VLOG[2] (compute-plp-feats[5.5.166~1-013489]:main():compute-plp-feats.cc:173) Processed features for key PE_2615Z59A
VLOG[2] (compute-plp-feats[5.5.166~1-013489]:main():compute-plp-feats.cc:173) Processed features for key PE_2A
VLOG[2] (compute-plp-feats[5.5.166~1-013489]:main():compute-plp-feats.cc:173) Processed features for key PE_2B
VLOG[2] (compute-plp-feats[5.5.166~1-013489]:main():compute-plp-feats.cc:173) Processed features for key PE_2O27755A
VLOG[2] (compute-plp-feats[5.5.166~1-013489]:main():compute-plp-feats.cc:173) Processed features for key PE_31Z8178A
LOG (compute-plp-feats[5.5.166~1-013489]:main():compute-plp-feats.cc:172) Processed 400 utterances
VLOG[2] (compute-plp-feats[5.5.166~1-013489]:main():compute-plp-feats.cc:173) Processed features for key PE_3723A
VLOG[2] (compute-plp-feats[5.5.166~1-013489]:main():compute-plp-feats.cc:173) Processed features for key PE_38A
VLOG[2] (compute-plp-feats[5.5.166~1-013489]:main():compute-plp-feats.cc:173) Processed features for key PE_3A
VLOG[2] (compute-plp-feats[5.5.166~1-013489]:main():compute-plp-feats.cc:173) Processed features for key PE_3B
VLOG[2] (compute-plp-feats[5.5.166~1-013489]:main():compute-plp-feats.cc:173) Processed features for key PE_3O259A
VLOG[2] (compute-plp-feats[5.5.166~1-013489]:main():compute-plp-feats.cc:173) Processed features for key PE_3ZZ9Z69A
VLOG[2] (compute-plp-feats[5.5.166~1-013489]:main():compute-plp-feats.cc:173) Processed features for key PE_453A
VLOG[2] (compute-plp-feats[5.5.166~1-013489]:main():compute-plp-feats.cc:173) Processed features for key PE_47139A
VLOG[2] (compute-plp-feats[5.5.166~1-013489]:main():compute-plp-feats.cc:173) Processed features for key PE_48868A
VLOG[2] (compute-plp-feats[5.5.166~1-013489]:main():compute-plp-feats.cc:173) Processed features for key PE_4A
LOG (compute-plp-feats[5.5.166~1-013489]:main():compute-plp-feats.cc:172) Processed 410 utterances
VLOG[2] (compute-plp-feats[5.5.166~1-013489]:main():compute-plp-feats.cc:173) Processed features for key PE_4B
VLOG[2] (compute-plp-feats[5.5.166~1-013489]:main():compute-plp-feats.cc:173) Processed features for key PE_4O526A
VLOG[2] (compute-plp-feats[5.5.166~1-013489]:main():compute-plp-feats.cc:173) Processed features for key PE_4ZA
VLOG[2] (compute-plp-feats[5.5.166~1-013489]:main():compute-plp-feats.cc:173) Processed features for key PE_51A
VLOG[2] (compute-plp-feats[5.5.166~1-013489]:main():compute-plp-feats.cc:173) Processed features for key PE_524A
VLOG[2] (compute-plp-feats[5.5.166~1-013489]:main():compute-plp-feats.cc:173) Processed features for key PE_53A
VLOG[2] (compute-plp-feats[5.5.166~1-013489]:main():compute-plp-feats.cc:173) Processed features for key PE_58O72A
VLOG[2] (compute-plp-feats[5.5.166~1-013489]:main():compute-plp-feats.cc:173) Processed features for key PE_5A
VLOG[2] (compute-plp-feats[5.5.166~1-013489]:main():compute-plp-feats.cc:173) Processed features for key PE_5B
VLOG[2] (compute-plp-feats[5.5.166~1-013489]:main():compute-plp-feats.cc:173) Processed features for key PE_5Z492A
LOG (compute-plp-feats[5.5.166~1-013489]:main():compute-plp-feats.cc:172) Processed 420 utterances
VLOG[2] (compute-plp-feats[5.5.166~1-013489]:main():compute-plp-feats.cc:173) Processed features for key PE_6139A
VLOG[2] (compute-plp-feats[5.5.166~1-013489]:main():compute-plp-feats.cc:173) Processed features for key PE_62O1O5OA
VLOG[2] (compute-plp-feats[5.5.166~1-013489]:main():compute-plp-feats.cc:173) Processed features for key PE_66OA
VLOG[2] (compute-plp-feats[5.5.166~1-013489]:main():compute-plp-feats.cc:173) Processed features for key PE_68O32O8A
VLOG[2] (compute-plp-feats[5.5.166~1-013489]:main():compute-plp-feats.cc:173) Processed features for key PE_6A
VLOG[2] (compute-plp-feats[5.5.166~1-013489]:main():compute-plp-feats.cc:173) Processed features for key PE_6B
VLOG[2] (compute-plp-feats[5.5.166~1-013489]:main():compute-plp-feats.cc:173) Processed features for key PE_6Z812A
VLOG[2] (compute-plp-feats[5.5.166~1-013489]:main():compute-plp-feats.cc:173) Processed features for key PE_732A
VLOG[2] (compute-plp-feats[5.5.166~1-013489]:main():compute-plp-feats.cc:173) Processed features for key PE_746A
VLOG[2] (compute-plp-feats[5.5.166~1-013489]:main():compute-plp-feats.cc:173) Processed features for key PE_7631A
LOG (compute-plp-feats[5.5.166~1-013489]:main():compute-plp-feats.cc:172) Processed 430 utterances
VLOG[2] (compute-plp-feats[5.5.166~1-013489]:main():compute-plp-feats.cc:173) Processed features for key PE_79283A
VLOG[2] (compute-plp-feats[5.5.166~1-013489]:main():compute-plp-feats.cc:173) Processed features for key PE_7A
VLOG[2] (compute-plp-feats[5.5.166~1-013489]:main():compute-plp-feats.cc:173) Processed features for key PE_7B
VLOG[2] (compute-plp-feats[5.5.166~1-013489]:main():compute-plp-feats.cc:173) Processed features for key PE_7O43557A
VLOG[2] (compute-plp-feats[5.5.166~1-013489]:main():compute-plp-feats.cc:173) Processed features for key PE_827ZA
VLOG[2] (compute-plp-feats[5.5.166~1-013489]:main():compute-plp-feats.cc:173) Processed features for key PE_8487A
VLOG[2] (compute-plp-feats[5.5.166~1-013489]:main():compute-plp-feats.cc:173) Processed features for key PE_854A
VLOG[2] (compute-plp-feats[5.5.166~1-013489]:main():compute-plp-feats.cc:173) Processed features for key PE_86Z2A
VLOG[2] (compute-plp-feats[5.5.166~1-013489]:main():compute-plp-feats.cc:173) Processed features for key PE_898A
VLOG[2] (compute-plp-feats[5.5.166~1-013489]:main():compute-plp-feats.cc:173) Processed features for key PE_8A
LOG (compute-plp-feats[5.5.166~1-013489]:main():compute-plp-feats.cc:172) Processed 440 utterances
VLOG[2] (compute-plp-feats[5.5.166~1-013489]:main():compute-plp-feats.cc:173) Processed features for key PE_8B
VLOG[2] (compute-plp-feats[5.5.166~1-013489]:main():compute-plp-feats.cc:173) Processed features for key PE_9146A
VLOG[2] (compute-plp-feats[5.5.166~1-013489]:main():compute-plp-feats.cc:173) Processed features for key PE_9497A
VLOG[2] (compute-plp-feats[5.5.166~1-013489]:main():compute-plp-feats.cc:173) Processed features for key PE_9567A
VLOG[2] (compute-plp-feats[5.5.166~1-013489]:main():compute-plp-feats.cc:173) Processed features for key PE_99647A
VLOG[2] (compute-plp-feats[5.5.166~1-013489]:main():compute-plp-feats.cc:173) Processed features for key PE_99A
VLOG[2] (compute-plp-feats[5.5.166~1-013489]:main():compute-plp-feats.cc:173) Processed features for key PE_9A
VLOG[2] (compute-plp-feats[5.5.166~1-013489]:main():compute-plp-feats.cc:173) Processed features for key PE_9B
VLOG[2] (compute-plp-feats[5.5.166~1-013489]:main():compute-plp-feats.cc:173) Processed features for key PE_O363A
VLOG[2] (compute-plp-feats[5.5.166~1-013489]:main():compute-plp-feats.cc:173) Processed features for key PE_O656576A
LOG (compute-plp-feats[5.5.166~1-013489]:main():compute-plp-feats.cc:172) Processed 450 utterances
VLOG[2] (compute-plp-feats[5.5.166~1-013489]:main():compute-plp-feats.cc:173) Processed features for key PE_O6793A
VLOG[2] (compute-plp-feats[5.5.166~1-013489]:main():compute-plp-feats.cc:173) Processed features for key PE_OA
VLOG[2] (compute-plp-feats[5.5.166~1-013489]:main():compute-plp-feats.cc:173) Processed features for key PE_OB
VLOG[2] (compute-plp-feats[5.5.166~1-013489]:main():compute-plp-feats.cc:173) Processed features for key PE_OOA
VLOG[2] (compute-plp-feats[5.5.166~1-013489]:main():compute-plp-feats.cc:173) Processed features for key PE_OOO8O74A
VLOG[2] (compute-plp-feats[5.5.166~1-013489]:main():compute-plp-feats.cc:173) Processed features for key PE_Z2Z7A
VLOG[2] (compute-plp-feats[5.5.166~1-013489]:main():compute-plp-feats.cc:173) Processed features for key PE_Z51Z35ZA
VLOG[2] (compute-plp-feats[5.5.166~1-013489]:main():compute-plp-feats.cc:173) Processed features for key PE_Z6A
VLOG[2] (compute-plp-feats[5.5.166~1-013489]:main():compute-plp-feats.cc:173) Processed features for key PE_Z7ZA
VLOG[2] (compute-plp-feats[5.5.166~1-013489]:main():compute-plp-feats.cc:173) Processed features for key PE_Z9A
LOG (compute-plp-feats[5.5.166~1-013489]:main():compute-plp-feats.cc:172) Processed 460 utterances
VLOG[2] (compute-plp-feats[5.5.166~1-013489]:main():compute-plp-feats.cc:173) Processed features for key PE_ZA
VLOG[2] (compute-plp-feats[5.5.166~1-013489]:main():compute-plp-feats.cc:173) Processed features for key PE_ZB
VLOG[2] (compute-plp-feats[5.5.166~1-013489]:main():compute-plp-feats.cc:173) Processed features for key PI_12A
VLOG[2] (compute-plp-feats[5.5.166~1-013489]:main():compute-plp-feats.cc:173) Processed features for key PI_13A
VLOG[2] (compute-plp-feats[5.5.166~1-013489]:main():compute-plp-feats.cc:173) Processed features for key PI_1737A
VLOG[2] (compute-plp-feats[5.5.166~1-013489]:main():compute-plp-feats.cc:173) Processed features for key PI_17A
VLOG[2] (compute-plp-feats[5.5.166~1-013489]:main():compute-plp-feats.cc:173) Processed features for key PI_1A
VLOG[2] (compute-plp-feats[5.5.166~1-013489]:main():compute-plp-feats.cc:173) Processed features for key PI_1B
VLOG[2] (compute-plp-feats[5.5.166~1-013489]:main():compute-plp-feats.cc:173) Processed features for key PI_1O36184A
VLOG[2] (compute-plp-feats[5.5.166~1-013489]:main():compute-plp-feats.cc:173) Processed features for key PI_2359OO5A
LOG (compute-plp-feats[5.5.166~1-013489]:main():compute-plp-feats.cc:172) Processed 470 utterances
VLOG[2] (compute-plp-feats[5.5.166~1-013489]:main():compute-plp-feats.cc:173) Processed features for key PI_251Z4A
VLOG[2] (compute-plp-feats[5.5.166~1-013489]:main():compute-plp-feats.cc:173) Processed features for key PI_27OA
VLOG[2] (compute-plp-feats[5.5.166~1-013489]:main():compute-plp-feats.cc:173) Processed features for key PI_29Z83A
VLOG[2] (compute-plp-feats[5.5.166~1-013489]:main():compute-plp-feats.cc:173) Processed features for key PI_2A
VLOG[2] (compute-plp-feats[5.5.166~1-013489]:main():compute-plp-feats.cc:173) Processed features for key PI_2B
VLOG[2] (compute-plp-feats[5.5.166~1-013489]:main():compute-plp-feats.cc:173) Processed features for key PI_2OOA
VLOG[2] (compute-plp-feats[5.5.166~1-013489]:main():compute-plp-feats.cc:173) Processed features for key PI_336A
VLOG[2] (compute-plp-feats[5.5.166~1-013489]:main():compute-plp-feats.cc:173) Processed features for key PI_33ZZ931A
VLOG[2] (compute-plp-feats[5.5.166~1-013489]:main():compute-plp-feats.cc:173) Processed features for key PI_37Z55A
VLOG[2] (compute-plp-feats[5.5.166~1-013489]:main():compute-plp-feats.cc:173) Processed features for key PI_3873A
LOG (compute-plp-feats[5.5.166~1-013489]:main():compute-plp-feats.cc:172) Processed 480 utterances
VLOG[2] (compute-plp-feats[5.5.166~1-013489]:main():compute-plp-feats.cc:173) Processed features for key PI_3998414A
VLOG[2] (compute-plp-feats[5.5.166~1-013489]:main():compute-plp-feats.cc:173) Processed features for key PI_3A
VLOG[2] (compute-plp-feats[5.5.166~1-013489]:main():compute-plp-feats.cc:173) Processed features for key PI_3B
VLOG[2] (compute-plp-feats[5.5.166~1-013489]:main():compute-plp-feats.cc:173) Processed features for key PI_423A
VLOG[2] (compute-plp-feats[5.5.166~1-013489]:main():compute-plp-feats.cc:173) Processed features for key PI_44A
VLOG[2] (compute-plp-feats[5.5.166~1-013489]:main():compute-plp-feats.cc:173) Processed features for key PI_45Z6Z47A
VLOG[2] (compute-plp-feats[5.5.166~1-013489]:main():compute-plp-feats.cc:173) Processed features for key PI_48541A
VLOG[2] (compute-plp-feats[5.5.166~1-013489]:main():compute-plp-feats.cc:173) Processed features for key PI_48A
VLOG[2] (compute-plp-feats[5.5.166~1-013489]:main():compute-plp-feats.cc:173) Processed features for key PI_4A
VLOG[2] (compute-plp-feats[5.5.166~1-013489]:main():compute-plp-feats.cc:173) Processed features for key PI_4B
LOG (compute-plp-feats[5.5.166~1-013489]:main():compute-plp-feats.cc:172) Processed 490 utterances
VLOG[2] (compute-plp-feats[5.5.166~1-013489]:main():compute-plp-feats.cc:173) Processed features for key PI_5198A
VLOG[2] (compute-plp-feats[5.5.166~1-013489]:main():compute-plp-feats.cc:173) Processed features for key PI_5453A
VLOG[2] (compute-plp-feats[5.5.166~1-013489]:main():compute-plp-feats.cc:173) Processed features for key PI_56971A
VLOG[2] (compute-plp-feats[5.5.166~1-013489]:main():compute-plp-feats.cc:173) Processed features for key PI_56O5A
VLOG[2] (compute-plp-feats[5.5.166~1-013489]:main():compute-plp-feats.cc:173) Processed features for key PI_57ZA
VLOG[2] (compute-plp-feats[5.5.166~1-013489]:main():compute-plp-feats.cc:173) Processed features for key PI_5A
VLOG[2] (compute-plp-feats[5.5.166~1-013489]:main():compute-plp-feats.cc:173) Processed features for key PI_5B
VLOG[2] (compute-plp-feats[5.5.166~1-013489]:main():compute-plp-feats.cc:173) Processed features for key PI_62A
VLOG[2] (compute-plp-feats[5.5.166~1-013489]:main():compute-plp-feats.cc:173) Processed features for key PI_64A
VLOG[2] (compute-plp-feats[5.5.166~1-013489]:main():compute-plp-feats.cc:173) Processed features for key PI_663282ZA
LOG (compute-plp-feats[5.5.166~1-013489]:main():compute-plp-feats.cc:172) Processed 500 utterances
VLOG[2] (compute-plp-feats[5.5.166~1-013489]:main():compute-plp-feats.cc:173) Processed features for key PI_6726ZA
VLOG[2] (compute-plp-feats[5.5.166~1-013489]:main():compute-plp-feats.cc:173) Processed features for key PI_695O1A
VLOG[2] (compute-plp-feats[5.5.166~1-013489]:main():compute-plp-feats.cc:173) Processed features for key PI_6A
VLOG[2] (compute-plp-feats[5.5.166~1-013489]:main():compute-plp-feats.cc:173) Processed features for key PI_6B
VLOG[2] (compute-plp-feats[5.5.166~1-013489]:main():compute-plp-feats.cc:173) Processed features for key PI_7472597A
VLOG[2] (compute-plp-feats[5.5.166~1-013489]:main():compute-plp-feats.cc:173) Processed features for key PI_752A
VLOG[2] (compute-plp-feats[5.5.166~1-013489]:main():compute-plp-feats.cc:173) Processed features for key PI_766A
VLOG[2] (compute-plp-feats[5.5.166~1-013489]:main():compute-plp-feats.cc:173) Processed features for key PI_77A
VLOG[2] (compute-plp-feats[5.5.166~1-013489]:main():compute-plp-feats.cc:173) Processed features for key PI_78896A
VLOG[2] (compute-plp-feats[5.5.166~1-013489]:main():compute-plp-feats.cc:173) Processed features for key PI_7A
LOG (compute-plp-feats[5.5.166~1-013489]:main():compute-plp-feats.cc:172) Processed 510 utterances
VLOG[2] (compute-plp-feats[5.5.166~1-013489]:main():compute-plp-feats.cc:173) Processed features for key PI_7B
VLOG[2] (compute-plp-feats[5.5.166~1-013489]:main():compute-plp-feats.cc:173) Processed features for key PI_81O46A
VLOG[2] (compute-plp-feats[5.5.166~1-013489]:main():compute-plp-feats.cc:173) Processed features for key PI_821Z7A
VLOG[2] (compute-plp-feats[5.5.166~1-013489]:main():compute-plp-feats.cc:173) Processed features for key PI_8529Z94A
VLOG[2] (compute-plp-feats[5.5.166~1-013489]:main():compute-plp-feats.cc:173) Processed features for key PI_86Z3Z35A
VLOG[2] (compute-plp-feats[5.5.166~1-013489]:main():compute-plp-feats.cc:173) Processed features for key PI_8A
VLOG[2] (compute-plp-feats[5.5.166~1-013489]:main():compute-plp-feats.cc:173) Processed features for key PI_8B
VLOG[2] (compute-plp-feats[5.5.166~1-013489]:main():compute-plp-feats.cc:173) Processed features for key PI_8Z22A
VLOG[2] (compute-plp-feats[5.5.166~1-013489]:main():compute-plp-feats.cc:173) Processed features for key PI_9122A
VLOG[2] (compute-plp-feats[5.5.166~1-013489]:main():compute-plp-feats.cc:173) Processed features for key PI_9215A
LOG (compute-plp-feats[5.5.166~1-013489]:main():compute-plp-feats.cc:172) Processed 520 utterances
VLOG[2] (compute-plp-feats[5.5.166~1-013489]:main():compute-plp-feats.cc:173) Processed features for key PI_92ZA
VLOG[2] (compute-plp-feats[5.5.166~1-013489]:main():compute-plp-feats.cc:173) Processed features for key PI_9434991A
VLOG[2] (compute-plp-feats[5.5.166~1-013489]:main():compute-plp-feats.cc:173) Processed features for key PI_9A
VLOG[2] (compute-plp-feats[5.5.166~1-013489]:main():compute-plp-feats.cc:173) Processed features for key PI_9B
VLOG[2] (compute-plp-feats[5.5.166~1-013489]:main():compute-plp-feats.cc:173) Processed features for key PI_9O64A
VLOG[2] (compute-plp-feats[5.5.166~1-013489]:main():compute-plp-feats.cc:173) Processed features for key PI_O2A
VLOG[2] (compute-plp-feats[5.5.166~1-013489]:main():compute-plp-feats.cc:173) Processed features for key PI_O3O28OOA
VLOG[2] (compute-plp-feats[5.5.166~1-013489]:main():compute-plp-feats.cc:173) Processed features for key PI_O49A
VLOG[2] (compute-plp-feats[5.5.166~1-013489]:main():compute-plp-feats.cc:173) Processed features for key PI_O78A
VLOG[2] (compute-plp-feats[5.5.166~1-013489]:main():compute-plp-feats.cc:173) Processed features for key PI_O965A
LOG (compute-plp-feats[5.5.166~1-013489]:main():compute-plp-feats.cc:172) Processed 530 utterances
VLOG[2] (compute-plp-feats[5.5.166~1-013489]:main():compute-plp-feats.cc:173) Processed features for key PI_OA
VLOG[2] (compute-plp-feats[5.5.166~1-013489]:main():compute-plp-feats.cc:173) Processed features for key PI_OB
VLOG[2] (compute-plp-feats[5.5.166~1-013489]:main():compute-plp-feats.cc:173) Processed features for key PI_Z168ZA
VLOG[2] (compute-plp-feats[5.5.166~1-013489]:main():compute-plp-feats.cc:173) Processed features for key PI_Z2ZA
VLOG[2] (compute-plp-feats[5.5.166~1-013489]:main():compute-plp-feats.cc:173) Processed features for key PI_Z795A
VLOG[2] (compute-plp-feats[5.5.166~1-013489]:main():compute-plp-feats.cc:173) Processed features for key PI_Z8A
VLOG[2] (compute-plp-feats[5.5.166~1-013489]:main():compute-plp-feats.cc:173) Processed features for key PI_ZA
VLOG[2] (compute-plp-feats[5.5.166~1-013489]:main():compute-plp-feats.cc:173) Processed features for key PI_ZB
VLOG[2] (compute-plp-feats[5.5.166~1-013489]:main():compute-plp-feats.cc:173) Processed features for key PI_ZZA
VLOG[2] (compute-plp-feats[5.5.166~1-013489]:main():compute-plp-feats.cc:173) Processed features for key PK_14O54A
LOG (compute-plp-feats[5.5.166~1-013489]:main():compute-plp-feats.cc:176)  Done 539 out of 539 utterances.
LOG (copy-feats[5.5.166~1-013489]:main():copy-feats.cc:143) Copied 539 feature matrices.
# Accounting: time=6 threads=1
# Ended (code 0) at Thu Dec  5 00:56:48 CST 2019, elapsed time 6 seconds
