# compute-fbank-feats --verbose=2 --config=conf/fbank.conf scp,p:exp/make_fbank/train/wav.3.scp ark:- | copy-feats --compress=true ark:- ark,scp:/home/jincheng/SMIIP_1ST_HW/fbank/raw_fbank_train.3.ark,/home/jincheng/SMIIP_1ST_HW/fbank/raw_fbank_train.3.scp 
# Started at Thu Dec  5 01:03:05 CST 2019
#
compute-fbank-feats --verbose=2 --config=conf/fbank.conf scp,p:exp/make_fbank/train/wav.3.scp ark:- 
copy-feats --compress=true ark:- ark,scp:/home/jincheng/SMIIP_1ST_HW/fbank/raw_fbank_train.3.ark,/home/jincheng/SMIIP_1ST_HW/fbank/raw_fbank_train.3.scp 
VLOG[2] (compute-fbank-feats[5.5.166~1-013489]:main():compute-fbank-feats.cc:170) Processed features for key CF_1366955A
VLOG[2] (compute-fbank-feats[5.5.166~1-013489]:main():compute-fbank-feats.cc:170) Processed features for key CF_18A
VLOG[2] (compute-fbank-feats[5.5.166~1-013489]:main():compute-fbank-feats.cc:170) Processed features for key CF_19A
VLOG[2] (compute-fbank-feats[5.5.166~1-013489]:main():compute-fbank-feats.cc:170) Processed features for key CF_1A
VLOG[2] (compute-fbank-feats[5.5.166~1-013489]:main():compute-fbank-feats.cc:170) Processed features for key CF_1B
VLOG[2] (compute-fbank-feats[5.5.166~1-013489]:main():compute-fbank-feats.cc:170) Processed features for key CF_1O237A
VLOG[2] (compute-fbank-feats[5.5.166~1-013489]:main():compute-fbank-feats.cc:170) Processed features for key CF_24Z2243A
VLOG[2] (compute-fbank-feats[5.5.166~1-013489]:main():compute-fbank-feats.cc:170) Processed features for key CF_254ZA
VLOG[2] (compute-fbank-feats[5.5.166~1-013489]:main():compute-fbank-feats.cc:170) Processed features for key CF_268A
LOG (compute-fbank-feats[5.5.166~1-013489]:main():compute-fbank-feats.cc:169) Processed 10 utterances
VLOG[2] (compute-fbank-feats[5.5.166~1-013489]:main():compute-fbank-feats.cc:170) Processed features for key CF_2A
VLOG[2] (compute-fbank-feats[5.5.166~1-013489]:main():compute-fbank-feats.cc:170) Processed features for key CF_2B
VLOG[2] (compute-fbank-feats[5.5.166~1-013489]:main():compute-fbank-feats.cc:170) Processed features for key CF_2O742A
VLOG[2] (compute-fbank-feats[5.5.166~1-013489]:main():compute-fbank-feats.cc:170) Processed features for key CF_2ZZ33A
VLOG[2] (compute-fbank-feats[5.5.166~1-013489]:main():compute-fbank-feats.cc:170) Processed features for key CF_32793A
VLOG[2] (compute-fbank-feats[5.5.166~1-013489]:main():compute-fbank-feats.cc:170) Processed features for key CF_378A
VLOG[2] (compute-fbank-feats[5.5.166~1-013489]:main():compute-fbank-feats.cc:170) Processed features for key CF_38A
VLOG[2] (compute-fbank-feats[5.5.166~1-013489]:main():compute-fbank-feats.cc:170) Processed features for key CF_398A
VLOG[2] (compute-fbank-feats[5.5.166~1-013489]:main():compute-fbank-feats.cc:170) Processed features for key CF_3A
VLOG[2] (compute-fbank-feats[5.5.166~1-013489]:main():compute-fbank-feats.cc:170) Processed features for key CF_3B
LOG (compute-fbank-feats[5.5.166~1-013489]:main():compute-fbank-feats.cc:169) Processed 20 utterances
VLOG[2] (compute-fbank-feats[5.5.166~1-013489]:main():compute-fbank-feats.cc:170) Processed features for key CF_3OOA
VLOG[2] (compute-fbank-feats[5.5.166~1-013489]:main():compute-fbank-feats.cc:170) Processed features for key CF_42713A
VLOG[2] (compute-fbank-feats[5.5.166~1-013489]:main():compute-fbank-feats.cc:170) Processed features for key CF_4345A
VLOG[2] (compute-fbank-feats[5.5.166~1-013489]:main():compute-fbank-feats.cc:170) Processed features for key CF_4465A
VLOG[2] (compute-fbank-feats[5.5.166~1-013489]:main():compute-fbank-feats.cc:170) Processed features for key CF_44951A
VLOG[2] (compute-fbank-feats[5.5.166~1-013489]:main():compute-fbank-feats.cc:170) Processed features for key CF_48A
VLOG[2] (compute-fbank-feats[5.5.166~1-013489]:main():compute-fbank-feats.cc:170) Processed features for key CF_4A
VLOG[2] (compute-fbank-feats[5.5.166~1-013489]:main():compute-fbank-feats.cc:170) Processed features for key CF_4B
VLOG[2] (compute-fbank-feats[5.5.166~1-013489]:main():compute-fbank-feats.cc:170) Processed features for key CF_52A
VLOG[2] (compute-fbank-feats[5.5.166~1-013489]:main():compute-fbank-feats.cc:170) Processed features for key CF_53ZZ7Z3A
LOG (compute-fbank-feats[5.5.166~1-013489]:main():compute-fbank-feats.cc:169) Processed 30 utterances
VLOG[2] (compute-fbank-feats[5.5.166~1-013489]:main():compute-fbank-feats.cc:170) Processed features for key CF_58763A
VLOG[2] (compute-fbank-feats[5.5.166~1-013489]:main():compute-fbank-feats.cc:170) Processed features for key CF_5966A
VLOG[2] (compute-fbank-feats[5.5.166~1-013489]:main():compute-fbank-feats.cc:170) Processed features for key CF_5999A
VLOG[2] (compute-fbank-feats[5.5.166~1-013489]:main():compute-fbank-feats.cc:170) Processed features for key CF_5A
VLOG[2] (compute-fbank-feats[5.5.166~1-013489]:main():compute-fbank-feats.cc:170) Processed features for key CF_5B
VLOG[2] (compute-fbank-feats[5.5.166~1-013489]:main():compute-fbank-feats.cc:170) Processed features for key CF_63621A
VLOG[2] (compute-fbank-feats[5.5.166~1-013489]:main():compute-fbank-feats.cc:170) Processed features for key CF_645Z935A
VLOG[2] (compute-fbank-feats[5.5.166~1-013489]:main():compute-fbank-feats.cc:170) Processed features for key CF_67Z6771A
VLOG[2] (compute-fbank-feats[5.5.166~1-013489]:main():compute-fbank-feats.cc:170) Processed features for key CF_68A
VLOG[2] (compute-fbank-feats[5.5.166~1-013489]:main():compute-fbank-feats.cc:170) Processed features for key CF_6A
LOG (compute-fbank-feats[5.5.166~1-013489]:main():compute-fbank-feats.cc:169) Processed 40 utterances
VLOG[2] (compute-fbank-feats[5.5.166~1-013489]:main():compute-fbank-feats.cc:170) Processed features for key CF_6B
VLOG[2] (compute-fbank-feats[5.5.166~1-013489]:main():compute-fbank-feats.cc:170) Processed features for key CF_6ZZA
VLOG[2] (compute-fbank-feats[5.5.166~1-013489]:main():compute-fbank-feats.cc:170) Processed features for key CF_73ZA
VLOG[2] (compute-fbank-feats[5.5.166~1-013489]:main():compute-fbank-feats.cc:170) Processed features for key CF_7565A
VLOG[2] (compute-fbank-feats[5.5.166~1-013489]:main():compute-fbank-feats.cc:170) Processed features for key CF_75O5A
VLOG[2] (compute-fbank-feats[5.5.166~1-013489]:main():compute-fbank-feats.cc:170) Processed features for key CF_78A
VLOG[2] (compute-fbank-feats[5.5.166~1-013489]:main():compute-fbank-feats.cc:170) Processed features for key CF_79Z8188A
VLOG[2] (compute-fbank-feats[5.5.166~1-013489]:main():compute-fbank-feats.cc:170) Processed features for key CF_7A
VLOG[2] (compute-fbank-feats[5.5.166~1-013489]:main():compute-fbank-feats.cc:170) Processed features for key CF_7B
VLOG[2] (compute-fbank-feats[5.5.166~1-013489]:main():compute-fbank-feats.cc:170) Processed features for key CF_829A
LOG (compute-fbank-feats[5.5.166~1-013489]:main():compute-fbank-feats.cc:169) Processed 50 utterances
VLOG[2] (compute-fbank-feats[5.5.166~1-013489]:main():compute-fbank-feats.cc:170) Processed features for key CF_82O87O3A
VLOG[2] (compute-fbank-feats[5.5.166~1-013489]:main():compute-fbank-feats.cc:170) Processed features for key CF_84149A
VLOG[2] (compute-fbank-feats[5.5.166~1-013489]:main():compute-fbank-feats.cc:170) Processed features for key CF_8514OA
VLOG[2] (compute-fbank-feats[5.5.166~1-013489]:main():compute-fbank-feats.cc:170) Processed features for key CF_8A
VLOG[2] (compute-fbank-feats[5.5.166~1-013489]:main():compute-fbank-feats.cc:170) Processed features for key CF_8B
VLOG[2] (compute-fbank-feats[5.5.166~1-013489]:main():compute-fbank-feats.cc:170) Processed features for key CF_8O73A
VLOG[2] (compute-fbank-feats[5.5.166~1-013489]:main():compute-fbank-feats.cc:170) Processed features for key CF_9123A
VLOG[2] (compute-fbank-feats[5.5.166~1-013489]:main():compute-fbank-feats.cc:170) Processed features for key CF_92A
VLOG[2] (compute-fbank-feats[5.5.166~1-013489]:main():compute-fbank-feats.cc:170) Processed features for key CF_9474164A
VLOG[2] (compute-fbank-feats[5.5.166~1-013489]:main():compute-fbank-feats.cc:170) Processed features for key CF_9A
LOG (compute-fbank-feats[5.5.166~1-013489]:main():compute-fbank-feats.cc:169) Processed 60 utterances
VLOG[2] (compute-fbank-feats[5.5.166~1-013489]:main():compute-fbank-feats.cc:170) Processed features for key CF_9B
VLOG[2] (compute-fbank-feats[5.5.166~1-013489]:main():compute-fbank-feats.cc:170) Processed features for key CF_9O3A
VLOG[2] (compute-fbank-feats[5.5.166~1-013489]:main():compute-fbank-feats.cc:170) Processed features for key CF_9O46972A
VLOG[2] (compute-fbank-feats[5.5.166~1-013489]:main():compute-fbank-feats.cc:170) Processed features for key CF_O1A
VLOG[2] (compute-fbank-feats[5.5.166~1-013489]:main():compute-fbank-feats.cc:170) Processed features for key CF_O8OA
VLOG[2] (compute-fbank-feats[5.5.166~1-013489]:main():compute-fbank-feats.cc:170) Processed features for key CF_O96A
VLOG[2] (compute-fbank-feats[5.5.166~1-013489]:main():compute-fbank-feats.cc:170) Processed features for key CF_O9A
VLOG[2] (compute-fbank-feats[5.5.166~1-013489]:main():compute-fbank-feats.cc:170) Processed features for key CF_OA
VLOG[2] (compute-fbank-feats[5.5.166~1-013489]:main():compute-fbank-feats.cc:170) Processed features for key CF_OB
VLOG[2] (compute-fbank-feats[5.5.166~1-013489]:main():compute-fbank-feats.cc:170) Processed features for key CF_OO1A
LOG (compute-fbank-feats[5.5.166~1-013489]:main():compute-fbank-feats.cc:169) Processed 70 utterances
VLOG[2] (compute-fbank-feats[5.5.166~1-013489]:main():compute-fbank-feats.cc:170) Processed features for key CF_Z17ZA
VLOG[2] (compute-fbank-feats[5.5.166~1-013489]:main():compute-fbank-feats.cc:170) Processed features for key CF_Z477A
VLOG[2] (compute-fbank-feats[5.5.166~1-013489]:main():compute-fbank-feats.cc:170) Processed features for key CF_Z5A
VLOG[2] (compute-fbank-feats[5.5.166~1-013489]:main():compute-fbank-feats.cc:170) Processed features for key CF_Z722948A
VLOG[2] (compute-fbank-feats[5.5.166~1-013489]:main():compute-fbank-feats.cc:170) Processed features for key CF_Z86ZZA
VLOG[2] (compute-fbank-feats[5.5.166~1-013489]:main():compute-fbank-feats.cc:170) Processed features for key CF_ZA
VLOG[2] (compute-fbank-feats[5.5.166~1-013489]:main():compute-fbank-feats.cc:170) Processed features for key CF_ZB
VLOG[2] (compute-fbank-feats[5.5.166~1-013489]:main():compute-fbank-feats.cc:170) Processed features for key CG_11ZA
VLOG[2] (compute-fbank-feats[5.5.166~1-013489]:main():compute-fbank-feats.cc:170) Processed features for key CG_167A
VLOG[2] (compute-fbank-feats[5.5.166~1-013489]:main():compute-fbank-feats.cc:170) Processed features for key CG_16ZA
LOG (compute-fbank-feats[5.5.166~1-013489]:main():compute-fbank-feats.cc:169) Processed 80 utterances
VLOG[2] (compute-fbank-feats[5.5.166~1-013489]:main():compute-fbank-feats.cc:170) Processed features for key CG_1834Z88A
VLOG[2] (compute-fbank-feats[5.5.166~1-013489]:main():compute-fbank-feats.cc:170) Processed features for key CG_1A
VLOG[2] (compute-fbank-feats[5.5.166~1-013489]:main():compute-fbank-feats.cc:170) Processed features for key CG_1B
VLOG[2] (compute-fbank-feats[5.5.166~1-013489]:main():compute-fbank-feats.cc:170) Processed features for key CG_1O7OO14A
VLOG[2] (compute-fbank-feats[5.5.166~1-013489]:main():compute-fbank-feats.cc:170) Processed features for key CG_21O6941A
VLOG[2] (compute-fbank-feats[5.5.166~1-013489]:main():compute-fbank-feats.cc:170) Processed features for key CG_2445OA
VLOG[2] (compute-fbank-feats[5.5.166~1-013489]:main():compute-fbank-feats.cc:170) Processed features for key CG_25A
VLOG[2] (compute-fbank-feats[5.5.166~1-013489]:main():compute-fbank-feats.cc:170) Processed features for key CG_28828A
VLOG[2] (compute-fbank-feats[5.5.166~1-013489]:main():compute-fbank-feats.cc:170) Processed features for key CG_2951Z89A
VLOG[2] (compute-fbank-feats[5.5.166~1-013489]:main():compute-fbank-feats.cc:170) Processed features for key CG_2A
LOG (compute-fbank-feats[5.5.166~1-013489]:main():compute-fbank-feats.cc:169) Processed 90 utterances
VLOG[2] (compute-fbank-feats[5.5.166~1-013489]:main():compute-fbank-feats.cc:170) Processed features for key CG_2B
VLOG[2] (compute-fbank-feats[5.5.166~1-013489]:main():compute-fbank-feats.cc:170) Processed features for key CG_31A
VLOG[2] (compute-fbank-feats[5.5.166~1-013489]:main():compute-fbank-feats.cc:170) Processed features for key CG_3351321A
VLOG[2] (compute-fbank-feats[5.5.166~1-013489]:main():compute-fbank-feats.cc:170) Processed features for key CG_33A
VLOG[2] (compute-fbank-feats[5.5.166~1-013489]:main():compute-fbank-feats.cc:170) Processed features for key CG_393OA
VLOG[2] (compute-fbank-feats[5.5.166~1-013489]:main():compute-fbank-feats.cc:170) Processed features for key CG_3A
VLOG[2] (compute-fbank-feats[5.5.166~1-013489]:main():compute-fbank-feats.cc:170) Processed features for key CG_3B
VLOG[2] (compute-fbank-feats[5.5.166~1-013489]:main():compute-fbank-feats.cc:170) Processed features for key CG_3Z5ZA
VLOG[2] (compute-fbank-feats[5.5.166~1-013489]:main():compute-fbank-feats.cc:170) Processed features for key CG_4385926A
VLOG[2] (compute-fbank-feats[5.5.166~1-013489]:main():compute-fbank-feats.cc:170) Processed features for key CG_449A
LOG (compute-fbank-feats[5.5.166~1-013489]:main():compute-fbank-feats.cc:169) Processed 100 utterances
VLOG[2] (compute-fbank-feats[5.5.166~1-013489]:main():compute-fbank-feats.cc:170) Processed features for key CG_4764A
VLOG[2] (compute-fbank-feats[5.5.166~1-013489]:main():compute-fbank-feats.cc:170) Processed features for key CG_49ZZ6A
VLOG[2] (compute-fbank-feats[5.5.166~1-013489]:main():compute-fbank-feats.cc:170) Processed features for key CG_4A
VLOG[2] (compute-fbank-feats[5.5.166~1-013489]:main():compute-fbank-feats.cc:170) Processed features for key CG_4B
VLOG[2] (compute-fbank-feats[5.5.166~1-013489]:main():compute-fbank-feats.cc:170) Processed features for key CG_4Z9A
VLOG[2] (compute-fbank-feats[5.5.166~1-013489]:main():compute-fbank-feats.cc:170) Processed features for key CG_5379A
VLOG[2] (compute-fbank-feats[5.5.166~1-013489]:main():compute-fbank-feats.cc:170) Processed features for key CG_56A
VLOG[2] (compute-fbank-feats[5.5.166~1-013489]:main():compute-fbank-feats.cc:170) Processed features for key CG_5857741A
VLOG[2] (compute-fbank-feats[5.5.166~1-013489]:main():compute-fbank-feats.cc:170) Processed features for key CG_58911A
VLOG[2] (compute-fbank-feats[5.5.166~1-013489]:main():compute-fbank-feats.cc:170) Processed features for key CG_5A
LOG (compute-fbank-feats[5.5.166~1-013489]:main():compute-fbank-feats.cc:169) Processed 110 utterances
VLOG[2] (compute-fbank-feats[5.5.166~1-013489]:main():compute-fbank-feats.cc:170) Processed features for key CG_5B
VLOG[2] (compute-fbank-feats[5.5.166~1-013489]:main():compute-fbank-feats.cc:170) Processed features for key CG_5Z5Z7A
VLOG[2] (compute-fbank-feats[5.5.166~1-013489]:main():compute-fbank-feats.cc:170) Processed features for key CG_61965A
VLOG[2] (compute-fbank-feats[5.5.166~1-013489]:main():compute-fbank-feats.cc:170) Processed features for key CG_622A
VLOG[2] (compute-fbank-feats[5.5.166~1-013489]:main():compute-fbank-feats.cc:170) Processed features for key CG_6323A
VLOG[2] (compute-fbank-feats[5.5.166~1-013489]:main():compute-fbank-feats.cc:170) Processed features for key CG_666O14OA
VLOG[2] (compute-fbank-feats[5.5.166~1-013489]:main():compute-fbank-feats.cc:170) Processed features for key CG_68A
VLOG[2] (compute-fbank-feats[5.5.166~1-013489]:main():compute-fbank-feats.cc:170) Processed features for key CG_6A
VLOG[2] (compute-fbank-feats[5.5.166~1-013489]:main():compute-fbank-feats.cc:170) Processed features for key CG_6B
VLOG[2] (compute-fbank-feats[5.5.166~1-013489]:main():compute-fbank-feats.cc:170) Processed features for key CG_73ZZ4A
LOG (compute-fbank-feats[5.5.166~1-013489]:main():compute-fbank-feats.cc:169) Processed 120 utterances
VLOG[2] (compute-fbank-feats[5.5.166~1-013489]:main():compute-fbank-feats.cc:170) Processed features for key CG_77A
VLOG[2] (compute-fbank-feats[5.5.166~1-013489]:main():compute-fbank-feats.cc:170) Processed features for key CG_784A
VLOG[2] (compute-fbank-feats[5.5.166~1-013489]:main():compute-fbank-feats.cc:170) Processed features for key CG_797O9A
VLOG[2] (compute-fbank-feats[5.5.166~1-013489]:main():compute-fbank-feats.cc:170) Processed features for key CG_7A
VLOG[2] (compute-fbank-feats[5.5.166~1-013489]:main():compute-fbank-feats.cc:170) Processed features for key CG_7B
VLOG[2] (compute-fbank-feats[5.5.166~1-013489]:main():compute-fbank-feats.cc:170) Processed features for key CG_7O237A
VLOG[2] (compute-fbank-feats[5.5.166~1-013489]:main():compute-fbank-feats.cc:170) Processed features for key CG_8125A
VLOG[2] (compute-fbank-feats[5.5.166~1-013489]:main():compute-fbank-feats.cc:170) Processed features for key CG_831A
VLOG[2] (compute-fbank-feats[5.5.166~1-013489]:main():compute-fbank-feats.cc:170) Processed features for key CG_8A
VLOG[2] (compute-fbank-feats[5.5.166~1-013489]:main():compute-fbank-feats.cc:170) Processed features for key CG_8B
LOG (compute-fbank-feats[5.5.166~1-013489]:main():compute-fbank-feats.cc:169) Processed 130 utterances
VLOG[2] (compute-fbank-feats[5.5.166~1-013489]:main():compute-fbank-feats.cc:170) Processed features for key CG_8O52OO5A
VLOG[2] (compute-fbank-feats[5.5.166~1-013489]:main():compute-fbank-feats.cc:170) Processed features for key CG_8Z1A
VLOG[2] (compute-fbank-feats[5.5.166~1-013489]:main():compute-fbank-feats.cc:170) Processed features for key CG_8Z46A
VLOG[2] (compute-fbank-feats[5.5.166~1-013489]:main():compute-fbank-feats.cc:170) Processed features for key CG_93846A
VLOG[2] (compute-fbank-feats[5.5.166~1-013489]:main():compute-fbank-feats.cc:170) Processed features for key CG_9542A
VLOG[2] (compute-fbank-feats[5.5.166~1-013489]:main():compute-fbank-feats.cc:170) Processed features for key CG_9678A
VLOG[2] (compute-fbank-feats[5.5.166~1-013489]:main():compute-fbank-feats.cc:170) Processed features for key CG_99724O6A
VLOG[2] (compute-fbank-feats[5.5.166~1-013489]:main():compute-fbank-feats.cc:170) Processed features for key CG_9A
VLOG[2] (compute-fbank-feats[5.5.166~1-013489]:main():compute-fbank-feats.cc:170) Processed features for key CG_9B
VLOG[2] (compute-fbank-feats[5.5.166~1-013489]:main():compute-fbank-feats.cc:170) Processed features for key CG_9O9A
LOG (compute-fbank-feats[5.5.166~1-013489]:main():compute-fbank-feats.cc:169) Processed 140 utterances
VLOG[2] (compute-fbank-feats[5.5.166~1-013489]:main():compute-fbank-feats.cc:170) Processed features for key CG_O355A
VLOG[2] (compute-fbank-feats[5.5.166~1-013489]:main():compute-fbank-feats.cc:170) Processed features for key CG_O4554A
VLOG[2] (compute-fbank-feats[5.5.166~1-013489]:main():compute-fbank-feats.cc:170) Processed features for key CG_O86A
VLOG[2] (compute-fbank-feats[5.5.166~1-013489]:main():compute-fbank-feats.cc:170) Processed features for key CG_OA
VLOG[2] (compute-fbank-feats[5.5.166~1-013489]:main():compute-fbank-feats.cc:170) Processed features for key CG_OB
VLOG[2] (compute-fbank-feats[5.5.166~1-013489]:main():compute-fbank-feats.cc:170) Processed features for key CG_OO43652A
VLOG[2] (compute-fbank-feats[5.5.166~1-013489]:main():compute-fbank-feats.cc:170) Processed features for key CG_OOA
VLOG[2] (compute-fbank-feats[5.5.166~1-013489]:main():compute-fbank-feats.cc:170) Processed features for key CG_Z275A
VLOG[2] (compute-fbank-feats[5.5.166~1-013489]:main():compute-fbank-feats.cc:170) Processed features for key CG_Z2A
VLOG[2] (compute-fbank-feats[5.5.166~1-013489]:main():compute-fbank-feats.cc:170) Processed features for key CG_Z7A
LOG (compute-fbank-feats[5.5.166~1-013489]:main():compute-fbank-feats.cc:169) Processed 150 utterances
VLOG[2] (compute-fbank-feats[5.5.166~1-013489]:main():compute-fbank-feats.cc:170) Processed features for key CG_Z9A
VLOG[2] (compute-fbank-feats[5.5.166~1-013489]:main():compute-fbank-feats.cc:170) Processed features for key CG_ZA
VLOG[2] (compute-fbank-feats[5.5.166~1-013489]:main():compute-fbank-feats.cc:170) Processed features for key CG_ZB
VLOG[2] (compute-fbank-feats[5.5.166~1-013489]:main():compute-fbank-feats.cc:170) Processed features for key CG_ZZA
VLOG[2] (compute-fbank-feats[5.5.166~1-013489]:main():compute-fbank-feats.cc:170) Processed features for key CL_13459A
VLOG[2] (compute-fbank-feats[5.5.166~1-013489]:main():compute-fbank-feats.cc:170) Processed features for key CL_1671281A
VLOG[2] (compute-fbank-feats[5.5.166~1-013489]:main():compute-fbank-feats.cc:170) Processed features for key CL_1718O61A
VLOG[2] (compute-fbank-feats[5.5.166~1-013489]:main():compute-fbank-feats.cc:170) Processed features for key CL_1974A
VLOG[2] (compute-fbank-feats[5.5.166~1-013489]:main():compute-fbank-feats.cc:170) Processed features for key CL_1A
VLOG[2] (compute-fbank-feats[5.5.166~1-013489]:main():compute-fbank-feats.cc:170) Processed features for key CL_1B
LOG (compute-fbank-feats[5.5.166~1-013489]:main():compute-fbank-feats.cc:169) Processed 160 utterances
VLOG[2] (compute-fbank-feats[5.5.166~1-013489]:main():compute-fbank-feats.cc:170) Processed features for key CL_1O47A
VLOG[2] (compute-fbank-feats[5.5.166~1-013489]:main():compute-fbank-feats.cc:170) Processed features for key CL_21139O1A
VLOG[2] (compute-fbank-feats[5.5.166~1-013489]:main():compute-fbank-feats.cc:170) Processed features for key CL_23A
VLOG[2] (compute-fbank-feats[5.5.166~1-013489]:main():compute-fbank-feats.cc:170) Processed features for key CL_255575ZA
VLOG[2] (compute-fbank-feats[5.5.166~1-013489]:main():compute-fbank-feats.cc:170) Processed features for key CL_26A
VLOG[2] (compute-fbank-feats[5.5.166~1-013489]:main():compute-fbank-feats.cc:170) Processed features for key CL_2796A
VLOG[2] (compute-fbank-feats[5.5.166~1-013489]:main():compute-fbank-feats.cc:170) Processed features for key CL_2A
VLOG[2] (compute-fbank-feats[5.5.166~1-013489]:main():compute-fbank-feats.cc:170) Processed features for key CL_2B
VLOG[2] (compute-fbank-feats[5.5.166~1-013489]:main():compute-fbank-feats.cc:170) Processed features for key CL_32958A
VLOG[2] (compute-fbank-feats[5.5.166~1-013489]:main():compute-fbank-feats.cc:170) Processed features for key CL_383A
LOG (compute-fbank-feats[5.5.166~1-013489]:main():compute-fbank-feats.cc:169) Processed 170 utterances
VLOG[2] (compute-fbank-feats[5.5.166~1-013489]:main():compute-fbank-feats.cc:170) Processed features for key CL_3A
VLOG[2] (compute-fbank-feats[5.5.166~1-013489]:main():compute-fbank-feats.cc:170) Processed features for key CL_3B
VLOG[2] (compute-fbank-feats[5.5.166~1-013489]:main():compute-fbank-feats.cc:170) Processed features for key CL_3O1O846A
VLOG[2] (compute-fbank-feats[5.5.166~1-013489]:main():compute-fbank-feats.cc:170) Processed features for key CL_3OA
VLOG[2] (compute-fbank-feats[5.5.166~1-013489]:main():compute-fbank-feats.cc:170) Processed features for key CL_3ZA
VLOG[2] (compute-fbank-feats[5.5.166~1-013489]:main():compute-fbank-feats.cc:170) Processed features for key CL_44O2A
VLOG[2] (compute-fbank-feats[5.5.166~1-013489]:main():compute-fbank-feats.cc:170) Processed features for key CL_4635A
VLOG[2] (compute-fbank-feats[5.5.166~1-013489]:main():compute-fbank-feats.cc:170) Processed features for key CL_48A
VLOG[2] (compute-fbank-feats[5.5.166~1-013489]:main():compute-fbank-feats.cc:170) Processed features for key CL_49OA
VLOG[2] (compute-fbank-feats[5.5.166~1-013489]:main():compute-fbank-feats.cc:170) Processed features for key CL_4A
LOG (compute-fbank-feats[5.5.166~1-013489]:main():compute-fbank-feats.cc:169) Processed 180 utterances
VLOG[2] (compute-fbank-feats[5.5.166~1-013489]:main():compute-fbank-feats.cc:170) Processed features for key CL_4B
VLOG[2] (compute-fbank-feats[5.5.166~1-013489]:main():compute-fbank-feats.cc:170) Processed features for key CL_4OO76OOA
VLOG[2] (compute-fbank-feats[5.5.166~1-013489]:main():compute-fbank-feats.cc:170) Processed features for key CL_52335A
VLOG[2] (compute-fbank-feats[5.5.166~1-013489]:main():compute-fbank-feats.cc:170) Processed features for key CL_547A
VLOG[2] (compute-fbank-feats[5.5.166~1-013489]:main():compute-fbank-feats.cc:170) Processed features for key CL_574A
VLOG[2] (compute-fbank-feats[5.5.166~1-013489]:main():compute-fbank-feats.cc:170) Processed features for key CL_59A
VLOG[2] (compute-fbank-feats[5.5.166~1-013489]:main():compute-fbank-feats.cc:170) Processed features for key CL_5A
VLOG[2] (compute-fbank-feats[5.5.166~1-013489]:main():compute-fbank-feats.cc:170) Processed features for key CL_5B
VLOG[2] (compute-fbank-feats[5.5.166~1-013489]:main():compute-fbank-feats.cc:170) Processed features for key CL_5O2OA
VLOG[2] (compute-fbank-feats[5.5.166~1-013489]:main():compute-fbank-feats.cc:170) Processed features for key CL_629A
LOG (compute-fbank-feats[5.5.166~1-013489]:main():compute-fbank-feats.cc:169) Processed 190 utterances
VLOG[2] (compute-fbank-feats[5.5.166~1-013489]:main():compute-fbank-feats.cc:170) Processed features for key CL_6366ZA
VLOG[2] (compute-fbank-feats[5.5.166~1-013489]:main():compute-fbank-feats.cc:170) Processed features for key CL_6443A
VLOG[2] (compute-fbank-feats[5.5.166~1-013489]:main():compute-fbank-feats.cc:170) Processed features for key CL_6516A
VLOG[2] (compute-fbank-feats[5.5.166~1-013489]:main():compute-fbank-feats.cc:170) Processed features for key CL_69791ZZA
VLOG[2] (compute-fbank-feats[5.5.166~1-013489]:main():compute-fbank-feats.cc:170) Processed features for key CL_6A
VLOG[2] (compute-fbank-feats[5.5.166~1-013489]:main():compute-fbank-feats.cc:170) Processed features for key CL_6B
VLOG[2] (compute-fbank-feats[5.5.166~1-013489]:main():compute-fbank-feats.cc:170) Processed features for key CL_7268612A
VLOG[2] (compute-fbank-feats[5.5.166~1-013489]:main():compute-fbank-feats.cc:170) Processed features for key CL_754A
VLOG[2] (compute-fbank-feats[5.5.166~1-013489]:main():compute-fbank-feats.cc:170) Processed features for key CL_76958A
VLOG[2] (compute-fbank-feats[5.5.166~1-013489]:main():compute-fbank-feats.cc:170) Processed features for key CL_78362A
LOG (compute-fbank-feats[5.5.166~1-013489]:main():compute-fbank-feats.cc:169) Processed 200 utterances
VLOG[2] (compute-fbank-feats[5.5.166~1-013489]:main():compute-fbank-feats.cc:170) Processed features for key CL_7A
VLOG[2] (compute-fbank-feats[5.5.166~1-013489]:main():compute-fbank-feats.cc:170) Processed features for key CL_7B
VLOG[2] (compute-fbank-feats[5.5.166~1-013489]:main():compute-fbank-feats.cc:170) Processed features for key CL_7ZZA
VLOG[2] (compute-fbank-feats[5.5.166~1-013489]:main():compute-fbank-feats.cc:170) Processed features for key CL_85OO3A
VLOG[2] (compute-fbank-feats[5.5.166~1-013489]:main():compute-fbank-feats.cc:170) Processed features for key CL_8689A
VLOG[2] (compute-fbank-feats[5.5.166~1-013489]:main():compute-fbank-feats.cc:170) Processed features for key CL_87OO9A
VLOG[2] (compute-fbank-feats[5.5.166~1-013489]:main():compute-fbank-feats.cc:170) Processed features for key CL_882A
VLOG[2] (compute-fbank-feats[5.5.166~1-013489]:main():compute-fbank-feats.cc:170) Processed features for key CL_8A
VLOG[2] (compute-fbank-feats[5.5.166~1-013489]:main():compute-fbank-feats.cc:170) Processed features for key CL_8B
VLOG[2] (compute-fbank-feats[5.5.166~1-013489]:main():compute-fbank-feats.cc:170) Processed features for key CL_8ZZZ5Z4A
LOG (compute-fbank-feats[5.5.166~1-013489]:main():compute-fbank-feats.cc:169) Processed 210 utterances
VLOG[2] (compute-fbank-feats[5.5.166~1-013489]:main():compute-fbank-feats.cc:170) Processed features for key CL_92A
VLOG[2] (compute-fbank-feats[5.5.166~1-013489]:main():compute-fbank-feats.cc:170) Processed features for key CL_92OA
VLOG[2] (compute-fbank-feats[5.5.166~1-013489]:main():compute-fbank-feats.cc:170) Processed features for key CL_933A
VLOG[2] (compute-fbank-feats[5.5.166~1-013489]:main():compute-fbank-feats.cc:170) Processed features for key CL_937O78OA
VLOG[2] (compute-fbank-feats[5.5.166~1-013489]:main():compute-fbank-feats.cc:170) Processed features for key CL_96A
VLOG[2] (compute-fbank-feats[5.5.166~1-013489]:main():compute-fbank-feats.cc:170) Processed features for key CL_9A
VLOG[2] (compute-fbank-feats[5.5.166~1-013489]:main():compute-fbank-feats.cc:170) Processed features for key CL_9B
VLOG[2] (compute-fbank-feats[5.5.166~1-013489]:main():compute-fbank-feats.cc:170) Processed features for key CL_O388A
VLOG[2] (compute-fbank-feats[5.5.166~1-013489]:main():compute-fbank-feats.cc:170) Processed features for key CL_O4A
VLOG[2] (compute-fbank-feats[5.5.166~1-013489]:main():compute-fbank-feats.cc:170) Processed features for key CL_O514O84A
LOG (compute-fbank-feats[5.5.166~1-013489]:main():compute-fbank-feats.cc:169) Processed 220 utterances
VLOG[2] (compute-fbank-feats[5.5.166~1-013489]:main():compute-fbank-feats.cc:170) Processed features for key CL_O64A
VLOG[2] (compute-fbank-feats[5.5.166~1-013489]:main():compute-fbank-feats.cc:170) Processed features for key CL_O9A
VLOG[2] (compute-fbank-feats[5.5.166~1-013489]:main():compute-fbank-feats.cc:170) Processed features for key CL_OA
VLOG[2] (compute-fbank-feats[5.5.166~1-013489]:main():compute-fbank-feats.cc:170) Processed features for key CL_OB
VLOG[2] (compute-fbank-feats[5.5.166~1-013489]:main():compute-fbank-feats.cc:170) Processed features for key CL_Z1172A
VLOG[2] (compute-fbank-feats[5.5.166~1-013489]:main():compute-fbank-feats.cc:170) Processed features for key CL_Z1982A
VLOG[2] (compute-fbank-feats[5.5.166~1-013489]:main():compute-fbank-feats.cc:170) Processed features for key CL_Z2273A
VLOG[2] (compute-fbank-feats[5.5.166~1-013489]:main():compute-fbank-feats.cc:170) Processed features for key CL_Z5A
VLOG[2] (compute-fbank-feats[5.5.166~1-013489]:main():compute-fbank-feats.cc:170) Processed features for key CL_Z673A
VLOG[2] (compute-fbank-feats[5.5.166~1-013489]:main():compute-fbank-feats.cc:170) Processed features for key CL_ZA
LOG (compute-fbank-feats[5.5.166~1-013489]:main():compute-fbank-feats.cc:169) Processed 230 utterances
VLOG[2] (compute-fbank-feats[5.5.166~1-013489]:main():compute-fbank-feats.cc:170) Processed features for key CL_ZB
VLOG[2] (compute-fbank-feats[5.5.166~1-013489]:main():compute-fbank-feats.cc:170) Processed features for key CM_112O8O1A
VLOG[2] (compute-fbank-feats[5.5.166~1-013489]:main():compute-fbank-feats.cc:170) Processed features for key CM_129A
VLOG[2] (compute-fbank-feats[5.5.166~1-013489]:main():compute-fbank-feats.cc:170) Processed features for key CM_13A
VLOG[2] (compute-fbank-feats[5.5.166~1-013489]:main():compute-fbank-feats.cc:170) Processed features for key CM_16472A
VLOG[2] (compute-fbank-feats[5.5.166~1-013489]:main():compute-fbank-feats.cc:170) Processed features for key CM_175A
VLOG[2] (compute-fbank-feats[5.5.166~1-013489]:main():compute-fbank-feats.cc:170) Processed features for key CM_1A
VLOG[2] (compute-fbank-feats[5.5.166~1-013489]:main():compute-fbank-feats.cc:170) Processed features for key CM_1B
VLOG[2] (compute-fbank-feats[5.5.166~1-013489]:main():compute-fbank-feats.cc:170) Processed features for key CM_21A
VLOG[2] (compute-fbank-feats[5.5.166~1-013489]:main():compute-fbank-feats.cc:170) Processed features for key CM_2394A
LOG (compute-fbank-feats[5.5.166~1-013489]:main():compute-fbank-feats.cc:169) Processed 240 utterances
VLOG[2] (compute-fbank-feats[5.5.166~1-013489]:main():compute-fbank-feats.cc:170) Processed features for key CM_262A
VLOG[2] (compute-fbank-feats[5.5.166~1-013489]:main():compute-fbank-feats.cc:170) Processed features for key CM_29A
VLOG[2] (compute-fbank-feats[5.5.166~1-013489]:main():compute-fbank-feats.cc:170) Processed features for key CM_2A
VLOG[2] (compute-fbank-feats[5.5.166~1-013489]:main():compute-fbank-feats.cc:170) Processed features for key CM_2B
VLOG[2] (compute-fbank-feats[5.5.166~1-013489]:main():compute-fbank-feats.cc:170) Processed features for key CM_2ZA
VLOG[2] (compute-fbank-feats[5.5.166~1-013489]:main():compute-fbank-feats.cc:170) Processed features for key CM_31A
VLOG[2] (compute-fbank-feats[5.5.166~1-013489]:main():compute-fbank-feats.cc:170) Processed features for key CM_331A
VLOG[2] (compute-fbank-feats[5.5.166~1-013489]:main():compute-fbank-feats.cc:170) Processed features for key CM_344A
VLOG[2] (compute-fbank-feats[5.5.166~1-013489]:main():compute-fbank-feats.cc:170) Processed features for key CM_3814A
VLOG[2] (compute-fbank-feats[5.5.166~1-013489]:main():compute-fbank-feats.cc:170) Processed features for key CM_3936A
LOG (compute-fbank-feats[5.5.166~1-013489]:main():compute-fbank-feats.cc:169) Processed 250 utterances
VLOG[2] (compute-fbank-feats[5.5.166~1-013489]:main():compute-fbank-feats.cc:170) Processed features for key CM_3A
VLOG[2] (compute-fbank-feats[5.5.166~1-013489]:main():compute-fbank-feats.cc:170) Processed features for key CM_3B
VLOG[2] (compute-fbank-feats[5.5.166~1-013489]:main():compute-fbank-feats.cc:170) Processed features for key CM_41921ZZA
VLOG[2] (compute-fbank-feats[5.5.166~1-013489]:main():compute-fbank-feats.cc:170) Processed features for key CM_42ZA
VLOG[2] (compute-fbank-feats[5.5.166~1-013489]:main():compute-fbank-feats.cc:170) Processed features for key CM_4519A
VLOG[2] (compute-fbank-feats[5.5.166~1-013489]:main():compute-fbank-feats.cc:170) Processed features for key CM_45OA
VLOG[2] (compute-fbank-feats[5.5.166~1-013489]:main():compute-fbank-feats.cc:170) Processed features for key CM_49A
VLOG[2] (compute-fbank-feats[5.5.166~1-013489]:main():compute-fbank-feats.cc:170) Processed features for key CM_4A
VLOG[2] (compute-fbank-feats[5.5.166~1-013489]:main():compute-fbank-feats.cc:170) Processed features for key CM_4B
VLOG[2] (compute-fbank-feats[5.5.166~1-013489]:main():compute-fbank-feats.cc:170) Processed features for key CM_51A
LOG (compute-fbank-feats[5.5.166~1-013489]:main():compute-fbank-feats.cc:169) Processed 260 utterances
VLOG[2] (compute-fbank-feats[5.5.166~1-013489]:main():compute-fbank-feats.cc:170) Processed features for key CM_56461A
VLOG[2] (compute-fbank-feats[5.5.166~1-013489]:main():compute-fbank-feats.cc:170) Processed features for key CM_579Z918A
VLOG[2] (compute-fbank-feats[5.5.166~1-013489]:main():compute-fbank-feats.cc:170) Processed features for key CM_5976A
VLOG[2] (compute-fbank-feats[5.5.166~1-013489]:main():compute-fbank-feats.cc:170) Processed features for key CM_5A
VLOG[2] (compute-fbank-feats[5.5.166~1-013489]:main():compute-fbank-feats.cc:170) Processed features for key CM_5B
VLOG[2] (compute-fbank-feats[5.5.166~1-013489]:main():compute-fbank-feats.cc:170) Processed features for key CM_5O61OO5A
VLOG[2] (compute-fbank-feats[5.5.166~1-013489]:main():compute-fbank-feats.cc:170) Processed features for key CM_6595ZA
VLOG[2] (compute-fbank-feats[5.5.166~1-013489]:main():compute-fbank-feats.cc:170) Processed features for key CM_688928ZA
VLOG[2] (compute-fbank-feats[5.5.166~1-013489]:main():compute-fbank-feats.cc:170) Processed features for key CM_6937153A
VLOG[2] (compute-fbank-feats[5.5.166~1-013489]:main():compute-fbank-feats.cc:170) Processed features for key CM_69Z66Z3A
LOG (compute-fbank-feats[5.5.166~1-013489]:main():compute-fbank-feats.cc:169) Processed 270 utterances
VLOG[2] (compute-fbank-feats[5.5.166~1-013489]:main():compute-fbank-feats.cc:170) Processed features for key CM_6A
VLOG[2] (compute-fbank-feats[5.5.166~1-013489]:main():compute-fbank-feats.cc:170) Processed features for key CM_6B
VLOG[2] (compute-fbank-feats[5.5.166~1-013489]:main():compute-fbank-feats.cc:170) Processed features for key CM_6Z153A
VLOG[2] (compute-fbank-feats[5.5.166~1-013489]:main():compute-fbank-feats.cc:170) Processed features for key CM_74A
VLOG[2] (compute-fbank-feats[5.5.166~1-013489]:main():compute-fbank-feats.cc:170) Processed features for key CM_7734Z83A
VLOG[2] (compute-fbank-feats[5.5.166~1-013489]:main():compute-fbank-feats.cc:170) Processed features for key CM_78427A
VLOG[2] (compute-fbank-feats[5.5.166~1-013489]:main():compute-fbank-feats.cc:170) Processed features for key CM_7A
VLOG[2] (compute-fbank-feats[5.5.166~1-013489]:main():compute-fbank-feats.cc:170) Processed features for key CM_7B
VLOG[2] (compute-fbank-feats[5.5.166~1-013489]:main():compute-fbank-feats.cc:170) Processed features for key CM_7Z375A
VLOG[2] (compute-fbank-feats[5.5.166~1-013489]:main():compute-fbank-feats.cc:170) Processed features for key CM_7Z55A
LOG (compute-fbank-feats[5.5.166~1-013489]:main():compute-fbank-feats.cc:169) Processed 280 utterances
VLOG[2] (compute-fbank-feats[5.5.166~1-013489]:main():compute-fbank-feats.cc:170) Processed features for key CM_811A
VLOG[2] (compute-fbank-feats[5.5.166~1-013489]:main():compute-fbank-feats.cc:170) Processed features for key CM_85632A
VLOG[2] (compute-fbank-feats[5.5.166~1-013489]:main():compute-fbank-feats.cc:170) Processed features for key CM_8674A
VLOG[2] (compute-fbank-feats[5.5.166~1-013489]:main():compute-fbank-feats.cc:170) Processed features for key CM_8676633A
VLOG[2] (compute-fbank-feats[5.5.166~1-013489]:main():compute-fbank-feats.cc:170) Processed features for key CM_8A
VLOG[2] (compute-fbank-feats[5.5.166~1-013489]:main():compute-fbank-feats.cc:170) Processed features for key CM_8B
VLOG[2] (compute-fbank-feats[5.5.166~1-013489]:main():compute-fbank-feats.cc:170) Processed features for key CM_8OA
VLOG[2] (compute-fbank-feats[5.5.166~1-013489]:main():compute-fbank-feats.cc:170) Processed features for key CM_9526A
VLOG[2] (compute-fbank-feats[5.5.166~1-013489]:main():compute-fbank-feats.cc:170) Processed features for key CM_96A
VLOG[2] (compute-fbank-feats[5.5.166~1-013489]:main():compute-fbank-feats.cc:170) Processed features for key CM_987OA
LOG (compute-fbank-feats[5.5.166~1-013489]:main():compute-fbank-feats.cc:169) Processed 290 utterances
VLOG[2] (compute-fbank-feats[5.5.166~1-013489]:main():compute-fbank-feats.cc:170) Processed features for key CM_99O6A
VLOG[2] (compute-fbank-feats[5.5.166~1-013489]:main():compute-fbank-feats.cc:170) Processed features for key CM_9A
VLOG[2] (compute-fbank-feats[5.5.166~1-013489]:main():compute-fbank-feats.cc:170) Processed features for key CM_9B
VLOG[2] (compute-fbank-feats[5.5.166~1-013489]:main():compute-fbank-feats.cc:170) Processed features for key CM_9O4O1A
VLOG[2] (compute-fbank-feats[5.5.166~1-013489]:main():compute-fbank-feats.cc:170) Processed features for key CM_O22773OA
VLOG[2] (compute-fbank-feats[5.5.166~1-013489]:main():compute-fbank-feats.cc:170) Processed features for key CM_O3OA
VLOG[2] (compute-fbank-feats[5.5.166~1-013489]:main():compute-fbank-feats.cc:170) Processed features for key CM_O7898A
VLOG[2] (compute-fbank-feats[5.5.166~1-013489]:main():compute-fbank-feats.cc:170) Processed features for key CM_O943A
VLOG[2] (compute-fbank-feats[5.5.166~1-013489]:main():compute-fbank-feats.cc:170) Processed features for key CM_OA
VLOG[2] (compute-fbank-feats[5.5.166~1-013489]:main():compute-fbank-feats.cc:170) Processed features for key CM_OB
LOG (compute-fbank-feats[5.5.166~1-013489]:main():compute-fbank-feats.cc:169) Processed 300 utterances
VLOG[2] (compute-fbank-feats[5.5.166~1-013489]:main():compute-fbank-feats.cc:170) Processed features for key CM_OO718A
VLOG[2] (compute-fbank-feats[5.5.166~1-013489]:main():compute-fbank-feats.cc:170) Processed features for key CM_Z16A
VLOG[2] (compute-fbank-feats[5.5.166~1-013489]:main():compute-fbank-feats.cc:170) Processed features for key CM_Z48Z57ZA
VLOG[2] (compute-fbank-feats[5.5.166~1-013489]:main():compute-fbank-feats.cc:170) Processed features for key CM_Z79A
VLOG[2] (compute-fbank-feats[5.5.166~1-013489]:main():compute-fbank-feats.cc:170) Processed features for key CM_Z8A
VLOG[2] (compute-fbank-feats[5.5.166~1-013489]:main():compute-fbank-feats.cc:170) Processed features for key CM_Z9725A
VLOG[2] (compute-fbank-feats[5.5.166~1-013489]:main():compute-fbank-feats.cc:170) Processed features for key CM_ZA
VLOG[2] (compute-fbank-feats[5.5.166~1-013489]:main():compute-fbank-feats.cc:170) Processed features for key CM_ZB
VLOG[2] (compute-fbank-feats[5.5.166~1-013489]:main():compute-fbank-feats.cc:170) Processed features for key CR_1171889A
VLOG[2] (compute-fbank-feats[5.5.166~1-013489]:main():compute-fbank-feats.cc:170) Processed features for key CR_126A
LOG (compute-fbank-feats[5.5.166~1-013489]:main():compute-fbank-feats.cc:169) Processed 310 utterances
VLOG[2] (compute-fbank-feats[5.5.166~1-013489]:main():compute-fbank-feats.cc:170) Processed features for key CR_1577391A
VLOG[2] (compute-fbank-feats[5.5.166~1-013489]:main():compute-fbank-feats.cc:170) Processed features for key CR_161O567A
VLOG[2] (compute-fbank-feats[5.5.166~1-013489]:main():compute-fbank-feats.cc:170) Processed features for key CR_19A
VLOG[2] (compute-fbank-feats[5.5.166~1-013489]:main():compute-fbank-feats.cc:170) Processed features for key CR_1A
VLOG[2] (compute-fbank-feats[5.5.166~1-013489]:main():compute-fbank-feats.cc:170) Processed features for key CR_1B
VLOG[2] (compute-fbank-feats[5.5.166~1-013489]:main():compute-fbank-feats.cc:170) Processed features for key CR_25283A
VLOG[2] (compute-fbank-feats[5.5.166~1-013489]:main():compute-fbank-feats.cc:170) Processed features for key CR_2829A
VLOG[2] (compute-fbank-feats[5.5.166~1-013489]:main():compute-fbank-feats.cc:170) Processed features for key CR_2A
VLOG[2] (compute-fbank-feats[5.5.166~1-013489]:main():compute-fbank-feats.cc:170) Processed features for key CR_2B
VLOG[2] (compute-fbank-feats[5.5.166~1-013489]:main():compute-fbank-feats.cc:170) Processed features for key CR_2O9O987A
LOG (compute-fbank-feats[5.5.166~1-013489]:main():compute-fbank-feats.cc:169) Processed 320 utterances
VLOG[2] (compute-fbank-feats[5.5.166~1-013489]:main():compute-fbank-feats.cc:170) Processed features for key CR_2Z61858A
VLOG[2] (compute-fbank-feats[5.5.166~1-013489]:main():compute-fbank-feats.cc:170) Processed features for key CR_2Z7A
VLOG[2] (compute-fbank-feats[5.5.166~1-013489]:main():compute-fbank-feats.cc:170) Processed features for key CR_32A
VLOG[2] (compute-fbank-feats[5.5.166~1-013489]:main():compute-fbank-feats.cc:170) Processed features for key CR_35Z29A
VLOG[2] (compute-fbank-feats[5.5.166~1-013489]:main():compute-fbank-feats.cc:170) Processed features for key CR_38A
VLOG[2] (compute-fbank-feats[5.5.166~1-013489]:main():compute-fbank-feats.cc:170) Processed features for key CR_39A
VLOG[2] (compute-fbank-feats[5.5.166~1-013489]:main():compute-fbank-feats.cc:170) Processed features for key CR_3A
VLOG[2] (compute-fbank-feats[5.5.166~1-013489]:main():compute-fbank-feats.cc:170) Processed features for key CR_3B
VLOG[2] (compute-fbank-feats[5.5.166~1-013489]:main():compute-fbank-feats.cc:170) Processed features for key CR_3OO43A
VLOG[2] (compute-fbank-feats[5.5.166~1-013489]:main():compute-fbank-feats.cc:170) Processed features for key CR_45OO2A
LOG (compute-fbank-feats[5.5.166~1-013489]:main():compute-fbank-feats.cc:169) Processed 330 utterances
VLOG[2] (compute-fbank-feats[5.5.166~1-013489]:main():compute-fbank-feats.cc:170) Processed features for key CR_486OA
VLOG[2] (compute-fbank-feats[5.5.166~1-013489]:main():compute-fbank-feats.cc:170) Processed features for key CR_49O69A
VLOG[2] (compute-fbank-feats[5.5.166~1-013489]:main():compute-fbank-feats.cc:170) Processed features for key CR_4A
VLOG[2] (compute-fbank-feats[5.5.166~1-013489]:main():compute-fbank-feats.cc:170) Processed features for key CR_4B
VLOG[2] (compute-fbank-feats[5.5.166~1-013489]:main():compute-fbank-feats.cc:170) Processed features for key CR_4OOA
VLOG[2] (compute-fbank-feats[5.5.166~1-013489]:main():compute-fbank-feats.cc:170) Processed features for key CR_4Z3363ZA
VLOG[2] (compute-fbank-feats[5.5.166~1-013489]:main():compute-fbank-feats.cc:170) Processed features for key CR_513A
VLOG[2] (compute-fbank-feats[5.5.166~1-013489]:main():compute-fbank-feats.cc:170) Processed features for key CR_534A
VLOG[2] (compute-fbank-feats[5.5.166~1-013489]:main():compute-fbank-feats.cc:170) Processed features for key CR_54923A
VLOG[2] (compute-fbank-feats[5.5.166~1-013489]:main():compute-fbank-feats.cc:170) Processed features for key CR_5941484A
LOG (compute-fbank-feats[5.5.166~1-013489]:main():compute-fbank-feats.cc:169) Processed 340 utterances
VLOG[2] (compute-fbank-feats[5.5.166~1-013489]:main():compute-fbank-feats.cc:170) Processed features for key CR_5A
VLOG[2] (compute-fbank-feats[5.5.166~1-013489]:main():compute-fbank-feats.cc:170) Processed features for key CR_5B
VLOG[2] (compute-fbank-feats[5.5.166~1-013489]:main():compute-fbank-feats.cc:170) Processed features for key CR_5Z168A
VLOG[2] (compute-fbank-feats[5.5.166~1-013489]:main():compute-fbank-feats.cc:170) Processed features for key CR_658ZA
VLOG[2] (compute-fbank-feats[5.5.166~1-013489]:main():compute-fbank-feats.cc:170) Processed features for key CR_67Z93A
VLOG[2] (compute-fbank-feats[5.5.166~1-013489]:main():compute-fbank-feats.cc:170) Processed features for key CR_6811A
VLOG[2] (compute-fbank-feats[5.5.166~1-013489]:main():compute-fbank-feats.cc:170) Processed features for key CR_6989642A
VLOG[2] (compute-fbank-feats[5.5.166~1-013489]:main():compute-fbank-feats.cc:170) Processed features for key CR_6A
VLOG[2] (compute-fbank-feats[5.5.166~1-013489]:main():compute-fbank-feats.cc:170) Processed features for key CR_6B
VLOG[2] (compute-fbank-feats[5.5.166~1-013489]:main():compute-fbank-feats.cc:170) Processed features for key CR_6ZA
LOG (compute-fbank-feats[5.5.166~1-013489]:main():compute-fbank-feats.cc:169) Processed 350 utterances
VLOG[2] (compute-fbank-feats[5.5.166~1-013489]:main():compute-fbank-feats.cc:170) Processed features for key CR_71A
VLOG[2] (compute-fbank-feats[5.5.166~1-013489]:main():compute-fbank-feats.cc:170) Processed features for key CR_721A
VLOG[2] (compute-fbank-feats[5.5.166~1-013489]:main():compute-fbank-feats.cc:170) Processed features for key CR_7465A
VLOG[2] (compute-fbank-feats[5.5.166~1-013489]:main():compute-fbank-feats.cc:170) Processed features for key CR_783A
VLOG[2] (compute-fbank-feats[5.5.166~1-013489]:main():compute-fbank-feats.cc:170) Processed features for key CR_7A
VLOG[2] (compute-fbank-feats[5.5.166~1-013489]:main():compute-fbank-feats.cc:170) Processed features for key CR_7B
VLOG[2] (compute-fbank-feats[5.5.166~1-013489]:main():compute-fbank-feats.cc:170) Processed features for key CR_7O7A
VLOG[2] (compute-fbank-feats[5.5.166~1-013489]:main():compute-fbank-feats.cc:170) Processed features for key CR_8194126A
VLOG[2] (compute-fbank-feats[5.5.166~1-013489]:main():compute-fbank-feats.cc:170) Processed features for key CR_821A
VLOG[2] (compute-fbank-feats[5.5.166~1-013489]:main():compute-fbank-feats.cc:170) Processed features for key CR_88Z57A
LOG (compute-fbank-feats[5.5.166~1-013489]:main():compute-fbank-feats.cc:169) Processed 360 utterances
VLOG[2] (compute-fbank-feats[5.5.166~1-013489]:main():compute-fbank-feats.cc:170) Processed features for key CR_8A
VLOG[2] (compute-fbank-feats[5.5.166~1-013489]:main():compute-fbank-feats.cc:170) Processed features for key CR_8B
VLOG[2] (compute-fbank-feats[5.5.166~1-013489]:main():compute-fbank-feats.cc:170) Processed features for key CR_8O2A
VLOG[2] (compute-fbank-feats[5.5.166~1-013489]:main():compute-fbank-feats.cc:170) Processed features for key CR_8O8A
VLOG[2] (compute-fbank-feats[5.5.166~1-013489]:main():compute-fbank-feats.cc:170) Processed features for key CR_91A
VLOG[2] (compute-fbank-feats[5.5.166~1-013489]:main():compute-fbank-feats.cc:170) Processed features for key CR_931Z1A
VLOG[2] (compute-fbank-feats[5.5.166~1-013489]:main():compute-fbank-feats.cc:170) Processed features for key CR_95A
VLOG[2] (compute-fbank-feats[5.5.166~1-013489]:main():compute-fbank-feats.cc:170) Processed features for key CR_96662A
VLOG[2] (compute-fbank-feats[5.5.166~1-013489]:main():compute-fbank-feats.cc:170) Processed features for key CR_9A
VLOG[2] (compute-fbank-feats[5.5.166~1-013489]:main():compute-fbank-feats.cc:170) Processed features for key CR_9B
LOG (compute-fbank-feats[5.5.166~1-013489]:main():compute-fbank-feats.cc:169) Processed 370 utterances
VLOG[2] (compute-fbank-feats[5.5.166~1-013489]:main():compute-fbank-feats.cc:170) Processed features for key CR_O1A
VLOG[2] (compute-fbank-feats[5.5.166~1-013489]:main():compute-fbank-feats.cc:170) Processed features for key CR_O3OOA
VLOG[2] (compute-fbank-feats[5.5.166~1-013489]:main():compute-fbank-feats.cc:170) Processed features for key CR_O556A
VLOG[2] (compute-fbank-feats[5.5.166~1-013489]:main():compute-fbank-feats.cc:170) Processed features for key CR_O6A
VLOG[2] (compute-fbank-feats[5.5.166~1-013489]:main():compute-fbank-feats.cc:170) Processed features for key CR_O8A
VLOG[2] (compute-fbank-feats[5.5.166~1-013489]:main():compute-fbank-feats.cc:170) Processed features for key CR_O932A
VLOG[2] (compute-fbank-feats[5.5.166~1-013489]:main():compute-fbank-feats.cc:170) Processed features for key CR_OA
VLOG[2] (compute-fbank-feats[5.5.166~1-013489]:main():compute-fbank-feats.cc:170) Processed features for key CR_OB
VLOG[2] (compute-fbank-feats[5.5.166~1-013489]:main():compute-fbank-feats.cc:170) Processed features for key CR_Z277A
VLOG[2] (compute-fbank-feats[5.5.166~1-013489]:main():compute-fbank-feats.cc:170) Processed features for key CR_Z384359A
LOG (compute-fbank-feats[5.5.166~1-013489]:main():compute-fbank-feats.cc:169) Processed 380 utterances
VLOG[2] (compute-fbank-feats[5.5.166~1-013489]:main():compute-fbank-feats.cc:170) Processed features for key CR_Z47Z997A
VLOG[2] (compute-fbank-feats[5.5.166~1-013489]:main():compute-fbank-feats.cc:170) Processed features for key CR_Z754A
VLOG[2] (compute-fbank-feats[5.5.166~1-013489]:main():compute-fbank-feats.cc:170) Processed features for key CR_ZA
VLOG[2] (compute-fbank-feats[5.5.166~1-013489]:main():compute-fbank-feats.cc:170) Processed features for key CR_ZB
VLOG[2] (compute-fbank-feats[5.5.166~1-013489]:main():compute-fbank-feats.cc:170) Processed features for key CR_ZZ44A
VLOG[2] (compute-fbank-feats[5.5.166~1-013489]:main():compute-fbank-feats.cc:170) Processed features for key DC_1535A
VLOG[2] (compute-fbank-feats[5.5.166~1-013489]:main():compute-fbank-feats.cc:170) Processed features for key DC_166O17OA
VLOG[2] (compute-fbank-feats[5.5.166~1-013489]:main():compute-fbank-feats.cc:170) Processed features for key DC_1962A
VLOG[2] (compute-fbank-feats[5.5.166~1-013489]:main():compute-fbank-feats.cc:170) Processed features for key DC_1A
VLOG[2] (compute-fbank-feats[5.5.166~1-013489]:main():compute-fbank-feats.cc:170) Processed features for key DC_1B
LOG (compute-fbank-feats[5.5.166~1-013489]:main():compute-fbank-feats.cc:169) Processed 390 utterances
VLOG[2] (compute-fbank-feats[5.5.166~1-013489]:main():compute-fbank-feats.cc:170) Processed features for key DC_1ZA
VLOG[2] (compute-fbank-feats[5.5.166~1-013489]:main():compute-fbank-feats.cc:170) Processed features for key DC_1ZZA
VLOG[2] (compute-fbank-feats[5.5.166~1-013489]:main():compute-fbank-feats.cc:170) Processed features for key DC_22742A
VLOG[2] (compute-fbank-feats[5.5.166~1-013489]:main():compute-fbank-feats.cc:170) Processed features for key DC_24A
VLOG[2] (compute-fbank-feats[5.5.166~1-013489]:main():compute-fbank-feats.cc:170) Processed features for key DC_285O549A
VLOG[2] (compute-fbank-feats[5.5.166~1-013489]:main():compute-fbank-feats.cc:170) Processed features for key DC_297Z4A
VLOG[2] (compute-fbank-feats[5.5.166~1-013489]:main():compute-fbank-feats.cc:170) Processed features for key DC_2A
VLOG[2] (compute-fbank-feats[5.5.166~1-013489]:main():compute-fbank-feats.cc:170) Processed features for key DC_2B
VLOG[2] (compute-fbank-feats[5.5.166~1-013489]:main():compute-fbank-feats.cc:170) Processed features for key DC_2Z77A
VLOG[2] (compute-fbank-feats[5.5.166~1-013489]:main():compute-fbank-feats.cc:170) Processed features for key DC_33A
LOG (compute-fbank-feats[5.5.166~1-013489]:main():compute-fbank-feats.cc:169) Processed 400 utterances
VLOG[2] (compute-fbank-feats[5.5.166~1-013489]:main():compute-fbank-feats.cc:170) Processed features for key DC_3491O7OA
VLOG[2] (compute-fbank-feats[5.5.166~1-013489]:main():compute-fbank-feats.cc:170) Processed features for key DC_36765A
VLOG[2] (compute-fbank-feats[5.5.166~1-013489]:main():compute-fbank-feats.cc:170) Processed features for key DC_373A
VLOG[2] (compute-fbank-feats[5.5.166~1-013489]:main():compute-fbank-feats.cc:170) Processed features for key DC_3A
VLOG[2] (compute-fbank-feats[5.5.166~1-013489]:main():compute-fbank-feats.cc:170) Processed features for key DC_3B
VLOG[2] (compute-fbank-feats[5.5.166~1-013489]:main():compute-fbank-feats.cc:170) Processed features for key DC_3OO67A
VLOG[2] (compute-fbank-feats[5.5.166~1-013489]:main():compute-fbank-feats.cc:170) Processed features for key DC_4129A
VLOG[2] (compute-fbank-feats[5.5.166~1-013489]:main():compute-fbank-feats.cc:170) Processed features for key DC_43ZA
VLOG[2] (compute-fbank-feats[5.5.166~1-013489]:main():compute-fbank-feats.cc:170) Processed features for key DC_448A
VLOG[2] (compute-fbank-feats[5.5.166~1-013489]:main():compute-fbank-feats.cc:170) Processed features for key DC_46235A
LOG (compute-fbank-feats[5.5.166~1-013489]:main():compute-fbank-feats.cc:169) Processed 410 utterances
VLOG[2] (compute-fbank-feats[5.5.166~1-013489]:main():compute-fbank-feats.cc:170) Processed features for key DC_4A
VLOG[2] (compute-fbank-feats[5.5.166~1-013489]:main():compute-fbank-feats.cc:170) Processed features for key DC_4B
VLOG[2] (compute-fbank-feats[5.5.166~1-013489]:main():compute-fbank-feats.cc:170) Processed features for key DC_4Z98Z72A
VLOG[2] (compute-fbank-feats[5.5.166~1-013489]:main():compute-fbank-feats.cc:170) Processed features for key DC_5389Z65A
VLOG[2] (compute-fbank-feats[5.5.166~1-013489]:main():compute-fbank-feats.cc:170) Processed features for key DC_545A
VLOG[2] (compute-fbank-feats[5.5.166~1-013489]:main():compute-fbank-feats.cc:170) Processed features for key DC_55618A
VLOG[2] (compute-fbank-feats[5.5.166~1-013489]:main():compute-fbank-feats.cc:170) Processed features for key DC_578242OA
VLOG[2] (compute-fbank-feats[5.5.166~1-013489]:main():compute-fbank-feats.cc:170) Processed features for key DC_59Z5A
VLOG[2] (compute-fbank-feats[5.5.166~1-013489]:main():compute-fbank-feats.cc:170) Processed features for key DC_5A
VLOG[2] (compute-fbank-feats[5.5.166~1-013489]:main():compute-fbank-feats.cc:170) Processed features for key DC_5B
LOG (compute-fbank-feats[5.5.166~1-013489]:main():compute-fbank-feats.cc:169) Processed 420 utterances
VLOG[2] (compute-fbank-feats[5.5.166~1-013489]:main():compute-fbank-feats.cc:170) Processed features for key DC_6384A
VLOG[2] (compute-fbank-feats[5.5.166~1-013489]:main():compute-fbank-feats.cc:170) Processed features for key DC_63A
VLOG[2] (compute-fbank-feats[5.5.166~1-013489]:main():compute-fbank-feats.cc:170) Processed features for key DC_64O9A
VLOG[2] (compute-fbank-feats[5.5.166~1-013489]:main():compute-fbank-feats.cc:170) Processed features for key DC_6861731A
VLOG[2] (compute-fbank-feats[5.5.166~1-013489]:main():compute-fbank-feats.cc:170) Processed features for key DC_6A
VLOG[2] (compute-fbank-feats[5.5.166~1-013489]:main():compute-fbank-feats.cc:170) Processed features for key DC_6B
VLOG[2] (compute-fbank-feats[5.5.166~1-013489]:main():compute-fbank-feats.cc:170) Processed features for key DC_6ZA
VLOG[2] (compute-fbank-feats[5.5.166~1-013489]:main():compute-fbank-feats.cc:170) Processed features for key DC_751A
VLOG[2] (compute-fbank-feats[5.5.166~1-013489]:main():compute-fbank-feats.cc:170) Processed features for key DC_76ZA
VLOG[2] (compute-fbank-feats[5.5.166~1-013489]:main():compute-fbank-feats.cc:170) Processed features for key DC_77A
LOG (compute-fbank-feats[5.5.166~1-013489]:main():compute-fbank-feats.cc:169) Processed 430 utterances
VLOG[2] (compute-fbank-feats[5.5.166~1-013489]:main():compute-fbank-feats.cc:170) Processed features for key DC_783A
VLOG[2] (compute-fbank-feats[5.5.166~1-013489]:main():compute-fbank-feats.cc:170) Processed features for key DC_79913O6A
VLOG[2] (compute-fbank-feats[5.5.166~1-013489]:main():compute-fbank-feats.cc:170) Processed features for key DC_7A
VLOG[2] (compute-fbank-feats[5.5.166~1-013489]:main():compute-fbank-feats.cc:170) Processed features for key DC_7B
VLOG[2] (compute-fbank-feats[5.5.166~1-013489]:main():compute-fbank-feats.cc:170) Processed features for key DC_815522ZA
VLOG[2] (compute-fbank-feats[5.5.166~1-013489]:main():compute-fbank-feats.cc:170) Processed features for key DC_82A
VLOG[2] (compute-fbank-feats[5.5.166~1-013489]:main():compute-fbank-feats.cc:170) Processed features for key DC_87194A
VLOG[2] (compute-fbank-feats[5.5.166~1-013489]:main():compute-fbank-feats.cc:170) Processed features for key DC_8746A
VLOG[2] (compute-fbank-feats[5.5.166~1-013489]:main():compute-fbank-feats.cc:170) Processed features for key DC_884Z8A
VLOG[2] (compute-fbank-feats[5.5.166~1-013489]:main():compute-fbank-feats.cc:170) Processed features for key DC_8A
LOG (compute-fbank-feats[5.5.166~1-013489]:main():compute-fbank-feats.cc:169) Processed 440 utterances
VLOG[2] (compute-fbank-feats[5.5.166~1-013489]:main():compute-fbank-feats.cc:170) Processed features for key DC_8B
VLOG[2] (compute-fbank-feats[5.5.166~1-013489]:main():compute-fbank-feats.cc:170) Processed features for key DC_927A
VLOG[2] (compute-fbank-feats[5.5.166~1-013489]:main():compute-fbank-feats.cc:170) Processed features for key DC_932A
VLOG[2] (compute-fbank-feats[5.5.166~1-013489]:main():compute-fbank-feats.cc:170) Processed features for key DC_95Z3A
VLOG[2] (compute-fbank-feats[5.5.166~1-013489]:main():compute-fbank-feats.cc:170) Processed features for key DC_98Z8ZA
VLOG[2] (compute-fbank-feats[5.5.166~1-013489]:main():compute-fbank-feats.cc:170) Processed features for key DC_9A
VLOG[2] (compute-fbank-feats[5.5.166~1-013489]:main():compute-fbank-feats.cc:170) Processed features for key DC_9B
VLOG[2] (compute-fbank-feats[5.5.166~1-013489]:main():compute-fbank-feats.cc:170) Processed features for key DC_9O14A
VLOG[2] (compute-fbank-feats[5.5.166~1-013489]:main():compute-fbank-feats.cc:170) Processed features for key DC_O26A
VLOG[2] (compute-fbank-feats[5.5.166~1-013489]:main():compute-fbank-feats.cc:170) Processed features for key DC_O37OA
LOG (compute-fbank-feats[5.5.166~1-013489]:main():compute-fbank-feats.cc:169) Processed 450 utterances
VLOG[2] (compute-fbank-feats[5.5.166~1-013489]:main():compute-fbank-feats.cc:170) Processed features for key DC_O859792A
VLOG[2] (compute-fbank-feats[5.5.166~1-013489]:main():compute-fbank-feats.cc:170) Processed features for key DC_O9A
VLOG[2] (compute-fbank-feats[5.5.166~1-013489]:main():compute-fbank-feats.cc:170) Processed features for key DC_OA
VLOG[2] (compute-fbank-feats[5.5.166~1-013489]:main():compute-fbank-feats.cc:170) Processed features for key DC_OB
VLOG[2] (compute-fbank-feats[5.5.166~1-013489]:main():compute-fbank-feats.cc:170) Processed features for key DC_OOA
VLOG[2] (compute-fbank-feats[5.5.166~1-013489]:main():compute-fbank-feats.cc:170) Processed features for key DC_Z2581A
VLOG[2] (compute-fbank-feats[5.5.166~1-013489]:main():compute-fbank-feats.cc:170) Processed features for key DC_Z3A
VLOG[2] (compute-fbank-feats[5.5.166~1-013489]:main():compute-fbank-feats.cc:170) Processed features for key DC_Z4A
VLOG[2] (compute-fbank-feats[5.5.166~1-013489]:main():compute-fbank-feats.cc:170) Processed features for key DC_Z5ZZZA
VLOG[2] (compute-fbank-feats[5.5.166~1-013489]:main():compute-fbank-feats.cc:170) Processed features for key DC_Z69ZZ93A
LOG (compute-fbank-feats[5.5.166~1-013489]:main():compute-fbank-feats.cc:169) Processed 460 utterances
VLOG[2] (compute-fbank-feats[5.5.166~1-013489]:main():compute-fbank-feats.cc:170) Processed features for key DC_ZA
VLOG[2] (compute-fbank-feats[5.5.166~1-013489]:main():compute-fbank-feats.cc:170) Processed features for key DC_ZB
VLOG[2] (compute-fbank-feats[5.5.166~1-013489]:main():compute-fbank-feats.cc:170) Processed features for key DG_1178432A
VLOG[2] (compute-fbank-feats[5.5.166~1-013489]:main():compute-fbank-feats.cc:170) Processed features for key DG_181Z6A
VLOG[2] (compute-fbank-feats[5.5.166~1-013489]:main():compute-fbank-feats.cc:170) Processed features for key DG_1889538A
VLOG[2] (compute-fbank-feats[5.5.166~1-013489]:main():compute-fbank-feats.cc:170) Processed features for key DG_19A
VLOG[2] (compute-fbank-feats[5.5.166~1-013489]:main():compute-fbank-feats.cc:170) Processed features for key DG_1A
VLOG[2] (compute-fbank-feats[5.5.166~1-013489]:main():compute-fbank-feats.cc:170) Processed features for key DG_1B
VLOG[2] (compute-fbank-feats[5.5.166~1-013489]:main():compute-fbank-feats.cc:170) Processed features for key DG_1OA
VLOG[2] (compute-fbank-feats[5.5.166~1-013489]:main():compute-fbank-feats.cc:170) Processed features for key DG_23Z2429A
LOG (compute-fbank-feats[5.5.166~1-013489]:main():compute-fbank-feats.cc:169) Processed 470 utterances
VLOG[2] (compute-fbank-feats[5.5.166~1-013489]:main():compute-fbank-feats.cc:170) Processed features for key DG_267A
VLOG[2] (compute-fbank-feats[5.5.166~1-013489]:main():compute-fbank-feats.cc:170) Processed features for key DG_29A
VLOG[2] (compute-fbank-feats[5.5.166~1-013489]:main():compute-fbank-feats.cc:170) Processed features for key DG_2A
VLOG[2] (compute-fbank-feats[5.5.166~1-013489]:main():compute-fbank-feats.cc:170) Processed features for key DG_2B
VLOG[2] (compute-fbank-feats[5.5.166~1-013489]:main():compute-fbank-feats.cc:170) Processed features for key DG_2O483O4A
VLOG[2] (compute-fbank-feats[5.5.166~1-013489]:main():compute-fbank-feats.cc:170) Processed features for key DG_2Z71A
VLOG[2] (compute-fbank-feats[5.5.166~1-013489]:main():compute-fbank-feats.cc:170) Processed features for key DG_34377A
VLOG[2] (compute-fbank-feats[5.5.166~1-013489]:main():compute-fbank-feats.cc:170) Processed features for key DG_34A
VLOG[2] (compute-fbank-feats[5.5.166~1-013489]:main():compute-fbank-feats.cc:170) Processed features for key DG_3567A
VLOG[2] (compute-fbank-feats[5.5.166~1-013489]:main():compute-fbank-feats.cc:170) Processed features for key DG_393A
LOG (compute-fbank-feats[5.5.166~1-013489]:main():compute-fbank-feats.cc:169) Processed 480 utterances
VLOG[2] (compute-fbank-feats[5.5.166~1-013489]:main():compute-fbank-feats.cc:170) Processed features for key DG_3A
VLOG[2] (compute-fbank-feats[5.5.166~1-013489]:main():compute-fbank-feats.cc:170) Processed features for key DG_3B
VLOG[2] (compute-fbank-feats[5.5.166~1-013489]:main():compute-fbank-feats.cc:170) Processed features for key DG_3ZZ7Z19A
VLOG[2] (compute-fbank-feats[5.5.166~1-013489]:main():compute-fbank-feats.cc:170) Processed features for key DG_4132A
VLOG[2] (compute-fbank-feats[5.5.166~1-013489]:main():compute-fbank-feats.cc:170) Processed features for key DG_4268OO9A
VLOG[2] (compute-fbank-feats[5.5.166~1-013489]:main():compute-fbank-feats.cc:170) Processed features for key DG_459ZA
VLOG[2] (compute-fbank-feats[5.5.166~1-013489]:main():compute-fbank-feats.cc:170) Processed features for key DG_472A
VLOG[2] (compute-fbank-feats[5.5.166~1-013489]:main():compute-fbank-feats.cc:170) Processed features for key DG_498A
VLOG[2] (compute-fbank-feats[5.5.166~1-013489]:main():compute-fbank-feats.cc:170) Processed features for key DG_4A
VLOG[2] (compute-fbank-feats[5.5.166~1-013489]:main():compute-fbank-feats.cc:170) Processed features for key DG_4B
LOG (compute-fbank-feats[5.5.166~1-013489]:main():compute-fbank-feats.cc:169) Processed 490 utterances
VLOG[2] (compute-fbank-feats[5.5.166~1-013489]:main():compute-fbank-feats.cc:170) Processed features for key DG_5163355A
VLOG[2] (compute-fbank-feats[5.5.166~1-013489]:main():compute-fbank-feats.cc:170) Processed features for key DG_5278A
VLOG[2] (compute-fbank-feats[5.5.166~1-013489]:main():compute-fbank-feats.cc:170) Processed features for key DG_54O15A
VLOG[2] (compute-fbank-feats[5.5.166~1-013489]:main():compute-fbank-feats.cc:170) Processed features for key DG_5575O39A
VLOG[2] (compute-fbank-feats[5.5.166~1-013489]:main():compute-fbank-feats.cc:170) Processed features for key DG_5857A
VLOG[2] (compute-fbank-feats[5.5.166~1-013489]:main():compute-fbank-feats.cc:170) Processed features for key DG_5A
VLOG[2] (compute-fbank-feats[5.5.166~1-013489]:main():compute-fbank-feats.cc:170) Processed features for key DG_5B
VLOG[2] (compute-fbank-feats[5.5.166~1-013489]:main():compute-fbank-feats.cc:170) Processed features for key DG_61486A
VLOG[2] (compute-fbank-feats[5.5.166~1-013489]:main():compute-fbank-feats.cc:170) Processed features for key DG_66ZA
VLOG[2] (compute-fbank-feats[5.5.166~1-013489]:main():compute-fbank-feats.cc:170) Processed features for key DG_6925A
LOG (compute-fbank-feats[5.5.166~1-013489]:main():compute-fbank-feats.cc:169) Processed 500 utterances
VLOG[2] (compute-fbank-feats[5.5.166~1-013489]:main():compute-fbank-feats.cc:170) Processed features for key DG_6A
VLOG[2] (compute-fbank-feats[5.5.166~1-013489]:main():compute-fbank-feats.cc:170) Processed features for key DG_6B
VLOG[2] (compute-fbank-feats[5.5.166~1-013489]:main():compute-fbank-feats.cc:170) Processed features for key DG_6OA
VLOG[2] (compute-fbank-feats[5.5.166~1-013489]:main():compute-fbank-feats.cc:170) Processed features for key DG_6ZA
VLOG[2] (compute-fbank-feats[5.5.166~1-013489]:main():compute-fbank-feats.cc:170) Processed features for key DG_711A
VLOG[2] (compute-fbank-feats[5.5.166~1-013489]:main():compute-fbank-feats.cc:170) Processed features for key DG_74OA
VLOG[2] (compute-fbank-feats[5.5.166~1-013489]:main():compute-fbank-feats.cc:170) Processed features for key DG_751A
VLOG[2] (compute-fbank-feats[5.5.166~1-013489]:main():compute-fbank-feats.cc:170) Processed features for key DG_762O8A
VLOG[2] (compute-fbank-feats[5.5.166~1-013489]:main():compute-fbank-feats.cc:170) Processed features for key DG_7936A
VLOG[2] (compute-fbank-feats[5.5.166~1-013489]:main():compute-fbank-feats.cc:170) Processed features for key DG_7A
LOG (compute-fbank-feats[5.5.166~1-013489]:main():compute-fbank-feats.cc:169) Processed 510 utterances
VLOG[2] (compute-fbank-feats[5.5.166~1-013489]:main():compute-fbank-feats.cc:170) Processed features for key DG_7B
VLOG[2] (compute-fbank-feats[5.5.166~1-013489]:main():compute-fbank-feats.cc:170) Processed features for key DG_82858A
VLOG[2] (compute-fbank-feats[5.5.166~1-013489]:main():compute-fbank-feats.cc:170) Processed features for key DG_862441ZA
VLOG[2] (compute-fbank-feats[5.5.166~1-013489]:main():compute-fbank-feats.cc:170) Processed features for key DG_8763A
VLOG[2] (compute-fbank-feats[5.5.166~1-013489]:main():compute-fbank-feats.cc:170) Processed features for key DG_8A
VLOG[2] (compute-fbank-feats[5.5.166~1-013489]:main():compute-fbank-feats.cc:170) Processed features for key DG_8B
VLOG[2] (compute-fbank-feats[5.5.166~1-013489]:main():compute-fbank-feats.cc:170) Processed features for key DG_8OO12A
VLOG[2] (compute-fbank-feats[5.5.166~1-013489]:main():compute-fbank-feats.cc:170) Processed features for key DG_8ZA
VLOG[2] (compute-fbank-feats[5.5.166~1-013489]:main():compute-fbank-feats.cc:170) Processed features for key DG_91A
VLOG[2] (compute-fbank-feats[5.5.166~1-013489]:main():compute-fbank-feats.cc:170) Processed features for key DG_946A
LOG (compute-fbank-feats[5.5.166~1-013489]:main():compute-fbank-feats.cc:169) Processed 520 utterances
VLOG[2] (compute-fbank-feats[5.5.166~1-013489]:main():compute-fbank-feats.cc:170) Processed features for key DG_99A
VLOG[2] (compute-fbank-feats[5.5.166~1-013489]:main():compute-fbank-feats.cc:170) Processed features for key DG_9A
VLOG[2] (compute-fbank-feats[5.5.166~1-013489]:main():compute-fbank-feats.cc:170) Processed features for key DG_9B
VLOG[2] (compute-fbank-feats[5.5.166~1-013489]:main():compute-fbank-feats.cc:170) Processed features for key DG_9O549A
VLOG[2] (compute-fbank-feats[5.5.166~1-013489]:main():compute-fbank-feats.cc:170) Processed features for key DG_9OA
VLOG[2] (compute-fbank-feats[5.5.166~1-013489]:main():compute-fbank-feats.cc:170) Processed features for key DG_O65A
VLOG[2] (compute-fbank-feats[5.5.166~1-013489]:main():compute-fbank-feats.cc:170) Processed features for key DG_O74O9A
VLOG[2] (compute-fbank-feats[5.5.166~1-013489]:main():compute-fbank-feats.cc:170) Processed features for key DG_O813A
VLOG[2] (compute-fbank-feats[5.5.166~1-013489]:main():compute-fbank-feats.cc:170) Processed features for key DG_OA
VLOG[2] (compute-fbank-feats[5.5.166~1-013489]:main():compute-fbank-feats.cc:170) Processed features for key DG_OB
LOG (compute-fbank-feats[5.5.166~1-013489]:main():compute-fbank-feats.cc:169) Processed 530 utterances
VLOG[2] (compute-fbank-feats[5.5.166~1-013489]:main():compute-fbank-feats.cc:170) Processed features for key DG_OO27O2OA
VLOG[2] (compute-fbank-feats[5.5.166~1-013489]:main():compute-fbank-feats.cc:170) Processed features for key DG_OO73A
VLOG[2] (compute-fbank-feats[5.5.166~1-013489]:main():compute-fbank-feats.cc:170) Processed features for key DG_Z216ZA
VLOG[2] (compute-fbank-feats[5.5.166~1-013489]:main():compute-fbank-feats.cc:170) Processed features for key DG_Z4528A
VLOG[2] (compute-fbank-feats[5.5.166~1-013489]:main():compute-fbank-feats.cc:170) Processed features for key DG_Z5A
VLOG[2] (compute-fbank-feats[5.5.166~1-013489]:main():compute-fbank-feats.cc:170) Processed features for key DG_Z5ZA
VLOG[2] (compute-fbank-feats[5.5.166~1-013489]:main():compute-fbank-feats.cc:170) Processed features for key DG_Z614773A
VLOG[2] (compute-fbank-feats[5.5.166~1-013489]:main():compute-fbank-feats.cc:170) Processed features for key DG_ZA
VLOG[2] (compute-fbank-feats[5.5.166~1-013489]:main():compute-fbank-feats.cc:170) Processed features for key DG_ZB
VLOG[2] (compute-fbank-feats[5.5.166~1-013489]:main():compute-fbank-feats.cc:170) Processed features for key DL_113A
LOG (compute-fbank-feats[5.5.166~1-013489]:main():compute-fbank-feats.cc:173)  Done 539 out of 539 utterances.
LOG (copy-feats[5.5.166~1-013489]:main():copy-feats.cc:143) Copied 539 feature matrices.
# Accounting: time=6 threads=1
# Ended (code 0) at Thu Dec  5 01:03:11 CST 2019, elapsed time 6 seconds
