# gunzip -c exp/tri1/decode/depth_stats_tmp.*.gz | steps/diagnostic/analyze_lattice_depth_stats.py exp/tri1/graph 
# Started at Thu Dec  5 01:05:38 CST 2019
#
The total amount of data analyzed assuming 100 frames per second is 4.2 hours
Overall, lattice depth (10,50,90-percentile)=(1,1,1) and mean=1.1
Nonsilence phones as a group account for 68.4% of frames, with lattice depth (10,50,90-percentile)=(1,1,1) and mean=1.1
Phone sil accounts for 31.6% of frames, with lattice depth (10,50,90-percentile)=(1,1,1) and mean=1.1
Phone ay accounts for 6.7% of frames, with lattice depth (10,50,90-percentile)=(1,1,1) and mean=1.1
Phone ow accounts for 5.8% of frames, with lattice depth (10,50,90-percentile)=(1,1,2) and mean=1.3
Phone n accounts for 5.8% of frames, with lattice depth (10,50,90-percentile)=(1,1,1) and mean=1.1
Phone s accounts for 5.2% of frames, with lattice depth (10,50,90-percentile)=(1,1,1) and mean=1.1
Phone r accounts for 5.0% of frames, with lattice depth (10,50,90-percentile)=(1,1,1) and mean=1.1
Phone iy accounts for 4.3% of frames, with lattice depth (10,50,90-percentile)=(1,1,1) and mean=1.0
Phone f accounts for 3.9% of frames, with lattice depth (10,50,90-percentile)=(1,1,1) and mean=1.1
Phone v accounts for 3.9% of frames, with lattice depth (10,50,90-percentile)=(1,1,1) and mean=1.0
Phone t accounts for 3.5% of frames, with lattice depth (10,50,90-percentile)=(1,1,1) and mean=1.1
Phone uw accounts for 3.4% of frames, with lattice depth (10,50,90-percentile)=(1,1,1) and mean=1.1
Phone ey accounts for 3.1% of frames, with lattice depth (10,50,90-percentile)=(1,1,1) and mean=1.1
Phone w accounts for 2.9% of frames, with lattice depth (10,50,90-percentile)=(1,1,1) and mean=1.1
Phone ao accounts for 2.5% of frames, with lattice depth (10,50,90-percentile)=(1,1,1) and mean=1.1
Phone ah accounts for 2.3% of frames, with lattice depth (10,50,90-percentile)=(1,1,1) and mean=1.1
Phone z accounts for 2.3% of frames, with lattice depth (10,50,90-percentile)=(1,1,1) and mean=1.0
Phone k accounts for 2.2% of frames, with lattice depth (10,50,90-percentile)=(1,1,1) and mean=1.0
Phone th accounts for 1.9% of frames, with lattice depth (10,50,90-percentile)=(1,1,1) and mean=1.1
Phone ih accounts for 1.8% of frames, with lattice depth (10,50,90-percentile)=(1,1,1) and mean=1.0
Phone eh accounts for 1.8% of frames, with lattice depth (10,50,90-percentile)=(1,1,1) and mean=1.0
# Accounting: time=0 threads=1
# Ended (code 0) at Thu Dec  5 01:05:38 CST 2019, elapsed time 0 seconds
