# align-equal-compiled "ark:gunzip -c exp/mono0a/fsts.21.gz|" "ark,s,cs:apply-cmvn  --utt2spk=ark:data/train/split32/21/utt2spk scp:data/train/split32/21/cmvn.scp scp:data/train/split32/21/feats.scp ark:- | add-deltas  ark:- ark:- |" ark,t:- | gmm-acc-stats-ali --binary=true exp/mono0a/0.mdl "ark,s,cs:apply-cmvn  --utt2spk=ark:data/train/split32/21/utt2spk scp:data/train/split32/21/cmvn.scp scp:data/train/split32/21/feats.scp ark:- | add-deltas  ark:- ark:- |" ark:- exp/mono0a/0.21.acc 
# Started at Thu Dec  5 14:22:11 CST 2019
#
align-equal-compiled 'ark:gunzip -c exp/mono0a/fsts.21.gz|' 'ark,s,cs:apply-cmvn  --utt2spk=ark:data/train/split32/21/utt2spk scp:data/train/split32/21/cmvn.scp scp:data/train/split32/21/feats.scp ark:- | add-deltas  ark:- ark:- |' ark,t:- 
gmm-acc-stats-ali --binary=true exp/mono0a/0.mdl 'ark,s,cs:apply-cmvn  --utt2spk=ark:data/train/split32/21/utt2spk scp:data/train/split32/21/cmvn.scp scp:data/train/split32/21/feats.scp ark:- | add-deltas  ark:- ark:- |' ark:- exp/mono0a/0.21.acc 
apply-cmvn --utt2spk=ark:data/train/split32/21/utt2spk scp:data/train/split32/21/cmvn.scp scp:data/train/split32/21/feats.scp ark:- 
add-deltas ark:- ark:- 
add-deltas ark:- ark:- 
apply-cmvn --utt2spk=ark:data/train/split32/21/utt2spk scp:data/train/split32/21/cmvn.scp scp:data/train/split32/21/feats.scp ark:- 
LOG (gmm-acc-stats-ali[5.5.166~1-013489]:main():gmm-acc-stats-ali.cc:105) Processed 50 utterances; for utterance KP_82A avg. like is -104.585 over 131 frames.
LOG (gmm-acc-stats-ali[5.5.166~1-013489]:main():gmm-acc-stats-ali.cc:105) Processed 100 utterances; for utterance KR_4264833A avg. like is -118.838 over 322 frames.
LOG (gmm-acc-stats-ali[5.5.166~1-013489]:main():gmm-acc-stats-ali.cc:105) Processed 150 utterances; for utterance KR_Z88A avg. like is -112.591 over 202 frames.
LOG (apply-cmvn[5.5.166~1-013489]:main():apply-cmvn.cc:162) Applied cepstral mean normalization to 308 utterances, errors on 0
LOG (align-equal-compiled[5.5.166~1-013489]:main():align-equal-compiled.cc:107) Success: done 308 utterances.
LOG (gmm-acc-stats-ali[5.5.166~1-013489]:main():gmm-acc-stats-ali.cc:105) Processed 200 utterances; for utterance KT_781516ZA avg. like is -105.815 over 306 frames.
LOG (gmm-acc-stats-ali[5.5.166~1-013489]:main():gmm-acc-stats-ali.cc:105) Processed 250 utterances; for utterance LA_3494ZA avg. like is -110.151 over 240 frames.
LOG (apply-cmvn[5.5.166~1-013489]:main():apply-cmvn.cc:162) Applied cepstral mean normalization to 308 utterances, errors on 0
LOG (gmm-acc-stats-ali[5.5.166~1-013489]:main():gmm-acc-stats-ali.cc:105) Processed 300 utterances; for utterance LA_OA avg. like is -103.333 over 79 frames.
LOG (gmm-acc-stats-ali[5.5.166~1-013489]:main():gmm-acc-stats-ali.cc:112) Done 308 files, 0 with errors.
LOG (gmm-acc-stats-ali[5.5.166~1-013489]:main():gmm-acc-stats-ali.cc:115) Overall avg like per frame (Gaussian only) = -108.287 over 56570 frames.
LOG (gmm-acc-stats-ali[5.5.166~1-013489]:main():gmm-acc-stats-ali.cc:123) Written accs.
# Accounting: time=1 threads=1
# Ended (code 0) at Thu Dec  5 14:22:12 CST 2019, elapsed time 1 seconds
