# align-equal-compiled "ark:gunzip -c exp/mono0a/fsts.30.gz|" "ark,s,cs:apply-cmvn  --utt2spk=ark:data/train/split32/30/utt2spk scp:data/train/split32/30/cmvn.scp scp:data/train/split32/30/feats.scp ark:- | add-deltas  ark:- ark:- |" ark,t:- | gmm-acc-stats-ali --binary=true exp/mono0a/0.mdl "ark,s,cs:apply-cmvn  --utt2spk=ark:data/train/split32/30/utt2spk scp:data/train/split32/30/cmvn.scp scp:data/train/split32/30/feats.scp ark:- | add-deltas  ark:- ark:- |" ark:- exp/mono0a/0.30.acc 
# Started at Thu Dec  5 14:22:11 CST 2019
#
align-equal-compiled 'ark:gunzip -c exp/mono0a/fsts.30.gz|' 'ark,s,cs:apply-cmvn  --utt2spk=ark:data/train/split32/30/utt2spk scp:data/train/split32/30/cmvn.scp scp:data/train/split32/30/feats.scp ark:- | add-deltas  ark:- ark:- |' ark,t:- 
gmm-acc-stats-ali --binary=true exp/mono0a/0.mdl 'ark,s,cs:apply-cmvn  --utt2spk=ark:data/train/split32/30/utt2spk scp:data/train/split32/30/cmvn.scp scp:data/train/split32/30/feats.scp ark:- | add-deltas  ark:- ark:- |' ark:- exp/mono0a/0.30.acc 
apply-cmvn --utt2spk=ark:data/train/split32/30/utt2spk scp:data/train/split32/30/cmvn.scp scp:data/train/split32/30/feats.scp ark:- 
add-deltas ark:- ark:- 
add-deltas ark:- ark:- 
apply-cmvn --utt2spk=ark:data/train/split32/30/utt2spk scp:data/train/split32/30/cmvn.scp scp:data/train/split32/30/feats.scp ark:- 
LOG (gmm-acc-stats-ali[5.5.166~1-013489]:main():gmm-acc-stats-ali.cc:105) Processed 50 utterances; for utterance RD_8371A avg. like is -110.374 over 172 frames.
LOG (gmm-acc-stats-ali[5.5.166~1-013489]:main():gmm-acc-stats-ali.cc:105) Processed 100 utterances; for utterance RE_4278A avg. like is -109.167 over 202 frames.
LOG (gmm-acc-stats-ali[5.5.166~1-013489]:main():gmm-acc-stats-ali.cc:105) Processed 150 utterances; for utterance RE_Z44A avg. like is -108.408 over 185 frames.
LOG (apply-cmvn[5.5.166~1-013489]:main():apply-cmvn.cc:162) Applied cepstral mean normalization to 231 utterances, errors on 0
LOG (align-equal-compiled[5.5.166~1-013489]:main():align-equal-compiled.cc:107) Success: done 231 utterances.
LOG (gmm-acc-stats-ali[5.5.166~1-013489]:main():gmm-acc-stats-ali.cc:105) Processed 200 utterances; for utterance RF_776479ZA avg. like is -109.057 over 365 frames.
LOG (apply-cmvn[5.5.166~1-013489]:main():apply-cmvn.cc:162) Applied cepstral mean normalization to 231 utterances, errors on 0
LOG (gmm-acc-stats-ali[5.5.166~1-013489]:main():gmm-acc-stats-ali.cc:112) Done 231 files, 0 with errors.
LOG (gmm-acc-stats-ali[5.5.166~1-013489]:main():gmm-acc-stats-ali.cc:115) Overall avg like per frame (Gaussian only) = -107.54 over 41996 frames.
LOG (gmm-acc-stats-ali[5.5.166~1-013489]:main():gmm-acc-stats-ali.cc:123) Written accs.
# Accounting: time=1 threads=1
# Ended (code 0) at Thu Dec  5 14:22:12 CST 2019, elapsed time 1 seconds
