# align-equal-compiled "ark:gunzip -c exp/mono0a/fsts.19.gz|" "ark,s,cs:apply-cmvn  --utt2spk=ark:data/train/split32/19/utt2spk scp:data/train/split32/19/cmvn.scp scp:data/train/split32/19/feats.scp ark:- | add-deltas  ark:- ark:- |" ark,t:- | gmm-acc-stats-ali --binary=true exp/mono0a/0.mdl "ark,s,cs:apply-cmvn  --utt2spk=ark:data/train/split32/19/utt2spk scp:data/train/split32/19/cmvn.scp scp:data/train/split32/19/feats.scp ark:- | add-deltas  ark:- ark:- |" ark:- exp/mono0a/0.19.acc 
# Started at Thu Dec  5 14:22:11 CST 2019
#
align-equal-compiled 'ark:gunzip -c exp/mono0a/fsts.19.gz|' 'ark,s,cs:apply-cmvn  --utt2spk=ark:data/train/split32/19/utt2spk scp:data/train/split32/19/cmvn.scp scp:data/train/split32/19/feats.scp ark:- | add-deltas  ark:- ark:- |' ark,t:- 
gmm-acc-stats-ali --binary=true exp/mono0a/0.mdl 'ark,s,cs:apply-cmvn  --utt2spk=ark:data/train/split32/19/utt2spk scp:data/train/split32/19/cmvn.scp scp:data/train/split32/19/feats.scp ark:- | add-deltas  ark:- ark:- |' ark:- exp/mono0a/0.19.acc 
apply-cmvn --utt2spk=ark:data/train/split32/19/utt2spk scp:data/train/split32/19/cmvn.scp scp:data/train/split32/19/feats.scp ark:- 
apply-cmvn --utt2spk=ark:data/train/split32/19/utt2spk scp:data/train/split32/19/cmvn.scp scp:data/train/split32/19/feats.scp ark:- 
add-deltas ark:- ark:- 
add-deltas ark:- ark:- 
LOG (gmm-acc-stats-ali[5.5.166~1-013489]:main():gmm-acc-stats-ali.cc:105) Processed 50 utterances; for utterance JT_84Z3122A avg. like is -115.112 over 268 frames.
LOG (gmm-acc-stats-ali[5.5.166~1-013489]:main():gmm-acc-stats-ali.cc:105) Processed 100 utterances; for utterance KC_43183A avg. like is -108.074 over 360 frames.
LOG (gmm-acc-stats-ali[5.5.166~1-013489]:main():gmm-acc-stats-ali.cc:105) Processed 150 utterances; for utterance KC_Z6Z1A avg. like is -109.067 over 241 frames.
LOG (apply-cmvn[5.5.166~1-013489]:main():apply-cmvn.cc:162) Applied cepstral mean normalization to 308 utterances, errors on 0
LOG (align-equal-compiled[5.5.166~1-013489]:main():align-equal-compiled.cc:107) Success: done 308 utterances.
LOG (gmm-acc-stats-ali[5.5.166~1-013489]:main():gmm-acc-stats-ali.cc:105) Processed 200 utterances; for utterance KD_78143A avg. like is -109.87 over 262 frames.
LOG (gmm-acc-stats-ali[5.5.166~1-013489]:main():gmm-acc-stats-ali.cc:105) Processed 250 utterances; for utterance KF_3A avg. like is -107.837 over 104 frames.
LOG (apply-cmvn[5.5.166~1-013489]:main():apply-cmvn.cc:162) Applied cepstral mean normalization to 308 utterances, errors on 0
LOG (gmm-acc-stats-ali[5.5.166~1-013489]:main():gmm-acc-stats-ali.cc:105) Processed 300 utterances; for utterance KF_OA avg. like is -104.054 over 89 frames.
LOG (gmm-acc-stats-ali[5.5.166~1-013489]:main():gmm-acc-stats-ali.cc:112) Done 308 files, 0 with errors.
LOG (gmm-acc-stats-ali[5.5.166~1-013489]:main():gmm-acc-stats-ali.cc:115) Overall avg like per frame (Gaussian only) = -108.514 over 57964 frames.
LOG (gmm-acc-stats-ali[5.5.166~1-013489]:main():gmm-acc-stats-ali.cc:123) Written accs.
# Accounting: time=1 threads=1
# Ended (code 0) at Thu Dec  5 14:22:12 CST 2019, elapsed time 1 seconds
