# gmm-acc-stats-ali exp/tri1/24.mdl "ark,s,cs:apply-cmvn  --utt2spk=ark:data/train/split16/4/utt2spk scp:data/train/split16/4/cmvn.scp scp:data/train/split16/4/feats.scp ark:- | add-deltas  ark:- ark:- |" "ark,s,cs:gunzip -c exp/tri1/ali.4.gz|" exp/tri1/24.4.acc 
# Started at Thu Dec  5 14:23:54 CST 2019
#
gmm-acc-stats-ali exp/tri1/24.mdl 'ark,s,cs:apply-cmvn  --utt2spk=ark:data/train/split16/4/utt2spk scp:data/train/split16/4/cmvn.scp scp:data/train/split16/4/feats.scp ark:- | add-deltas  ark:- ark:- |' 'ark,s,cs:gunzip -c exp/tri1/ali.4.gz|' exp/tri1/24.4.acc 
add-deltas ark:- ark:- 
apply-cmvn --utt2spk=ark:data/train/split16/4/utt2spk scp:data/train/split16/4/cmvn.scp scp:data/train/split16/4/feats.scp ark:- 
LOG (gmm-acc-stats-ali[5.5.166~1-013489]:main():gmm-acc-stats-ali.cc:105) Processed 50 utterances; for utterance DL_84A avg. like is -79.8674 over 114 frames.
LOG (gmm-acc-stats-ali[5.5.166~1-013489]:main():gmm-acc-stats-ali.cc:105) Processed 100 utterances; for utterance DN_453Z533A avg. like is -84.1709 over 400 frames.
LOG (gmm-acc-stats-ali[5.5.166~1-013489]:main():gmm-acc-stats-ali.cc:105) Processed 150 utterances; for utterance DN_Z83A avg. like is -84.5885 over 198 frames.
LOG (gmm-acc-stats-ali[5.5.166~1-013489]:main():gmm-acc-stats-ali.cc:105) Processed 200 utterances; for utterance EA_79O33A avg. like is -85.3413 over 195 frames.
LOG (gmm-acc-stats-ali[5.5.166~1-013489]:main():gmm-acc-stats-ali.cc:105) Processed 250 utterances; for utterance EC_3A avg. like is -83.0274 over 81 frames.
LOG (gmm-acc-stats-ali[5.5.166~1-013489]:main():gmm-acc-stats-ali.cc:105) Processed 300 utterances; for utterance EC_OB avg. like is -89.0992 over 84 frames.
LOG (gmm-acc-stats-ali[5.5.166~1-013489]:main():gmm-acc-stats-ali.cc:105) Processed 350 utterances; for utterance EE_6ZZZ982A avg. like is -90.5881 over 312 frames.
LOG (gmm-acc-stats-ali[5.5.166~1-013489]:main():gmm-acc-stats-ali.cc:105) Processed 400 utterances; for utterance EG_319A avg. like is -81.8029 over 117 frames.
LOG (gmm-acc-stats-ali[5.5.166~1-013489]:main():gmm-acc-stats-ali.cc:105) Processed 450 utterances; for utterance EG_O334913A avg. like is -86.1879 over 255 frames.
LOG (gmm-acc-stats-ali[5.5.166~1-013489]:main():gmm-acc-stats-ali.cc:105) Processed 500 utterances; for utterance EH_6A avg. like is -86.4995 over 130 frames.
LOG (apply-cmvn[5.5.166~1-013489]:main():apply-cmvn.cc:162) Applied cepstral mean normalization to 539 utterances, errors on 0
LOG (gmm-acc-stats-ali[5.5.166~1-013489]:main():gmm-acc-stats-ali.cc:112) Done 539 files, 0 with errors.
LOG (gmm-acc-stats-ali[5.5.166~1-013489]:main():gmm-acc-stats-ali.cc:115) Overall avg like per frame (Gaussian only) = -84.8088 over 89766 frames.
LOG (gmm-acc-stats-ali[5.5.166~1-013489]:main():gmm-acc-stats-ali.cc:123) Written accs.
# Accounting: time=1 threads=1
# Ended (code 0) at Thu Dec  5 14:23:55 CST 2019, elapsed time 1 seconds
