# gmm-acc-stats-ali exp/tri1/22.mdl "ark,s,cs:apply-cmvn  --utt2spk=ark:data/train/split4/1/utt2spk scp:data/train/split4/1/cmvn.scp scp:data/train/split4/1/feats.scp ark:- | add-deltas  ark:- ark:- |" "ark,s,cs:gunzip -c exp/tri1/ali.1.gz|" exp/tri1/22.1.acc 
# Started at Sun Dec  1 23:52:51 CST 2019
#
gmm-acc-stats-ali exp/tri1/22.mdl 'ark,s,cs:apply-cmvn  --utt2spk=ark:data/train/split4/1/utt2spk scp:data/train/split4/1/cmvn.scp scp:data/train/split4/1/feats.scp ark:- | add-deltas  ark:- ark:- |' 'ark,s,cs:gunzip -c exp/tri1/ali.1.gz|' exp/tri1/22.1.acc 
apply-cmvn --utt2spk=ark:data/train/split4/1/utt2spk scp:data/train/split4/1/cmvn.scp scp:data/train/split4/1/feats.scp ark:- 
add-deltas ark:- ark:- 
LOG (gmm-acc-stats-ali[5.5.166~1-013489]:main():gmm-acc-stats-ali.cc:105) Processed 50 utterances; for utterance AC_81A avg. like is -83.0583 over 109 frames.
LOG (gmm-acc-stats-ali[5.5.166~1-013489]:main():gmm-acc-stats-ali.cc:105) Processed 100 utterances; for utterance AE_47A avg. like is -89.7233 over 120 frames.
LOG (gmm-acc-stats-ali[5.5.166~1-013489]:main():gmm-acc-stats-ali.cc:105) Processed 150 utterances; for utterance AE_Z36357ZA avg. like is -95.766 over 309 frames.
LOG (gmm-acc-stats-ali[5.5.166~1-013489]:main():gmm-acc-stats-ali.cc:105) Processed 200 utterances; for utterance AG_779A avg. like is -84.9164 over 161 frames.
LOG (gmm-acc-stats-ali[5.5.166~1-013489]:main():gmm-acc-stats-ali.cc:105) Processed 250 utterances; for utterance AI_3A avg. like is -85.5195 over 81 frames.
LOG (gmm-acc-stats-ali[5.5.166~1-013489]:main():gmm-acc-stats-ali.cc:105) Processed 300 utterances; for utterance AI_OOA avg. like is -84.4898 over 111 frames.
LOG (gmm-acc-stats-ali[5.5.166~1-013489]:main():gmm-acc-stats-ali.cc:105) Processed 350 utterances; for utterance AJ_73A avg. like is -89.2786 over 100 frames.
LOG (gmm-acc-stats-ali[5.5.166~1-013489]:main():gmm-acc-stats-ali.cc:105) Processed 400 utterances; for utterance AL_3396A avg. like is -91.5366 over 266 frames.
LOG (gmm-acc-stats-ali[5.5.166~1-013489]:main():gmm-acc-stats-ali.cc:105) Processed 450 utterances; for utterance AL_O88OA avg. like is -96.2384 over 218 frames.
LOG (gmm-acc-stats-ali[5.5.166~1-013489]:main():gmm-acc-stats-ali.cc:105) Processed 500 utterances; for utterance AN_66A avg. like is -88.1263 over 154 frames.
LOG (gmm-acc-stats-ali[5.5.166~1-013489]:main():gmm-acc-stats-ali.cc:105) Processed 550 utterances; for utterance AW_2B avg. like is -87.1494 over 90 frames.
LOG (gmm-acc-stats-ali[5.5.166~1-013489]:main():gmm-acc-stats-ali.cc:105) Processed 600 utterances; for utterance AW_9B avg. like is -90.5499 over 106 frames.
LOG (gmm-acc-stats-ali[5.5.166~1-013489]:main():gmm-acc-stats-ali.cc:105) Processed 650 utterances; for utterance BD_5Z68A avg. like is -88.623 over 190 frames.
LOG (gmm-acc-stats-ali[5.5.166~1-013489]:main():gmm-acc-stats-ali.cc:105) Processed 700 utterances; for utterance BH_21617Z8A avg. like is -89.2554 over 291 frames.
LOG (gmm-acc-stats-ali[5.5.166~1-013489]:main():gmm-acc-stats-ali.cc:105) Processed 750 utterances; for utterance BH_94A avg. like is -85.7301 over 132 frames.
LOG (gmm-acc-stats-ali[5.5.166~1-013489]:main():gmm-acc-stats-ali.cc:105) Processed 800 utterances; for utterance BI_58OA avg. like is -86.6906 over 121 frames.
LOG (gmm-acc-stats-ali[5.5.166~1-013489]:main():gmm-acc-stats-ali.cc:105) Processed 850 utterances; for utterance BR_1849965A avg. like is -89.7336 over 420 frames.
LOG (gmm-acc-stats-ali[5.5.166~1-013489]:main():gmm-acc-stats-ali.cc:105) Processed 900 utterances; for utterance BR_8B avg. like is -83.6206 over 117 frames.
LOG (gmm-acc-stats-ali[5.5.166~1-013489]:main():gmm-acc-stats-ali.cc:105) Processed 950 utterances; for utterance CA_4A avg. like is -85.7548 over 111 frames.
LOG (gmm-acc-stats-ali[5.5.166~1-013489]:main():gmm-acc-stats-ali.cc:105) Processed 1000 utterances; for utterance CA_ZZ66ZA avg. like is -90.1176 over 276 frames.
LOG (gmm-acc-stats-ali[5.5.166~1-013489]:main():gmm-acc-stats-ali.cc:105) Processed 1050 utterances; for utterance CB_84OA avg. like is -94.0058 over 157 frames.
LOG (gmm-acc-stats-ali[5.5.166~1-013489]:main():gmm-acc-stats-ali.cc:105) Processed 1100 utterances; for utterance CF_4345A avg. like is -91.6175 over 193 frames.
LOG (gmm-acc-stats-ali[5.5.166~1-013489]:main():gmm-acc-stats-ali.cc:105) Processed 1150 utterances; for utterance CF_Z5A avg. like is -90.6911 over 125 frames.
LOG (gmm-acc-stats-ali[5.5.166~1-013489]:main():gmm-acc-stats-ali.cc:105) Processed 1200 utterances; for utterance CG_797O9A avg. like is -88.0091 over 285 frames.
LOG (gmm-acc-stats-ali[5.5.166~1-013489]:main():gmm-acc-stats-ali.cc:105) Processed 1250 utterances; for utterance CL_3O1O846A avg. like is -90.7309 over 327 frames.
LOG (gmm-acc-stats-ali[5.5.166~1-013489]:main():gmm-acc-stats-ali.cc:105) Processed 1300 utterances; for utterance CL_OA avg. like is -84.4678 over 85 frames.
LOG (gmm-acc-stats-ali[5.5.166~1-013489]:main():gmm-acc-stats-ali.cc:105) Processed 1350 utterances; for utterance CM_6Z153A avg. like is -87.2716 over 276 frames.
LOG (gmm-acc-stats-ali[5.5.166~1-013489]:main():gmm-acc-stats-ali.cc:105) Processed 1400 utterances; for utterance CR_32A avg. like is -89.0032 over 123 frames.
LOG (gmm-acc-stats-ali[5.5.166~1-013489]:main():gmm-acc-stats-ali.cc:105) Processed 1450 utterances; for utterance CR_O556A avg. like is -89.3163 over 200 frames.
LOG (gmm-acc-stats-ali[5.5.166~1-013489]:main():gmm-acc-stats-ali.cc:105) Processed 1500 utterances; for utterance DC_64O9A avg. like is -89.273 over 168 frames.
LOG (gmm-acc-stats-ali[5.5.166~1-013489]:main():gmm-acc-stats-ali.cc:105) Processed 1550 utterances; for utterance DG_2A avg. like is -83.2841 over 77 frames.
LOG (gmm-acc-stats-ali[5.5.166~1-013489]:main():gmm-acc-stats-ali.cc:105) Processed 1600 utterances; for utterance DG_9B avg. like is -79.2585 over 106 frames.
LOG (gmm-acc-stats-ali[5.5.166~1-013489]:main():gmm-acc-stats-ali.cc:105) Processed 1650 utterances; for utterance DL_5B avg. like is -81.916 over 86 frames.
LOG (gmm-acc-stats-ali[5.5.166~1-013489]:main():gmm-acc-stats-ali.cc:105) Processed 1700 utterances; for utterance DN_1ZZ7A avg. like is -87.6215 over 231 frames.
LOG (gmm-acc-stats-ali[5.5.166~1-013489]:main():gmm-acc-stats-ali.cc:105) Processed 1750 utterances; for utterance DN_928A avg. like is -88.3355 over 163 frames.
LOG (gmm-acc-stats-ali[5.5.166~1-013489]:main():gmm-acc-stats-ali.cc:105) Processed 1800 utterances; for utterance EA_55769A avg. like is -88.5839 over 189 frames.
LOG (gmm-acc-stats-ali[5.5.166~1-013489]:main():gmm-acc-stats-ali.cc:105) Processed 1850 utterances; for utterance EC_16Z4359A avg. like is -89.1071 over 392 frames.
LOG (gmm-acc-stats-ali[5.5.166~1-013489]:main():gmm-acc-stats-ali.cc:105) Processed 1900 utterances; for utterance EC_892A avg. like is -90.7877 over 146 frames.
LOG (gmm-acc-stats-ali[5.5.166~1-013489]:main():gmm-acc-stats-ali.cc:105) Processed 1950 utterances; for utterance EE_4A avg. like is -88.4492 over 117 frames.
LOG (gmm-acc-stats-ali[5.5.166~1-013489]:main():gmm-acc-stats-ali.cc:105) Processed 2000 utterances; for utterance EE_ZB avg. like is -88.2845 over 99 frames.
LOG (gmm-acc-stats-ali[5.5.166~1-013489]:main():gmm-acc-stats-ali.cc:105) Processed 2050 utterances; for utterance EG_7Z91Z5ZA avg. like is -84.5651 over 349 frames.
LOG (gmm-acc-stats-ali[5.5.166~1-013489]:main():gmm-acc-stats-ali.cc:105) Processed 2100 utterances; for utterance EH_42A avg. like is -89.2104 over 155 frames.
LOG (apply-cmvn[5.5.166~1-013489]:main():apply-cmvn.cc:162) Applied cepstral mean normalization to 2155 utterances, errors on 0
LOG (gmm-acc-stats-ali[5.5.166~1-013489]:main():gmm-acc-stats-ali.cc:105) Processed 2150 utterances; for utterance EH_Z64A avg. like is -89.073 over 171 frames.
LOG (gmm-acc-stats-ali[5.5.166~1-013489]:main():gmm-acc-stats-ali.cc:112) Done 2155 files, 0 with errors.
LOG (gmm-acc-stats-ali[5.5.166~1-013489]:main():gmm-acc-stats-ali.cc:115) Overall avg like per frame (Gaussian only) = -89.041 over 372583 frames.
LOG (gmm-acc-stats-ali[5.5.166~1-013489]:main():gmm-acc-stats-ali.cc:123) Written accs.
# Accounting: time=1 threads=1
# Ended (code 0) at Sun Dec  1 23:52:52 CST 2019, elapsed time 1 seconds
