# gmm-acc-stats-ali exp/tri1/25.mdl "ark,s,cs:apply-cmvn  --utt2spk=ark:data/train/split4/1/utt2spk scp:data/train/split4/1/cmvn.scp scp:data/train/split4/1/feats.scp ark:- | add-deltas  ark:- ark:- |" "ark,s,cs:gunzip -c exp/tri1/ali.1.gz|" exp/tri1/25.1.acc 
# Started at Sun Dec  1 22:01:35 CST 2019
#
gmm-acc-stats-ali exp/tri1/25.mdl 'ark,s,cs:apply-cmvn  --utt2spk=ark:data/train/split4/1/utt2spk scp:data/train/split4/1/cmvn.scp scp:data/train/split4/1/feats.scp ark:- | add-deltas  ark:- ark:- |' 'ark,s,cs:gunzip -c exp/tri1/ali.1.gz|' exp/tri1/25.1.acc 
add-deltas ark:- ark:- 
apply-cmvn --utt2spk=ark:data/train/split4/1/utt2spk scp:data/train/split4/1/cmvn.scp scp:data/train/split4/1/feats.scp ark:- 
LOG (gmm-acc-stats-ali[5.5.166~1-013489]:main():gmm-acc-stats-ali.cc:105) Processed 50 utterances; for utterance AC_81A avg. like is -83.5316 over 109 frames.
LOG (gmm-acc-stats-ali[5.5.166~1-013489]:main():gmm-acc-stats-ali.cc:105) Processed 100 utterances; for utterance AE_47A avg. like is -90.9247 over 120 frames.
LOG (gmm-acc-stats-ali[5.5.166~1-013489]:main():gmm-acc-stats-ali.cc:105) Processed 150 utterances; for utterance AE_Z36357ZA avg. like is -97.0049 over 309 frames.
LOG (gmm-acc-stats-ali[5.5.166~1-013489]:main():gmm-acc-stats-ali.cc:105) Processed 200 utterances; for utterance AG_779A avg. like is -85.0885 over 161 frames.
LOG (gmm-acc-stats-ali[5.5.166~1-013489]:main():gmm-acc-stats-ali.cc:105) Processed 250 utterances; for utterance AI_3A avg. like is -85.2805 over 81 frames.
LOG (gmm-acc-stats-ali[5.5.166~1-013489]:main():gmm-acc-stats-ali.cc:105) Processed 300 utterances; for utterance AI_OOA avg. like is -84.3809 over 111 frames.
LOG (gmm-acc-stats-ali[5.5.166~1-013489]:main():gmm-acc-stats-ali.cc:105) Processed 350 utterances; for utterance AJ_73A avg. like is -89.9109 over 100 frames.
LOG (gmm-acc-stats-ali[5.5.166~1-013489]:main():gmm-acc-stats-ali.cc:105) Processed 400 utterances; for utterance AL_3396A avg. like is -92.1669 over 266 frames.
LOG (gmm-acc-stats-ali[5.5.166~1-013489]:main():gmm-acc-stats-ali.cc:105) Processed 450 utterances; for utterance AL_O88OA avg. like is -95.146 over 218 frames.
LOG (gmm-acc-stats-ali[5.5.166~1-013489]:main():gmm-acc-stats-ali.cc:105) Processed 500 utterances; for utterance AN_66A avg. like is -88.3991 over 154 frames.
LOG (gmm-acc-stats-ali[5.5.166~1-013489]:main():gmm-acc-stats-ali.cc:105) Processed 550 utterances; for utterance AW_2B avg. like is -86.2532 over 90 frames.
LOG (gmm-acc-stats-ali[5.5.166~1-013489]:main():gmm-acc-stats-ali.cc:105) Processed 600 utterances; for utterance AW_9B avg. like is -89.9631 over 106 frames.
LOG (gmm-acc-stats-ali[5.5.166~1-013489]:main():gmm-acc-stats-ali.cc:105) Processed 650 utterances; for utterance BD_5Z68A avg. like is -89.3368 over 190 frames.
LOG (gmm-acc-stats-ali[5.5.166~1-013489]:main():gmm-acc-stats-ali.cc:105) Processed 700 utterances; for utterance BH_21617Z8A avg. like is -90.6652 over 291 frames.
LOG (gmm-acc-stats-ali[5.5.166~1-013489]:main():gmm-acc-stats-ali.cc:105) Processed 750 utterances; for utterance BH_94A avg. like is -85.6657 over 132 frames.
LOG (gmm-acc-stats-ali[5.5.166~1-013489]:main():gmm-acc-stats-ali.cc:105) Processed 800 utterances; for utterance BI_58OA avg. like is -87.9202 over 121 frames.
LOG (gmm-acc-stats-ali[5.5.166~1-013489]:main():gmm-acc-stats-ali.cc:105) Processed 850 utterances; for utterance BR_1849965A avg. like is -90.3721 over 420 frames.
LOG (gmm-acc-stats-ali[5.5.166~1-013489]:main():gmm-acc-stats-ali.cc:105) Processed 900 utterances; for utterance BR_8B avg. like is -82.9807 over 117 frames.
LOG (gmm-acc-stats-ali[5.5.166~1-013489]:main():gmm-acc-stats-ali.cc:105) Processed 950 utterances; for utterance CA_4A avg. like is -85.2319 over 111 frames.
LOG (gmm-acc-stats-ali[5.5.166~1-013489]:main():gmm-acc-stats-ali.cc:105) Processed 1000 utterances; for utterance CA_ZZ66ZA avg. like is -90.9014 over 276 frames.
LOG (gmm-acc-stats-ali[5.5.166~1-013489]:main():gmm-acc-stats-ali.cc:105) Processed 1050 utterances; for utterance CB_84OA avg. like is -94.0359 over 157 frames.
LOG (gmm-acc-stats-ali[5.5.166~1-013489]:main():gmm-acc-stats-ali.cc:105) Processed 1100 utterances; for utterance CF_4345A avg. like is -92.2559 over 193 frames.
LOG (gmm-acc-stats-ali[5.5.166~1-013489]:main():gmm-acc-stats-ali.cc:105) Processed 1150 utterances; for utterance CF_Z5A avg. like is -90.5168 over 125 frames.
LOG (gmm-acc-stats-ali[5.5.166~1-013489]:main():gmm-acc-stats-ali.cc:105) Processed 1200 utterances; for utterance CG_797O9A avg. like is -88.1153 over 285 frames.
LOG (gmm-acc-stats-ali[5.5.166~1-013489]:main():gmm-acc-stats-ali.cc:105) Processed 1250 utterances; for utterance CL_3O1O846A avg. like is -91.6952 over 327 frames.
LOG (gmm-acc-stats-ali[5.5.166~1-013489]:main():gmm-acc-stats-ali.cc:105) Processed 1300 utterances; for utterance CL_OA avg. like is -84.2721 over 85 frames.
LOG (gmm-acc-stats-ali[5.5.166~1-013489]:main():gmm-acc-stats-ali.cc:105) Processed 1350 utterances; for utterance CM_6Z153A avg. like is -88.3756 over 276 frames.
LOG (gmm-acc-stats-ali[5.5.166~1-013489]:main():gmm-acc-stats-ali.cc:105) Processed 1400 utterances; for utterance CR_32A avg. like is -88.3344 over 123 frames.
LOG (gmm-acc-stats-ali[5.5.166~1-013489]:main():gmm-acc-stats-ali.cc:105) Processed 1450 utterances; for utterance CR_O556A avg. like is -89.3876 over 200 frames.
LOG (gmm-acc-stats-ali[5.5.166~1-013489]:main():gmm-acc-stats-ali.cc:105) Processed 1500 utterances; for utterance DC_64O9A avg. like is -90.5301 over 168 frames.
LOG (gmm-acc-stats-ali[5.5.166~1-013489]:main():gmm-acc-stats-ali.cc:105) Processed 1550 utterances; for utterance DG_2A avg. like is -83.0936 over 77 frames.
LOG (gmm-acc-stats-ali[5.5.166~1-013489]:main():gmm-acc-stats-ali.cc:105) Processed 1600 utterances; for utterance DG_9B avg. like is -79.3008 over 106 frames.
LOG (gmm-acc-stats-ali[5.5.166~1-013489]:main():gmm-acc-stats-ali.cc:105) Processed 1650 utterances; for utterance DL_5B avg. like is -81.7859 over 86 frames.
LOG (gmm-acc-stats-ali[5.5.166~1-013489]:main():gmm-acc-stats-ali.cc:105) Processed 1700 utterances; for utterance DN_1ZZ7A avg. like is -88.6288 over 231 frames.
LOG (gmm-acc-stats-ali[5.5.166~1-013489]:main():gmm-acc-stats-ali.cc:105) Processed 1750 utterances; for utterance DN_928A avg. like is -89.2942 over 163 frames.
LOG (gmm-acc-stats-ali[5.5.166~1-013489]:main():gmm-acc-stats-ali.cc:105) Processed 1800 utterances; for utterance EA_55769A avg. like is -89.6211 over 189 frames.
LOG (gmm-acc-stats-ali[5.5.166~1-013489]:main():gmm-acc-stats-ali.cc:105) Processed 1850 utterances; for utterance EC_16Z4359A avg. like is -89.5717 over 392 frames.
LOG (gmm-acc-stats-ali[5.5.166~1-013489]:main():gmm-acc-stats-ali.cc:105) Processed 1900 utterances; for utterance EC_892A avg. like is -91.8088 over 146 frames.
LOG (gmm-acc-stats-ali[5.5.166~1-013489]:main():gmm-acc-stats-ali.cc:105) Processed 1950 utterances; for utterance EE_4A avg. like is -88.1996 over 117 frames.
LOG (gmm-acc-stats-ali[5.5.166~1-013489]:main():gmm-acc-stats-ali.cc:105) Processed 2000 utterances; for utterance EE_ZB avg. like is -88.2909 over 99 frames.
LOG (gmm-acc-stats-ali[5.5.166~1-013489]:main():gmm-acc-stats-ali.cc:105) Processed 2050 utterances; for utterance EG_7Z91Z5ZA avg. like is -85.4399 over 349 frames.
LOG (gmm-acc-stats-ali[5.5.166~1-013489]:main():gmm-acc-stats-ali.cc:105) Processed 2100 utterances; for utterance EH_42A avg. like is -89.5465 over 155 frames.
LOG (apply-cmvn[5.5.166~1-013489]:main():apply-cmvn.cc:162) Applied cepstral mean normalization to 2155 utterances, errors on 0
LOG (gmm-acc-stats-ali[5.5.166~1-013489]:main():gmm-acc-stats-ali.cc:105) Processed 2150 utterances; for utterance EH_Z64A avg. like is -89.8475 over 171 frames.
LOG (gmm-acc-stats-ali[5.5.166~1-013489]:main():gmm-acc-stats-ali.cc:112) Done 2155 files, 0 with errors.
LOG (gmm-acc-stats-ali[5.5.166~1-013489]:main():gmm-acc-stats-ali.cc:115) Overall avg like per frame (Gaussian only) = -89.5613 over 372583 frames.
LOG (gmm-acc-stats-ali[5.5.166~1-013489]:main():gmm-acc-stats-ali.cc:123) Written accs.
# Accounting: time=5 threads=1
# Ended (code 0) at Sun Dec  1 22:01:40 CST 2019, elapsed time 5 seconds
