# gmm-align-compiled --transition-scale=1.0 --acoustic-scale=0.1 --self-loop-scale=0.1 --beam=10 --retry-beam=40 --careful=false "gmm-boost-silence --boost=1.0 1 exp/tri1/20.mdl - |" "ark:gunzip -c exp/tri1/fsts.12.gz|" "ark,s,cs:apply-cmvn  --utt2spk=ark:data/train/split16/12/utt2spk scp:data/train/split16/12/cmvn.scp scp:data/train/split16/12/feats.scp ark:- | add-deltas  ark:- ark:- |" "ark:|gzip -c >exp/tri1/ali.12.gz" 
# Started at Mon Dec  2 13:39:41 CST 2019
#
gmm-align-compiled --transition-scale=1.0 --acoustic-scale=0.1 --self-loop-scale=0.1 --beam=10 --retry-beam=40 --careful=false 'gmm-boost-silence --boost=1.0 1 exp/tri1/20.mdl - |' 'ark:gunzip -c exp/tri1/fsts.12.gz|' 'ark,s,cs:apply-cmvn  --utt2spk=ark:data/train/split16/12/utt2spk scp:data/train/split16/12/cmvn.scp scp:data/train/split16/12/feats.scp ark:- | add-deltas  ark:- ark:- |' 'ark:|gzip -c >exp/tri1/ali.12.gz' 
gmm-boost-silence --boost=1.0 1 exp/tri1/20.mdl - 
LOG (gmm-boost-silence[5.5.166~1-013489]:main():gmm-boost-silence.cc:93) Boosted weights for 5 pdfs, by factor of 1
LOG (gmm-boost-silence[5.5.166~1-013489]:main():gmm-boost-silence.cc:103) Wrote model to -
apply-cmvn --utt2spk=ark:data/train/split16/12/utt2spk scp:data/train/split16/12/cmvn.scp scp:data/train/split16/12/feats.scp ark:- 
add-deltas ark:- ark:- 
LOG (gmm-align-compiled[5.5.166~1-013489]:main():gmm-align-compiled.cc:127) LT_11A
LOG (gmm-align-compiled[5.5.166~1-013489]:main():gmm-align-compiled.cc:127) LT_131A
LOG (gmm-align-compiled[5.5.166~1-013489]:main():gmm-align-compiled.cc:127) LT_1738A
LOG (gmm-align-compiled[5.5.166~1-013489]:main():gmm-align-compiled.cc:127) LT_1A
LOG (gmm-align-compiled[5.5.166~1-013489]:main():gmm-align-compiled.cc:127) LT_1B
LOG (gmm-align-compiled[5.5.166~1-013489]:main():gmm-align-compiled.cc:127) LT_1OA
LOG (gmm-align-compiled[5.5.166~1-013489]:main():gmm-align-compiled.cc:127) LT_1OO1A
LOG (gmm-align-compiled[5.5.166~1-013489]:main():gmm-align-compiled.cc:127) LT_21761A
LOG (gmm-align-compiled[5.5.166~1-013489]:main():gmm-align-compiled.cc:127) LT_22758A
LOG (gmm-align-compiled[5.5.166~1-013489]:main():gmm-align-compiled.cc:127) LT_2657ZA
LOG (gmm-align-compiled[5.5.166~1-013489]:main():gmm-align-compiled.cc:127) LT_26A
LOG (gmm-align-compiled[5.5.166~1-013489]:main():gmm-align-compiled.cc:127) LT_2836A
LOG (gmm-align-compiled[5.5.166~1-013489]:main():gmm-align-compiled.cc:127) LT_2A
LOG (gmm-align-compiled[5.5.166~1-013489]:main():gmm-align-compiled.cc:127) LT_2B
LOG (gmm-align-compiled[5.5.166~1-013489]:main():gmm-align-compiled.cc:127) LT_31ZA
LOG (gmm-align-compiled[5.5.166~1-013489]:main():gmm-align-compiled.cc:127) LT_323A
LOG (gmm-align-compiled[5.5.166~1-013489]:main():gmm-align-compiled.cc:127) LT_33O62A
LOG (gmm-align-compiled[5.5.166~1-013489]:main():gmm-align-compiled.cc:127) LT_3765A
LOG (gmm-align-compiled[5.5.166~1-013489]:main():gmm-align-compiled.cc:127) LT_3A
LOG (gmm-align-compiled[5.5.166~1-013489]:main():gmm-align-compiled.cc:127) LT_3B
LOG (gmm-align-compiled[5.5.166~1-013489]:main():gmm-align-compiled.cc:127) LT_3Z71Z12A
LOG (gmm-align-compiled[5.5.166~1-013489]:main():gmm-align-compiled.cc:127) LT_434OOA
LOG (gmm-align-compiled[5.5.166~1-013489]:main():gmm-align-compiled.cc:127) LT_45OA
LOG (gmm-align-compiled[5.5.166~1-013489]:main():gmm-align-compiled.cc:127) LT_4859928A
LOG (gmm-align-compiled[5.5.166~1-013489]:main():gmm-align-compiled.cc:127) LT_4A
LOG (gmm-align-compiled[5.5.166~1-013489]:main():gmm-align-compiled.cc:127) LT_4B
LOG (gmm-align-compiled[5.5.166~1-013489]:main():gmm-align-compiled.cc:127) LT_4O93A
LOG (gmm-align-compiled[5.5.166~1-013489]:main():gmm-align-compiled.cc:127) LT_4Z1547ZA
LOG (gmm-align-compiled[5.5.166~1-013489]:main():gmm-align-compiled.cc:127) LT_52423A
LOG (gmm-align-compiled[5.5.166~1-013489]:main():gmm-align-compiled.cc:127) LT_53A
LOG (gmm-align-compiled[5.5.166~1-013489]:main():gmm-align-compiled.cc:127) LT_55O69A
LOG (gmm-align-compiled[5.5.166~1-013489]:main():gmm-align-compiled.cc:127) LT_577O1A
LOG (gmm-align-compiled[5.5.166~1-013489]:main():gmm-align-compiled.cc:127) LT_5A
LOG (gmm-align-compiled[5.5.166~1-013489]:main():gmm-align-compiled.cc:127) LT_5B
LOG (gmm-align-compiled[5.5.166~1-013489]:main():gmm-align-compiled.cc:127) LT_5ZA
LOG (gmm-align-compiled[5.5.166~1-013489]:main():gmm-align-compiled.cc:127) LT_6625A
LOG (gmm-align-compiled[5.5.166~1-013489]:main():gmm-align-compiled.cc:127) LT_67846Z2A
LOG (gmm-align-compiled[5.5.166~1-013489]:main():gmm-align-compiled.cc:127) LT_67A
LOG (gmm-align-compiled[5.5.166~1-013489]:main():gmm-align-compiled.cc:127) LT_6851229A
LOG (gmm-align-compiled[5.5.166~1-013489]:main():gmm-align-compiled.cc:127) LT_6A
LOG (gmm-align-compiled[5.5.166~1-013489]:main():gmm-align-compiled.cc:127) LT_6B
LOG (gmm-align-compiled[5.5.166~1-013489]:main():gmm-align-compiled.cc:127) LT_6O8A
LOG (gmm-align-compiled[5.5.166~1-013489]:main():gmm-align-compiled.cc:127) LT_73538A
LOG (gmm-align-compiled[5.5.166~1-013489]:main():gmm-align-compiled.cc:127) LT_741A
LOG (gmm-align-compiled[5.5.166~1-013489]:main():gmm-align-compiled.cc:127) LT_74514ZZA
LOG (gmm-align-compiled[5.5.166~1-013489]:main():gmm-align-compiled.cc:127) LT_77A
LOG (gmm-align-compiled[5.5.166~1-013489]:main():gmm-align-compiled.cc:127) LT_7963A
LOG (gmm-align-compiled[5.5.166~1-013489]:main():gmm-align-compiled.cc:127) LT_7A
LOG (gmm-align-compiled[5.5.166~1-013489]:main():gmm-align-compiled.cc:127) LT_7B
LOG (gmm-align-compiled[5.5.166~1-013489]:main():gmm-align-compiled.cc:127) LT_81A
LOG (gmm-align-compiled[5.5.166~1-013489]:main():gmm-align-compiled.cc:127) LT_8711435A
LOG (gmm-align-compiled[5.5.166~1-013489]:main():gmm-align-compiled.cc:127) LT_887ZA
LOG (gmm-align-compiled[5.5.166~1-013489]:main():gmm-align-compiled.cc:127) LT_88OA
LOG (gmm-align-compiled[5.5.166~1-013489]:main():gmm-align-compiled.cc:127) LT_8A
LOG (gmm-align-compiled[5.5.166~1-013489]:main():gmm-align-compiled.cc:127) LT_8B
LOG (gmm-align-compiled[5.5.166~1-013489]:main():gmm-align-compiled.cc:127) LT_8ZA
LOG (gmm-align-compiled[5.5.166~1-013489]:main():gmm-align-compiled.cc:127) LT_9242A
LOG (gmm-align-compiled[5.5.166~1-013489]:main():gmm-align-compiled.cc:127) LT_94A
LOG (gmm-align-compiled[5.5.166~1-013489]:main():gmm-align-compiled.cc:127) LT_98168A
LOG (gmm-align-compiled[5.5.166~1-013489]:main():gmm-align-compiled.cc:127) LT_98OA
LOG (gmm-align-compiled[5.5.166~1-013489]:main():gmm-align-compiled.cc:127) LT_9A
LOG (gmm-align-compiled[5.5.166~1-013489]:main():gmm-align-compiled.cc:127) LT_9B
LOG (gmm-align-compiled[5.5.166~1-013489]:main():gmm-align-compiled.cc:127) LT_9OA
LOG (gmm-align-compiled[5.5.166~1-013489]:main():gmm-align-compiled.cc:127) LT_O341A
LOG (gmm-align-compiled[5.5.166~1-013489]:main():gmm-align-compiled.cc:127) LT_O47A
LOG (gmm-align-compiled[5.5.166~1-013489]:main():gmm-align-compiled.cc:127) LT_O727A
LOG (gmm-align-compiled[5.5.166~1-013489]:main():gmm-align-compiled.cc:127) LT_O786369A
LOG (gmm-align-compiled[5.5.166~1-013489]:main():gmm-align-compiled.cc:127) LT_O979618A
LOG (gmm-align-compiled[5.5.166~1-013489]:main():gmm-align-compiled.cc:127) LT_OA
LOG (gmm-align-compiled[5.5.166~1-013489]:main():gmm-align-compiled.cc:127) LT_OB
LOG (gmm-align-compiled[5.5.166~1-013489]:main():gmm-align-compiled.cc:127) LT_Z525919A
LOG (gmm-align-compiled[5.5.166~1-013489]:main():gmm-align-compiled.cc:127) LT_Z89A
LOG (gmm-align-compiled[5.5.166~1-013489]:main():gmm-align-compiled.cc:127) LT_Z9ZA
LOG (gmm-align-compiled[5.5.166~1-013489]:main():gmm-align-compiled.cc:127) LT_ZA
LOG (gmm-align-compiled[5.5.166~1-013489]:main():gmm-align-compiled.cc:127) LT_ZB
LOG (gmm-align-compiled[5.5.166~1-013489]:main():gmm-align-compiled.cc:127) LT_ZZ483A
LOG (gmm-align-compiled[5.5.166~1-013489]:main():gmm-align-compiled.cc:127) LT_ZZ56Z3ZA
LOG (gmm-align-compiled[5.5.166~1-013489]:main():gmm-align-compiled.cc:127) MB_1185O73A
LOG (gmm-align-compiled[5.5.166~1-013489]:main():gmm-align-compiled.cc:127) MB_14A
LOG (gmm-align-compiled[5.5.166~1-013489]:main():gmm-align-compiled.cc:127) MB_192O151A
LOG (gmm-align-compiled[5.5.166~1-013489]:main():gmm-align-compiled.cc:127) MB_1A
LOG (gmm-align-compiled[5.5.166~1-013489]:main():gmm-align-compiled.cc:127) MB_1B
LOG (gmm-align-compiled[5.5.166~1-013489]:main():gmm-align-compiled.cc:127) MB_1Z4A
LOG (gmm-align-compiled[5.5.166~1-013489]:main():gmm-align-compiled.cc:127) MB_1ZA
LOG (gmm-align-compiled[5.5.166~1-013489]:main():gmm-align-compiled.cc:127) MB_21O4O94A
LOG (gmm-align-compiled[5.5.166~1-013489]:main():gmm-align-compiled.cc:127) MB_24A
LOG (gmm-align-compiled[5.5.166~1-013489]:main():gmm-align-compiled.cc:127) MB_261658OA
LOG (gmm-align-compiled[5.5.166~1-013489]:main():gmm-align-compiled.cc:127) MB_26O1A
LOG (gmm-align-compiled[5.5.166~1-013489]:main():gmm-align-compiled.cc:127) MB_2A
LOG (gmm-align-compiled[5.5.166~1-013489]:main():gmm-align-compiled.cc:127) MB_2B
LOG (gmm-align-compiled[5.5.166~1-013489]:main():gmm-align-compiled.cc:127) MB_2ZZ1A
LOG (gmm-align-compiled[5.5.166~1-013489]:main():gmm-align-compiled.cc:127) MB_32757A
LOG (gmm-align-compiled[5.5.166~1-013489]:main():gmm-align-compiled.cc:127) MB_35OA
LOG (gmm-align-compiled[5.5.166~1-013489]:main():gmm-align-compiled.cc:127) MB_3825377A
LOG (gmm-align-compiled[5.5.166~1-013489]:main():gmm-align-compiled.cc:127) MB_3982979A
LOG (gmm-align-compiled[5.5.166~1-013489]:main():gmm-align-compiled.cc:127) MB_3A
LOG (gmm-align-compiled[5.5.166~1-013489]:main():gmm-align-compiled.cc:127) MB_3B
LOG (gmm-align-compiled[5.5.166~1-013489]:main():gmm-align-compiled.cc:127) MB_3Z8A
LOG (gmm-align-compiled[5.5.166~1-013489]:main():gmm-align-compiled.cc:127) MB_4195A
LOG (gmm-align-compiled[5.5.166~1-013489]:main():gmm-align-compiled.cc:127) MB_42O3817A
LOG (gmm-align-compiled[5.5.166~1-013489]:main():gmm-align-compiled.cc:127) MB_44A
LOG (gmm-align-compiled[5.5.166~1-013489]:main():gmm-align-compiled.cc:127) MB_47OO3A
LOG (gmm-align-compiled[5.5.166~1-013489]:main():gmm-align-compiled.cc:127) MB_499A
LOG (gmm-align-compiled[5.5.166~1-013489]:main():gmm-align-compiled.cc:127) MB_4A
LOG (gmm-align-compiled[5.5.166~1-013489]:main():gmm-align-compiled.cc:127) MB_4B
LOG (gmm-align-compiled[5.5.166~1-013489]:main():gmm-align-compiled.cc:127) MB_51272A
LOG (gmm-align-compiled[5.5.166~1-013489]:main():gmm-align-compiled.cc:127) MB_521A
LOG (gmm-align-compiled[5.5.166~1-013489]:main():gmm-align-compiled.cc:127) MB_547A
LOG (gmm-align-compiled[5.5.166~1-013489]:main():gmm-align-compiled.cc:127) MB_56ZA
LOG (gmm-align-compiled[5.5.166~1-013489]:main():gmm-align-compiled.cc:127) MB_5A
LOG (gmm-align-compiled[5.5.166~1-013489]:main():gmm-align-compiled.cc:127) MB_5B
LOG (gmm-align-compiled[5.5.166~1-013489]:main():gmm-align-compiled.cc:127) MB_5Z5522ZA
LOG (gmm-align-compiled[5.5.166~1-013489]:main():gmm-align-compiled.cc:127) MB_6178A
LOG (gmm-align-compiled[5.5.166~1-013489]:main():gmm-align-compiled.cc:127) MB_64O6OA
LOG (gmm-align-compiled[5.5.166~1-013489]:main():gmm-align-compiled.cc:127) MB_67A
LOG (gmm-align-compiled[5.5.166~1-013489]:main():gmm-align-compiled.cc:127) MB_68343A
LOG (gmm-align-compiled[5.5.166~1-013489]:main():gmm-align-compiled.cc:127) MB_686A
LOG (gmm-align-compiled[5.5.166~1-013489]:main():gmm-align-compiled.cc:127) MB_6A
LOG (gmm-align-compiled[5.5.166~1-013489]:main():gmm-align-compiled.cc:127) MB_6B
LOG (gmm-align-compiled[5.5.166~1-013489]:main():gmm-align-compiled.cc:127) MB_71A
LOG (gmm-align-compiled[5.5.166~1-013489]:main():gmm-align-compiled.cc:127) MB_762A
LOG (gmm-align-compiled[5.5.166~1-013489]:main():gmm-align-compiled.cc:127) MB_77A
LOG (gmm-align-compiled[5.5.166~1-013489]:main():gmm-align-compiled.cc:127) MB_79665A
LOG (gmm-align-compiled[5.5.166~1-013489]:main():gmm-align-compiled.cc:127) MB_7A
LOG (gmm-align-compiled[5.5.166~1-013489]:main():gmm-align-compiled.cc:127) MB_7B
LOG (gmm-align-compiled[5.5.166~1-013489]:main():gmm-align-compiled.cc:127) MB_7O71A
LOG (gmm-align-compiled[5.5.166~1-013489]:main():gmm-align-compiled.cc:127) MB_8187A
LOG (gmm-align-compiled[5.5.166~1-013489]:main():gmm-align-compiled.cc:127) MB_89A
LOG (gmm-align-compiled[5.5.166~1-013489]:main():gmm-align-compiled.cc:127) MB_8A
LOG (gmm-align-compiled[5.5.166~1-013489]:main():gmm-align-compiled.cc:127) MB_8B
LOG (gmm-align-compiled[5.5.166~1-013489]:main():gmm-align-compiled.cc:127) MB_8O44629A
LOG (gmm-align-compiled[5.5.166~1-013489]:main():gmm-align-compiled.cc:127) MB_8Z45A
LOG (gmm-align-compiled[5.5.166~1-013489]:main():gmm-align-compiled.cc:127) MB_8Z93ZA
LOG (gmm-align-compiled[5.5.166~1-013489]:main():gmm-align-compiled.cc:127) MB_91A
LOG (gmm-align-compiled[5.5.166~1-013489]:main():gmm-align-compiled.cc:127) MB_92A
LOG (gmm-align-compiled[5.5.166~1-013489]:main():gmm-align-compiled.cc:127) MB_969OOA
LOG (gmm-align-compiled[5.5.166~1-013489]:main():gmm-align-compiled.cc:127) MB_9912A
LOG (gmm-align-compiled[5.5.166~1-013489]:main():gmm-align-compiled.cc:127) MB_9A
LOG (gmm-align-compiled[5.5.166~1-013489]:main():gmm-align-compiled.cc:127) MB_9B
LOG (gmm-align-compiled[5.5.166~1-013489]:main():gmm-align-compiled.cc:127) MB_9ZZ6948A
LOG (gmm-align-compiled[5.5.166~1-013489]:main():gmm-align-compiled.cc:127) MB_O23OA
LOG (gmm-align-compiled[5.5.166~1-013489]:main():gmm-align-compiled.cc:127) MB_O2A
LOG (gmm-align-compiled[5.5.166~1-013489]:main():gmm-align-compiled.cc:127) MB_O5O59O8A
LOG (gmm-align-compiled[5.5.166~1-013489]:main():gmm-align-compiled.cc:127) MB_O97OA
LOG (gmm-align-compiled[5.5.166~1-013489]:main():gmm-align-compiled.cc:127) MB_OA
LOG (gmm-align-compiled[5.5.166~1-013489]:main():gmm-align-compiled.cc:127) MB_OB
LOG (gmm-align-compiled[5.5.166~1-013489]:main():gmm-align-compiled.cc:127) MB_OO854A
LOG (gmm-align-compiled[5.5.166~1-013489]:main():gmm-align-compiled.cc:127) MB_Z22A
LOG (gmm-align-compiled[5.5.166~1-013489]:main():gmm-align-compiled.cc:127) MB_Z6328A
LOG (gmm-align-compiled[5.5.166~1-013489]:main():gmm-align-compiled.cc:127) MB_Z984A
LOG (gmm-align-compiled[5.5.166~1-013489]:main():gmm-align-compiled.cc:127) MB_ZA
LOG (gmm-align-compiled[5.5.166~1-013489]:main():gmm-align-compiled.cc:127) MB_ZB
LOG (gmm-align-compiled[5.5.166~1-013489]:main():gmm-align-compiled.cc:127) MB_ZZ339A
LOG (gmm-align-compiled[5.5.166~1-013489]:main():gmm-align-compiled.cc:127) MB_ZZ7A
LOG (gmm-align-compiled[5.5.166~1-013489]:main():gmm-align-compiled.cc:127) MH_11985A
LOG (gmm-align-compiled[5.5.166~1-013489]:main():gmm-align-compiled.cc:127) MH_1473596A
LOG (gmm-align-compiled[5.5.166~1-013489]:main():gmm-align-compiled.cc:127) MH_165A
LOG (gmm-align-compiled[5.5.166~1-013489]:main():gmm-align-compiled.cc:127) MH_18OOOA
LOG (gmm-align-compiled[5.5.166~1-013489]:main():gmm-align-compiled.cc:127) MH_19A
LOG (gmm-align-compiled[5.5.166~1-013489]:main():gmm-align-compiled.cc:127) MH_1A
LOG (gmm-align-compiled[5.5.166~1-013489]:main():gmm-align-compiled.cc:127) MH_1B
LOG (gmm-align-compiled[5.5.166~1-013489]:main():gmm-align-compiled.cc:127) MH_21356A
LOG (gmm-align-compiled[5.5.166~1-013489]:main():gmm-align-compiled.cc:127) MH_2212775A
LOG (gmm-align-compiled[5.5.166~1-013489]:main():gmm-align-compiled.cc:127) MH_22A
LOG (gmm-align-compiled[5.5.166~1-013489]:main():gmm-align-compiled.cc:127) MH_23A
LOG (gmm-align-compiled[5.5.166~1-013489]:main():gmm-align-compiled.cc:127) MH_25A
LOG (gmm-align-compiled[5.5.166~1-013489]:main():gmm-align-compiled.cc:127) MH_2A
LOG (gmm-align-compiled[5.5.166~1-013489]:main():gmm-align-compiled.cc:127) MH_2B
LOG (gmm-align-compiled[5.5.166~1-013489]:main():gmm-align-compiled.cc:127) MH_31O4A
LOG (gmm-align-compiled[5.5.166~1-013489]:main():gmm-align-compiled.cc:127) MH_325A
LOG (gmm-align-compiled[5.5.166~1-013489]:main():gmm-align-compiled.cc:127) MH_32A
LOG (gmm-align-compiled[5.5.166~1-013489]:main():gmm-align-compiled.cc:127) MH_3639612A
LOG (gmm-align-compiled[5.5.166~1-013489]:main():gmm-align-compiled.cc:127) MH_374OA
LOG (gmm-align-compiled[5.5.166~1-013489]:main():gmm-align-compiled.cc:127) MH_3A
LOG (gmm-align-compiled[5.5.166~1-013489]:main():gmm-align-compiled.cc:127) MH_3B
LOG (gmm-align-compiled[5.5.166~1-013489]:main():gmm-align-compiled.cc:127) MH_44ZZA
LOG (gmm-align-compiled[5.5.166~1-013489]:main():gmm-align-compiled.cc:127) MH_456ZA
LOG (gmm-align-compiled[5.5.166~1-013489]:main():gmm-align-compiled.cc:127) MH_47Z74A
LOG (gmm-align-compiled[5.5.166~1-013489]:main():gmm-align-compiled.cc:127) MH_49O9A
LOG (gmm-align-compiled[5.5.166~1-013489]:main():gmm-align-compiled.cc:127) MH_4A
LOG (gmm-align-compiled[5.5.166~1-013489]:main():gmm-align-compiled.cc:127) MH_4B
LOG (gmm-align-compiled[5.5.166~1-013489]:main():gmm-align-compiled.cc:127) MH_4O3OA
LOG (gmm-align-compiled[5.5.166~1-013489]:main():gmm-align-compiled.cc:127) MH_5241577A
LOG (gmm-align-compiled[5.5.166~1-013489]:main():gmm-align-compiled.cc:127) MH_54465A
LOG (gmm-align-compiled[5.5.166~1-013489]:main():gmm-align-compiled.cc:127) MH_54Z93A
LOG (gmm-align-compiled[5.5.166~1-013489]:main():gmm-align-compiled.cc:127) MH_558ZA
LOG (gmm-align-compiled[5.5.166~1-013489]:main():gmm-align-compiled.cc:127) MH_55A
LOG (gmm-align-compiled[5.5.166~1-013489]:main():gmm-align-compiled.cc:127) MH_5A
LOG (gmm-align-compiled[5.5.166~1-013489]:main():gmm-align-compiled.cc:127) MH_5B
LOG (gmm-align-compiled[5.5.166~1-013489]:main():gmm-align-compiled.cc:127) MH_61A
LOG (gmm-align-compiled[5.5.166~1-013489]:main():gmm-align-compiled.cc:127) MH_62816A
LOG (gmm-align-compiled[5.5.166~1-013489]:main():gmm-align-compiled.cc:127) MH_66436O5A
LOG (gmm-align-compiled[5.5.166~1-013489]:main():gmm-align-compiled.cc:127) MH_6763OO3A
LOG (gmm-align-compiled[5.5.166~1-013489]:main():gmm-align-compiled.cc:127) MH_69O72OOA
LOG (gmm-align-compiled[5.5.166~1-013489]:main():gmm-align-compiled.cc:127) MH_6A
LOG (gmm-align-compiled[5.5.166~1-013489]:main():gmm-align-compiled.cc:127) MH_6B
LOG (gmm-align-compiled[5.5.166~1-013489]:main():gmm-align-compiled.cc:127) MH_71Z38A
LOG (gmm-align-compiled[5.5.166~1-013489]:main():gmm-align-compiled.cc:127) MH_752A
LOG (gmm-align-compiled[5.5.166~1-013489]:main():gmm-align-compiled.cc:127) MH_7914268A
LOG (gmm-align-compiled[5.5.166~1-013489]:main():gmm-align-compiled.cc:127) MH_795A
LOG (gmm-align-compiled[5.5.166~1-013489]:main():gmm-align-compiled.cc:127) MH_7A
LOG (gmm-align-compiled[5.5.166~1-013489]:main():gmm-align-compiled.cc:127) MH_7B
LOG (gmm-align-compiled[5.5.166~1-013489]:main():gmm-align-compiled.cc:127) MH_7O18A
LOG (gmm-align-compiled[5.5.166~1-013489]:main():gmm-align-compiled.cc:127) MH_8292A
LOG (gmm-align-compiled[5.5.166~1-013489]:main():gmm-align-compiled.cc:127) MH_8348A
LOG (gmm-align-compiled[5.5.166~1-013489]:main():gmm-align-compiled.cc:127) MH_85A
LOG (gmm-align-compiled[5.5.166~1-013489]:main():gmm-align-compiled.cc:127) MH_862A
LOG (gmm-align-compiled[5.5.166~1-013489]:main():gmm-align-compiled.cc:127) MH_86928Z5A
LOG (gmm-align-compiled[5.5.166~1-013489]:main():gmm-align-compiled.cc:127) MH_8A
LOG (gmm-align-compiled[5.5.166~1-013489]:main():gmm-align-compiled.cc:127) MH_8B
LOG (gmm-align-compiled[5.5.166~1-013489]:main():gmm-align-compiled.cc:127) MH_933A
LOG (gmm-align-compiled[5.5.166~1-013489]:main():gmm-align-compiled.cc:127) MH_94153A
LOG (gmm-align-compiled[5.5.166~1-013489]:main():gmm-align-compiled.cc:127) MH_9433487A
LOG (gmm-align-compiled[5.5.166~1-013489]:main():gmm-align-compiled.cc:127) MH_9517A
LOG (gmm-align-compiled[5.5.166~1-013489]:main():gmm-align-compiled.cc:127) MH_9972OA
LOG (gmm-align-compiled[5.5.166~1-013489]:main():gmm-align-compiled.cc:127) MH_9A
LOG (gmm-align-compiled[5.5.166~1-013489]:main():gmm-align-compiled.cc:127) MH_9B
LOG (gmm-align-compiled[5.5.166~1-013489]:main():gmm-align-compiled.cc:127) MH_O27A
LOG (gmm-align-compiled[5.5.166~1-013489]:main():gmm-align-compiled.cc:127) MH_O67A
LOG (gmm-align-compiled[5.5.166~1-013489]:main():gmm-align-compiled.cc:127) MH_O6A
LOG (gmm-align-compiled[5.5.166~1-013489]:main():gmm-align-compiled.cc:127) MH_O788458A
LOG (gmm-align-compiled[5.5.166~1-013489]:main():gmm-align-compiled.cc:127) MH_O87A
LOG (gmm-align-compiled[5.5.166~1-013489]:main():gmm-align-compiled.cc:127) MH_OA
LOG (gmm-align-compiled[5.5.166~1-013489]:main():gmm-align-compiled.cc:127) MH_OB
LOG (gmm-align-compiled[5.5.166~1-013489]:main():gmm-align-compiled.cc:127) MH_Z11A
LOG (gmm-align-compiled[5.5.166~1-013489]:main():gmm-align-compiled.cc:127) MH_Z37Z8A
LOG (gmm-align-compiled[5.5.166~1-013489]:main():gmm-align-compiled.cc:127) MH_Z4A
LOG (gmm-align-compiled[5.5.166~1-013489]:main():gmm-align-compiled.cc:127) MH_Z76A
LOG (gmm-align-compiled[5.5.166~1-013489]:main():gmm-align-compiled.cc:127) MH_Z9A
LOG (gmm-align-compiled[5.5.166~1-013489]:main():gmm-align-compiled.cc:127) MH_ZA
LOG (gmm-align-compiled[5.5.166~1-013489]:main():gmm-align-compiled.cc:127) MH_ZB
LOG (gmm-align-compiled[5.5.166~1-013489]:main():gmm-align-compiled.cc:127) MK_11A
LOG (gmm-align-compiled[5.5.166~1-013489]:main():gmm-align-compiled.cc:127) MK_15ZA
LOG (gmm-align-compiled[5.5.166~1-013489]:main():gmm-align-compiled.cc:127) MK_188A
LOG (gmm-align-compiled[5.5.166~1-013489]:main():gmm-align-compiled.cc:127) MK_1A
LOG (gmm-align-compiled[5.5.166~1-013489]:main():gmm-align-compiled.cc:127) MK_1B
LOG (gmm-align-compiled[5.5.166~1-013489]:main():gmm-align-compiled.cc:127) MK_1O41A
LOG (gmm-align-compiled[5.5.166~1-013489]:main():gmm-align-compiled.cc:127) MK_1ZA
LOG (gmm-align-compiled[5.5.166~1-013489]:main():gmm-align-compiled.cc:127) MK_219ZZ9ZA
LOG (gmm-align-compiled[5.5.166~1-013489]:main():gmm-align-compiled.cc:127) MK_285A
LOG (gmm-align-compiled[5.5.166~1-013489]:main():gmm-align-compiled.cc:127) MK_287A
LOG (gmm-align-compiled[5.5.166~1-013489]:main():gmm-align-compiled.cc:127) MK_296A
LOG (gmm-align-compiled[5.5.166~1-013489]:main():gmm-align-compiled.cc:127) MK_2A
LOG (gmm-align-compiled[5.5.166~1-013489]:main():gmm-align-compiled.cc:127) MK_2B
LOG (gmm-align-compiled[5.5.166~1-013489]:main():gmm-align-compiled.cc:127) MK_2OO3122A
LOG (gmm-align-compiled[5.5.166~1-013489]:main():gmm-align-compiled.cc:127) MK_3368827A
LOG (gmm-align-compiled[5.5.166~1-013489]:main():gmm-align-compiled.cc:127) MK_365A
LOG (gmm-align-compiled[5.5.166~1-013489]:main():gmm-align-compiled.cc:127) MK_38349A
LOG (gmm-align-compiled[5.5.166~1-013489]:main():gmm-align-compiled.cc:127) MK_3866635A
LOG (gmm-align-compiled[5.5.166~1-013489]:main():gmm-align-compiled.cc:127) MK_3A
LOG (gmm-align-compiled[5.5.166~1-013489]:main():gmm-align-compiled.cc:127) MK_3B
LOG (gmm-align-compiled[5.5.166~1-013489]:main():gmm-align-compiled.cc:127) MK_3O6A
LOG (gmm-align-compiled[5.5.166~1-013489]:main():gmm-align-compiled.cc:127) MK_4239932A
LOG (gmm-align-compiled[5.5.166~1-013489]:main():gmm-align-compiled.cc:127) MK_45A
LOG (gmm-align-compiled[5.5.166~1-013489]:main():gmm-align-compiled.cc:127) MK_479A
LOG (gmm-align-compiled[5.5.166~1-013489]:main():gmm-align-compiled.cc:127) MK_483O7A
LOG (gmm-align-compiled[5.5.166~1-013489]:main():gmm-align-compiled.cc:127) MK_4A
LOG (gmm-align-compiled[5.5.166~1-013489]:main():gmm-align-compiled.cc:127) MK_4B
LOG (gmm-align-compiled[5.5.166~1-013489]:main():gmm-align-compiled.cc:127) MK_4Z2Z1A
LOG (gmm-align-compiled[5.5.166~1-013489]:main():gmm-align-compiled.cc:127) MK_52Z56A
LOG (gmm-align-compiled[5.5.166~1-013489]:main():gmm-align-compiled.cc:127) MK_535A
LOG (gmm-align-compiled[5.5.166~1-013489]:main():gmm-align-compiled.cc:127) MK_5425858A
LOG (gmm-align-compiled[5.5.166~1-013489]:main():gmm-align-compiled.cc:127) MK_56A
LOG (gmm-align-compiled[5.5.166~1-013489]:main():gmm-align-compiled.cc:127) MK_5A
LOG (gmm-align-compiled[5.5.166~1-013489]:main():gmm-align-compiled.cc:127) MK_5B
LOG (gmm-align-compiled[5.5.166~1-013489]:main():gmm-align-compiled.cc:127) MK_5O44O87A
LOG (gmm-align-compiled[5.5.166~1-013489]:main():gmm-align-compiled.cc:127) MK_61A
LOG (gmm-align-compiled[5.5.166~1-013489]:main():gmm-align-compiled.cc:127) MK_6379A
LOG (gmm-align-compiled[5.5.166~1-013489]:main():gmm-align-compiled.cc:127) MK_6717A
LOG (gmm-align-compiled[5.5.166~1-013489]:main():gmm-align-compiled.cc:127) MK_6781625A
LOG (gmm-align-compiled[5.5.166~1-013489]:main():gmm-align-compiled.cc:127) MK_68A
LOG (gmm-align-compiled[5.5.166~1-013489]:main():gmm-align-compiled.cc:127) MK_6A
LOG (gmm-align-compiled[5.5.166~1-013489]:main():gmm-align-compiled.cc:127) MK_6B
LOG (gmm-align-compiled[5.5.166~1-013489]:main():gmm-align-compiled.cc:127) MK_74595A
LOG (gmm-align-compiled[5.5.166~1-013489]:main():gmm-align-compiled.cc:127) MK_764Z6A
LOG (gmm-align-compiled[5.5.166~1-013489]:main():gmm-align-compiled.cc:127) MK_77A
LOG (gmm-align-compiled[5.5.166~1-013489]:main():gmm-align-compiled.cc:127) MK_7A
LOG (gmm-align-compiled[5.5.166~1-013489]:main():gmm-align-compiled.cc:127) MK_7B
LOG (gmm-align-compiled[5.5.166~1-013489]:main():gmm-align-compiled.cc:127) MK_7O94A
LOG (gmm-align-compiled[5.5.166~1-013489]:main():gmm-align-compiled.cc:127) MK_7Z4Z1A
LOG (gmm-align-compiled[5.5.166~1-013489]:main():gmm-align-compiled.cc:127) MK_892A
LOG (gmm-align-compiled[5.5.166~1-013489]:main():gmm-align-compiled.cc:127) MK_89O3A
LOG (gmm-align-compiled[5.5.166~1-013489]:main():gmm-align-compiled.cc:127) MK_8A
LOG (gmm-align-compiled[5.5.166~1-013489]:main():gmm-align-compiled.cc:127) MK_8B
LOG (gmm-align-compiled[5.5.166~1-013489]:main():gmm-align-compiled.cc:127) MK_8O693A
LOG (gmm-align-compiled[5.5.166~1-013489]:main():gmm-align-compiled.cc:127) MK_8Z32A
LOG (gmm-align-compiled[5.5.166~1-013489]:main():gmm-align-compiled.cc:127) MK_8Z39221A
LOG (gmm-align-compiled[5.5.166~1-013489]:main():gmm-align-compiled.cc:127) MK_91A
LOG (gmm-align-compiled[5.5.166~1-013489]:main():gmm-align-compiled.cc:127) MK_91B
LOG (gmm-align-compiled[5.5.166~1-013489]:main():gmm-align-compiled.cc:127) MK_9754A
LOG (gmm-align-compiled[5.5.166~1-013489]:main():gmm-align-compiled.cc:127) MK_9781ZZ2A
LOG (gmm-align-compiled[5.5.166~1-013489]:main():gmm-align-compiled.cc:127) MK_995OA
LOG (gmm-align-compiled[5.5.166~1-013489]:main():gmm-align-compiled.cc:127) MK_9A
LOG (gmm-align-compiled[5.5.166~1-013489]:main():gmm-align-compiled.cc:127) MK_9B
LOG (gmm-align-compiled[5.5.166~1-013489]:main():gmm-align-compiled.cc:127) MK_O1431OOA
LOG (gmm-align-compiled[5.5.166~1-013489]:main():gmm-align-compiled.cc:127) MK_O1A
LOG (gmm-align-compiled[5.5.166~1-013489]:main():gmm-align-compiled.cc:127) MK_O2OO9A
LOG (gmm-align-compiled[5.5.166~1-013489]:main():gmm-align-compiled.cc:127) MK_O5O2A
LOG (gmm-align-compiled[5.5.166~1-013489]:main():gmm-align-compiled.cc:127) MK_O72A
LOG (gmm-align-compiled[5.5.166~1-013489]:main():gmm-align-compiled.cc:127) MK_OA
LOG (gmm-align-compiled[5.5.166~1-013489]:main():gmm-align-compiled.cc:127) MK_OB
LOG (gmm-align-compiled[5.5.166~1-013489]:main():gmm-align-compiled.cc:127) MK_Z6ZZA
LOG (gmm-align-compiled[5.5.166~1-013489]:main():gmm-align-compiled.cc:127) MK_Z73ZA
LOG (gmm-align-compiled[5.5.166~1-013489]:main():gmm-align-compiled.cc:127) MK_Z7712A
LOG (gmm-align-compiled[5.5.166~1-013489]:main():gmm-align-compiled.cc:127) MK_Z8298A
LOG (gmm-align-compiled[5.5.166~1-013489]:main():gmm-align-compiled.cc:127) MK_Z9A
LOG (gmm-align-compiled[5.5.166~1-013489]:main():gmm-align-compiled.cc:127) MK_ZA
LOG (gmm-align-compiled[5.5.166~1-013489]:main():gmm-align-compiled.cc:127) MK_ZB
LOG (gmm-align-compiled[5.5.166~1-013489]:main():gmm-align-compiled.cc:127) MM_12A
LOG (gmm-align-compiled[5.5.166~1-013489]:main():gmm-align-compiled.cc:127) MM_1549OA
LOG (gmm-align-compiled[5.5.166~1-013489]:main():gmm-align-compiled.cc:127) MM_19A
LOG (gmm-align-compiled[5.5.166~1-013489]:main():gmm-align-compiled.cc:127) MM_1A
LOG (gmm-align-compiled[5.5.166~1-013489]:main():gmm-align-compiled.cc:127) MM_1B
LOG (gmm-align-compiled[5.5.166~1-013489]:main():gmm-align-compiled.cc:127) MM_1OOA
LOG (gmm-align-compiled[5.5.166~1-013489]:main():gmm-align-compiled.cc:127) MM_1ZA
LOG (gmm-align-compiled[5.5.166~1-013489]:main():gmm-align-compiled.cc:127) MM_2111685A
LOG (gmm-align-compiled[5.5.166~1-013489]:main():gmm-align-compiled.cc:127) MM_21Z2326A
LOG (gmm-align-compiled[5.5.166~1-013489]:main():gmm-align-compiled.cc:127) MM_25O6A
LOG (gmm-align-compiled[5.5.166~1-013489]:main():gmm-align-compiled.cc:127) MM_289Z7A
LOG (gmm-align-compiled[5.5.166~1-013489]:main():gmm-align-compiled.cc:127) MM_2A
LOG (gmm-align-compiled[5.5.166~1-013489]:main():gmm-align-compiled.cc:127) MM_2B
LOG (gmm-align-compiled[5.5.166~1-013489]:main():gmm-align-compiled.cc:127) MM_2O18793A
LOG (gmm-align-compiled[5.5.166~1-013489]:main():gmm-align-compiled.cc:127) MM_342A
LOG (gmm-align-compiled[5.5.166~1-013489]:main():gmm-align-compiled.cc:127) MM_35451A
LOG (gmm-align-compiled[5.5.166~1-013489]:main():gmm-align-compiled.cc:127) MM_373A
LOG (gmm-align-compiled[5.5.166~1-013489]:main():gmm-align-compiled.cc:127) MM_381A
LOG (gmm-align-compiled[5.5.166~1-013489]:main():gmm-align-compiled.cc:127) MM_38675A
LOG (gmm-align-compiled[5.5.166~1-013489]:main():gmm-align-compiled.cc:127) MM_3A
LOG (gmm-align-compiled[5.5.166~1-013489]:main():gmm-align-compiled.cc:127) MM_3B
LOG (gmm-align-compiled[5.5.166~1-013489]:main():gmm-align-compiled.cc:127) MM_418A
LOG (gmm-align-compiled[5.5.166~1-013489]:main():gmm-align-compiled.cc:127) MM_4362A
LOG (gmm-align-compiled[5.5.166~1-013489]:main():gmm-align-compiled.cc:127) MM_44A
LOG (gmm-align-compiled[5.5.166~1-013489]:main():gmm-align-compiled.cc:127) MM_4917A
LOG (gmm-align-compiled[5.5.166~1-013489]:main():gmm-align-compiled.cc:127) MM_4A
LOG (gmm-align-compiled[5.5.166~1-013489]:main():gmm-align-compiled.cc:127) MM_4B
LOG (gmm-align-compiled[5.5.166~1-013489]:main():gmm-align-compiled.cc:127) MM_4ZZ4A
LOG (gmm-align-compiled[5.5.166~1-013489]:main():gmm-align-compiled.cc:127) MM_52A
LOG (gmm-align-compiled[5.5.166~1-013489]:main():gmm-align-compiled.cc:127) MM_52Z8A
LOG (gmm-align-compiled[5.5.166~1-013489]:main():gmm-align-compiled.cc:127) MM_5569A
LOG (gmm-align-compiled[5.5.166~1-013489]:main():gmm-align-compiled.cc:127) MM_57A
LOG (gmm-align-compiled[5.5.166~1-013489]:main():gmm-align-compiled.cc:127) MM_59A
LOG (gmm-align-compiled[5.5.166~1-013489]:main():gmm-align-compiled.cc:127) MM_5A
LOG (gmm-align-compiled[5.5.166~1-013489]:main():gmm-align-compiled.cc:127) MM_5B
LOG (gmm-align-compiled[5.5.166~1-013489]:main():gmm-align-compiled.cc:127) MM_613Z158A
LOG (gmm-align-compiled[5.5.166~1-013489]:main():gmm-align-compiled.cc:127) MM_68O42A
LOG (gmm-align-compiled[5.5.166~1-013489]:main():gmm-align-compiled.cc:127) MM_693A
LOG (gmm-align-compiled[5.5.166~1-013489]:main():gmm-align-compiled.cc:127) MM_6A
LOG (gmm-align-compiled[5.5.166~1-013489]:main():gmm-align-compiled.cc:127) MM_6B
LOG (gmm-align-compiled[5.5.166~1-013489]:main():gmm-align-compiled.cc:127) MM_6O2A
LOG (gmm-align-compiled[5.5.166~1-013489]:main():gmm-align-compiled.cc:127) MM_6Z1A
LOG (gmm-align-compiled[5.5.166~1-013489]:main():gmm-align-compiled.cc:127) MM_7251764A
LOG (gmm-align-compiled[5.5.166~1-013489]:main():gmm-align-compiled.cc:127) MM_7488ZA
LOG (gmm-align-compiled[5.5.166~1-013489]:main():gmm-align-compiled.cc:127) MM_7731A
LOG (gmm-align-compiled[5.5.166~1-013489]:main():gmm-align-compiled.cc:127) MM_7A
LOG (gmm-align-compiled[5.5.166~1-013489]:main():gmm-align-compiled.cc:127) MM_7B
LOG (gmm-align-compiled[5.5.166~1-013489]:main():gmm-align-compiled.cc:127) MM_7O91OOOA
LOG (gmm-align-compiled[5.5.166~1-013489]:main():gmm-align-compiled.cc:127) MM_7ZA
LOG (gmm-align-compiled[5.5.166~1-013489]:main():gmm-align-compiled.cc:127) MM_8246A
LOG (gmm-align-compiled[5.5.166~1-013489]:main():gmm-align-compiled.cc:127) MM_84O7619A
LOG (gmm-align-compiled[5.5.166~1-013489]:main():gmm-align-compiled.cc:127) MM_85A
LOG (gmm-align-compiled[5.5.166~1-013489]:main():gmm-align-compiled.cc:127) MM_88O4663A
LOG (gmm-align-compiled[5.5.166~1-013489]:main():gmm-align-compiled.cc:127) MM_8A
LOG (gmm-align-compiled[5.5.166~1-013489]:main():gmm-align-compiled.cc:127) MM_8B
LOG (gmm-align-compiled[5.5.166~1-013489]:main():gmm-align-compiled.cc:127) MM_8ZA
LOG (gmm-align-compiled[5.5.166~1-013489]:main():gmm-align-compiled.cc:127) MM_941A
LOG (gmm-align-compiled[5.5.166~1-013489]:main():gmm-align-compiled.cc:127) MM_97136A
LOG (gmm-align-compiled[5.5.166~1-013489]:main():gmm-align-compiled.cc:127) MM_97OO2A
LOG (gmm-align-compiled[5.5.166~1-013489]:main():gmm-align-compiled.cc:127) MM_9829OA
LOG (gmm-align-compiled[5.5.166~1-013489]:main():gmm-align-compiled.cc:127) MM_99A
LOG (gmm-align-compiled[5.5.166~1-013489]:main():gmm-align-compiled.cc:127) MM_9A
LOG (gmm-align-compiled[5.5.166~1-013489]:main():gmm-align-compiled.cc:127) MM_9B
LOG (gmm-align-compiled[5.5.166~1-013489]:main():gmm-align-compiled.cc:127) MM_O1244O7A
LOG (gmm-align-compiled[5.5.166~1-013489]:main():gmm-align-compiled.cc:127) MM_O55O5A
LOG (gmm-align-compiled[5.5.166~1-013489]:main():gmm-align-compiled.cc:127) MM_O83OA
LOG (gmm-align-compiled[5.5.166~1-013489]:main():gmm-align-compiled.cc:127) MM_O896A
LOG (gmm-align-compiled[5.5.166~1-013489]:main():gmm-align-compiled.cc:127) MM_O956O62A
LOG (gmm-align-compiled[5.5.166~1-013489]:main():gmm-align-compiled.cc:127) MM_OA
LOG (gmm-align-compiled[5.5.166~1-013489]:main():gmm-align-compiled.cc:127) MM_OB
LOG (gmm-align-compiled[5.5.166~1-013489]:main():gmm-align-compiled.cc:127) MM_Z471A
LOG (gmm-align-compiled[5.5.166~1-013489]:main():gmm-align-compiled.cc:127) MM_Z5339A
LOG (gmm-align-compiled[5.5.166~1-013489]:main():gmm-align-compiled.cc:127) MM_Z96A
LOG (gmm-align-compiled[5.5.166~1-013489]:main():gmm-align-compiled.cc:127) MM_ZA
LOG (gmm-align-compiled[5.5.166~1-013489]:main():gmm-align-compiled.cc:127) MM_ZB
LOG (gmm-align-compiled[5.5.166~1-013489]:main():gmm-align-compiled.cc:127) MM_ZZ266Z9A
LOG (gmm-align-compiled[5.5.166~1-013489]:main():gmm-align-compiled.cc:127) MM_ZZ7A
LOG (gmm-align-compiled[5.5.166~1-013489]:main():gmm-align-compiled.cc:127) MP_1475457A
LOG (gmm-align-compiled[5.5.166~1-013489]:main():gmm-align-compiled.cc:127) MP_18O49A
LOG (gmm-align-compiled[5.5.166~1-013489]:main():gmm-align-compiled.cc:127) MP_19A
LOG (gmm-align-compiled[5.5.166~1-013489]:main():gmm-align-compiled.cc:127) MP_1A
LOG (gmm-align-compiled[5.5.166~1-013489]:main():gmm-align-compiled.cc:127) MP_1B
LOG (gmm-align-compiled[5.5.166~1-013489]:main():gmm-align-compiled.cc:127) MP_1OA
LOG (gmm-align-compiled[5.5.166~1-013489]:main():gmm-align-compiled.cc:127) MP_1Z4A
LOG (gmm-align-compiled[5.5.166~1-013489]:main():gmm-align-compiled.cc:127) MP_2212A
LOG (gmm-align-compiled[5.5.166~1-013489]:main():gmm-align-compiled.cc:127) MP_233934ZA
LOG (gmm-align-compiled[5.5.166~1-013489]:main():gmm-align-compiled.cc:127) MP_257A
LOG (gmm-align-compiled[5.5.166~1-013489]:main():gmm-align-compiled.cc:127) MP_269A
LOG (gmm-align-compiled[5.5.166~1-013489]:main():gmm-align-compiled.cc:127) MP_2856ZA
LOG (gmm-align-compiled[5.5.166~1-013489]:main():gmm-align-compiled.cc:127) MP_2A
LOG (gmm-align-compiled[5.5.166~1-013489]:main():gmm-align-compiled.cc:127) MP_2B
LOG (gmm-align-compiled[5.5.166~1-013489]:main():gmm-align-compiled.cc:127) MP_3141786A
LOG (gmm-align-compiled[5.5.166~1-013489]:main():gmm-align-compiled.cc:127) MP_33A
LOG (gmm-align-compiled[5.5.166~1-013489]:main():gmm-align-compiled.cc:127) MP_35881A
LOG (gmm-align-compiled[5.5.166~1-013489]:main():gmm-align-compiled.cc:127) MP_3737ZA
LOG (gmm-align-compiled[5.5.166~1-013489]:main():gmm-align-compiled.cc:127) MP_3A
LOG (gmm-align-compiled[5.5.166~1-013489]:main():gmm-align-compiled.cc:127) MP_3B
LOG (gmm-align-compiled[5.5.166~1-013489]:main():gmm-align-compiled.cc:127) MP_3OO1826A
LOG (gmm-align-compiled[5.5.166~1-013489]:main():gmm-align-compiled.cc:127) MP_435OA
LOG (gmm-align-compiled[5.5.166~1-013489]:main():gmm-align-compiled.cc:127) MP_44A
LOG (gmm-align-compiled[5.5.166~1-013489]:main():gmm-align-compiled.cc:127) MP_48OA
LOG (gmm-align-compiled[5.5.166~1-013489]:main():gmm-align-compiled.cc:127) MP_4A
LOG (gmm-align-compiled[5.5.166~1-013489]:main():gmm-align-compiled.cc:127) MP_4B
LOG (gmm-align-compiled[5.5.166~1-013489]:main():gmm-align-compiled.cc:127) MP_4O75O65A
LOG (gmm-align-compiled[5.5.166~1-013489]:main():gmm-align-compiled.cc:127) MP_4OA
LOG (gmm-align-compiled[5.5.166~1-013489]:main():gmm-align-compiled.cc:127) MP_51A
LOG (gmm-align-compiled[5.5.166~1-013489]:main():gmm-align-compiled.cc:127) MP_51O2O13A
LOG (gmm-align-compiled[5.5.166~1-013489]:main():gmm-align-compiled.cc:127) MP_53A
LOG (gmm-align-compiled[5.5.166~1-013489]:main():gmm-align-compiled.cc:127) MP_55589A
LOG (gmm-align-compiled[5.5.166~1-013489]:main():gmm-align-compiled.cc:127) MP_5A
LOG (gmm-align-compiled[5.5.166~1-013489]:main():gmm-align-compiled.cc:127) MP_5B
LOG (gmm-align-compiled[5.5.166~1-013489]:main():gmm-align-compiled.cc:127) MP_5O964A
LOG (gmm-align-compiled[5.5.166~1-013489]:main():gmm-align-compiled.cc:127) MP_62543A
LOG (gmm-align-compiled[5.5.166~1-013489]:main():gmm-align-compiled.cc:127) MP_632A
LOG (gmm-align-compiled[5.5.166~1-013489]:main():gmm-align-compiled.cc:127) MP_63O7A
LOG (gmm-align-compiled[5.5.166~1-013489]:main():gmm-align-compiled.cc:127) MP_671A
LOG (gmm-align-compiled[5.5.166~1-013489]:main():gmm-align-compiled.cc:127) MP_6A
LOG (gmm-align-compiled[5.5.166~1-013489]:main():gmm-align-compiled.cc:127) MP_6B
LOG (gmm-align-compiled[5.5.166~1-013489]:main():gmm-align-compiled.cc:127) MP_6Z45A
LOG (gmm-align-compiled[5.5.166~1-013489]:main():gmm-align-compiled.cc:127) MP_738A
LOG (gmm-align-compiled[5.5.166~1-013489]:main():gmm-align-compiled.cc:127) MP_7442417A
LOG (gmm-align-compiled[5.5.166~1-013489]:main():gmm-align-compiled.cc:127) MP_748A
LOG (gmm-align-compiled[5.5.166~1-013489]:main():gmm-align-compiled.cc:127) MP_7613A
LOG (gmm-align-compiled[5.5.166~1-013489]:main():gmm-align-compiled.cc:127) MP_7A
LOG (gmm-align-compiled[5.5.166~1-013489]:main():gmm-align-compiled.cc:127) MP_7B
LOG (gmm-align-compiled[5.5.166~1-013489]:main():gmm-align-compiled.cc:127) MP_7OA
LOG (gmm-align-compiled[5.5.166~1-013489]:main():gmm-align-compiled.cc:127) MP_8153611A
LOG (gmm-align-compiled[5.5.166~1-013489]:main():gmm-align-compiled.cc:127) MP_8384A
LOG (gmm-align-compiled[5.5.166~1-013489]:main():gmm-align-compiled.cc:127) MP_84A
LOG (gmm-align-compiled[5.5.166~1-013489]:main():gmm-align-compiled.cc:127) MP_86787A
LOG (gmm-align-compiled[5.5.166~1-013489]:main():gmm-align-compiled.cc:127) MP_872A
LOG (gmm-align-compiled[5.5.166~1-013489]:main():gmm-align-compiled.cc:127) MP_8A
LOG (gmm-align-compiled[5.5.166~1-013489]:main():gmm-align-compiled.cc:127) MP_8B
LOG (gmm-align-compiled[5.5.166~1-013489]:main():gmm-align-compiled.cc:127) MP_91646A
LOG (gmm-align-compiled[5.5.166~1-013489]:main():gmm-align-compiled.cc:127) MP_9883A
LOG (gmm-align-compiled[5.5.166~1-013489]:main():gmm-align-compiled.cc:127) MP_9966A
LOG (gmm-align-compiled[5.5.166~1-013489]:main():gmm-align-compiled.cc:127) MP_9A
LOG (gmm-align-compiled[5.5.166~1-013489]:main():gmm-align-compiled.cc:127) MP_9B
LOG (gmm-align-compiled[5.5.166~1-013489]:main():gmm-align-compiled.cc:127) MP_9OA
LOG (gmm-align-compiled[5.5.166~1-013489]:main():gmm-align-compiled.cc:127) MP_9Z22492A
LOG (gmm-align-compiled[5.5.166~1-013489]:main():gmm-align-compiled.cc:127) MP_O3O8A
LOG (gmm-align-compiled[5.5.166~1-013489]:main():gmm-align-compiled.cc:127) MP_O68A
LOG (gmm-align-compiled[5.5.166~1-013489]:main():gmm-align-compiled.cc:127) MP_O8O47O3A
LOG (gmm-align-compiled[5.5.166~1-013489]:main():gmm-align-compiled.cc:127) MP_OA
LOG (gmm-align-compiled[5.5.166~1-013489]:main():gmm-align-compiled.cc:127) MP_OB
LOG (gmm-align-compiled[5.5.166~1-013489]:main():gmm-align-compiled.cc:127) MP_OO21A
LOG (gmm-align-compiled[5.5.166~1-013489]:main():gmm-align-compiled.cc:127) MP_OO5A
LOG (gmm-align-compiled[5.5.166~1-013489]:main():gmm-align-compiled.cc:127) MP_Z12895ZA
LOG (gmm-align-compiled[5.5.166~1-013489]:main():gmm-align-compiled.cc:127) MP_Z1A
LOG (gmm-align-compiled[5.5.166~1-013489]:main():gmm-align-compiled.cc:127) MP_Z7695A
LOG (gmm-align-compiled[5.5.166~1-013489]:main():gmm-align-compiled.cc:127) MP_Z827A
LOG (gmm-align-compiled[5.5.166~1-013489]:main():gmm-align-compiled.cc:127) MP_ZA
LOG (gmm-align-compiled[5.5.166~1-013489]:main():gmm-align-compiled.cc:127) MP_ZB
LOG (gmm-align-compiled[5.5.166~1-013489]:main():gmm-align-compiled.cc:127) MP_ZZ566A
LOG (gmm-align-compiled[5.5.166~1-013489]:main():gmm-align-compiled.cc:127) MR_117OA
LOG (gmm-align-compiled[5.5.166~1-013489]:main():gmm-align-compiled.cc:127) MR_1497ZA
LOG (gmm-align-compiled[5.5.166~1-013489]:main():gmm-align-compiled.cc:127) MR_15OA
LOG (gmm-align-compiled[5.5.166~1-013489]:main():gmm-align-compiled.cc:127) MR_16A
LOG (gmm-align-compiled[5.5.166~1-013489]:main():gmm-align-compiled.cc:127) MR_1893945A
LOG (gmm-align-compiled[5.5.166~1-013489]:main():gmm-align-compiled.cc:127) MR_1A
LOG (gmm-align-compiled[5.5.166~1-013489]:main():gmm-align-compiled.cc:127) MR_1B
LOG (gmm-align-compiled[5.5.166~1-013489]:main():gmm-align-compiled.cc:127) MR_2467A
LOG (gmm-align-compiled[5.5.166~1-013489]:main():gmm-align-compiled.cc:127) MR_25595A
LOG (gmm-align-compiled[5.5.166~1-013489]:main():gmm-align-compiled.cc:127) MR_25A
LOG (gmm-align-compiled[5.5.166~1-013489]:main():gmm-align-compiled.cc:127) MR_2827A
LOG (gmm-align-compiled[5.5.166~1-013489]:main():gmm-align-compiled.cc:127) MR_2A
LOG (gmm-align-compiled[5.5.166~1-013489]:main():gmm-align-compiled.cc:127) MR_2B
LOG (gmm-align-compiled[5.5.166~1-013489]:main():gmm-align-compiled.cc:127) MR_2Z2996ZA
LOG (gmm-align-compiled[5.5.166~1-013489]:main():gmm-align-compiled.cc:127) MR_31Z6A
LOG (gmm-align-compiled[5.5.166~1-013489]:main():gmm-align-compiled.cc:127) MR_346OA
LOG (gmm-align-compiled[5.5.166~1-013489]:main():gmm-align-compiled.cc:127) MR_36512A
LOG (gmm-align-compiled[5.5.166~1-013489]:main():gmm-align-compiled.cc:127) MR_3A
LOG (gmm-align-compiled[5.5.166~1-013489]:main():gmm-align-compiled.cc:127) MR_3B
LOG (gmm-align-compiled[5.5.166~1-013489]:main():gmm-align-compiled.cc:127) MR_3O484O1A
LOG (gmm-align-compiled[5.5.166~1-013489]:main():gmm-align-compiled.cc:127) MR_3Z377A
LOG (gmm-align-compiled[5.5.166~1-013489]:main():gmm-align-compiled.cc:127) MR_4379ZZ7A
LOG (gmm-align-compiled[5.5.166~1-013489]:main():gmm-align-compiled.cc:127) MR_437A
LOG (gmm-align-compiled[5.5.166~1-013489]:main():gmm-align-compiled.cc:127) MR_44179A
LOG (gmm-align-compiled[5.5.166~1-013489]:main():gmm-align-compiled.cc:127) MR_4A
LOG (gmm-align-compiled[5.5.166~1-013489]:main():gmm-align-compiled.cc:127) MR_4B
LOG (gmm-align-compiled[5.5.166~1-013489]:main():gmm-align-compiled.cc:127) MR_4O2A
LOG (gmm-align-compiled[5.5.166~1-013489]:main():gmm-align-compiled.cc:127) MR_4ZZ3A
LOG (gmm-align-compiled[5.5.166~1-013489]:main():gmm-align-compiled.cc:127) MR_56Z4A
LOG (gmm-align-compiled[5.5.166~1-013489]:main():gmm-align-compiled.cc:127) MR_5756886A
LOG (gmm-align-compiled[5.5.166~1-013489]:main():gmm-align-compiled.cc:127) MR_586A
LOG (gmm-align-compiled[5.5.166~1-013489]:main():gmm-align-compiled.cc:127) MR_5981A
LOG (gmm-align-compiled[5.5.166~1-013489]:main():gmm-align-compiled.cc:127) MR_5A
LOG (gmm-align-compiled[5.5.166~1-013489]:main():gmm-align-compiled.cc:127) MR_5B
LOG (gmm-align-compiled[5.5.166~1-013489]:main():gmm-align-compiled.cc:127) MR_5ZA
LOG (gmm-align-compiled[5.5.166~1-013489]:main():gmm-align-compiled.cc:127) MR_61A
LOG (gmm-align-compiled[5.5.166~1-013489]:main():gmm-align-compiled.cc:127) MR_6238A
LOG (gmm-align-compiled[5.5.166~1-013489]:main():gmm-align-compiled.cc:127) MR_643A
LOG (gmm-align-compiled[5.5.166~1-013489]:main():gmm-align-compiled.cc:127) MR_68524A
LOG (gmm-align-compiled[5.5.166~1-013489]:main():gmm-align-compiled.cc:127) MR_699A
LOG (gmm-align-compiled[5.5.166~1-013489]:main():gmm-align-compiled.cc:127) MR_6A
LOG (gmm-align-compiled[5.5.166~1-013489]:main():gmm-align-compiled.cc:127) MR_6B
LOG (gmm-align-compiled[5.5.166~1-013489]:main():gmm-align-compiled.cc:127) MR_72911A
LOG (gmm-align-compiled[5.5.166~1-013489]:main():gmm-align-compiled.cc:127) MR_75A
LOG (gmm-align-compiled[5.5.166~1-013489]:main():gmm-align-compiled.cc:127) MR_764A
LOG (gmm-align-compiled[5.5.166~1-013489]:main():gmm-align-compiled.cc:127) MR_771Z5A
LOG (gmm-align-compiled[5.5.166~1-013489]:main():gmm-align-compiled.cc:127) MR_79A
LOG (gmm-align-compiled[5.5.166~1-013489]:main():gmm-align-compiled.cc:127) MR_7A
LOG (gmm-align-compiled[5.5.166~1-013489]:main():gmm-align-compiled.cc:127) MR_7B
LOG (gmm-align-compiled[5.5.166~1-013489]:main():gmm-align-compiled.cc:127) MR_81A
LOG (gmm-align-compiled[5.5.166~1-013489]:main():gmm-align-compiled.cc:127) MR_84A
LOG (gmm-align-compiled[5.5.166~1-013489]:main():gmm-align-compiled.cc:127) MR_876A
LOG (gmm-align-compiled[5.5.166~1-013489]:main():gmm-align-compiled.cc:127) MR_89A
LOG (gmm-align-compiled[5.5.166~1-013489]:main():gmm-align-compiled.cc:127) MR_8A
LOG (gmm-align-compiled[5.5.166~1-013489]:main():gmm-align-compiled.cc:127) MR_8B
LOG (gmm-align-compiled[5.5.166~1-013489]:main():gmm-align-compiled.cc:127) MR_8O7497OA
LOG (gmm-align-compiled[5.5.166~1-013489]:main():gmm-align-compiled.cc:127) MR_92336Z8A
LOG (gmm-align-compiled[5.5.166~1-013489]:main():gmm-align-compiled.cc:127) MR_926A
LOG (gmm-align-compiled[5.5.166~1-013489]:main():gmm-align-compiled.cc:127) MR_96578A
LOG (gmm-align-compiled[5.5.166~1-013489]:main():gmm-align-compiled.cc:127) MR_98328A
LOG (gmm-align-compiled[5.5.166~1-013489]:main():gmm-align-compiled.cc:127) MR_9A
LOG (gmm-align-compiled[5.5.166~1-013489]:main():gmm-align-compiled.cc:127) MR_9B
LOG (gmm-align-compiled[5.5.166~1-013489]:main():gmm-align-compiled.cc:127) MR_9O69A
LOG (gmm-align-compiled[5.5.166~1-013489]:main():gmm-align-compiled.cc:127) MR_O2O6672A
LOG (gmm-align-compiled[5.5.166~1-013489]:main():gmm-align-compiled.cc:127) MR_O3O5351A
LOG (gmm-align-compiled[5.5.166~1-013489]:main():gmm-align-compiled.cc:127) MR_O78A
LOG (gmm-align-compiled[5.5.166~1-013489]:main():gmm-align-compiled.cc:127) MR_O9A
LOG (apply-cmvn[5.5.166~1-013489]:main():apply-cmvn.cc:162) Applied cepstral mean normalization to 539 utterances, errors on 0
LOG (gmm-align-compiled[5.5.166~1-013489]:main():gmm-align-compiled.cc:127) MR_OA
LOG (gmm-align-compiled[5.5.166~1-013489]:main():gmm-align-compiled.cc:127) MR_OB
LOG (gmm-align-compiled[5.5.166~1-013489]:main():gmm-align-compiled.cc:127) MR_OO85A
LOG (gmm-align-compiled[5.5.166~1-013489]:main():gmm-align-compiled.cc:127) MR_Z13A
LOG (gmm-align-compiled[5.5.166~1-013489]:main():gmm-align-compiled.cc:127) MR_Z42Z1A
LOG (gmm-align-compiled[5.5.166~1-013489]:main():gmm-align-compiled.cc:127) MR_Z635221A
LOG (gmm-align-compiled[5.5.166~1-013489]:main():gmm-align-compiled.cc:127) MR_ZA
LOG (gmm-align-compiled[5.5.166~1-013489]:main():gmm-align-compiled.cc:127) MR_ZB
LOG (gmm-align-compiled[5.5.166~1-013489]:main():gmm-align-compiled.cc:127) MR_ZZ93Z8ZA
LOG (gmm-align-compiled[5.5.166~1-013489]:main():gmm-align-compiled.cc:127) MR_ZZA
LOG (gmm-align-compiled[5.5.166~1-013489]:main():gmm-align-compiled.cc:135) Overall log-likelihood per frame is -90.2312 over 99263 frames.
LOG (gmm-align-compiled[5.5.166~1-013489]:main():gmm-align-compiled.cc:137) Retried 0 out of 539 utterances.
LOG (gmm-align-compiled[5.5.166~1-013489]:main():gmm-align-compiled.cc:139) Done 539, errors on 0
# Accounting: time=2 threads=1
# Ended (code 0) at Mon Dec  2 13:39:43 CST 2019, elapsed time 2 seconds
