# gmm-align-compiled --transition-scale=1.0 --acoustic-scale=0.1 --self-loop-scale=0.1 --beam=10 --retry-beam=40 --careful=false "gmm-boost-silence --boost=1.0 1 exp/tri1/10.mdl - |" "ark:gunzip -c exp/tri1/fsts.8.gz|" "ark,s,cs:apply-cmvn  --utt2spk=ark:data/train/split16/8/utt2spk scp:data/train/split16/8/cmvn.scp scp:data/train/split16/8/feats.scp ark:- | add-deltas  ark:- ark:- |" "ark:|gzip -c >exp/tri1/ali.8.gz" 
# Started at Mon Dec  2 13:39:35 CST 2019
#
gmm-align-compiled --transition-scale=1.0 --acoustic-scale=0.1 --self-loop-scale=0.1 --beam=10 --retry-beam=40 --careful=false 'gmm-boost-silence --boost=1.0 1 exp/tri1/10.mdl - |' 'ark:gunzip -c exp/tri1/fsts.8.gz|' 'ark,s,cs:apply-cmvn  --utt2spk=ark:data/train/split16/8/utt2spk scp:data/train/split16/8/cmvn.scp scp:data/train/split16/8/feats.scp ark:- | add-deltas  ark:- ark:- |' 'ark:|gzip -c >exp/tri1/ali.8.gz' 
gmm-boost-silence --boost=1.0 1 exp/tri1/10.mdl - 
LOG (gmm-boost-silence[5.5.166~1-013489]:main():gmm-boost-silence.cc:93) Boosted weights for 5 pdfs, by factor of 1
LOG (gmm-boost-silence[5.5.166~1-013489]:main():gmm-boost-silence.cc:103) Wrote model to -
apply-cmvn --utt2spk=ark:data/train/split16/8/utt2spk scp:data/train/split16/8/cmvn.scp scp:data/train/split16/8/feats.scp ark:- 
add-deltas ark:- ark:- 
LOG (gmm-align-compiled[5.5.166~1-013489]:main():gmm-align-compiled.cc:127) HS_125857OA
LOG (gmm-align-compiled[5.5.166~1-013489]:main():gmm-align-compiled.cc:127) HS_1477685A
LOG (gmm-align-compiled[5.5.166~1-013489]:main():gmm-align-compiled.cc:127) HS_1535A
LOG (gmm-align-compiled[5.5.166~1-013489]:main():gmm-align-compiled.cc:127) HS_189O5A
LOG (gmm-align-compiled[5.5.166~1-013489]:main():gmm-align-compiled.cc:127) HS_1943A
LOG (gmm-align-compiled[5.5.166~1-013489]:main():gmm-align-compiled.cc:127) HS_1A
LOG (gmm-align-compiled[5.5.166~1-013489]:main():gmm-align-compiled.cc:127) HS_1B
LOG (gmm-align-compiled[5.5.166~1-013489]:main():gmm-align-compiled.cc:127) HS_219ZZA
LOG (gmm-align-compiled[5.5.166~1-013489]:main():gmm-align-compiled.cc:127) HS_27A
LOG (gmm-align-compiled[5.5.166~1-013489]:main():gmm-align-compiled.cc:127) HS_2841A
LOG (gmm-align-compiled[5.5.166~1-013489]:main():gmm-align-compiled.cc:127) HS_29ZZ624A
LOG (gmm-align-compiled[5.5.166~1-013489]:main():gmm-align-compiled.cc:127) HS_2A
LOG (gmm-align-compiled[5.5.166~1-013489]:main():gmm-align-compiled.cc:127) HS_2B
LOG (gmm-align-compiled[5.5.166~1-013489]:main():gmm-align-compiled.cc:127) HS_2ZA
LOG (gmm-align-compiled[5.5.166~1-013489]:main():gmm-align-compiled.cc:127) HS_33149A
LOG (gmm-align-compiled[5.5.166~1-013489]:main():gmm-align-compiled.cc:127) HS_34A
LOG (gmm-align-compiled[5.5.166~1-013489]:main():gmm-align-compiled.cc:127) HS_34ZZ5ZZA
LOG (gmm-align-compiled[5.5.166~1-013489]:main():gmm-align-compiled.cc:127) HS_3697A
LOG (gmm-align-compiled[5.5.166~1-013489]:main():gmm-align-compiled.cc:127) HS_3967178A
LOG (gmm-align-compiled[5.5.166~1-013489]:main():gmm-align-compiled.cc:127) HS_3A
LOG (gmm-align-compiled[5.5.166~1-013489]:main():gmm-align-compiled.cc:127) HS_3B
LOG (gmm-align-compiled[5.5.166~1-013489]:main():gmm-align-compiled.cc:127) HS_422A
LOG (gmm-align-compiled[5.5.166~1-013489]:main():gmm-align-compiled.cc:127) HS_42373A
LOG (gmm-align-compiled[5.5.166~1-013489]:main():gmm-align-compiled.cc:127) HS_46OA
LOG (gmm-align-compiled[5.5.166~1-013489]:main():gmm-align-compiled.cc:127) HS_47A
LOG (gmm-align-compiled[5.5.166~1-013489]:main():gmm-align-compiled.cc:127) HS_4816A
LOG (gmm-align-compiled[5.5.166~1-013489]:main():gmm-align-compiled.cc:127) HS_4A
LOG (gmm-align-compiled[5.5.166~1-013489]:main():gmm-align-compiled.cc:127) HS_4B
LOG (gmm-align-compiled[5.5.166~1-013489]:main():gmm-align-compiled.cc:127) HS_54164A
LOG (gmm-align-compiled[5.5.166~1-013489]:main():gmm-align-compiled.cc:127) HS_57A
LOG (gmm-align-compiled[5.5.166~1-013489]:main():gmm-align-compiled.cc:127) HS_593O3O2A
LOG (gmm-align-compiled[5.5.166~1-013489]:main():gmm-align-compiled.cc:127) HS_5956466A
LOG (gmm-align-compiled[5.5.166~1-013489]:main():gmm-align-compiled.cc:127) HS_5A
LOG (gmm-align-compiled[5.5.166~1-013489]:main():gmm-align-compiled.cc:127) HS_5B
LOG (gmm-align-compiled[5.5.166~1-013489]:main():gmm-align-compiled.cc:127) HS_5Z1A
LOG (gmm-align-compiled[5.5.166~1-013489]:main():gmm-align-compiled.cc:127) HS_611A
LOG (gmm-align-compiled[5.5.166~1-013489]:main():gmm-align-compiled.cc:127) HS_6551Z26A
LOG (gmm-align-compiled[5.5.166~1-013489]:main():gmm-align-compiled.cc:127) HS_65A
LOG (gmm-align-compiled[5.5.166~1-013489]:main():gmm-align-compiled.cc:127) HS_6866A
LOG (gmm-align-compiled[5.5.166~1-013489]:main():gmm-align-compiled.cc:127) HS_6A
LOG (gmm-align-compiled[5.5.166~1-013489]:main():gmm-align-compiled.cc:127) HS_6B
LOG (gmm-align-compiled[5.5.166~1-013489]:main():gmm-align-compiled.cc:127) HS_6Z45139A
LOG (gmm-align-compiled[5.5.166~1-013489]:main():gmm-align-compiled.cc:127) HS_74O48A
LOG (gmm-align-compiled[5.5.166~1-013489]:main():gmm-align-compiled.cc:127) HS_77ZA
LOG (gmm-align-compiled[5.5.166~1-013489]:main():gmm-align-compiled.cc:127) HS_7927A
LOG (gmm-align-compiled[5.5.166~1-013489]:main():gmm-align-compiled.cc:127) HS_79282OOA
LOG (gmm-align-compiled[5.5.166~1-013489]:main():gmm-align-compiled.cc:127) HS_7A
LOG (gmm-align-compiled[5.5.166~1-013489]:main():gmm-align-compiled.cc:127) HS_7B
LOG (gmm-align-compiled[5.5.166~1-013489]:main():gmm-align-compiled.cc:127) HS_7O78A
LOG (gmm-align-compiled[5.5.166~1-013489]:main():gmm-align-compiled.cc:127) HS_826A
LOG (gmm-align-compiled[5.5.166~1-013489]:main():gmm-align-compiled.cc:127) HS_83A
LOG (gmm-align-compiled[5.5.166~1-013489]:main():gmm-align-compiled.cc:127) HS_862A
LOG (gmm-align-compiled[5.5.166~1-013489]:main():gmm-align-compiled.cc:127) HS_87329A
LOG (gmm-align-compiled[5.5.166~1-013489]:main():gmm-align-compiled.cc:127) HS_8A
LOG (gmm-align-compiled[5.5.166~1-013489]:main():gmm-align-compiled.cc:127) HS_8B
LOG (gmm-align-compiled[5.5.166~1-013489]:main():gmm-align-compiled.cc:127) HS_8ZA
LOG (gmm-align-compiled[5.5.166~1-013489]:main():gmm-align-compiled.cc:127) HS_917A
LOG (gmm-align-compiled[5.5.166~1-013489]:main():gmm-align-compiled.cc:127) HS_954ZA
LOG (gmm-align-compiled[5.5.166~1-013489]:main():gmm-align-compiled.cc:127) HS_9722A
LOG (gmm-align-compiled[5.5.166~1-013489]:main():gmm-align-compiled.cc:127) HS_9961538A
LOG (gmm-align-compiled[5.5.166~1-013489]:main():gmm-align-compiled.cc:127) HS_99A
LOG (gmm-align-compiled[5.5.166~1-013489]:main():gmm-align-compiled.cc:127) HS_9A
LOG (gmm-align-compiled[5.5.166~1-013489]:main():gmm-align-compiled.cc:127) HS_9B
LOG (gmm-align-compiled[5.5.166~1-013489]:main():gmm-align-compiled.cc:127) HS_O1A
LOG (gmm-align-compiled[5.5.166~1-013489]:main():gmm-align-compiled.cc:127) HS_O1OA
LOG (gmm-align-compiled[5.5.166~1-013489]:main():gmm-align-compiled.cc:127) HS_O6943A
LOG (gmm-align-compiled[5.5.166~1-013489]:main():gmm-align-compiled.cc:127) HS_O74A
LOG (gmm-align-compiled[5.5.166~1-013489]:main():gmm-align-compiled.cc:127) HS_O872A
LOG (gmm-align-compiled[5.5.166~1-013489]:main():gmm-align-compiled.cc:127) HS_OA
LOG (gmm-align-compiled[5.5.166~1-013489]:main():gmm-align-compiled.cc:127) HS_OB
LOG (gmm-align-compiled[5.5.166~1-013489]:main():gmm-align-compiled.cc:127) HS_Z25A
LOG (gmm-align-compiled[5.5.166~1-013489]:main():gmm-align-compiled.cc:127) HS_Z4Z38A
LOG (gmm-align-compiled[5.5.166~1-013489]:main():gmm-align-compiled.cc:127) HS_Z5Z1ZA
LOG (gmm-align-compiled[5.5.166~1-013489]:main():gmm-align-compiled.cc:127) HS_Z7523A
LOG (gmm-align-compiled[5.5.166~1-013489]:main():gmm-align-compiled.cc:127) HS_Z9A
LOG (gmm-align-compiled[5.5.166~1-013489]:main():gmm-align-compiled.cc:127) HS_ZA
LOG (gmm-align-compiled[5.5.166~1-013489]:main():gmm-align-compiled.cc:127) HS_ZB
LOG (gmm-align-compiled[5.5.166~1-013489]:main():gmm-align-compiled.cc:127) IE_12648A
LOG (gmm-align-compiled[5.5.166~1-013489]:main():gmm-align-compiled.cc:127) IE_147Z2A
LOG (gmm-align-compiled[5.5.166~1-013489]:main():gmm-align-compiled.cc:127) IE_1656A
LOG (gmm-align-compiled[5.5.166~1-013489]:main():gmm-align-compiled.cc:127) IE_18A
LOG (gmm-align-compiled[5.5.166~1-013489]:main():gmm-align-compiled.cc:127) IE_1A
LOG (gmm-align-compiled[5.5.166~1-013489]:main():gmm-align-compiled.cc:127) IE_1B
LOG (gmm-align-compiled[5.5.166~1-013489]:main():gmm-align-compiled.cc:127) IE_1O4A
LOG (gmm-align-compiled[5.5.166~1-013489]:main():gmm-align-compiled.cc:127) IE_22A
LOG (gmm-align-compiled[5.5.166~1-013489]:main():gmm-align-compiled.cc:127) IE_267Z921A
LOG (gmm-align-compiled[5.5.166~1-013489]:main():gmm-align-compiled.cc:127) IE_27O8546A
LOG (gmm-align-compiled[5.5.166~1-013489]:main():gmm-align-compiled.cc:127) IE_2A
LOG (gmm-align-compiled[5.5.166~1-013489]:main():gmm-align-compiled.cc:127) IE_2B
LOG (gmm-align-compiled[5.5.166~1-013489]:main():gmm-align-compiled.cc:127) IE_2O619A
LOG (gmm-align-compiled[5.5.166~1-013489]:main():gmm-align-compiled.cc:127) IE_2O81OA
LOG (gmm-align-compiled[5.5.166~1-013489]:main():gmm-align-compiled.cc:127) IE_3213959A
LOG (gmm-align-compiled[5.5.166~1-013489]:main():gmm-align-compiled.cc:127) IE_353A
LOG (gmm-align-compiled[5.5.166~1-013489]:main():gmm-align-compiled.cc:127) IE_36O2A
LOG (gmm-align-compiled[5.5.166~1-013489]:main():gmm-align-compiled.cc:127) IE_3A
LOG (gmm-align-compiled[5.5.166~1-013489]:main():gmm-align-compiled.cc:127) IE_3B
LOG (gmm-align-compiled[5.5.166~1-013489]:main():gmm-align-compiled.cc:127) IE_3O7A
LOG (gmm-align-compiled[5.5.166~1-013489]:main():gmm-align-compiled.cc:127) IE_3OOOA
LOG (gmm-align-compiled[5.5.166~1-013489]:main():gmm-align-compiled.cc:127) IE_4237452A
LOG (gmm-align-compiled[5.5.166~1-013489]:main():gmm-align-compiled.cc:127) IE_4882414A
LOG (gmm-align-compiled[5.5.166~1-013489]:main():gmm-align-compiled.cc:127) IE_4A
LOG (gmm-align-compiled[5.5.166~1-013489]:main():gmm-align-compiled.cc:127) IE_4B
LOG (gmm-align-compiled[5.5.166~1-013489]:main():gmm-align-compiled.cc:127) IE_4O6A
LOG (gmm-align-compiled[5.5.166~1-013489]:main():gmm-align-compiled.cc:127) IE_4O9A
LOG (gmm-align-compiled[5.5.166~1-013489]:main():gmm-align-compiled.cc:127) IE_4ZA
LOG (gmm-align-compiled[5.5.166~1-013489]:main():gmm-align-compiled.cc:127) IE_53168A
LOG (gmm-align-compiled[5.5.166~1-013489]:main():gmm-align-compiled.cc:127) IE_55A
LOG (gmm-align-compiled[5.5.166~1-013489]:main():gmm-align-compiled.cc:127) IE_55B
LOG (gmm-align-compiled[5.5.166~1-013489]:main():gmm-align-compiled.cc:127) IE_5629A
LOG (gmm-align-compiled[5.5.166~1-013489]:main():gmm-align-compiled.cc:127) IE_58A
LOG (gmm-align-compiled[5.5.166~1-013489]:main():gmm-align-compiled.cc:127) IE_5A
LOG (gmm-align-compiled[5.5.166~1-013489]:main():gmm-align-compiled.cc:127) IE_5B
LOG (gmm-align-compiled[5.5.166~1-013489]:main():gmm-align-compiled.cc:127) IE_61352A
LOG (gmm-align-compiled[5.5.166~1-013489]:main():gmm-align-compiled.cc:127) IE_62A
LOG (gmm-align-compiled[5.5.166~1-013489]:main():gmm-align-compiled.cc:127) IE_669A
LOG (gmm-align-compiled[5.5.166~1-013489]:main():gmm-align-compiled.cc:127) IE_6A
LOG (gmm-align-compiled[5.5.166~1-013489]:main():gmm-align-compiled.cc:127) IE_6B
LOG (gmm-align-compiled[5.5.166~1-013489]:main():gmm-align-compiled.cc:127) IE_6Z65ZA
LOG (gmm-align-compiled[5.5.166~1-013489]:main():gmm-align-compiled.cc:127) IE_6ZA
LOG (gmm-align-compiled[5.5.166~1-013489]:main():gmm-align-compiled.cc:127) IE_7231A
LOG (gmm-align-compiled[5.5.166~1-013489]:main():gmm-align-compiled.cc:127) IE_7336A
LOG (gmm-align-compiled[5.5.166~1-013489]:main():gmm-align-compiled.cc:127) IE_75Z5A
LOG (gmm-align-compiled[5.5.166~1-013489]:main():gmm-align-compiled.cc:127) IE_777A
LOG (gmm-align-compiled[5.5.166~1-013489]:main():gmm-align-compiled.cc:127) IE_7984A
LOG (gmm-align-compiled[5.5.166~1-013489]:main():gmm-align-compiled.cc:127) IE_7A
LOG (gmm-align-compiled[5.5.166~1-013489]:main():gmm-align-compiled.cc:127) IE_7B
LOG (gmm-align-compiled[5.5.166~1-013489]:main():gmm-align-compiled.cc:127) IE_817A
LOG (gmm-align-compiled[5.5.166~1-013489]:main():gmm-align-compiled.cc:127) IE_864A
LOG (gmm-align-compiled[5.5.166~1-013489]:main():gmm-align-compiled.cc:127) IE_876O186A
LOG (gmm-align-compiled[5.5.166~1-013489]:main():gmm-align-compiled.cc:127) IE_8A
LOG (gmm-align-compiled[5.5.166~1-013489]:main():gmm-align-compiled.cc:127) IE_8B
LOG (gmm-align-compiled[5.5.166~1-013489]:main():gmm-align-compiled.cc:127) IE_8Z57A
LOG (gmm-align-compiled[5.5.166~1-013489]:main():gmm-align-compiled.cc:127) IE_8ZA
LOG (gmm-align-compiled[5.5.166~1-013489]:main():gmm-align-compiled.cc:127) IE_917A
LOG (gmm-align-compiled[5.5.166~1-013489]:main():gmm-align-compiled.cc:127) IE_925O9A
LOG (gmm-align-compiled[5.5.166~1-013489]:main():gmm-align-compiled.cc:127) IE_942ZZ3ZA
LOG (gmm-align-compiled[5.5.166~1-013489]:main():gmm-align-compiled.cc:127) IE_9824Z79A
LOG (gmm-align-compiled[5.5.166~1-013489]:main():gmm-align-compiled.cc:127) IE_999ZA
LOG (gmm-align-compiled[5.5.166~1-013489]:main():gmm-align-compiled.cc:127) IE_9A
LOG (gmm-align-compiled[5.5.166~1-013489]:main():gmm-align-compiled.cc:127) IE_9B
LOG (gmm-align-compiled[5.5.166~1-013489]:main():gmm-align-compiled.cc:127) IE_O2OA
LOG (gmm-align-compiled[5.5.166~1-013489]:main():gmm-align-compiled.cc:127) IE_O338932A
LOG (gmm-align-compiled[5.5.166~1-013489]:main():gmm-align-compiled.cc:127) IE_O4734A
LOG (gmm-align-compiled[5.5.166~1-013489]:main():gmm-align-compiled.cc:127) IE_O51O1OOA
LOG (gmm-align-compiled[5.5.166~1-013489]:main():gmm-align-compiled.cc:127) IE_O59O7A
LOG (gmm-align-compiled[5.5.166~1-013489]:main():gmm-align-compiled.cc:127) IE_OA
LOG (gmm-align-compiled[5.5.166~1-013489]:main():gmm-align-compiled.cc:127) IE_OB
LOG (gmm-align-compiled[5.5.166~1-013489]:main():gmm-align-compiled.cc:127) IE_Z115122A
LOG (gmm-align-compiled[5.5.166~1-013489]:main():gmm-align-compiled.cc:127) IE_Z4958A
LOG (gmm-align-compiled[5.5.166~1-013489]:main():gmm-align-compiled.cc:127) IE_Z8A
LOG (gmm-align-compiled[5.5.166~1-013489]:main():gmm-align-compiled.cc:127) IE_ZA
LOG (gmm-align-compiled[5.5.166~1-013489]:main():gmm-align-compiled.cc:127) IE_ZB
LOG (gmm-align-compiled[5.5.166~1-013489]:main():gmm-align-compiled.cc:127) IE_ZZ87A
LOG (gmm-align-compiled[5.5.166~1-013489]:main():gmm-align-compiled.cc:127) IE_ZZA
LOG (gmm-align-compiled[5.5.166~1-013489]:main():gmm-align-compiled.cc:127) IF_1198234A
LOG (gmm-align-compiled[5.5.166~1-013489]:main():gmm-align-compiled.cc:127) IF_1512264A
LOG (gmm-align-compiled[5.5.166~1-013489]:main():gmm-align-compiled.cc:127) IF_178A
LOG (gmm-align-compiled[5.5.166~1-013489]:main():gmm-align-compiled.cc:127) IF_18A
LOG (gmm-align-compiled[5.5.166~1-013489]:main():gmm-align-compiled.cc:127) IF_1A
LOG (gmm-align-compiled[5.5.166~1-013489]:main():gmm-align-compiled.cc:127) IF_1B
LOG (gmm-align-compiled[5.5.166~1-013489]:main():gmm-align-compiled.cc:127) IF_1OO17A
LOG (gmm-align-compiled[5.5.166~1-013489]:main():gmm-align-compiled.cc:127) IF_2654A
LOG (gmm-align-compiled[5.5.166~1-013489]:main():gmm-align-compiled.cc:127) IF_283A
LOG (gmm-align-compiled[5.5.166~1-013489]:main():gmm-align-compiled.cc:127) IF_2931A
LOG (gmm-align-compiled[5.5.166~1-013489]:main():gmm-align-compiled.cc:127) IF_2A
LOG (gmm-align-compiled[5.5.166~1-013489]:main():gmm-align-compiled.cc:127) IF_2B
LOG (gmm-align-compiled[5.5.166~1-013489]:main():gmm-align-compiled.cc:127) IF_2OA
LOG (gmm-align-compiled[5.5.166~1-013489]:main():gmm-align-compiled.cc:127) IF_2Z542A
LOG (gmm-align-compiled[5.5.166~1-013489]:main():gmm-align-compiled.cc:127) IF_32A
LOG (gmm-align-compiled[5.5.166~1-013489]:main():gmm-align-compiled.cc:127) IF_32B
LOG (gmm-align-compiled[5.5.166~1-013489]:main():gmm-align-compiled.cc:127) IF_3399561A
LOG (gmm-align-compiled[5.5.166~1-013489]:main():gmm-align-compiled.cc:127) IF_3589A
LOG (gmm-align-compiled[5.5.166~1-013489]:main():gmm-align-compiled.cc:127) IF_37O84O2A
LOG (gmm-align-compiled[5.5.166~1-013489]:main():gmm-align-compiled.cc:127) IF_3A
LOG (gmm-align-compiled[5.5.166~1-013489]:main():gmm-align-compiled.cc:127) IF_3B
LOG (gmm-align-compiled[5.5.166~1-013489]:main():gmm-align-compiled.cc:127) IF_414A
LOG (gmm-align-compiled[5.5.166~1-013489]:main():gmm-align-compiled.cc:127) IF_431ZA
LOG (gmm-align-compiled[5.5.166~1-013489]:main():gmm-align-compiled.cc:127) IF_475A
LOG (gmm-align-compiled[5.5.166~1-013489]:main():gmm-align-compiled.cc:127) IF_4A
LOG (gmm-align-compiled[5.5.166~1-013489]:main():gmm-align-compiled.cc:127) IF_4B
LOG (gmm-align-compiled[5.5.166~1-013489]:main():gmm-align-compiled.cc:127) IF_4O3O125A
LOG (gmm-align-compiled[5.5.166~1-013489]:main():gmm-align-compiled.cc:127) IF_4OA
LOG (gmm-align-compiled[5.5.166~1-013489]:main():gmm-align-compiled.cc:127) IF_51OA
LOG (gmm-align-compiled[5.5.166~1-013489]:main():gmm-align-compiled.cc:127) IF_52A
LOG (gmm-align-compiled[5.5.166~1-013489]:main():gmm-align-compiled.cc:127) IF_5873A
LOG (gmm-align-compiled[5.5.166~1-013489]:main():gmm-align-compiled.cc:127) IF_59A
LOG (gmm-align-compiled[5.5.166~1-013489]:main():gmm-align-compiled.cc:127) IF_5A
LOG (gmm-align-compiled[5.5.166~1-013489]:main():gmm-align-compiled.cc:127) IF_5B
LOG (gmm-align-compiled[5.5.166~1-013489]:main():gmm-align-compiled.cc:127) IF_5Z6A
LOG (gmm-align-compiled[5.5.166~1-013489]:main():gmm-align-compiled.cc:127) IF_6492711A
LOG (gmm-align-compiled[5.5.166~1-013489]:main():gmm-align-compiled.cc:127) IF_671Z3A
LOG (gmm-align-compiled[5.5.166~1-013489]:main():gmm-align-compiled.cc:127) IF_69A
LOG (gmm-align-compiled[5.5.166~1-013489]:main():gmm-align-compiled.cc:127) IF_6A
LOG (gmm-align-compiled[5.5.166~1-013489]:main():gmm-align-compiled.cc:127) IF_6B
LOG (gmm-align-compiled[5.5.166~1-013489]:main():gmm-align-compiled.cc:127) IF_6OA
LOG (gmm-align-compiled[5.5.166~1-013489]:main():gmm-align-compiled.cc:127) IF_6Z155A
LOG (gmm-align-compiled[5.5.166~1-013489]:main():gmm-align-compiled.cc:127) IF_77688A
LOG (gmm-align-compiled[5.5.166~1-013489]:main():gmm-align-compiled.cc:127) IF_79Z7A
LOG (gmm-align-compiled[5.5.166~1-013489]:main():gmm-align-compiled.cc:127) IF_7A
LOG (gmm-align-compiled[5.5.166~1-013489]:main():gmm-align-compiled.cc:127) IF_7B
LOG (gmm-align-compiled[5.5.166~1-013489]:main():gmm-align-compiled.cc:127) IF_7O4A
LOG (gmm-align-compiled[5.5.166~1-013489]:main():gmm-align-compiled.cc:127) IF_7Z75A
LOG (gmm-align-compiled[5.5.166~1-013489]:main():gmm-align-compiled.cc:127) IF_7ZA
LOG (gmm-align-compiled[5.5.166~1-013489]:main():gmm-align-compiled.cc:127) IF_825Z9A
LOG (gmm-align-compiled[5.5.166~1-013489]:main():gmm-align-compiled.cc:127) IF_84Z9A
LOG (gmm-align-compiled[5.5.166~1-013489]:main():gmm-align-compiled.cc:127) IF_852A
LOG (gmm-align-compiled[5.5.166~1-013489]:main():gmm-align-compiled.cc:127) IF_8653968A
LOG (gmm-align-compiled[5.5.166~1-013489]:main():gmm-align-compiled.cc:127) IF_8A
LOG (gmm-align-compiled[5.5.166~1-013489]:main():gmm-align-compiled.cc:127) IF_8B
LOG (gmm-align-compiled[5.5.166~1-013489]:main():gmm-align-compiled.cc:127) IF_8Z6A
LOG (gmm-align-compiled[5.5.166~1-013489]:main():gmm-align-compiled.cc:127) IF_9162OA
LOG (gmm-align-compiled[5.5.166~1-013489]:main():gmm-align-compiled.cc:127) IF_921A
LOG (gmm-align-compiled[5.5.166~1-013489]:main():gmm-align-compiled.cc:127) IF_963OO5OA
LOG (gmm-align-compiled[5.5.166~1-013489]:main():gmm-align-compiled.cc:127) IF_978Z1A
LOG (gmm-align-compiled[5.5.166~1-013489]:main():gmm-align-compiled.cc:127) IF_9A
LOG (gmm-align-compiled[5.5.166~1-013489]:main():gmm-align-compiled.cc:127) IF_9B
LOG (gmm-align-compiled[5.5.166~1-013489]:main():gmm-align-compiled.cc:127) IF_9ZA
LOG (gmm-align-compiled[5.5.166~1-013489]:main():gmm-align-compiled.cc:127) IF_O213A
LOG (gmm-align-compiled[5.5.166~1-013489]:main():gmm-align-compiled.cc:127) IF_O349A
LOG (gmm-align-compiled[5.5.166~1-013489]:main():gmm-align-compiled.cc:127) IF_O797335A
LOG (gmm-align-compiled[5.5.166~1-013489]:main():gmm-align-compiled.cc:127) IF_O99A
LOG (gmm-align-compiled[5.5.166~1-013489]:main():gmm-align-compiled.cc:127) IF_OA
LOG (gmm-align-compiled[5.5.166~1-013489]:main():gmm-align-compiled.cc:127) IF_OB
LOG (gmm-align-compiled[5.5.166~1-013489]:main():gmm-align-compiled.cc:127) IF_OO66774A
LOG (gmm-align-compiled[5.5.166~1-013489]:main():gmm-align-compiled.cc:127) IF_Z2436A
LOG (gmm-align-compiled[5.5.166~1-013489]:main():gmm-align-compiled.cc:127) IF_Z4613A
LOG (gmm-align-compiled[5.5.166~1-013489]:main():gmm-align-compiled.cc:127) IF_ZA
LOG (gmm-align-compiled[5.5.166~1-013489]:main():gmm-align-compiled.cc:127) IF_ZB
LOG (gmm-align-compiled[5.5.166~1-013489]:main():gmm-align-compiled.cc:127) IF_ZZ87A
LOG (gmm-align-compiled[5.5.166~1-013489]:main():gmm-align-compiled.cc:127) IF_ZZ88944A
LOG (gmm-align-compiled[5.5.166~1-013489]:main():gmm-align-compiled.cc:127) IF_ZZZ22A
LOG (gmm-align-compiled[5.5.166~1-013489]:main():gmm-align-compiled.cc:127) IG_1219824A
LOG (gmm-align-compiled[5.5.166~1-013489]:main():gmm-align-compiled.cc:127) IG_14OA
LOG (gmm-align-compiled[5.5.166~1-013489]:main():gmm-align-compiled.cc:127) IG_1817A
LOG (gmm-align-compiled[5.5.166~1-013489]:main():gmm-align-compiled.cc:127) IG_1A
LOG (gmm-align-compiled[5.5.166~1-013489]:main():gmm-align-compiled.cc:127) IG_1B
LOG (gmm-align-compiled[5.5.166~1-013489]:main():gmm-align-compiled.cc:127) IG_1O45841A
LOG (gmm-align-compiled[5.5.166~1-013489]:main():gmm-align-compiled.cc:127) IG_1ZZ85A
LOG (gmm-align-compiled[5.5.166~1-013489]:main():gmm-align-compiled.cc:127) IG_264OOA
LOG (gmm-align-compiled[5.5.166~1-013489]:main():gmm-align-compiled.cc:127) IG_27O5A
LOG (gmm-align-compiled[5.5.166~1-013489]:main():gmm-align-compiled.cc:127) IG_298677ZA
LOG (gmm-align-compiled[5.5.166~1-013489]:main():gmm-align-compiled.cc:127) IG_2A
LOG (gmm-align-compiled[5.5.166~1-013489]:main():gmm-align-compiled.cc:127) IG_2B
LOG (gmm-align-compiled[5.5.166~1-013489]:main():gmm-align-compiled.cc:127) IG_2OA
LOG (gmm-align-compiled[5.5.166~1-013489]:main():gmm-align-compiled.cc:127) IG_2ZA
LOG (gmm-align-compiled[5.5.166~1-013489]:main():gmm-align-compiled.cc:127) IG_31373A
LOG (gmm-align-compiled[5.5.166~1-013489]:main():gmm-align-compiled.cc:127) IG_322A
LOG (gmm-align-compiled[5.5.166~1-013489]:main():gmm-align-compiled.cc:127) IG_378OOA
LOG (gmm-align-compiled[5.5.166~1-013489]:main():gmm-align-compiled.cc:127) IG_3872A
LOG (gmm-align-compiled[5.5.166~1-013489]:main():gmm-align-compiled.cc:127) IG_3A
LOG (gmm-align-compiled[5.5.166~1-013489]:main():gmm-align-compiled.cc:127) IG_3B
LOG (gmm-align-compiled[5.5.166~1-013489]:main():gmm-align-compiled.cc:127) IG_3Z1A
LOG (gmm-align-compiled[5.5.166~1-013489]:main():gmm-align-compiled.cc:127) IG_41147A
LOG (gmm-align-compiled[5.5.166~1-013489]:main():gmm-align-compiled.cc:127) IG_44A
LOG (gmm-align-compiled[5.5.166~1-013489]:main():gmm-align-compiled.cc:127) IG_4693471A
LOG (gmm-align-compiled[5.5.166~1-013489]:main():gmm-align-compiled.cc:127) IG_48A
LOG (gmm-align-compiled[5.5.166~1-013489]:main():gmm-align-compiled.cc:127) IG_4A
LOG (gmm-align-compiled[5.5.166~1-013489]:main():gmm-align-compiled.cc:127) IG_4B
LOG (gmm-align-compiled[5.5.166~1-013489]:main():gmm-align-compiled.cc:127) IG_4Z15ZA
LOG (gmm-align-compiled[5.5.166~1-013489]:main():gmm-align-compiled.cc:127) IG_5167A
LOG (gmm-align-compiled[5.5.166~1-013489]:main():gmm-align-compiled.cc:127) IG_52A
LOG (gmm-align-compiled[5.5.166~1-013489]:main():gmm-align-compiled.cc:127) IG_5548359A
LOG (gmm-align-compiled[5.5.166~1-013489]:main():gmm-align-compiled.cc:127) IG_5576A
LOG (gmm-align-compiled[5.5.166~1-013489]:main():gmm-align-compiled.cc:127) IG_56Z26Z9A
LOG (gmm-align-compiled[5.5.166~1-013489]:main():gmm-align-compiled.cc:127) IG_5A
LOG (gmm-align-compiled[5.5.166~1-013489]:main():gmm-align-compiled.cc:127) IG_5B
LOG (gmm-align-compiled[5.5.166~1-013489]:main():gmm-align-compiled.cc:127) IG_61O7194A
LOG (gmm-align-compiled[5.5.166~1-013489]:main():gmm-align-compiled.cc:127) IG_649A
LOG (gmm-align-compiled[5.5.166~1-013489]:main():gmm-align-compiled.cc:127) IG_653ZZA
LOG (gmm-align-compiled[5.5.166~1-013489]:main():gmm-align-compiled.cc:127) IG_69A
LOG (gmm-align-compiled[5.5.166~1-013489]:main():gmm-align-compiled.cc:127) IG_6A
LOG (gmm-align-compiled[5.5.166~1-013489]:main():gmm-align-compiled.cc:127) IG_6B
LOG (gmm-align-compiled[5.5.166~1-013489]:main():gmm-align-compiled.cc:127) IG_6O1A
LOG (gmm-align-compiled[5.5.166~1-013489]:main():gmm-align-compiled.cc:127) IG_74253A
LOG (gmm-align-compiled[5.5.166~1-013489]:main():gmm-align-compiled.cc:127) IG_75465A
LOG (gmm-align-compiled[5.5.166~1-013489]:main():gmm-align-compiled.cc:127) IG_7666O63A
LOG (gmm-align-compiled[5.5.166~1-013489]:main():gmm-align-compiled.cc:127) IG_7797ZZ4A
LOG (gmm-align-compiled[5.5.166~1-013489]:main():gmm-align-compiled.cc:127) IG_783A
LOG (gmm-align-compiled[5.5.166~1-013489]:main():gmm-align-compiled.cc:127) IG_7A
LOG (gmm-align-compiled[5.5.166~1-013489]:main():gmm-align-compiled.cc:127) IG_7B
LOG (gmm-align-compiled[5.5.166~1-013489]:main():gmm-align-compiled.cc:127) IG_851A
LOG (gmm-align-compiled[5.5.166~1-013489]:main():gmm-align-compiled.cc:127) IG_862A
LOG (gmm-align-compiled[5.5.166~1-013489]:main():gmm-align-compiled.cc:127) IG_884A
LOG (gmm-align-compiled[5.5.166~1-013489]:main():gmm-align-compiled.cc:127) IG_89A
LOG (gmm-align-compiled[5.5.166~1-013489]:main():gmm-align-compiled.cc:127) IG_8A
LOG (gmm-align-compiled[5.5.166~1-013489]:main():gmm-align-compiled.cc:127) IG_8B
LOG (gmm-align-compiled[5.5.166~1-013489]:main():gmm-align-compiled.cc:127) IG_8O74A
LOG (gmm-align-compiled[5.5.166~1-013489]:main():gmm-align-compiled.cc:127) IG_91A
LOG (gmm-align-compiled[5.5.166~1-013489]:main():gmm-align-compiled.cc:127) IG_93O5A
LOG (gmm-align-compiled[5.5.166~1-013489]:main():gmm-align-compiled.cc:127) IG_9525A
LOG (gmm-align-compiled[5.5.166~1-013489]:main():gmm-align-compiled.cc:127) IG_95A
LOG (gmm-align-compiled[5.5.166~1-013489]:main():gmm-align-compiled.cc:127) IG_9A
LOG (gmm-align-compiled[5.5.166~1-013489]:main():gmm-align-compiled.cc:127) IG_9B
LOG (gmm-align-compiled[5.5.166~1-013489]:main():gmm-align-compiled.cc:127) IG_9ZZ6816A
LOG (gmm-align-compiled[5.5.166~1-013489]:main():gmm-align-compiled.cc:127) IG_O15OA
LOG (gmm-align-compiled[5.5.166~1-013489]:main():gmm-align-compiled.cc:127) IG_O21A
LOG (gmm-align-compiled[5.5.166~1-013489]:main():gmm-align-compiled.cc:127) IG_O3617A
LOG (gmm-align-compiled[5.5.166~1-013489]:main():gmm-align-compiled.cc:127) IG_O8O29A
LOG (gmm-align-compiled[5.5.166~1-013489]:main():gmm-align-compiled.cc:127) IG_O996A
LOG (gmm-align-compiled[5.5.166~1-013489]:main():gmm-align-compiled.cc:127) IG_OA
LOG (gmm-align-compiled[5.5.166~1-013489]:main():gmm-align-compiled.cc:127) IG_OB
LOG (gmm-align-compiled[5.5.166~1-013489]:main():gmm-align-compiled.cc:127) IG_Z362879A
LOG (gmm-align-compiled[5.5.166~1-013489]:main():gmm-align-compiled.cc:127) IG_Z6A
LOG (gmm-align-compiled[5.5.166~1-013489]:main():gmm-align-compiled.cc:127) IG_Z72A
LOG (gmm-align-compiled[5.5.166~1-013489]:main():gmm-align-compiled.cc:127) IG_Z8A
LOG (gmm-align-compiled[5.5.166~1-013489]:main():gmm-align-compiled.cc:127) IG_Z9Z7A
LOG (gmm-align-compiled[5.5.166~1-013489]:main():gmm-align-compiled.cc:127) IG_ZA
LOG (gmm-align-compiled[5.5.166~1-013489]:main():gmm-align-compiled.cc:127) IG_ZB
LOG (gmm-align-compiled[5.5.166~1-013489]:main():gmm-align-compiled.cc:127) IH_111A
LOG (gmm-align-compiled[5.5.166~1-013489]:main():gmm-align-compiled.cc:127) IH_1227Z33A
LOG (gmm-align-compiled[5.5.166~1-013489]:main():gmm-align-compiled.cc:127) IH_146A
LOG (gmm-align-compiled[5.5.166~1-013489]:main():gmm-align-compiled.cc:127) IH_17441ZZA
LOG (gmm-align-compiled[5.5.166~1-013489]:main():gmm-align-compiled.cc:127) IH_19A
LOG (gmm-align-compiled[5.5.166~1-013489]:main():gmm-align-compiled.cc:127) IH_1A
LOG (gmm-align-compiled[5.5.166~1-013489]:main():gmm-align-compiled.cc:127) IH_1B
LOG (gmm-align-compiled[5.5.166~1-013489]:main():gmm-align-compiled.cc:127) IH_21OA
LOG (gmm-align-compiled[5.5.166~1-013489]:main():gmm-align-compiled.cc:127) IH_234A
LOG (gmm-align-compiled[5.5.166~1-013489]:main():gmm-align-compiled.cc:127) IH_2452A
LOG (gmm-align-compiled[5.5.166~1-013489]:main():gmm-align-compiled.cc:127) IH_29A
LOG (gmm-align-compiled[5.5.166~1-013489]:main():gmm-align-compiled.cc:127) IH_2A
LOG (gmm-align-compiled[5.5.166~1-013489]:main():gmm-align-compiled.cc:127) IH_2B
LOG (gmm-align-compiled[5.5.166~1-013489]:main():gmm-align-compiled.cc:127) IH_2OA
LOG (gmm-align-compiled[5.5.166~1-013489]:main():gmm-align-compiled.cc:127) IH_352Z8A
LOG (gmm-align-compiled[5.5.166~1-013489]:main():gmm-align-compiled.cc:127) IH_3583A
LOG (gmm-align-compiled[5.5.166~1-013489]:main():gmm-align-compiled.cc:127) IH_3964547A
LOG (gmm-align-compiled[5.5.166~1-013489]:main():gmm-align-compiled.cc:127) IH_3A
LOG (gmm-align-compiled[5.5.166~1-013489]:main():gmm-align-compiled.cc:127) IH_3B
LOG (gmm-align-compiled[5.5.166~1-013489]:main():gmm-align-compiled.cc:127) IH_3O65A
LOG (gmm-align-compiled[5.5.166~1-013489]:main():gmm-align-compiled.cc:127) IH_3Z93A
LOG (gmm-align-compiled[5.5.166~1-013489]:main():gmm-align-compiled.cc:127) IH_413A
LOG (gmm-align-compiled[5.5.166~1-013489]:main():gmm-align-compiled.cc:127) IH_4439OO1A
LOG (gmm-align-compiled[5.5.166~1-013489]:main():gmm-align-compiled.cc:127) IH_491A
LOG (gmm-align-compiled[5.5.166~1-013489]:main():gmm-align-compiled.cc:127) IH_4A
LOG (gmm-align-compiled[5.5.166~1-013489]:main():gmm-align-compiled.cc:127) IH_4B
LOG (gmm-align-compiled[5.5.166~1-013489]:main():gmm-align-compiled.cc:127) IH_4Z485A
LOG (gmm-align-compiled[5.5.166~1-013489]:main():gmm-align-compiled.cc:127) IH_4Z6ZA
LOG (gmm-align-compiled[5.5.166~1-013489]:main():gmm-align-compiled.cc:127) IH_5162685A
LOG (gmm-align-compiled[5.5.166~1-013489]:main():gmm-align-compiled.cc:127) IH_56286A
LOG (gmm-align-compiled[5.5.166~1-013489]:main():gmm-align-compiled.cc:127) IH_57A
LOG (gmm-align-compiled[5.5.166~1-013489]:main():gmm-align-compiled.cc:127) IH_59A
LOG (gmm-align-compiled[5.5.166~1-013489]:main():gmm-align-compiled.cc:127) IH_5A
LOG (gmm-align-compiled[5.5.166~1-013489]:main():gmm-align-compiled.cc:127) IH_5B
LOG (gmm-align-compiled[5.5.166~1-013489]:main():gmm-align-compiled.cc:127) IH_5OO12A
LOG (gmm-align-compiled[5.5.166~1-013489]:main():gmm-align-compiled.cc:127) IH_61A
LOG (gmm-align-compiled[5.5.166~1-013489]:main():gmm-align-compiled.cc:127) IH_65A
LOG (gmm-align-compiled[5.5.166~1-013489]:main():gmm-align-compiled.cc:127) IH_67669A
LOG (gmm-align-compiled[5.5.166~1-013489]:main():gmm-align-compiled.cc:127) IH_6A
LOG (gmm-align-compiled[5.5.166~1-013489]:main():gmm-align-compiled.cc:127) IH_6B
LOG (gmm-align-compiled[5.5.166~1-013489]:main():gmm-align-compiled.cc:127) IH_6Z2Z537A
LOG (gmm-align-compiled[5.5.166~1-013489]:main():gmm-align-compiled.cc:127) IH_6Z74A
LOG (gmm-align-compiled[5.5.166~1-013489]:main():gmm-align-compiled.cc:127) IH_71Z9A
LOG (gmm-align-compiled[5.5.166~1-013489]:main():gmm-align-compiled.cc:127) IH_72A
LOG (gmm-align-compiled[5.5.166~1-013489]:main():gmm-align-compiled.cc:127) IH_782OA
LOG (gmm-align-compiled[5.5.166~1-013489]:main():gmm-align-compiled.cc:127) IH_789A
LOG (gmm-align-compiled[5.5.166~1-013489]:main():gmm-align-compiled.cc:127) IH_7A
LOG (gmm-align-compiled[5.5.166~1-013489]:main():gmm-align-compiled.cc:127) IH_7B
LOG (gmm-align-compiled[5.5.166~1-013489]:main():gmm-align-compiled.cc:127) IH_7OO48A
LOG (gmm-align-compiled[5.5.166~1-013489]:main():gmm-align-compiled.cc:127) IH_81996A
LOG (gmm-align-compiled[5.5.166~1-013489]:main():gmm-align-compiled.cc:127) IH_81OA
LOG (gmm-align-compiled[5.5.166~1-013489]:main():gmm-align-compiled.cc:127) IH_8726A
LOG (gmm-align-compiled[5.5.166~1-013489]:main():gmm-align-compiled.cc:127) IH_887O975A
LOG (gmm-align-compiled[5.5.166~1-013489]:main():gmm-align-compiled.cc:127) IH_8A
LOG (gmm-align-compiled[5.5.166~1-013489]:main():gmm-align-compiled.cc:127) IH_8B
LOG (gmm-align-compiled[5.5.166~1-013489]:main():gmm-align-compiled.cc:127) IH_8OA
LOG (gmm-align-compiled[5.5.166~1-013489]:main():gmm-align-compiled.cc:127) IH_918Z6A
LOG (gmm-align-compiled[5.5.166~1-013489]:main():gmm-align-compiled.cc:127) IH_927A
LOG (gmm-align-compiled[5.5.166~1-013489]:main():gmm-align-compiled.cc:127) IH_9425316A
LOG (gmm-align-compiled[5.5.166~1-013489]:main():gmm-align-compiled.cc:127) IH_9A
LOG (gmm-align-compiled[5.5.166~1-013489]:main():gmm-align-compiled.cc:127) IH_9B
LOG (gmm-align-compiled[5.5.166~1-013489]:main():gmm-align-compiled.cc:127) IH_9O798A
LOG (gmm-align-compiled[5.5.166~1-013489]:main():gmm-align-compiled.cc:127) IH_9ZZZZ43A
LOG (gmm-align-compiled[5.5.166~1-013489]:main():gmm-align-compiled.cc:127) IH_O223OA
LOG (gmm-align-compiled[5.5.166~1-013489]:main():gmm-align-compiled.cc:127) IH_O32A
LOG (gmm-align-compiled[5.5.166~1-013489]:main():gmm-align-compiled.cc:127) IH_O5A
LOG (gmm-align-compiled[5.5.166~1-013489]:main():gmm-align-compiled.cc:127) IH_O6349A
LOG (gmm-align-compiled[5.5.166~1-013489]:main():gmm-align-compiled.cc:127) IH_O86A
LOG (gmm-align-compiled[5.5.166~1-013489]:main():gmm-align-compiled.cc:127) IH_OA
LOG (gmm-align-compiled[5.5.166~1-013489]:main():gmm-align-compiled.cc:127) IH_OB
LOG (gmm-align-compiled[5.5.166~1-013489]:main():gmm-align-compiled.cc:127) IH_Z158A
LOG (gmm-align-compiled[5.5.166~1-013489]:main():gmm-align-compiled.cc:127) IH_Z337361A
LOG (gmm-align-compiled[5.5.166~1-013489]:main():gmm-align-compiled.cc:127) IH_Z515A
LOG (gmm-align-compiled[5.5.166~1-013489]:main():gmm-align-compiled.cc:127) IH_Z777136A
LOG (gmm-align-compiled[5.5.166~1-013489]:main():gmm-align-compiled.cc:127) IH_Z8A
LOG (gmm-align-compiled[5.5.166~1-013489]:main():gmm-align-compiled.cc:127) IH_ZA
LOG (gmm-align-compiled[5.5.166~1-013489]:main():gmm-align-compiled.cc:127) IH_ZB
LOG (gmm-align-compiled[5.5.166~1-013489]:main():gmm-align-compiled.cc:127) IL_11OO9O7A
LOG (gmm-align-compiled[5.5.166~1-013489]:main():gmm-align-compiled.cc:127) IL_1332A
LOG (gmm-align-compiled[5.5.166~1-013489]:main():gmm-align-compiled.cc:127) IL_1894435A
LOG (gmm-align-compiled[5.5.166~1-013489]:main():gmm-align-compiled.cc:127) IL_199A
LOG (gmm-align-compiled[5.5.166~1-013489]:main():gmm-align-compiled.cc:127) IL_19A
LOG (gmm-align-compiled[5.5.166~1-013489]:main():gmm-align-compiled.cc:127) IL_1A
LOG (gmm-align-compiled[5.5.166~1-013489]:main():gmm-align-compiled.cc:127) IL_1B
LOG (gmm-align-compiled[5.5.166~1-013489]:main():gmm-align-compiled.cc:127) IL_23O68O5A
LOG (gmm-align-compiled[5.5.166~1-013489]:main():gmm-align-compiled.cc:127) IL_265A
LOG (gmm-align-compiled[5.5.166~1-013489]:main():gmm-align-compiled.cc:127) IL_28A
LOG (gmm-align-compiled[5.5.166~1-013489]:main():gmm-align-compiled.cc:127) IL_2A
LOG (gmm-align-compiled[5.5.166~1-013489]:main():gmm-align-compiled.cc:127) IL_2B
LOG (gmm-align-compiled[5.5.166~1-013489]:main():gmm-align-compiled.cc:127) IL_2O31A
LOG (gmm-align-compiled[5.5.166~1-013489]:main():gmm-align-compiled.cc:127) IL_2OOA
LOG (gmm-align-compiled[5.5.166~1-013489]:main():gmm-align-compiled.cc:127) IL_31576A
LOG (gmm-align-compiled[5.5.166~1-013489]:main():gmm-align-compiled.cc:127) IL_3399374A
LOG (gmm-align-compiled[5.5.166~1-013489]:main():gmm-align-compiled.cc:127) IL_3414A
LOG (gmm-align-compiled[5.5.166~1-013489]:main():gmm-align-compiled.cc:127) IL_3A
LOG (gmm-align-compiled[5.5.166~1-013489]:main():gmm-align-compiled.cc:127) IL_3B
LOG (gmm-align-compiled[5.5.166~1-013489]:main():gmm-align-compiled.cc:127) IL_3O37A
LOG (gmm-align-compiled[5.5.166~1-013489]:main():gmm-align-compiled.cc:127) IL_3ZA
LOG (gmm-align-compiled[5.5.166~1-013489]:main():gmm-align-compiled.cc:127) IL_4351A
LOG (gmm-align-compiled[5.5.166~1-013489]:main():gmm-align-compiled.cc:127) IL_46O2A
LOG (gmm-align-compiled[5.5.166~1-013489]:main():gmm-align-compiled.cc:127) IL_4A
LOG (gmm-align-compiled[5.5.166~1-013489]:main():gmm-align-compiled.cc:127) IL_4B
LOG (gmm-align-compiled[5.5.166~1-013489]:main():gmm-align-compiled.cc:127) IL_4OA
LOG (gmm-align-compiled[5.5.166~1-013489]:main():gmm-align-compiled.cc:127) IL_4Z22739A
LOG (gmm-align-compiled[5.5.166~1-013489]:main():gmm-align-compiled.cc:127) IL_4Z48898A
LOG (gmm-align-compiled[5.5.166~1-013489]:main():gmm-align-compiled.cc:127) IL_5445OA
LOG (gmm-align-compiled[5.5.166~1-013489]:main():gmm-align-compiled.cc:127) IL_554O4A
LOG (gmm-align-compiled[5.5.166~1-013489]:main():gmm-align-compiled.cc:127) IL_56Z8698A
LOG (gmm-align-compiled[5.5.166~1-013489]:main():gmm-align-compiled.cc:127) IL_583A
LOG (gmm-align-compiled[5.5.166~1-013489]:main():gmm-align-compiled.cc:127) IL_595A
LOG (gmm-align-compiled[5.5.166~1-013489]:main():gmm-align-compiled.cc:127) IL_5A
LOG (gmm-align-compiled[5.5.166~1-013489]:main():gmm-align-compiled.cc:127) IL_5B
LOG (gmm-align-compiled[5.5.166~1-013489]:main():gmm-align-compiled.cc:127) IL_6112A
LOG (gmm-align-compiled[5.5.166~1-013489]:main():gmm-align-compiled.cc:127) IL_617Z7A
LOG (gmm-align-compiled[5.5.166~1-013489]:main():gmm-align-compiled.cc:127) IL_63472A
LOG (gmm-align-compiled[5.5.166~1-013489]:main():gmm-align-compiled.cc:127) IL_6551214A
LOG (gmm-align-compiled[5.5.166~1-013489]:main():gmm-align-compiled.cc:127) IL_66A
LOG (gmm-align-compiled[5.5.166~1-013489]:main():gmm-align-compiled.cc:127) IL_6A
LOG (gmm-align-compiled[5.5.166~1-013489]:main():gmm-align-compiled.cc:127) IL_6B
LOG (gmm-align-compiled[5.5.166~1-013489]:main():gmm-align-compiled.cc:127) IL_72A
LOG (gmm-align-compiled[5.5.166~1-013489]:main():gmm-align-compiled.cc:127) IL_777ZZA
LOG (gmm-align-compiled[5.5.166~1-013489]:main():gmm-align-compiled.cc:127) IL_78A
LOG (gmm-align-compiled[5.5.166~1-013489]:main():gmm-align-compiled.cc:127) IL_7A
LOG (gmm-align-compiled[5.5.166~1-013489]:main():gmm-align-compiled.cc:127) IL_7B
LOG (gmm-align-compiled[5.5.166~1-013489]:main():gmm-align-compiled.cc:127) IL_7O6A
LOG (gmm-align-compiled[5.5.166~1-013489]:main():gmm-align-compiled.cc:127) IL_7O76A
LOG (gmm-align-compiled[5.5.166~1-013489]:main():gmm-align-compiled.cc:127) IL_84A
LOG (gmm-align-compiled[5.5.166~1-013489]:main():gmm-align-compiled.cc:127) IL_85OA
LOG (gmm-align-compiled[5.5.166~1-013489]:main():gmm-align-compiled.cc:127) IL_866A
LOG (gmm-align-compiled[5.5.166~1-013489]:main():gmm-align-compiled.cc:127) IL_87823A
LOG (gmm-align-compiled[5.5.166~1-013489]:main():gmm-align-compiled.cc:127) IL_882A
LOG (gmm-align-compiled[5.5.166~1-013489]:main():gmm-align-compiled.cc:127) IL_8A
LOG (gmm-align-compiled[5.5.166~1-013489]:main():gmm-align-compiled.cc:127) IL_8B
LOG (gmm-align-compiled[5.5.166~1-013489]:main():gmm-align-compiled.cc:127) IL_9242845A
LOG (gmm-align-compiled[5.5.166~1-013489]:main():gmm-align-compiled.cc:127) IL_9257A
LOG (gmm-align-compiled[5.5.166~1-013489]:main():gmm-align-compiled.cc:127) IL_938A
LOG (gmm-align-compiled[5.5.166~1-013489]:main():gmm-align-compiled.cc:127) IL_96491A
LOG (gmm-align-compiled[5.5.166~1-013489]:main():gmm-align-compiled.cc:127) IL_9A
LOG (gmm-align-compiled[5.5.166~1-013489]:main():gmm-align-compiled.cc:127) IL_9B
LOG (gmm-align-compiled[5.5.166~1-013489]:main():gmm-align-compiled.cc:127) IL_9Z36Z36A
LOG (gmm-align-compiled[5.5.166~1-013489]:main():gmm-align-compiled.cc:127) IL_O187A
LOG (gmm-align-compiled[5.5.166~1-013489]:main():gmm-align-compiled.cc:127) IL_O1A
LOG (gmm-align-compiled[5.5.166~1-013489]:main():gmm-align-compiled.cc:127) IL_O2A
LOG (gmm-align-compiled[5.5.166~1-013489]:main():gmm-align-compiled.cc:127) IL_O42OOA
LOG (gmm-align-compiled[5.5.166~1-013489]:main():gmm-align-compiled.cc:127) IL_OA
LOG (gmm-align-compiled[5.5.166~1-013489]:main():gmm-align-compiled.cc:127) IL_OB
LOG (gmm-align-compiled[5.5.166~1-013489]:main():gmm-align-compiled.cc:127) IL_OO8A
LOG (gmm-align-compiled[5.5.166~1-013489]:main():gmm-align-compiled.cc:127) IL_Z1ZZ9A
LOG (gmm-align-compiled[5.5.166~1-013489]:main():gmm-align-compiled.cc:127) IL_Z41Z5Z6A
LOG (gmm-align-compiled[5.5.166~1-013489]:main():gmm-align-compiled.cc:127) IL_Z8Z27A
LOG (gmm-align-compiled[5.5.166~1-013489]:main():gmm-align-compiled.cc:127) IL_Z958A
LOG (gmm-align-compiled[5.5.166~1-013489]:main():gmm-align-compiled.cc:127) IL_ZA
LOG (gmm-align-compiled[5.5.166~1-013489]:main():gmm-align-compiled.cc:127) IL_ZB
LOG (gmm-align-compiled[5.5.166~1-013489]:main():gmm-align-compiled.cc:127) IL_ZZA
LOG (gmm-align-compiled[5.5.166~1-013489]:main():gmm-align-compiled.cc:127) IN_1332A
LOG (gmm-align-compiled[5.5.166~1-013489]:main():gmm-align-compiled.cc:127) IN_15583O1A
LOG (gmm-align-compiled[5.5.166~1-013489]:main():gmm-align-compiled.cc:127) IN_163A
LOG (gmm-align-compiled[5.5.166~1-013489]:main():gmm-align-compiled.cc:127) IN_17A
LOG (gmm-align-compiled[5.5.166~1-013489]:main():gmm-align-compiled.cc:127) IN_18Z6A
LOG (gmm-align-compiled[5.5.166~1-013489]:main():gmm-align-compiled.cc:127) IN_1A
LOG (gmm-align-compiled[5.5.166~1-013489]:main():gmm-align-compiled.cc:127) IN_1B
LOG (gmm-align-compiled[5.5.166~1-013489]:main():gmm-align-compiled.cc:127) IN_24A
LOG (gmm-align-compiled[5.5.166~1-013489]:main():gmm-align-compiled.cc:127) IN_26ZZA
LOG (gmm-align-compiled[5.5.166~1-013489]:main():gmm-align-compiled.cc:127) IN_273OA
LOG (gmm-align-compiled[5.5.166~1-013489]:main():gmm-align-compiled.cc:127) IN_28O7886A
LOG (gmm-align-compiled[5.5.166~1-013489]:main():gmm-align-compiled.cc:127) IN_2A
LOG (gmm-align-compiled[5.5.166~1-013489]:main():gmm-align-compiled.cc:127) IN_2B
LOG (gmm-align-compiled[5.5.166~1-013489]:main():gmm-align-compiled.cc:127) IN_2Z55A
LOG (gmm-align-compiled[5.5.166~1-013489]:main():gmm-align-compiled.cc:127) IN_32527A
LOG (gmm-align-compiled[5.5.166~1-013489]:main():gmm-align-compiled.cc:127) IN_34A
LOG (gmm-align-compiled[5.5.166~1-013489]:main():gmm-align-compiled.cc:127) IN_3782136A
LOG (gmm-align-compiled[5.5.166~1-013489]:main():gmm-align-compiled.cc:127) IN_39A
LOG (gmm-align-compiled[5.5.166~1-013489]:main():gmm-align-compiled.cc:127) IN_3A
LOG (gmm-align-compiled[5.5.166~1-013489]:main():gmm-align-compiled.cc:127) IN_3B
LOG (gmm-align-compiled[5.5.166~1-013489]:main():gmm-align-compiled.cc:127) IN_3ZZ5Z64A
LOG (gmm-align-compiled[5.5.166~1-013489]:main():gmm-align-compiled.cc:127) IN_423A
LOG (gmm-align-compiled[5.5.166~1-013489]:main():gmm-align-compiled.cc:127) IN_4464229A
LOG (gmm-align-compiled[5.5.166~1-013489]:main():gmm-align-compiled.cc:127) IN_45A
LOG (gmm-align-compiled[5.5.166~1-013489]:main():gmm-align-compiled.cc:127) IN_4A
LOG (gmm-align-compiled[5.5.166~1-013489]:main():gmm-align-compiled.cc:127) IN_4B
LOG (gmm-align-compiled[5.5.166~1-013489]:main():gmm-align-compiled.cc:127) IN_4O4A
LOG (gmm-align-compiled[5.5.166~1-013489]:main():gmm-align-compiled.cc:127) IN_4OOO5A
LOG (gmm-align-compiled[5.5.166~1-013489]:main():gmm-align-compiled.cc:127) IN_541ZA
LOG (gmm-align-compiled[5.5.166~1-013489]:main():gmm-align-compiled.cc:127) IN_548A
LOG (gmm-align-compiled[5.5.166~1-013489]:main():gmm-align-compiled.cc:127) IN_568ZA
LOG (gmm-align-compiled[5.5.166~1-013489]:main():gmm-align-compiled.cc:127) IN_572A
LOG (gmm-align-compiled[5.5.166~1-013489]:main():gmm-align-compiled.cc:127) IN_58OA
LOG (gmm-align-compiled[5.5.166~1-013489]:main():gmm-align-compiled.cc:127) IN_5A
LOG (gmm-align-compiled[5.5.166~1-013489]:main():gmm-align-compiled.cc:127) IN_5B
LOG (gmm-align-compiled[5.5.166~1-013489]:main():gmm-align-compiled.cc:127) IN_63A
LOG (gmm-align-compiled[5.5.166~1-013489]:main():gmm-align-compiled.cc:127) IN_662A
LOG (gmm-align-compiled[5.5.166~1-013489]:main():gmm-align-compiled.cc:127) IN_6766A
LOG (gmm-align-compiled[5.5.166~1-013489]:main():gmm-align-compiled.cc:127) IN_6A
LOG (gmm-align-compiled[5.5.166~1-013489]:main():gmm-align-compiled.cc:127) IN_6B
LOG (gmm-align-compiled[5.5.166~1-013489]:main():gmm-align-compiled.cc:127) IN_6OA
LOG (gmm-align-compiled[5.5.166~1-013489]:main():gmm-align-compiled.cc:127) IN_6ZA
LOG (gmm-align-compiled[5.5.166~1-013489]:main():gmm-align-compiled.cc:127) IN_711A
LOG (gmm-align-compiled[5.5.166~1-013489]:main():gmm-align-compiled.cc:127) IN_717A
LOG (gmm-align-compiled[5.5.166~1-013489]:main():gmm-align-compiled.cc:127) IN_7349OA
LOG (gmm-align-compiled[5.5.166~1-013489]:main():gmm-align-compiled.cc:127) IN_7693Z35A
LOG (gmm-align-compiled[5.5.166~1-013489]:main():gmm-align-compiled.cc:127) IN_7A
LOG (gmm-align-compiled[5.5.166~1-013489]:main():gmm-align-compiled.cc:127) IN_7B
LOG (gmm-align-compiled[5.5.166~1-013489]:main():gmm-align-compiled.cc:127) IN_7O6A
LOG (gmm-align-compiled[5.5.166~1-013489]:main():gmm-align-compiled.cc:127) IN_81231A
LOG (gmm-align-compiled[5.5.166~1-013489]:main():gmm-align-compiled.cc:127) IN_84387A
LOG (gmm-align-compiled[5.5.166~1-013489]:main():gmm-align-compiled.cc:127) IN_8565A
LOG (gmm-align-compiled[5.5.166~1-013489]:main():gmm-align-compiled.cc:127) IN_85O2OA
LOG (gmm-align-compiled[5.5.166~1-013489]:main():gmm-align-compiled.cc:127) IN_8953148A
LOG (gmm-align-compiled[5.5.166~1-013489]:main():gmm-align-compiled.cc:127) IN_8A
LOG (gmm-align-compiled[5.5.166~1-013489]:main():gmm-align-compiled.cc:127) IN_8B
LOG (gmm-align-compiled[5.5.166~1-013489]:main():gmm-align-compiled.cc:127) IN_937ZA
LOG (gmm-align-compiled[5.5.166~1-013489]:main():gmm-align-compiled.cc:127) IN_9475259A
LOG (gmm-align-compiled[5.5.166~1-013489]:main():gmm-align-compiled.cc:127) IN_96A
LOG (gmm-align-compiled[5.5.166~1-013489]:main():gmm-align-compiled.cc:127) IN_98892A
LOG (gmm-align-compiled[5.5.166~1-013489]:main():gmm-align-compiled.cc:127) IN_997Z9A
LOG (gmm-align-compiled[5.5.166~1-013489]:main():gmm-align-compiled.cc:127) IN_9A
LOG (gmm-align-compiled[5.5.166~1-013489]:main():gmm-align-compiled.cc:127) IN_9B
LOG (gmm-align-compiled[5.5.166~1-013489]:main():gmm-align-compiled.cc:127) IN_O3A
LOG (gmm-align-compiled[5.5.166~1-013489]:main():gmm-align-compiled.cc:127) IN_O5912A
LOG (gmm-align-compiled[5.5.166~1-013489]:main():gmm-align-compiled.cc:127) IN_O819OA
LOG (apply-cmvn[5.5.166~1-013489]:main():apply-cmvn.cc:162) Applied cepstral mean normalization to 539 utterances, errors on 0
LOG (gmm-align-compiled[5.5.166~1-013489]:main():gmm-align-compiled.cc:127) IN_O9A
LOG (gmm-align-compiled[5.5.166~1-013489]:main():gmm-align-compiled.cc:127) IN_OA
LOG (gmm-align-compiled[5.5.166~1-013489]:main():gmm-align-compiled.cc:127) IN_OB
LOG (gmm-align-compiled[5.5.166~1-013489]:main():gmm-align-compiled.cc:127) IN_OOO7O68A
LOG (gmm-align-compiled[5.5.166~1-013489]:main():gmm-align-compiled.cc:127) IN_Z1518A
LOG (gmm-align-compiled[5.5.166~1-013489]:main():gmm-align-compiled.cc:127) IN_Z4Z469ZA
LOG (gmm-align-compiled[5.5.166~1-013489]:main():gmm-align-compiled.cc:127) IN_Z839A
LOG (gmm-align-compiled[5.5.166~1-013489]:main():gmm-align-compiled.cc:127) IN_Z916141A
LOG (gmm-align-compiled[5.5.166~1-013489]:main():gmm-align-compiled.cc:127) IN_ZA
LOG (gmm-align-compiled[5.5.166~1-013489]:main():gmm-align-compiled.cc:127) IN_ZB
LOG (gmm-align-compiled[5.5.166~1-013489]:main():gmm-align-compiled.cc:127) IN_ZZ2A
LOG (gmm-align-compiled[5.5.166~1-013489]:main():gmm-align-compiled.cc:135) Overall log-likelihood per frame is -90.8825 over 93546 frames.
LOG (gmm-align-compiled[5.5.166~1-013489]:main():gmm-align-compiled.cc:137) Retried 0 out of 539 utterances.
LOG (gmm-align-compiled[5.5.166~1-013489]:main():gmm-align-compiled.cc:139) Done 539, errors on 0
# Accounting: time=1 threads=1
# Ended (code 0) at Mon Dec  2 13:39:36 CST 2019, elapsed time 1 seconds
