# compile-train-graphs --read-disambig-syms=data/lang/phones/disambig.int exp/tri1/tree exp/tri1/1.mdl data/lang/L.fst "ark:utils/sym2int.pl --map-oov 1 -f 2- data/lang/words.txt < data/train/split4/2/text |" "ark:|gzip -c >exp/tri1/fsts.2.gz" 
# Started at Sun Dec  1 21:59:40 CST 2019
#
compile-train-graphs --read-disambig-syms=data/lang/phones/disambig.int exp/tri1/tree exp/tri1/1.mdl data/lang/L.fst 'ark:utils/sym2int.pl --map-oov 1 -f 2- data/lang/words.txt < data/train/split4/2/text |' 'ark:|gzip -c >exp/tri1/fsts.2.gz' 
sym2int.pl: replacing ONE with 1
sym2int.pl: replacing ONE with 1
sym2int.pl: replacing ZERO with 1
sym2int.pl: replacing ONE with 1
sym2int.pl: replacing FOUR with 1
sym2int.pl: replacing FIVE with 1
sym2int.pl: replacing ONE with 1
sym2int.pl: replacing ONE with 1
sym2int.pl: replacing FOUR with 1
sym2int.pl: replacing SIX with 1
sym2int.pl: replacing NINE with 1
sym2int.pl: replacing ONE with 1
sym2int.pl: replacing ONE with 1
sym2int.pl: replacing ONE with 1
sym2int.pl: replacing OH with 1
sym2int.pl: replacing FOUR with 1
sym2int.pl: replacing OH with 1
sym2int.pl: replacing ONE with 1
sym2int.pl: replacing ZERO with 1
sym2int.pl: replacing ZERO with 1
sym2int.pl: not warning for OOVs any more times
** Replaced 7084 instances of OOVs with 1
LOG (compile-train-graphs[5.5.166~1-013489]:main():compile-train-graphs.cc:147) compile-train-graphs: succeeded for 2156 graphs, failed for 0
# Accounting: time=1 threads=1
# Ended (code 0) at Sun Dec  1 21:59:41 CST 2019, elapsed time 1 seconds
