# gmm-acc-stats-ali exp/mono0a/4.mdl "ark,s,cs:apply-cmvn  --utt2spk=ark:data/train/split32/3/utt2spk scp:data/train/split32/3/cmvn.scp scp:data/train/split32/3/feats.scp ark:- | add-deltas  ark:- ark:- |" "ark:gunzip -c exp/mono0a/ali.3.gz|" exp/mono0a/4.3.acc 
# Started at Thu Dec  5 01:03:23 CST 2019
#
gmm-acc-stats-ali exp/mono0a/4.mdl 'ark,s,cs:apply-cmvn  --utt2spk=ark:data/train/split32/3/utt2spk scp:data/train/split32/3/cmvn.scp scp:data/train/split32/3/feats.scp ark:- | add-deltas  ark:- ark:- |' 'ark:gunzip -c exp/mono0a/ali.3.gz|' exp/mono0a/4.3.acc 
add-deltas ark:- ark:- 
apply-cmvn --utt2spk=ark:data/train/split32/3/utt2spk scp:data/train/split32/3/cmvn.scp scp:data/train/split32/3/feats.scp ark:- 
LOG (gmm-acc-stats-ali[5.5.166~1-013489]:main():gmm-acc-stats-ali.cc:105) Processed 50 utterances; for utterance AW_82A avg. like is -46.4995 over 131 frames.
WARNING (gmm-acc-stats-ali[5.5.166~1-013489]:main():gmm-acc-stats-ali.cc:79) No alignment for utterance BD_1198A
WARNING (gmm-acc-stats-ali[5.5.166~1-013489]:main():gmm-acc-stats-ali.cc:79) No alignment for utterance BD_3645188A
LOG (gmm-acc-stats-ali[5.5.166~1-013489]:main():gmm-acc-stats-ali.cc:105) Processed 100 utterances; for utterance BD_46A avg. like is -42.126 over 143 frames.
WARNING (gmm-acc-stats-ali[5.5.166~1-013489]:main():gmm-acc-stats-ali.cc:79) No alignment for utterance BD_6659478A
LOG (gmm-acc-stats-ali[5.5.166~1-013489]:main():gmm-acc-stats-ali.cc:105) Processed 150 utterances; for utterance BD_ZA avg. like is -36.0451 over 90 frames.
LOG (gmm-acc-stats-ali[5.5.166~1-013489]:main():gmm-acc-stats-ali.cc:105) Processed 200 utterances; for utterance BH_7OO6A avg. like is -45.9841 over 193 frames.
LOG (gmm-acc-stats-ali[5.5.166~1-013489]:main():gmm-acc-stats-ali.cc:105) Processed 250 utterances; for utterance BI_4226381A avg. like is -51.0653 over 322 frames.
WARNING (gmm-acc-stats-ali[5.5.166~1-013489]:main():gmm-acc-stats-ali.cc:79) No alignment for utterance BI_51178A
LOG (apply-cmvn[5.5.166~1-013489]:main():apply-cmvn.cc:162) Applied cepstral mean normalization to 308 utterances, errors on 0
LOG (gmm-acc-stats-ali[5.5.166~1-013489]:main():gmm-acc-stats-ali.cc:105) Processed 300 utterances; for utterance BI_Z7Z2A avg. like is -45.9535 over 199 frames.
LOG (gmm-acc-stats-ali[5.5.166~1-013489]:main():gmm-acc-stats-ali.cc:112) Done 304 files, 4 with errors.
LOG (gmm-acc-stats-ali[5.5.166~1-013489]:main():gmm-acc-stats-ali.cc:115) Overall avg like per frame (Gaussian only) = -42.2187 over 49632 frames.
LOG (gmm-acc-stats-ali[5.5.166~1-013489]:main():gmm-acc-stats-ali.cc:123) Written accs.
# Accounting: time=1 threads=1
# Ended (code 0) at Thu Dec  5 01:03:24 CST 2019, elapsed time 1 seconds
