# gmm-acc-stats-ali exp/mono0a/4.mdl "ark,s,cs:apply-cmvn  --utt2spk=ark:data/train/split32/5/utt2spk scp:data/train/split32/5/cmvn.scp scp:data/train/split32/5/feats.scp ark:- | add-deltas  ark:- ark:- |" "ark:gunzip -c exp/mono0a/ali.5.gz|" exp/mono0a/4.5.acc 
# Started at Thu Dec  5 01:03:23 CST 2019
#
gmm-acc-stats-ali exp/mono0a/4.mdl 'ark,s,cs:apply-cmvn  --utt2spk=ark:data/train/split32/5/utt2spk scp:data/train/split32/5/cmvn.scp scp:data/train/split32/5/feats.scp ark:- | add-deltas  ark:- ark:- |' 'ark:gunzip -c exp/mono0a/ali.5.gz|' exp/mono0a/4.5.acc 
add-deltas ark:- ark:- 
apply-cmvn --utt2spk=ark:data/train/split32/5/utt2spk scp:data/train/split32/5/cmvn.scp scp:data/train/split32/5/feats.scp ark:- 
WARNING (gmm-acc-stats-ali[5.5.166~1-013489]:main():gmm-acc-stats-ali.cc:79) No alignment for utterance CF_378A
WARNING (gmm-acc-stats-ali[5.5.166~1-013489]:main():gmm-acc-stats-ali.cc:79) No alignment for utterance CF_79Z8188A
LOG (gmm-acc-stats-ali[5.5.166~1-013489]:main():gmm-acc-stats-ali.cc:105) Processed 50 utterances; for utterance CF_84149A avg. like is -40.2868 over 225 frames.
LOG (gmm-acc-stats-ali[5.5.166~1-013489]:main():gmm-acc-stats-ali.cc:105) Processed 100 utterances; for utterance CG_49ZZ6A avg. like is -46.8981 over 310 frames.
LOG (gmm-acc-stats-ali[5.5.166~1-013489]:main():gmm-acc-stats-ali.cc:105) Processed 150 utterances; for utterance CG_ZA avg. like is -28.7055 over 102 frames.
LOG (gmm-acc-stats-ali[5.5.166~1-013489]:main():gmm-acc-stats-ali.cc:105) Processed 200 utterances; for utterance CL_7B avg. like is -33.5536 over 97 frames.
LOG (gmm-acc-stats-ali[5.5.166~1-013489]:main():gmm-acc-stats-ali.cc:105) Processed 250 utterances; for utterance CM_3B avg. like is -33.7181 over 107 frames.
LOG (gmm-acc-stats-ali[5.5.166~1-013489]:main():gmm-acc-stats-ali.cc:105) Processed 300 utterances; for utterance CM_Z16A avg. like is -40.8227 over 191 frames.
LOG (apply-cmvn[5.5.166~1-013489]:main():apply-cmvn.cc:162) Applied cepstral mean normalization to 308 utterances, errors on 0
LOG (gmm-acc-stats-ali[5.5.166~1-013489]:main():gmm-acc-stats-ali.cc:112) Done 306 files, 2 with errors.
LOG (gmm-acc-stats-ali[5.5.166~1-013489]:main():gmm-acc-stats-ali.cc:115) Overall avg like per frame (Gaussian only) = -44.1027 over 56268 frames.
LOG (gmm-acc-stats-ali[5.5.166~1-013489]:main():gmm-acc-stats-ali.cc:123) Written accs.
# Accounting: time=1 threads=1
# Ended (code 0) at Thu Dec  5 01:03:24 CST 2019, elapsed time 1 seconds
