# align-equal-compiled "ark:gunzip -c exp/mono0a/fsts.6.gz|" "ark,s,cs:apply-cmvn  --utt2spk=ark:data/train/split32/6/utt2spk scp:data/train/split32/6/cmvn.scp scp:data/train/split32/6/feats.scp ark:- | add-deltas  ark:- ark:- |" ark,t:- | gmm-acc-stats-ali --binary=true exp/mono0a/0.mdl "ark,s,cs:apply-cmvn  --utt2spk=ark:data/train/split32/6/utt2spk scp:data/train/split32/6/cmvn.scp scp:data/train/split32/6/feats.scp ark:- | add-deltas  ark:- ark:- |" ark:- exp/mono0a/0.6.acc 
# Started at Thu Dec  5 01:03:19 CST 2019
#
align-equal-compiled 'ark:gunzip -c exp/mono0a/fsts.6.gz|' 'ark,s,cs:apply-cmvn  --utt2spk=ark:data/train/split32/6/utt2spk scp:data/train/split32/6/cmvn.scp scp:data/train/split32/6/feats.scp ark:- | add-deltas  ark:- ark:- |' ark,t:- 
gmm-acc-stats-ali --binary=true exp/mono0a/0.mdl 'ark,s,cs:apply-cmvn  --utt2spk=ark:data/train/split32/6/utt2spk scp:data/train/split32/6/cmvn.scp scp:data/train/split32/6/feats.scp ark:- | add-deltas  ark:- ark:- |' ark:- exp/mono0a/0.6.acc 
apply-cmvn --utt2spk=ark:data/train/split32/6/utt2spk scp:data/train/split32/6/cmvn.scp scp:data/train/split32/6/feats.scp ark:- 
add-deltas ark:- ark:- 
apply-cmvn --utt2spk=ark:data/train/split32/6/utt2spk scp:data/train/split32/6/cmvn.scp scp:data/train/split32/6/feats.scp ark:- 
add-deltas ark:- ark:- 
LOG (gmm-acc-stats-ali[5.5.166~1-013489]:main():gmm-acc-stats-ali.cc:105) Processed 50 utterances; for utterance CR_8194126A avg. like is -86.8111 over 276 frames.
LOG (apply-cmvn[5.5.166~1-013489]:main():apply-cmvn.cc:162) Applied cepstral mean normalization to 231 utterances, errors on 0
LOG (align-equal-compiled[5.5.166~1-013489]:main():align-equal-compiled.cc:107) Success: done 231 utterances.
LOG (gmm-acc-stats-ali[5.5.166~1-013489]:main():gmm-acc-stats-ali.cc:105) Processed 100 utterances; for utterance DC_43ZA avg. like is -83.7189 over 163 frames.
LOG (gmm-acc-stats-ali[5.5.166~1-013489]:main():gmm-acc-stats-ali.cc:105) Processed 150 utterances; for utterance DC_Z4A avg. like is -81.7952 over 140 frames.
LOG (gmm-acc-stats-ali[5.5.166~1-013489]:main():gmm-acc-stats-ali.cc:105) Processed 200 utterances; for utterance DG_762O8A avg. like is -98.5364 over 198 frames.
LOG (apply-cmvn[5.5.166~1-013489]:main():apply-cmvn.cc:162) Applied cepstral mean normalization to 231 utterances, errors on 0
LOG (gmm-acc-stats-ali[5.5.166~1-013489]:main():gmm-acc-stats-ali.cc:112) Done 231 files, 0 with errors.
LOG (gmm-acc-stats-ali[5.5.166~1-013489]:main():gmm-acc-stats-ali.cc:115) Overall avg like per frame (Gaussian only) = -90.9799 over 37882 frames.
LOG (gmm-acc-stats-ali[5.5.166~1-013489]:main():gmm-acc-stats-ali.cc:123) Written accs.
# Accounting: time=0 threads=1
# Ended (code 0) at Thu Dec  5 01:03:19 CST 2019, elapsed time 0 seconds
