# align-equal-compiled "ark:gunzip -c exp/mono0a/fsts.9.gz|" "ark,s,cs:apply-cmvn  --utt2spk=ark:data/train/split32/9/utt2spk scp:data/train/split32/9/cmvn.scp scp:data/train/split32/9/feats.scp ark:- | add-deltas  ark:- ark:- |" ark,t:- | gmm-acc-stats-ali --binary=true exp/mono0a/0.mdl "ark,s,cs:apply-cmvn  --utt2spk=ark:data/train/split32/9/utt2spk scp:data/train/split32/9/cmvn.scp scp:data/train/split32/9/feats.scp ark:- | add-deltas  ark:- ark:- |" ark:- exp/mono0a/0.9.acc 
# Started at Sun Dec  1 23:51:10 CST 2019
#
gmm-acc-stats-ali --binary=true exp/mono0a/0.mdl 'ark,s,cs:apply-cmvn  --utt2spk=ark:data/train/split32/9/utt2spk scp:data/train/split32/9/cmvn.scp scp:data/train/split32/9/feats.scp ark:- | add-deltas  ark:- ark:- |' ark:- exp/mono0a/0.9.acc 
apply-cmvn --utt2spk=ark:data/train/split32/9/utt2spk scp:data/train/split32/9/cmvn.scp scp:data/train/split32/9/feats.scp ark:- 
add-deltas ark:- ark:- 
align-equal-compiled 'ark:gunzip -c exp/mono0a/fsts.9.gz|' 'ark,s,cs:apply-cmvn  --utt2spk=ark:data/train/split32/9/utt2spk scp:data/train/split32/9/cmvn.scp scp:data/train/split32/9/feats.scp ark:- | add-deltas  ark:- ark:- |' ark,t:- 
apply-cmvn --utt2spk=ark:data/train/split32/9/utt2spk scp:data/train/split32/9/cmvn.scp scp:data/train/split32/9/feats.scp ark:- 
add-deltas ark:- ark:- 
LOG (gmm-acc-stats-ali[5.5.166~1-013489]:main():gmm-acc-stats-ali.cc:105) Processed 50 utterances; for utterance EI_847OOA avg. like is -107.388 over 260 frames.
LOG (gmm-acc-stats-ali[5.5.166~1-013489]:main():gmm-acc-stats-ali.cc:105) Processed 100 utterances; for utterance EK_449A avg. like is -106.357 over 173 frames.
LOG (gmm-acc-stats-ali[5.5.166~1-013489]:main():gmm-acc-stats-ali.cc:105) Processed 150 utterances; for utterance EK_Z747A avg. like is -108.175 over 175 frames.
LOG (gmm-acc-stats-ali[5.5.166~1-013489]:main():gmm-acc-stats-ali.cc:105) Processed 200 utterances; for utterance EL_78579A avg. like is -108.972 over 230 frames.
LOG (apply-cmvn[5.5.166~1-013489]:main():apply-cmvn.cc:162) Applied cepstral mean normalization to 308 utterances, errors on 0
LOG (align-equal-compiled[5.5.166~1-013489]:main():align-equal-compiled.cc:107) Success: done 308 utterances.
LOG (gmm-acc-stats-ali[5.5.166~1-013489]:main():gmm-acc-stats-ali.cc:105) Processed 250 utterances; for utterance ES_3A avg. like is -107.672 over 86 frames.
LOG (apply-cmvn[5.5.166~1-013489]:main():apply-cmvn.cc:162) Applied cepstral mean normalization to 308 utterances, errors on 0
LOG (gmm-acc-stats-ali[5.5.166~1-013489]:main():gmm-acc-stats-ali.cc:105) Processed 300 utterances; for utterance ES_OA avg. like is -102.513 over 84 frames.
LOG (gmm-acc-stats-ali[5.5.166~1-013489]:main():gmm-acc-stats-ali.cc:112) Done 308 files, 0 with errors.
LOG (gmm-acc-stats-ali[5.5.166~1-013489]:main():gmm-acc-stats-ali.cc:115) Overall avg like per frame (Gaussian only) = -108.846 over 52856 frames.
LOG (gmm-acc-stats-ali[5.5.166~1-013489]:main():gmm-acc-stats-ali.cc:123) Written accs.
# Accounting: time=0 threads=1
# Ended (code 0) at Sun Dec  1 23:51:10 CST 2019, elapsed time 0 seconds
