# gmm-align-compiled --transition-scale=1.0 --acoustic-scale=0.1 --self-loop-scale=0.1 --beam=10 --retry-beam=40 --careful=false "gmm-boost-silence --boost=1.0 1 exp/mono0a/8.mdl - |" "ark:gunzip -c exp/mono0a/fsts.15.gz|" "ark,s,cs:apply-cmvn  --utt2spk=ark:data/train/split32/15/utt2spk scp:data/train/split32/15/cmvn.scp scp:data/train/split32/15/feats.scp ark:- | add-deltas  ark:- ark:- |" "ark,t:|gzip -c >exp/mono0a/ali.15.gz" 
# Started at Sun Dec  1 21:58:18 CST 2019
#
gmm-align-compiled --transition-scale=1.0 --acoustic-scale=0.1 --self-loop-scale=0.1 --beam=10 --retry-beam=40 --careful=false 'gmm-boost-silence --boost=1.0 1 exp/mono0a/8.mdl - |' 'ark:gunzip -c exp/mono0a/fsts.15.gz|' 'ark,s,cs:apply-cmvn  --utt2spk=ark:data/train/split32/15/utt2spk scp:data/train/split32/15/cmvn.scp scp:data/train/split32/15/feats.scp ark:- | add-deltas  ark:- ark:- |' 'ark,t:|gzip -c >exp/mono0a/ali.15.gz' 
gmm-boost-silence --boost=1.0 1 exp/mono0a/8.mdl - 
LOG (gmm-boost-silence[5.5.166~1-013489]:main():gmm-boost-silence.cc:93) Boosted weights for 5 pdfs, by factor of 1
LOG (gmm-boost-silence[5.5.166~1-013489]:main():gmm-boost-silence.cc:103) Wrote model to -
apply-cmvn --utt2spk=ark:data/train/split32/15/utt2spk scp:data/train/split32/15/cmvn.scp scp:data/train/split32/15/feats.scp ark:- 
add-deltas ark:- ark:- 
LOG (gmm-align-compiled[5.5.166~1-013489]:main():gmm-align-compiled.cc:127) HS_125857OA
LOG (gmm-align-compiled[5.5.166~1-013489]:main():gmm-align-compiled.cc:127) HS_1477685A
LOG (gmm-align-compiled[5.5.166~1-013489]:main():gmm-align-compiled.cc:127) HS_1535A
LOG (gmm-align-compiled[5.5.166~1-013489]:main():gmm-align-compiled.cc:127) HS_189O5A
LOG (gmm-align-compiled[5.5.166~1-013489]:main():gmm-align-compiled.cc:127) HS_1943A
LOG (gmm-align-compiled[5.5.166~1-013489]:main():gmm-align-compiled.cc:127) HS_1A
LOG (gmm-align-compiled[5.5.166~1-013489]:main():gmm-align-compiled.cc:127) HS_1B
LOG (gmm-align-compiled[5.5.166~1-013489]:main():gmm-align-compiled.cc:127) HS_219ZZA
LOG (gmm-align-compiled[5.5.166~1-013489]:main():gmm-align-compiled.cc:127) HS_27A
LOG (gmm-align-compiled[5.5.166~1-013489]:main():gmm-align-compiled.cc:127) HS_2841A
WARNING (gmm-align-compiled[5.5.166~1-013489]:AlignUtteranceWrapper():decoder-wrappers.cc:501) Retrying utterance HS_2841A with beam 40
LOG (gmm-align-compiled[5.5.166~1-013489]:main():gmm-align-compiled.cc:127) HS_29ZZ624A
LOG (gmm-align-compiled[5.5.166~1-013489]:main():gmm-align-compiled.cc:127) HS_2A
LOG (gmm-align-compiled[5.5.166~1-013489]:main():gmm-align-compiled.cc:127) HS_2B
LOG (gmm-align-compiled[5.5.166~1-013489]:main():gmm-align-compiled.cc:127) HS_2ZA
LOG (gmm-align-compiled[5.5.166~1-013489]:main():gmm-align-compiled.cc:127) HS_33149A
LOG (gmm-align-compiled[5.5.166~1-013489]:main():gmm-align-compiled.cc:127) HS_34A
LOG (gmm-align-compiled[5.5.166~1-013489]:main():gmm-align-compiled.cc:127) HS_34ZZ5ZZA
LOG (gmm-align-compiled[5.5.166~1-013489]:main():gmm-align-compiled.cc:127) HS_3697A
LOG (gmm-align-compiled[5.5.166~1-013489]:main():gmm-align-compiled.cc:127) HS_3967178A
LOG (gmm-align-compiled[5.5.166~1-013489]:main():gmm-align-compiled.cc:127) HS_3A
LOG (gmm-align-compiled[5.5.166~1-013489]:main():gmm-align-compiled.cc:127) HS_3B
LOG (gmm-align-compiled[5.5.166~1-013489]:main():gmm-align-compiled.cc:127) HS_422A
LOG (gmm-align-compiled[5.5.166~1-013489]:main():gmm-align-compiled.cc:127) HS_42373A
LOG (gmm-align-compiled[5.5.166~1-013489]:main():gmm-align-compiled.cc:127) HS_46OA
LOG (gmm-align-compiled[5.5.166~1-013489]:main():gmm-align-compiled.cc:127) HS_47A
LOG (gmm-align-compiled[5.5.166~1-013489]:main():gmm-align-compiled.cc:127) HS_4816A
LOG (gmm-align-compiled[5.5.166~1-013489]:main():gmm-align-compiled.cc:127) HS_4A
LOG (gmm-align-compiled[5.5.166~1-013489]:main():gmm-align-compiled.cc:127) HS_4B
LOG (gmm-align-compiled[5.5.166~1-013489]:main():gmm-align-compiled.cc:127) HS_54164A
LOG (gmm-align-compiled[5.5.166~1-013489]:main():gmm-align-compiled.cc:127) HS_57A
LOG (gmm-align-compiled[5.5.166~1-013489]:main():gmm-align-compiled.cc:127) HS_593O3O2A
WARNING (gmm-align-compiled[5.5.166~1-013489]:AlignUtteranceWrapper():decoder-wrappers.cc:501) Retrying utterance HS_593O3O2A with beam 40
LOG (gmm-align-compiled[5.5.166~1-013489]:main():gmm-align-compiled.cc:127) HS_5956466A
LOG (gmm-align-compiled[5.5.166~1-013489]:main():gmm-align-compiled.cc:127) HS_5A
LOG (gmm-align-compiled[5.5.166~1-013489]:main():gmm-align-compiled.cc:127) HS_5B
LOG (gmm-align-compiled[5.5.166~1-013489]:main():gmm-align-compiled.cc:127) HS_5Z1A
WARNING (gmm-align-compiled[5.5.166~1-013489]:AlignUtteranceWrapper():decoder-wrappers.cc:501) Retrying utterance HS_5Z1A with beam 40
LOG (gmm-align-compiled[5.5.166~1-013489]:main():gmm-align-compiled.cc:127) HS_611A
LOG (gmm-align-compiled[5.5.166~1-013489]:main():gmm-align-compiled.cc:127) HS_6551Z26A
LOG (gmm-align-compiled[5.5.166~1-013489]:main():gmm-align-compiled.cc:127) HS_65A
LOG (gmm-align-compiled[5.5.166~1-013489]:main():gmm-align-compiled.cc:127) HS_6866A
LOG (gmm-align-compiled[5.5.166~1-013489]:main():gmm-align-compiled.cc:127) HS_6A
LOG (gmm-align-compiled[5.5.166~1-013489]:main():gmm-align-compiled.cc:127) HS_6B
LOG (gmm-align-compiled[5.5.166~1-013489]:main():gmm-align-compiled.cc:127) HS_6Z45139A
LOG (gmm-align-compiled[5.5.166~1-013489]:main():gmm-align-compiled.cc:127) HS_74O48A
WARNING (gmm-align-compiled[5.5.166~1-013489]:AlignUtteranceWrapper():decoder-wrappers.cc:501) Retrying utterance HS_74O48A with beam 40
LOG (gmm-align-compiled[5.5.166~1-013489]:main():gmm-align-compiled.cc:127) HS_77ZA
LOG (gmm-align-compiled[5.5.166~1-013489]:main():gmm-align-compiled.cc:127) HS_7927A
LOG (gmm-align-compiled[5.5.166~1-013489]:main():gmm-align-compiled.cc:127) HS_79282OOA
WARNING (gmm-align-compiled[5.5.166~1-013489]:AlignUtteranceWrapper():decoder-wrappers.cc:501) Retrying utterance HS_79282OOA with beam 40
LOG (gmm-align-compiled[5.5.166~1-013489]:main():gmm-align-compiled.cc:127) HS_7A
LOG (gmm-align-compiled[5.5.166~1-013489]:main():gmm-align-compiled.cc:127) HS_7B
LOG (gmm-align-compiled[5.5.166~1-013489]:main():gmm-align-compiled.cc:127) HS_7O78A
WARNING (gmm-align-compiled[5.5.166~1-013489]:AlignUtteranceWrapper():decoder-wrappers.cc:501) Retrying utterance HS_7O78A with beam 40
LOG (gmm-align-compiled[5.5.166~1-013489]:main():gmm-align-compiled.cc:127) HS_826A
LOG (gmm-align-compiled[5.5.166~1-013489]:main():gmm-align-compiled.cc:127) HS_83A
LOG (gmm-align-compiled[5.5.166~1-013489]:main():gmm-align-compiled.cc:127) HS_862A
LOG (gmm-align-compiled[5.5.166~1-013489]:main():gmm-align-compiled.cc:127) HS_87329A
LOG (gmm-align-compiled[5.5.166~1-013489]:main():gmm-align-compiled.cc:127) HS_8A
LOG (gmm-align-compiled[5.5.166~1-013489]:main():gmm-align-compiled.cc:127) HS_8B
LOG (gmm-align-compiled[5.5.166~1-013489]:main():gmm-align-compiled.cc:127) HS_8ZA
LOG (gmm-align-compiled[5.5.166~1-013489]:main():gmm-align-compiled.cc:127) HS_917A
LOG (gmm-align-compiled[5.5.166~1-013489]:main():gmm-align-compiled.cc:127) HS_954ZA
LOG (gmm-align-compiled[5.5.166~1-013489]:main():gmm-align-compiled.cc:127) HS_9722A
LOG (gmm-align-compiled[5.5.166~1-013489]:main():gmm-align-compiled.cc:127) HS_9961538A
LOG (gmm-align-compiled[5.5.166~1-013489]:main():gmm-align-compiled.cc:127) HS_99A
LOG (gmm-align-compiled[5.5.166~1-013489]:main():gmm-align-compiled.cc:127) HS_9A
LOG (gmm-align-compiled[5.5.166~1-013489]:main():gmm-align-compiled.cc:127) HS_9B
LOG (gmm-align-compiled[5.5.166~1-013489]:main():gmm-align-compiled.cc:127) HS_O1A
WARNING (gmm-align-compiled[5.5.166~1-013489]:AlignUtteranceWrapper():decoder-wrappers.cc:501) Retrying utterance HS_O1A with beam 40
LOG (gmm-align-compiled[5.5.166~1-013489]:main():gmm-align-compiled.cc:127) HS_O1OA
WARNING (gmm-align-compiled[5.5.166~1-013489]:AlignUtteranceWrapper():decoder-wrappers.cc:501) Retrying utterance HS_O1OA with beam 40
LOG (gmm-align-compiled[5.5.166~1-013489]:main():gmm-align-compiled.cc:127) HS_O6943A
LOG (gmm-align-compiled[5.5.166~1-013489]:main():gmm-align-compiled.cc:127) HS_O74A
LOG (gmm-align-compiled[5.5.166~1-013489]:main():gmm-align-compiled.cc:127) HS_O872A
LOG (gmm-align-compiled[5.5.166~1-013489]:main():gmm-align-compiled.cc:127) HS_OA
LOG (gmm-align-compiled[5.5.166~1-013489]:main():gmm-align-compiled.cc:127) HS_OB
LOG (gmm-align-compiled[5.5.166~1-013489]:main():gmm-align-compiled.cc:127) HS_Z25A
LOG (gmm-align-compiled[5.5.166~1-013489]:main():gmm-align-compiled.cc:127) HS_Z4Z38A
LOG (gmm-align-compiled[5.5.166~1-013489]:main():gmm-align-compiled.cc:127) HS_Z5Z1ZA
LOG (gmm-align-compiled[5.5.166~1-013489]:main():gmm-align-compiled.cc:127) HS_Z7523A
LOG (gmm-align-compiled[5.5.166~1-013489]:main():gmm-align-compiled.cc:127) HS_Z9A
LOG (gmm-align-compiled[5.5.166~1-013489]:main():gmm-align-compiled.cc:127) HS_ZA
LOG (gmm-align-compiled[5.5.166~1-013489]:main():gmm-align-compiled.cc:127) HS_ZB
LOG (gmm-align-compiled[5.5.166~1-013489]:main():gmm-align-compiled.cc:127) IE_12648A
WARNING (gmm-align-compiled[5.5.166~1-013489]:AlignUtteranceWrapper():decoder-wrappers.cc:501) Retrying utterance IE_12648A with beam 40
LOG (gmm-align-compiled[5.5.166~1-013489]:main():gmm-align-compiled.cc:127) IE_147Z2A
LOG (gmm-align-compiled[5.5.166~1-013489]:main():gmm-align-compiled.cc:127) IE_1656A
LOG (gmm-align-compiled[5.5.166~1-013489]:main():gmm-align-compiled.cc:127) IE_18A
LOG (gmm-align-compiled[5.5.166~1-013489]:main():gmm-align-compiled.cc:127) IE_1A
LOG (gmm-align-compiled[5.5.166~1-013489]:main():gmm-align-compiled.cc:127) IE_1B
LOG (gmm-align-compiled[5.5.166~1-013489]:main():gmm-align-compiled.cc:127) IE_1O4A
WARNING (gmm-align-compiled[5.5.166~1-013489]:AlignUtteranceWrapper():decoder-wrappers.cc:501) Retrying utterance IE_1O4A with beam 40
LOG (gmm-align-compiled[5.5.166~1-013489]:main():gmm-align-compiled.cc:127) IE_22A
LOG (gmm-align-compiled[5.5.166~1-013489]:main():gmm-align-compiled.cc:127) IE_267Z921A
LOG (gmm-align-compiled[5.5.166~1-013489]:main():gmm-align-compiled.cc:127) IE_27O8546A
LOG (gmm-align-compiled[5.5.166~1-013489]:main():gmm-align-compiled.cc:127) IE_2A
LOG (gmm-align-compiled[5.5.166~1-013489]:main():gmm-align-compiled.cc:127) IE_2B
LOG (gmm-align-compiled[5.5.166~1-013489]:main():gmm-align-compiled.cc:127) IE_2O619A
WARNING (gmm-align-compiled[5.5.166~1-013489]:AlignUtteranceWrapper():decoder-wrappers.cc:501) Retrying utterance IE_2O619A with beam 40
LOG (gmm-align-compiled[5.5.166~1-013489]:main():gmm-align-compiled.cc:127) IE_2O81OA
WARNING (gmm-align-compiled[5.5.166~1-013489]:AlignUtteranceWrapper():decoder-wrappers.cc:501) Retrying utterance IE_2O81OA with beam 40
LOG (gmm-align-compiled[5.5.166~1-013489]:main():gmm-align-compiled.cc:127) IE_3213959A
LOG (gmm-align-compiled[5.5.166~1-013489]:main():gmm-align-compiled.cc:127) IE_353A
LOG (gmm-align-compiled[5.5.166~1-013489]:main():gmm-align-compiled.cc:127) IE_36O2A
LOG (gmm-align-compiled[5.5.166~1-013489]:main():gmm-align-compiled.cc:127) IE_3A
LOG (gmm-align-compiled[5.5.166~1-013489]:main():gmm-align-compiled.cc:127) IE_3B
LOG (gmm-align-compiled[5.5.166~1-013489]:main():gmm-align-compiled.cc:127) IE_3O7A
LOG (gmm-align-compiled[5.5.166~1-013489]:main():gmm-align-compiled.cc:127) IE_3OOOA
WARNING (gmm-align-compiled[5.5.166~1-013489]:AlignUtteranceWrapper():decoder-wrappers.cc:501) Retrying utterance IE_3OOOA with beam 40
WARNING (gmm-align-compiled[5.5.166~1-013489]:AlignUtteranceWrapper():decoder-wrappers.cc:510) Did not successfully decode file IE_3OOOA, len = 185
LOG (gmm-align-compiled[5.5.166~1-013489]:main():gmm-align-compiled.cc:127) IE_4237452A
LOG (gmm-align-compiled[5.5.166~1-013489]:main():gmm-align-compiled.cc:127) IE_4882414A
WARNING (gmm-align-compiled[5.5.166~1-013489]:AlignUtteranceWrapper():decoder-wrappers.cc:501) Retrying utterance IE_4882414A with beam 40
LOG (gmm-align-compiled[5.5.166~1-013489]:main():gmm-align-compiled.cc:127) IE_4A
LOG (gmm-align-compiled[5.5.166~1-013489]:main():gmm-align-compiled.cc:127) IE_4B
LOG (gmm-align-compiled[5.5.166~1-013489]:main():gmm-align-compiled.cc:127) IE_4O6A
WARNING (gmm-align-compiled[5.5.166~1-013489]:AlignUtteranceWrapper():decoder-wrappers.cc:501) Retrying utterance IE_4O6A with beam 40
LOG (gmm-align-compiled[5.5.166~1-013489]:main():gmm-align-compiled.cc:127) IE_4O9A
WARNING (gmm-align-compiled[5.5.166~1-013489]:AlignUtteranceWrapper():decoder-wrappers.cc:501) Retrying utterance IE_4O9A with beam 40
LOG (gmm-align-compiled[5.5.166~1-013489]:main():gmm-align-compiled.cc:127) IE_4ZA
LOG (gmm-align-compiled[5.5.166~1-013489]:main():gmm-align-compiled.cc:127) IE_53168A
LOG (gmm-align-compiled[5.5.166~1-013489]:main():gmm-align-compiled.cc:127) IE_55A
LOG (gmm-align-compiled[5.5.166~1-013489]:main():gmm-align-compiled.cc:127) IE_55B
LOG (gmm-align-compiled[5.5.166~1-013489]:main():gmm-align-compiled.cc:127) IE_5629A
LOG (gmm-align-compiled[5.5.166~1-013489]:main():gmm-align-compiled.cc:127) IE_58A
LOG (gmm-align-compiled[5.5.166~1-013489]:main():gmm-align-compiled.cc:127) IE_5A
LOG (gmm-align-compiled[5.5.166~1-013489]:main():gmm-align-compiled.cc:127) IE_5B
LOG (gmm-align-compiled[5.5.166~1-013489]:main():gmm-align-compiled.cc:127) IE_61352A
LOG (gmm-align-compiled[5.5.166~1-013489]:main():gmm-align-compiled.cc:127) IE_62A
LOG (gmm-align-compiled[5.5.166~1-013489]:main():gmm-align-compiled.cc:127) IE_669A
LOG (gmm-align-compiled[5.5.166~1-013489]:main():gmm-align-compiled.cc:127) IE_6A
LOG (gmm-align-compiled[5.5.166~1-013489]:main():gmm-align-compiled.cc:127) IE_6B
LOG (gmm-align-compiled[5.5.166~1-013489]:main():gmm-align-compiled.cc:127) IE_6Z65ZA
LOG (gmm-align-compiled[5.5.166~1-013489]:main():gmm-align-compiled.cc:127) IE_6ZA
LOG (gmm-align-compiled[5.5.166~1-013489]:main():gmm-align-compiled.cc:127) IE_7231A
LOG (gmm-align-compiled[5.5.166~1-013489]:main():gmm-align-compiled.cc:127) IE_7336A
LOG (gmm-align-compiled[5.5.166~1-013489]:main():gmm-align-compiled.cc:127) IE_75Z5A
LOG (gmm-align-compiled[5.5.166~1-013489]:main():gmm-align-compiled.cc:127) IE_777A
LOG (gmm-align-compiled[5.5.166~1-013489]:main():gmm-align-compiled.cc:127) IE_7984A
LOG (gmm-align-compiled[5.5.166~1-013489]:main():gmm-align-compiled.cc:127) IE_7A
LOG (gmm-align-compiled[5.5.166~1-013489]:main():gmm-align-compiled.cc:127) IE_7B
LOG (gmm-align-compiled[5.5.166~1-013489]:main():gmm-align-compiled.cc:127) IE_817A
LOG (gmm-align-compiled[5.5.166~1-013489]:main():gmm-align-compiled.cc:127) IE_864A
LOG (gmm-align-compiled[5.5.166~1-013489]:main():gmm-align-compiled.cc:127) IE_876O186A
LOG (gmm-align-compiled[5.5.166~1-013489]:main():gmm-align-compiled.cc:127) IE_8A
LOG (gmm-align-compiled[5.5.166~1-013489]:main():gmm-align-compiled.cc:127) IE_8B
LOG (gmm-align-compiled[5.5.166~1-013489]:main():gmm-align-compiled.cc:127) IE_8Z57A
LOG (gmm-align-compiled[5.5.166~1-013489]:main():gmm-align-compiled.cc:127) IE_8ZA
LOG (gmm-align-compiled[5.5.166~1-013489]:main():gmm-align-compiled.cc:127) IE_917A
LOG (gmm-align-compiled[5.5.166~1-013489]:main():gmm-align-compiled.cc:127) IE_925O9A
LOG (gmm-align-compiled[5.5.166~1-013489]:main():gmm-align-compiled.cc:127) IE_942ZZ3ZA
LOG (gmm-align-compiled[5.5.166~1-013489]:main():gmm-align-compiled.cc:127) IE_9824Z79A
LOG (gmm-align-compiled[5.5.166~1-013489]:main():gmm-align-compiled.cc:127) IE_999ZA
LOG (gmm-align-compiled[5.5.166~1-013489]:main():gmm-align-compiled.cc:127) IE_9A
LOG (gmm-align-compiled[5.5.166~1-013489]:main():gmm-align-compiled.cc:127) IE_9B
LOG (gmm-align-compiled[5.5.166~1-013489]:main():gmm-align-compiled.cc:127) IE_O2OA
WARNING (gmm-align-compiled[5.5.166~1-013489]:AlignUtteranceWrapper():decoder-wrappers.cc:501) Retrying utterance IE_O2OA with beam 40
LOG (gmm-align-compiled[5.5.166~1-013489]:main():gmm-align-compiled.cc:127) IE_O338932A
LOG (gmm-align-compiled[5.5.166~1-013489]:main():gmm-align-compiled.cc:127) IE_O4734A
LOG (gmm-align-compiled[5.5.166~1-013489]:main():gmm-align-compiled.cc:127) IE_O51O1OOA
WARNING (gmm-align-compiled[5.5.166~1-013489]:AlignUtteranceWrapper():decoder-wrappers.cc:501) Retrying utterance IE_O51O1OOA with beam 40
LOG (gmm-align-compiled[5.5.166~1-013489]:main():gmm-align-compiled.cc:127) IE_O59O7A
LOG (gmm-align-compiled[5.5.166~1-013489]:main():gmm-align-compiled.cc:127) IE_OA
LOG (gmm-align-compiled[5.5.166~1-013489]:main():gmm-align-compiled.cc:127) IE_OB
LOG (gmm-align-compiled[5.5.166~1-013489]:main():gmm-align-compiled.cc:127) IE_Z115122A
LOG (gmm-align-compiled[5.5.166~1-013489]:main():gmm-align-compiled.cc:127) IE_Z4958A
LOG (gmm-align-compiled[5.5.166~1-013489]:main():gmm-align-compiled.cc:127) IE_Z8A
LOG (gmm-align-compiled[5.5.166~1-013489]:main():gmm-align-compiled.cc:127) IE_ZA
LOG (gmm-align-compiled[5.5.166~1-013489]:main():gmm-align-compiled.cc:127) IE_ZB
LOG (gmm-align-compiled[5.5.166~1-013489]:main():gmm-align-compiled.cc:127) IE_ZZ87A
LOG (gmm-align-compiled[5.5.166~1-013489]:main():gmm-align-compiled.cc:127) IE_ZZA
LOG (gmm-align-compiled[5.5.166~1-013489]:main():gmm-align-compiled.cc:127) IF_1198234A
LOG (gmm-align-compiled[5.5.166~1-013489]:main():gmm-align-compiled.cc:127) IF_1512264A
LOG (gmm-align-compiled[5.5.166~1-013489]:main():gmm-align-compiled.cc:127) IF_178A
LOG (gmm-align-compiled[5.5.166~1-013489]:main():gmm-align-compiled.cc:127) IF_18A
LOG (gmm-align-compiled[5.5.166~1-013489]:main():gmm-align-compiled.cc:127) IF_1A
LOG (gmm-align-compiled[5.5.166~1-013489]:main():gmm-align-compiled.cc:127) IF_1B
LOG (gmm-align-compiled[5.5.166~1-013489]:main():gmm-align-compiled.cc:127) IF_1OO17A
WARNING (gmm-align-compiled[5.5.166~1-013489]:AlignUtteranceWrapper():decoder-wrappers.cc:501) Retrying utterance IF_1OO17A with beam 40
LOG (gmm-align-compiled[5.5.166~1-013489]:main():gmm-align-compiled.cc:127) IF_2654A
LOG (gmm-align-compiled[5.5.166~1-013489]:main():gmm-align-compiled.cc:127) IF_283A
WARNING (gmm-align-compiled[5.5.166~1-013489]:AlignUtteranceWrapper():decoder-wrappers.cc:501) Retrying utterance IF_283A with beam 40
LOG (gmm-align-compiled[5.5.166~1-013489]:main():gmm-align-compiled.cc:127) IF_2931A
WARNING (gmm-align-compiled[5.5.166~1-013489]:AlignUtteranceWrapper():decoder-wrappers.cc:501) Retrying utterance IF_2931A with beam 40
LOG (gmm-align-compiled[5.5.166~1-013489]:main():gmm-align-compiled.cc:127) IF_2A
LOG (gmm-align-compiled[5.5.166~1-013489]:main():gmm-align-compiled.cc:127) IF_2B
LOG (gmm-align-compiled[5.5.166~1-013489]:main():gmm-align-compiled.cc:127) IF_2OA
WARNING (gmm-align-compiled[5.5.166~1-013489]:AlignUtteranceWrapper():decoder-wrappers.cc:501) Retrying utterance IF_2OA with beam 40
LOG (gmm-align-compiled[5.5.166~1-013489]:main():gmm-align-compiled.cc:127) IF_2Z542A
LOG (gmm-align-compiled[5.5.166~1-013489]:main():gmm-align-compiled.cc:127) IF_32A
LOG (gmm-align-compiled[5.5.166~1-013489]:main():gmm-align-compiled.cc:127) IF_32B
LOG (gmm-align-compiled[5.5.166~1-013489]:main():gmm-align-compiled.cc:127) IF_3399561A
LOG (gmm-align-compiled[5.5.166~1-013489]:main():gmm-align-compiled.cc:127) IF_3589A
LOG (gmm-align-compiled[5.5.166~1-013489]:main():gmm-align-compiled.cc:127) IF_37O84O2A
WARNING (gmm-align-compiled[5.5.166~1-013489]:AlignUtteranceWrapper():decoder-wrappers.cc:501) Retrying utterance IF_37O84O2A with beam 40
LOG (gmm-align-compiled[5.5.166~1-013489]:main():gmm-align-compiled.cc:127) IF_3A
LOG (gmm-align-compiled[5.5.166~1-013489]:main():gmm-align-compiled.cc:127) IF_3B
LOG (gmm-align-compiled[5.5.166~1-013489]:main():gmm-align-compiled.cc:127) IF_414A
LOG (gmm-align-compiled[5.5.166~1-013489]:main():gmm-align-compiled.cc:127) IF_431ZA
LOG (gmm-align-compiled[5.5.166~1-013489]:main():gmm-align-compiled.cc:127) IF_475A
LOG (gmm-align-compiled[5.5.166~1-013489]:main():gmm-align-compiled.cc:127) IF_4A
LOG (gmm-align-compiled[5.5.166~1-013489]:main():gmm-align-compiled.cc:127) IF_4B
LOG (gmm-align-compiled[5.5.166~1-013489]:main():gmm-align-compiled.cc:127) IF_4O3O125A
WARNING (gmm-align-compiled[5.5.166~1-013489]:AlignUtteranceWrapper():decoder-wrappers.cc:501) Retrying utterance IF_4O3O125A with beam 40
LOG (gmm-align-compiled[5.5.166~1-013489]:main():gmm-align-compiled.cc:127) IF_4OA
LOG (gmm-align-compiled[5.5.166~1-013489]:main():gmm-align-compiled.cc:127) IF_51OA
LOG (gmm-align-compiled[5.5.166~1-013489]:main():gmm-align-compiled.cc:127) IF_52A
LOG (gmm-align-compiled[5.5.166~1-013489]:main():gmm-align-compiled.cc:127) IF_5873A
LOG (gmm-align-compiled[5.5.166~1-013489]:main():gmm-align-compiled.cc:127) IF_59A
LOG (gmm-align-compiled[5.5.166~1-013489]:main():gmm-align-compiled.cc:127) IF_5A
LOG (gmm-align-compiled[5.5.166~1-013489]:main():gmm-align-compiled.cc:127) IF_5B
LOG (gmm-align-compiled[5.5.166~1-013489]:main():gmm-align-compiled.cc:127) IF_5Z6A
LOG (gmm-align-compiled[5.5.166~1-013489]:main():gmm-align-compiled.cc:127) IF_6492711A
WARNING (gmm-align-compiled[5.5.166~1-013489]:AlignUtteranceWrapper():decoder-wrappers.cc:501) Retrying utterance IF_6492711A with beam 40
LOG (gmm-align-compiled[5.5.166~1-013489]:main():gmm-align-compiled.cc:127) IF_671Z3A
WARNING (gmm-align-compiled[5.5.166~1-013489]:AlignUtteranceWrapper():decoder-wrappers.cc:501) Retrying utterance IF_671Z3A with beam 40
LOG (gmm-align-compiled[5.5.166~1-013489]:main():gmm-align-compiled.cc:127) IF_69A
LOG (gmm-align-compiled[5.5.166~1-013489]:main():gmm-align-compiled.cc:127) IF_6A
LOG (gmm-align-compiled[5.5.166~1-013489]:main():gmm-align-compiled.cc:127) IF_6B
LOG (gmm-align-compiled[5.5.166~1-013489]:main():gmm-align-compiled.cc:127) IF_6OA
LOG (gmm-align-compiled[5.5.166~1-013489]:main():gmm-align-compiled.cc:127) IF_6Z155A
LOG (gmm-align-compiled[5.5.166~1-013489]:main():gmm-align-compiled.cc:127) IF_77688A
LOG (gmm-align-compiled[5.5.166~1-013489]:main():gmm-align-compiled.cc:127) IF_79Z7A
LOG (gmm-align-compiled[5.5.166~1-013489]:main():gmm-align-compiled.cc:127) IF_7A
LOG (gmm-align-compiled[5.5.166~1-013489]:main():gmm-align-compiled.cc:127) IF_7B
LOG (gmm-align-compiled[5.5.166~1-013489]:main():gmm-align-compiled.cc:127) IF_7O4A
WARNING (gmm-align-compiled[5.5.166~1-013489]:AlignUtteranceWrapper():decoder-wrappers.cc:501) Retrying utterance IF_7O4A with beam 40
LOG (gmm-align-compiled[5.5.166~1-013489]:main():gmm-align-compiled.cc:127) IF_7Z75A
LOG (gmm-align-compiled[5.5.166~1-013489]:main():gmm-align-compiled.cc:127) IF_7ZA
LOG (gmm-align-compiled[5.5.166~1-013489]:main():gmm-align-compiled.cc:127) IF_825Z9A
LOG (gmm-align-compiled[5.5.166~1-013489]:main():gmm-align-compiled.cc:127) IF_84Z9A
LOG (gmm-align-compiled[5.5.166~1-013489]:main():gmm-align-compiled.cc:127) IF_852A
LOG (gmm-align-compiled[5.5.166~1-013489]:main():gmm-align-compiled.cc:127) IF_8653968A
LOG (gmm-align-compiled[5.5.166~1-013489]:main():gmm-align-compiled.cc:127) IF_8A
LOG (gmm-align-compiled[5.5.166~1-013489]:main():gmm-align-compiled.cc:127) IF_8B
LOG (gmm-align-compiled[5.5.166~1-013489]:main():gmm-align-compiled.cc:127) IF_8Z6A
LOG (gmm-align-compiled[5.5.166~1-013489]:main():gmm-align-compiled.cc:127) IF_9162OA
WARNING (gmm-align-compiled[5.5.166~1-013489]:AlignUtteranceWrapper():decoder-wrappers.cc:501) Retrying utterance IF_9162OA with beam 40
LOG (gmm-align-compiled[5.5.166~1-013489]:main():gmm-align-compiled.cc:127) IF_921A
LOG (gmm-align-compiled[5.5.166~1-013489]:main():gmm-align-compiled.cc:127) IF_963OO5OA
WARNING (gmm-align-compiled[5.5.166~1-013489]:AlignUtteranceWrapper():decoder-wrappers.cc:501) Retrying utterance IF_963OO5OA with beam 40
LOG (gmm-align-compiled[5.5.166~1-013489]:main():gmm-align-compiled.cc:127) IF_978Z1A
WARNING (gmm-align-compiled[5.5.166~1-013489]:AlignUtteranceWrapper():decoder-wrappers.cc:501) Retrying utterance IF_978Z1A with beam 40
LOG (gmm-align-compiled[5.5.166~1-013489]:main():gmm-align-compiled.cc:127) IF_9A
LOG (gmm-align-compiled[5.5.166~1-013489]:main():gmm-align-compiled.cc:127) IF_9B
LOG (gmm-align-compiled[5.5.166~1-013489]:main():gmm-align-compiled.cc:127) IF_9ZA
LOG (gmm-align-compiled[5.5.166~1-013489]:main():gmm-align-compiled.cc:127) IF_O213A
LOG (gmm-align-compiled[5.5.166~1-013489]:main():gmm-align-compiled.cc:127) IF_O349A
LOG (gmm-align-compiled[5.5.166~1-013489]:main():gmm-align-compiled.cc:127) IF_O797335A
LOG (gmm-align-compiled[5.5.166~1-013489]:main():gmm-align-compiled.cc:127) IF_O99A
LOG (gmm-align-compiled[5.5.166~1-013489]:main():gmm-align-compiled.cc:127) IF_OA
LOG (gmm-align-compiled[5.5.166~1-013489]:main():gmm-align-compiled.cc:127) IF_OB
LOG (gmm-align-compiled[5.5.166~1-013489]:main():gmm-align-compiled.cc:127) IF_OO66774A
LOG (gmm-align-compiled[5.5.166~1-013489]:main():gmm-align-compiled.cc:127) IF_Z2436A
LOG (gmm-align-compiled[5.5.166~1-013489]:main():gmm-align-compiled.cc:127) IF_Z4613A
LOG (gmm-align-compiled[5.5.166~1-013489]:main():gmm-align-compiled.cc:127) IF_ZA
LOG (gmm-align-compiled[5.5.166~1-013489]:main():gmm-align-compiled.cc:127) IF_ZB
LOG (gmm-align-compiled[5.5.166~1-013489]:main():gmm-align-compiled.cc:127) IF_ZZ87A
WARNING (gmm-align-compiled[5.5.166~1-013489]:AlignUtteranceWrapper():decoder-wrappers.cc:501) Retrying utterance IF_ZZ87A with beam 40
LOG (gmm-align-compiled[5.5.166~1-013489]:main():gmm-align-compiled.cc:127) IF_ZZ88944A
WARNING (gmm-align-compiled[5.5.166~1-013489]:AlignUtteranceWrapper():decoder-wrappers.cc:501) Retrying utterance IF_ZZ88944A with beam 40
LOG (gmm-align-compiled[5.5.166~1-013489]:main():gmm-align-compiled.cc:127) IF_ZZZ22A
LOG (gmm-align-compiled[5.5.166~1-013489]:main():gmm-align-compiled.cc:127) IG_1219824A
LOG (gmm-align-compiled[5.5.166~1-013489]:main():gmm-align-compiled.cc:127) IG_14OA
LOG (gmm-align-compiled[5.5.166~1-013489]:main():gmm-align-compiled.cc:127) IG_1817A
LOG (gmm-align-compiled[5.5.166~1-013489]:main():gmm-align-compiled.cc:127) IG_1A
LOG (gmm-align-compiled[5.5.166~1-013489]:main():gmm-align-compiled.cc:127) IG_1B
LOG (gmm-align-compiled[5.5.166~1-013489]:main():gmm-align-compiled.cc:127) IG_1O45841A
LOG (gmm-align-compiled[5.5.166~1-013489]:main():gmm-align-compiled.cc:127) IG_1ZZ85A
LOG (gmm-align-compiled[5.5.166~1-013489]:main():gmm-align-compiled.cc:127) IG_264OOA
LOG (gmm-align-compiled[5.5.166~1-013489]:main():gmm-align-compiled.cc:127) IG_27O5A
LOG (gmm-align-compiled[5.5.166~1-013489]:main():gmm-align-compiled.cc:127) IG_298677ZA
WARNING (gmm-align-compiled[5.5.166~1-013489]:AlignUtteranceWrapper():decoder-wrappers.cc:501) Retrying utterance IG_298677ZA with beam 40
LOG (gmm-align-compiled[5.5.166~1-013489]:main():gmm-align-compiled.cc:127) IG_2A
LOG (gmm-align-compiled[5.5.166~1-013489]:main():gmm-align-compiled.cc:127) IG_2B
LOG (gmm-align-compiled[5.5.166~1-013489]:main():gmm-align-compiled.cc:127) IG_2OA
LOG (gmm-align-compiled[5.5.166~1-013489]:main():gmm-align-compiled.cc:127) IG_2ZA
LOG (gmm-align-compiled[5.5.166~1-013489]:main():gmm-align-compiled.cc:127) IG_31373A
LOG (gmm-align-compiled[5.5.166~1-013489]:main():gmm-align-compiled.cc:127) IG_322A
LOG (gmm-align-compiled[5.5.166~1-013489]:main():gmm-align-compiled.cc:127) IG_378OOA
LOG (gmm-align-compiled[5.5.166~1-013489]:main():gmm-align-compiled.cc:127) IG_3872A
WARNING (gmm-align-compiled[5.5.166~1-013489]:AlignUtteranceWrapper():decoder-wrappers.cc:501) Retrying utterance IG_3872A with beam 40
LOG (gmm-align-compiled[5.5.166~1-013489]:main():gmm-align-compiled.cc:127) IG_3A
LOG (gmm-align-compiled[5.5.166~1-013489]:main():gmm-align-compiled.cc:127) IG_3B
LOG (gmm-align-compiled[5.5.166~1-013489]:main():gmm-align-compiled.cc:127) IG_3Z1A
LOG (gmm-align-compiled[5.5.166~1-013489]:main():gmm-align-compiled.cc:127) IG_41147A
LOG (gmm-align-compiled[5.5.166~1-013489]:main():gmm-align-compiled.cc:127) IG_44A
LOG (gmm-align-compiled[5.5.166~1-013489]:main():gmm-align-compiled.cc:127) IG_4693471A
LOG (gmm-align-compiled[5.5.166~1-013489]:main():gmm-align-compiled.cc:127) IG_48A
WARNING (gmm-align-compiled[5.5.166~1-013489]:AlignUtteranceWrapper():decoder-wrappers.cc:501) Retrying utterance IG_48A with beam 40
LOG (gmm-align-compiled[5.5.166~1-013489]:main():gmm-align-compiled.cc:127) IG_4A
LOG (gmm-align-compiled[5.5.166~1-013489]:main():gmm-align-compiled.cc:127) IG_4B
LOG (gmm-align-compiled[5.5.166~1-013489]:main():gmm-align-compiled.cc:127) IG_4Z15ZA
WARNING (gmm-align-compiled[5.5.166~1-013489]:AlignUtteranceWrapper():decoder-wrappers.cc:501) Retrying utterance IG_4Z15ZA with beam 40
LOG (gmm-align-compiled[5.5.166~1-013489]:main():gmm-align-compiled.cc:127) IG_5167A
LOG (gmm-align-compiled[5.5.166~1-013489]:main():gmm-align-compiled.cc:127) IG_52A
LOG (gmm-align-compiled[5.5.166~1-013489]:main():gmm-align-compiled.cc:127) IG_5548359A
LOG (gmm-align-compiled[5.5.166~1-013489]:main():gmm-align-compiled.cc:127) IG_5576A
LOG (gmm-align-compiled[5.5.166~1-013489]:main():gmm-align-compiled.cc:127) IG_56Z26Z9A
LOG (gmm-align-compiled[5.5.166~1-013489]:main():gmm-align-compiled.cc:127) IG_5A
LOG (gmm-align-compiled[5.5.166~1-013489]:main():gmm-align-compiled.cc:127) IG_5B
LOG (gmm-align-compiled[5.5.166~1-013489]:main():gmm-align-compiled.cc:127) IG_61O7194A
LOG (gmm-align-compiled[5.5.166~1-013489]:main():gmm-align-compiled.cc:127) IG_649A
LOG (gmm-align-compiled[5.5.166~1-013489]:main():gmm-align-compiled.cc:127) IG_653ZZA
LOG (gmm-align-compiled[5.5.166~1-013489]:main():gmm-align-compiled.cc:127) IG_69A
LOG (gmm-align-compiled[5.5.166~1-013489]:main():gmm-align-compiled.cc:127) IG_6A
LOG (gmm-align-compiled[5.5.166~1-013489]:main():gmm-align-compiled.cc:127) IG_6B
LOG (gmm-align-compiled[5.5.166~1-013489]:main():gmm-align-compiled.cc:127) IG_6O1A
LOG (gmm-align-compiled[5.5.166~1-013489]:main():gmm-align-compiled.cc:127) IG_74253A
LOG (gmm-align-compiled[5.5.166~1-013489]:main():gmm-align-compiled.cc:127) IG_75465A
LOG (gmm-align-compiled[5.5.166~1-013489]:main():gmm-align-compiled.cc:127) IG_7666O63A
LOG (gmm-align-compiled[5.5.166~1-013489]:main():gmm-align-compiled.cc:127) IG_7797ZZ4A
LOG (gmm-align-compiled[5.5.166~1-013489]:main():gmm-align-compiled.cc:127) IG_783A
LOG (gmm-align-compiled[5.5.166~1-013489]:main():gmm-align-compiled.cc:127) IG_7A
LOG (gmm-align-compiled[5.5.166~1-013489]:main():gmm-align-compiled.cc:127) IG_7B
LOG (gmm-align-compiled[5.5.166~1-013489]:main():gmm-align-compiled.cc:127) IG_851A
LOG (gmm-align-compiled[5.5.166~1-013489]:main():gmm-align-compiled.cc:127) IG_862A
LOG (gmm-align-compiled[5.5.166~1-013489]:main():gmm-align-compiled.cc:127) IG_884A
LOG (gmm-align-compiled[5.5.166~1-013489]:main():gmm-align-compiled.cc:127) IG_89A
LOG (gmm-align-compiled[5.5.166~1-013489]:main():gmm-align-compiled.cc:127) IG_8A
LOG (gmm-align-compiled[5.5.166~1-013489]:main():gmm-align-compiled.cc:127) IG_8B
LOG (gmm-align-compiled[5.5.166~1-013489]:main():gmm-align-compiled.cc:127) IG_8O74A
LOG (gmm-align-compiled[5.5.166~1-013489]:main():gmm-align-compiled.cc:127) IG_91A
LOG (gmm-align-compiled[5.5.166~1-013489]:main():gmm-align-compiled.cc:127) IG_93O5A
LOG (gmm-align-compiled[5.5.166~1-013489]:main():gmm-align-compiled.cc:127) IG_9525A
LOG (gmm-align-compiled[5.5.166~1-013489]:main():gmm-align-compiled.cc:127) IG_95A
LOG (gmm-align-compiled[5.5.166~1-013489]:main():gmm-align-compiled.cc:127) IG_9A
LOG (gmm-align-compiled[5.5.166~1-013489]:main():gmm-align-compiled.cc:127) IG_9B
LOG (gmm-align-compiled[5.5.166~1-013489]:main():gmm-align-compiled.cc:127) IG_9ZZ6816A
LOG (gmm-align-compiled[5.5.166~1-013489]:main():gmm-align-compiled.cc:127) IG_O15OA
LOG (gmm-align-compiled[5.5.166~1-013489]:main():gmm-align-compiled.cc:127) IG_O21A
LOG (gmm-align-compiled[5.5.166~1-013489]:main():gmm-align-compiled.cc:127) IG_O3617A
LOG (gmm-align-compiled[5.5.166~1-013489]:main():gmm-align-compiled.cc:127) IG_O8O29A
LOG (apply-cmvn[5.5.166~1-013489]:main():apply-cmvn.cc:162) Applied cepstral mean normalization to 308 utterances, errors on 0
LOG (gmm-align-compiled[5.5.166~1-013489]:main():gmm-align-compiled.cc:127) IG_O996A
LOG (gmm-align-compiled[5.5.166~1-013489]:main():gmm-align-compiled.cc:127) IG_OA
LOG (gmm-align-compiled[5.5.166~1-013489]:main():gmm-align-compiled.cc:127) IG_OB
LOG (gmm-align-compiled[5.5.166~1-013489]:main():gmm-align-compiled.cc:127) IG_Z362879A
LOG (gmm-align-compiled[5.5.166~1-013489]:main():gmm-align-compiled.cc:127) IG_Z6A
LOG (gmm-align-compiled[5.5.166~1-013489]:main():gmm-align-compiled.cc:127) IG_Z72A
LOG (gmm-align-compiled[5.5.166~1-013489]:main():gmm-align-compiled.cc:127) IG_Z8A
LOG (gmm-align-compiled[5.5.166~1-013489]:main():gmm-align-compiled.cc:127) IG_Z9Z7A
LOG (gmm-align-compiled[5.5.166~1-013489]:main():gmm-align-compiled.cc:127) IG_ZA
LOG (gmm-align-compiled[5.5.166~1-013489]:main():gmm-align-compiled.cc:127) IG_ZB
LOG (gmm-align-compiled[5.5.166~1-013489]:main():gmm-align-compiled.cc:135) Overall log-likelihood per frame is -95.9931 over 52944 frames.
LOG (gmm-align-compiled[5.5.166~1-013489]:main():gmm-align-compiled.cc:137) Retried 36 out of 308 utterances.
LOG (gmm-align-compiled[5.5.166~1-013489]:main():gmm-align-compiled.cc:139) Done 307, errors on 1
# Accounting: time=1 threads=1
# Ended (code 0) at Sun Dec  1 21:58:19 CST 2019, elapsed time 1 seconds
