# align-equal-compiled "ark:gunzip -c exp/mono0a/fsts.7.gz|" "ark,s,cs:apply-cmvn  --utt2spk=ark:data/train/split32/7/utt2spk scp:data/train/split32/7/cmvn.scp scp:data/train/split32/7/feats.scp ark:- | add-deltas  ark:- ark:- |" ark,t:- | gmm-acc-stats-ali --binary=true exp/mono0a/0.mdl "ark,s,cs:apply-cmvn  --utt2spk=ark:data/train/split32/7/utt2spk scp:data/train/split32/7/cmvn.scp scp:data/train/split32/7/feats.scp ark:- | add-deltas  ark:- ark:- |" ark:- exp/mono0a/0.7.acc 
# Started at Mon Dec  2 13:38:28 CST 2019
#
align-equal-compiled 'ark:gunzip -c exp/mono0a/fsts.7.gz|' 'ark,s,cs:apply-cmvn  --utt2spk=ark:data/train/split32/7/utt2spk scp:data/train/split32/7/cmvn.scp scp:data/train/split32/7/feats.scp ark:- | add-deltas  ark:- ark:- |' ark,t:- 
gmm-acc-stats-ali --binary=true exp/mono0a/0.mdl 'ark,s,cs:apply-cmvn  --utt2spk=ark:data/train/split32/7/utt2spk scp:data/train/split32/7/cmvn.scp scp:data/train/split32/7/feats.scp ark:- | add-deltas  ark:- ark:- |' ark:- exp/mono0a/0.7.acc 
apply-cmvn --utt2spk=ark:data/train/split32/7/utt2spk scp:data/train/split32/7/cmvn.scp scp:data/train/split32/7/feats.scp ark:- 
add-deltas ark:- ark:- 
apply-cmvn --utt2spk=ark:data/train/split32/7/utt2spk scp:data/train/split32/7/cmvn.scp scp:data/train/split32/7/feats.scp ark:- 
add-deltas ark:- ark:- 
LOG (gmm-acc-stats-ali[5.5.166~1-013489]:main():gmm-acc-stats-ali.cc:105) Processed 50 utterances; for utterance DL_84A avg. like is -101.557 over 114 frames.
LOG (gmm-acc-stats-ali[5.5.166~1-013489]:main():gmm-acc-stats-ali.cc:105) Processed 100 utterances; for utterance DN_453Z533A avg. like is -107.734 over 400 frames.
LOG (apply-cmvn[5.5.166~1-013489]:main():apply-cmvn.cc:162) Applied cepstral mean normalization to 308 utterances, errors on 0
LOG (gmm-acc-stats-ali[5.5.166~1-013489]:main():gmm-acc-stats-ali.cc:105) Processed 150 utterances; for utterance DN_Z83A avg. like is -106.525 over 198 frames.
LOG (align-equal-compiled[5.5.166~1-013489]:main():align-equal-compiled.cc:107) Success: done 308 utterances.
LOG (gmm-acc-stats-ali[5.5.166~1-013489]:main():gmm-acc-stats-ali.cc:105) Processed 200 utterances; for utterance EA_79O33A avg. like is -107.251 over 195 frames.
LOG (gmm-acc-stats-ali[5.5.166~1-013489]:main():gmm-acc-stats-ali.cc:105) Processed 250 utterances; for utterance EC_3A avg. like is -107.877 over 81 frames.
LOG (apply-cmvn[5.5.166~1-013489]:main():apply-cmvn.cc:162) Applied cepstral mean normalization to 308 utterances, errors on 0
LOG (gmm-acc-stats-ali[5.5.166~1-013489]:main():gmm-acc-stats-ali.cc:105) Processed 300 utterances; for utterance EC_OB avg. like is -105.84 over 84 frames.
LOG (gmm-acc-stats-ali[5.5.166~1-013489]:main():gmm-acc-stats-ali.cc:112) Done 308 files, 0 with errors.
LOG (gmm-acc-stats-ali[5.5.166~1-013489]:main():gmm-acc-stats-ali.cc:115) Overall avg like per frame (Gaussian only) = -107.001 over 51383 frames.
LOG (gmm-acc-stats-ali[5.5.166~1-013489]:main():gmm-acc-stats-ali.cc:123) Written accs.
# Accounting: time=0 threads=1
# Ended (code 0) at Mon Dec  2 13:38:28 CST 2019, elapsed time 0 seconds
