# align-equal-compiled "ark:gunzip -c exp/mono0a/fsts.5.gz|" "ark,s,cs:apply-cmvn  --utt2spk=ark:data/train/split32/5/utt2spk scp:data/train/split32/5/cmvn.scp scp:data/train/split32/5/feats.scp ark:- | add-deltas  ark:- ark:- |" ark,t:- | gmm-acc-stats-ali --binary=true exp/mono0a/0.mdl "ark,s,cs:apply-cmvn  --utt2spk=ark:data/train/split32/5/utt2spk scp:data/train/split32/5/cmvn.scp scp:data/train/split32/5/feats.scp ark:- | add-deltas  ark:- ark:- |" ark:- exp/mono0a/0.5.acc 
# Started at Mon Dec  2 01:27:54 CST 2019
#
align-equal-compiled 'ark:gunzip -c exp/mono0a/fsts.5.gz|' 'ark,s,cs:apply-cmvn  --utt2spk=ark:data/train/split32/5/utt2spk scp:data/train/split32/5/cmvn.scp scp:data/train/split32/5/feats.scp ark:- | add-deltas  ark:- ark:- |' ark,t:- 
gmm-acc-stats-ali --binary=true exp/mono0a/0.mdl 'ark,s,cs:apply-cmvn  --utt2spk=ark:data/train/split32/5/utt2spk scp:data/train/split32/5/cmvn.scp scp:data/train/split32/5/feats.scp ark:- | add-deltas  ark:- ark:- |' ark:- exp/mono0a/0.5.acc 
apply-cmvn --utt2spk=ark:data/train/split32/5/utt2spk scp:data/train/split32/5/cmvn.scp scp:data/train/split32/5/feats.scp ark:- 
add-deltas ark:- ark:- 
add-deltas ark:- ark:- 
apply-cmvn --utt2spk=ark:data/train/split32/5/utt2spk scp:data/train/split32/5/cmvn.scp scp:data/train/split32/5/feats.scp ark:- 
LOG (gmm-acc-stats-ali[5.5.166~1-013489]:main():gmm-acc-stats-ali.cc:105) Processed 50 utterances; for utterance CF_829A avg. like is -107.857 over 112 frames.
LOG (gmm-acc-stats-ali[5.5.166~1-013489]:main():gmm-acc-stats-ali.cc:105) Processed 100 utterances; for utterance CG_449A avg. like is -105.3 over 191 frames.
LOG (gmm-acc-stats-ali[5.5.166~1-013489]:main():gmm-acc-stats-ali.cc:105) Processed 150 utterances; for utterance CG_Z7A avg. like is -106.41 over 158 frames.
LOG (gmm-acc-stats-ali[5.5.166~1-013489]:main():gmm-acc-stats-ali.cc:105) Processed 200 utterances; for utterance CL_78362A avg. like is -116.018 over 226 frames.
LOG (apply-cmvn[5.5.166~1-013489]:main():apply-cmvn.cc:162) Applied cepstral mean normalization to 308 utterances, errors on 0
LOG (align-equal-compiled[5.5.166~1-013489]:main():align-equal-compiled.cc:107) Success: done 308 utterances.
LOG (gmm-acc-stats-ali[5.5.166~1-013489]:main():gmm-acc-stats-ali.cc:105) Processed 250 utterances; for utterance CM_3936A avg. like is -110.029 over 199 frames.
LOG (apply-cmvn[5.5.166~1-013489]:main():apply-cmvn.cc:162) Applied cepstral mean normalization to 308 utterances, errors on 0
LOG (gmm-acc-stats-ali[5.5.166~1-013489]:main():gmm-acc-stats-ali.cc:105) Processed 300 utterances; for utterance CM_OB avg. like is -99.9817 over 122 frames.
LOG (gmm-acc-stats-ali[5.5.166~1-013489]:main():gmm-acc-stats-ali.cc:112) Done 308 files, 0 with errors.
LOG (gmm-acc-stats-ali[5.5.166~1-013489]:main():gmm-acc-stats-ali.cc:115) Overall avg like per frame (Gaussian only) = -107.627 over 56614 frames.
LOG (gmm-acc-stats-ali[5.5.166~1-013489]:main():gmm-acc-stats-ali.cc:123) Written accs.
# Accounting: time=0 threads=1
# Ended (code 0) at Mon Dec  2 01:27:54 CST 2019, elapsed time 0 seconds
