# align-equal-compiled "ark:gunzip -c exp/mono0a/fsts.25.gz|" "ark,s,cs:apply-cmvn  --utt2spk=ark:data/train/split32/25/utt2spk scp:data/train/split32/25/cmvn.scp scp:data/train/split32/25/feats.scp ark:- | add-deltas  ark:- ark:- |" ark,t:- | gmm-acc-stats-ali --binary=true exp/mono0a/0.mdl "ark,s,cs:apply-cmvn  --utt2spk=ark:data/train/split32/25/utt2spk scp:data/train/split32/25/cmvn.scp scp:data/train/split32/25/feats.scp ark:- | add-deltas  ark:- ark:- |" ark:- exp/mono0a/0.25.acc 
# Started at Mon Dec  2 01:27:54 CST 2019
#
align-equal-compiled 'ark:gunzip -c exp/mono0a/fsts.25.gz|' 'ark,s,cs:apply-cmvn  --utt2spk=ark:data/train/split32/25/utt2spk scp:data/train/split32/25/cmvn.scp scp:data/train/split32/25/feats.scp ark:- | add-deltas  ark:- ark:- |' ark,t:- 
gmm-acc-stats-ali --binary=true exp/mono0a/0.mdl 'ark,s,cs:apply-cmvn  --utt2spk=ark:data/train/split32/25/utt2spk scp:data/train/split32/25/cmvn.scp scp:data/train/split32/25/feats.scp ark:- | add-deltas  ark:- ark:- |' ark:- exp/mono0a/0.25.acc 
add-deltas ark:- ark:- 
apply-cmvn --utt2spk=ark:data/train/split32/25/utt2spk scp:data/train/split32/25/cmvn.scp scp:data/train/split32/25/feats.scp ark:- 
add-deltas ark:- ark:- 
apply-cmvn --utt2spk=ark:data/train/split32/25/utt2spk scp:data/train/split32/25/cmvn.scp scp:data/train/split32/25/feats.scp ark:- 
LOG (gmm-acc-stats-ali[5.5.166~1-013489]:main():gmm-acc-stats-ali.cc:105) Processed 50 utterances; for utterance MS_8242255A avg. like is -113.83 over 303 frames.
LOG (gmm-acc-stats-ali[5.5.166~1-013489]:main():gmm-acc-stats-ali.cc:105) Processed 100 utterances; for utterance MW_4282541A avg. like is -113.884 over 323 frames.
LOG (gmm-acc-stats-ali[5.5.166~1-013489]:main():gmm-acc-stats-ali.cc:105) Processed 150 utterances; for utterance MW_Z5A avg. like is -107.312 over 181 frames.
LOG (apply-cmvn[5.5.166~1-013489]:main():apply-cmvn.cc:162) Applied cepstral mean normalization to 308 utterances, errors on 0
LOG (align-equal-compiled[5.5.166~1-013489]:main():align-equal-compiled.cc:107) Success: done 308 utterances.
LOG (gmm-acc-stats-ali[5.5.166~1-013489]:main():gmm-acc-stats-ali.cc:105) Processed 200 utterances; for utterance NC_7553973A avg. like is -111.629 over 370 frames.
LOG (gmm-acc-stats-ali[5.5.166~1-013489]:main():gmm-acc-stats-ali.cc:105) Processed 250 utterances; for utterance NE_3A avg. like is -110.394 over 89 frames.
LOG (apply-cmvn[5.5.166~1-013489]:main():apply-cmvn.cc:162) Applied cepstral mean normalization to 308 utterances, errors on 0
LOG (gmm-acc-stats-ali[5.5.166~1-013489]:main():gmm-acc-stats-ali.cc:105) Processed 300 utterances; for utterance NE_OB avg. like is -102.97 over 102 frames.
LOG (gmm-acc-stats-ali[5.5.166~1-013489]:main():gmm-acc-stats-ali.cc:112) Done 308 files, 0 with errors.
LOG (gmm-acc-stats-ali[5.5.166~1-013489]:main():gmm-acc-stats-ali.cc:115) Overall avg like per frame (Gaussian only) = -110.863 over 55409 frames.
LOG (gmm-acc-stats-ali[5.5.166~1-013489]:main():gmm-acc-stats-ali.cc:123) Written accs.
# Accounting: time=0 threads=1
# Ended (code 0) at Mon Dec  2 01:27:54 CST 2019, elapsed time 0 seconds
