# align-equal-compiled "ark:gunzip -c exp/mono0a/fsts.17.gz|" "ark,s,cs:apply-cmvn  --utt2spk=ark:data/train/split32/17/utt2spk scp:data/train/split32/17/cmvn.scp scp:data/train/split32/17/feats.scp ark:- | add-deltas  ark:- ark:- |" ark,t:- | gmm-acc-stats-ali --binary=true exp/mono0a/0.mdl "ark,s,cs:apply-cmvn  --utt2spk=ark:data/train/split32/17/utt2spk scp:data/train/split32/17/cmvn.scp scp:data/train/split32/17/feats.scp ark:- | add-deltas  ark:- ark:- |" ark:- exp/mono0a/0.17.acc 
# Started at Sun Dec  1 23:51:10 CST 2019
#
align-equal-compiled 'ark:gunzip -c exp/mono0a/fsts.17.gz|' 'ark,s,cs:apply-cmvn  --utt2spk=ark:data/train/split32/17/utt2spk scp:data/train/split32/17/cmvn.scp scp:data/train/split32/17/feats.scp ark:- | add-deltas  ark:- ark:- |' ark,t:- 
gmm-acc-stats-ali --binary=true exp/mono0a/0.mdl 'ark,s,cs:apply-cmvn  --utt2spk=ark:data/train/split32/17/utt2spk scp:data/train/split32/17/cmvn.scp scp:data/train/split32/17/feats.scp ark:- | add-deltas  ark:- ark:- |' ark:- exp/mono0a/0.17.acc 
add-deltas ark:- ark:- 
apply-cmvn --utt2spk=ark:data/train/split32/17/utt2spk scp:data/train/split32/17/cmvn.scp scp:data/train/split32/17/feats.scp ark:- 
add-deltas ark:- ark:- 
apply-cmvn --utt2spk=ark:data/train/split32/17/utt2spk scp:data/train/split32/17/cmvn.scp scp:data/train/split32/17/feats.scp ark:- 
LOG (gmm-acc-stats-ali[5.5.166~1-013489]:main():gmm-acc-stats-ali.cc:105) Processed 50 utterances; for utterance IT_832A avg. like is -110.73 over 106 frames.
LOG (gmm-acc-stats-ali[5.5.166~1-013489]:main():gmm-acc-stats-ali.cc:105) Processed 100 utterances; for utterance JC_4286A avg. like is -108.452 over 204 frames.
LOG (gmm-acc-stats-ali[5.5.166~1-013489]:main():gmm-acc-stats-ali.cc:105) Processed 150 utterances; for utterance JC_Z834A avg. like is -110.123 over 218 frames.
LOG (gmm-acc-stats-ali[5.5.166~1-013489]:main():gmm-acc-stats-ali.cc:105) Processed 200 utterances; for utterance JI_781O53OA avg. like is -113.095 over 269 frames.
LOG (apply-cmvn[5.5.166~1-013489]:main():apply-cmvn.cc:162) Applied cepstral mean normalization to 308 utterances, errors on 0
LOG (align-equal-compiled[5.5.166~1-013489]:main():align-equal-compiled.cc:107) Success: done 308 utterances.
LOG (gmm-acc-stats-ali[5.5.166~1-013489]:main():gmm-acc-stats-ali.cc:105) Processed 250 utterances; for utterance JJ_3A avg. like is -107.549 over 94 frames.
LOG (apply-cmvn[5.5.166~1-013489]:main():apply-cmvn.cc:162) Applied cepstral mean normalization to 308 utterances, errors on 0
LOG (gmm-acc-stats-ali[5.5.166~1-013489]:main():gmm-acc-stats-ali.cc:105) Processed 300 utterances; for utterance JJ_OA avg. like is -101.486 over 77 frames.
LOG (gmm-acc-stats-ali[5.5.166~1-013489]:main():gmm-acc-stats-ali.cc:112) Done 308 files, 0 with errors.
LOG (gmm-acc-stats-ali[5.5.166~1-013489]:main():gmm-acc-stats-ali.cc:115) Overall avg like per frame (Gaussian only) = -108.387 over 51081 frames.
LOG (gmm-acc-stats-ali[5.5.166~1-013489]:main():gmm-acc-stats-ali.cc:123) Written accs.
# Accounting: time=0 threads=1
# Ended (code 0) at Sun Dec  1 23:51:10 CST 2019, elapsed time 0 seconds
