# align-equal-compiled "ark:gunzip -c exp/mono0a/fsts.32.gz|" "ark,s,cs:apply-cmvn  --utt2spk=ark:data/train/split32/32/utt2spk scp:data/train/split32/32/cmvn.scp scp:data/train/split32/32/feats.scp ark:- | add-deltas  ark:- ark:- |" ark,t:- | gmm-acc-stats-ali --binary=true exp/mono0a/0.mdl "ark,s,cs:apply-cmvn  --utt2spk=ark:data/train/split32/32/utt2spk scp:data/train/split32/32/cmvn.scp scp:data/train/split32/32/feats.scp ark:- | add-deltas  ark:- ark:- |" ark:- exp/mono0a/0.32.acc 
# Started at Mon Dec  2 01:27:54 CST 2019
#
align-equal-compiled 'ark:gunzip -c exp/mono0a/fsts.32.gz|' 'ark,s,cs:apply-cmvn  --utt2spk=ark:data/train/split32/32/utt2spk scp:data/train/split32/32/cmvn.scp scp:data/train/split32/32/feats.scp ark:- | add-deltas  ark:- ark:- |' ark,t:- 
gmm-acc-stats-ali --binary=true exp/mono0a/0.mdl 'ark,s,cs:apply-cmvn  --utt2spk=ark:data/train/split32/32/utt2spk scp:data/train/split32/32/cmvn.scp scp:data/train/split32/32/feats.scp ark:- | add-deltas  ark:- ark:- |' ark:- exp/mono0a/0.32.acc 
add-deltas ark:- ark:- 
apply-cmvn --utt2spk=ark:data/train/split32/32/utt2spk scp:data/train/split32/32/cmvn.scp scp:data/train/split32/32/feats.scp ark:- 
apply-cmvn --utt2spk=ark:data/train/split32/32/utt2spk scp:data/train/split32/32/cmvn.scp scp:data/train/split32/32/feats.scp ark:- 
add-deltas ark:- ark:- 
LOG (gmm-acc-stats-ali[5.5.166~1-013489]:main():gmm-acc-stats-ali.cc:105) Processed 50 utterances; for utterance SJ_8592O2OA avg. like is -113.041 over 291 frames.
LOG (gmm-acc-stats-ali[5.5.166~1-013489]:main():gmm-acc-stats-ali.cc:105) Processed 100 utterances; for utterance SP_455A avg. like is -106.045 over 161 frames.
LOG (apply-cmvn[5.5.166~1-013489]:main():apply-cmvn.cc:162) Applied cepstral mean normalization to 231 utterances, errors on 0
LOG (align-equal-compiled[5.5.166~1-013489]:main():align-equal-compiled.cc:107) Success: done 231 utterances.
LOG (gmm-acc-stats-ali[5.5.166~1-013489]:main():gmm-acc-stats-ali.cc:105) Processed 150 utterances; for utterance SP_Z81ZA avg. like is -110.912 over 200 frames.
LOG (gmm-acc-stats-ali[5.5.166~1-013489]:main():gmm-acc-stats-ali.cc:105) Processed 200 utterances; for utterance ST_7A avg. like is -105.435 over 90 frames.
LOG (apply-cmvn[5.5.166~1-013489]:main():apply-cmvn.cc:162) Applied cepstral mean normalization to 231 utterances, errors on 0
LOG (gmm-acc-stats-ali[5.5.166~1-013489]:main():gmm-acc-stats-ali.cc:112) Done 231 files, 0 with errors.
LOG (gmm-acc-stats-ali[5.5.166~1-013489]:main():gmm-acc-stats-ali.cc:115) Overall avg like per frame (Gaussian only) = -109.483 over 39025 frames.
LOG (gmm-acc-stats-ali[5.5.166~1-013489]:main():gmm-acc-stats-ali.cc:123) Written accs.
# Accounting: time=0 threads=1
# Ended (code 0) at Mon Dec  2 01:27:54 CST 2019, elapsed time 0 seconds
