# align-equal-compiled "ark:gunzip -c exp/mono0a/fsts.1.gz|" "ark,s,cs:apply-cmvn  --utt2spk=ark:data/train/split32/1/utt2spk scp:data/train/split32/1/cmvn.scp scp:data/train/split32/1/feats.scp ark:- | add-deltas  ark:- ark:- |" ark,t:- | gmm-acc-stats-ali --binary=true exp/mono0a/0.mdl "ark,s,cs:apply-cmvn  --utt2spk=ark:data/train/split32/1/utt2spk scp:data/train/split32/1/cmvn.scp scp:data/train/split32/1/feats.scp ark:- | add-deltas  ark:- ark:- |" ark:- exp/mono0a/0.1.acc 
# Started at Mon Dec  2 01:27:54 CST 2019
#
align-equal-compiled 'ark:gunzip -c exp/mono0a/fsts.1.gz|' 'ark,s,cs:apply-cmvn  --utt2spk=ark:data/train/split32/1/utt2spk scp:data/train/split32/1/cmvn.scp scp:data/train/split32/1/feats.scp ark:- | add-deltas  ark:- ark:- |' ark,t:- 
gmm-acc-stats-ali --binary=true exp/mono0a/0.mdl 'ark,s,cs:apply-cmvn  --utt2spk=ark:data/train/split32/1/utt2spk scp:data/train/split32/1/cmvn.scp scp:data/train/split32/1/feats.scp ark:- | add-deltas  ark:- ark:- |' ark:- exp/mono0a/0.1.acc 
add-deltas ark:- ark:- 
apply-cmvn --utt2spk=ark:data/train/split32/1/utt2spk scp:data/train/split32/1/cmvn.scp scp:data/train/split32/1/feats.scp ark:- 
apply-cmvn --utt2spk=ark:data/train/split32/1/utt2spk scp:data/train/split32/1/cmvn.scp scp:data/train/split32/1/feats.scp ark:- 
add-deltas ark:- ark:- 
LOG (gmm-acc-stats-ali[5.5.166~1-013489]:main():gmm-acc-stats-ali.cc:105) Processed 50 utterances; for utterance AC_81A avg. like is -103.572 over 109 frames.
LOG (gmm-acc-stats-ali[5.5.166~1-013489]:main():gmm-acc-stats-ali.cc:105) Processed 100 utterances; for utterance AE_47A avg. like is -108.846 over 120 frames.
LOG (gmm-acc-stats-ali[5.5.166~1-013489]:main():gmm-acc-stats-ali.cc:105) Processed 150 utterances; for utterance AE_Z36357ZA avg. like is -114.654 over 309 frames.
LOG (gmm-acc-stats-ali[5.5.166~1-013489]:main():gmm-acc-stats-ali.cc:105) Processed 200 utterances; for utterance AG_779A avg. like is -106.055 over 161 frames.
LOG (apply-cmvn[5.5.166~1-013489]:main():apply-cmvn.cc:162) Applied cepstral mean normalization to 307 utterances, errors on 0
LOG (align-equal-compiled[5.5.166~1-013489]:main():align-equal-compiled.cc:107) Success: done 307 utterances.
LOG (gmm-acc-stats-ali[5.5.166~1-013489]:main():gmm-acc-stats-ali.cc:105) Processed 250 utterances; for utterance AI_3A avg. like is -108.739 over 81 frames.
LOG (apply-cmvn[5.5.166~1-013489]:main():apply-cmvn.cc:162) Applied cepstral mean normalization to 307 utterances, errors on 0
LOG (gmm-acc-stats-ali[5.5.166~1-013489]:main():gmm-acc-stats-ali.cc:105) Processed 300 utterances; for utterance AI_OOA avg. like is -106.898 over 111 frames.
LOG (gmm-acc-stats-ali[5.5.166~1-013489]:main():gmm-acc-stats-ali.cc:112) Done 307 files, 0 with errors.
LOG (gmm-acc-stats-ali[5.5.166~1-013489]:main():gmm-acc-stats-ali.cc:115) Overall avg like per frame (Gaussian only) = -108.156 over 49916 frames.
LOG (gmm-acc-stats-ali[5.5.166~1-013489]:main():gmm-acc-stats-ali.cc:123) Written accs.
# Accounting: time=0 threads=1
# Ended (code 0) at Mon Dec  2 01:27:54 CST 2019, elapsed time 0 seconds
