# align-equal-compiled "ark:gunzip -c exp/mono0a/fsts.12.gz|" "ark,s,cs:apply-cmvn  --utt2spk=ark:data/train/split32/12/utt2spk scp:data/train/split32/12/cmvn.scp scp:data/train/split32/12/feats.scp ark:- | add-deltas  ark:- ark:- |" ark,t:- | gmm-acc-stats-ali --binary=true exp/mono0a/0.mdl "ark,s,cs:apply-cmvn  --utt2spk=ark:data/train/split32/12/utt2spk scp:data/train/split32/12/cmvn.scp scp:data/train/split32/12/feats.scp ark:- | add-deltas  ark:- ark:- |" ark:- exp/mono0a/0.12.acc 
# Started at Mon Dec  2 13:38:28 CST 2019
#
align-equal-compiled 'ark:gunzip -c exp/mono0a/fsts.12.gz|' 'ark,s,cs:apply-cmvn  --utt2spk=ark:data/train/split32/12/utt2spk scp:data/train/split32/12/cmvn.scp scp:data/train/split32/12/feats.scp ark:- | add-deltas  ark:- ark:- |' ark,t:- 
gmm-acc-stats-ali --binary=true exp/mono0a/0.mdl 'ark,s,cs:apply-cmvn  --utt2spk=ark:data/train/split32/12/utt2spk scp:data/train/split32/12/cmvn.scp scp:data/train/split32/12/feats.scp ark:- | add-deltas  ark:- ark:- |' ark:- exp/mono0a/0.12.acc 
apply-cmvn --utt2spk=ark:data/train/split32/12/utt2spk scp:data/train/split32/12/cmvn.scp scp:data/train/split32/12/feats.scp ark:- 
add-deltas ark:- ark:- 
apply-cmvn --utt2spk=ark:data/train/split32/12/utt2spk scp:data/train/split32/12/cmvn.scp scp:data/train/split32/12/feats.scp ark:- 
add-deltas ark:- ark:- 
LOG (gmm-acc-stats-ali[5.5.166~1-013489]:main():gmm-acc-stats-ali.cc:105) Processed 50 utterances; for utterance GG_855O515A avg. like is -110.043 over 331 frames.
LOG (apply-cmvn[5.5.166~1-013489]:main():apply-cmvn.cc:162) Applied cepstral mean normalization to 231 utterances, errors on 0
LOG (align-equal-compiled[5.5.166~1-013489]:main():align-equal-compiled.cc:107) Success: done 231 utterances.
LOG (gmm-acc-stats-ali[5.5.166~1-013489]:main():gmm-acc-stats-ali.cc:105) Processed 100 utterances; for utterance GJ_44A avg. like is -104.558 over 103 frames.
LOG (gmm-acc-stats-ali[5.5.166~1-013489]:main():gmm-acc-stats-ali.cc:105) Processed 150 utterances; for utterance GJ_Z37ZZ49A avg. like is -107.194 over 259 frames.
LOG (gmm-acc-stats-ali[5.5.166~1-013489]:main():gmm-acc-stats-ali.cc:105) Processed 200 utterances; for utterance GR_78852A avg. like is -111.461 over 207 frames.
LOG (apply-cmvn[5.5.166~1-013489]:main():apply-cmvn.cc:162) Applied cepstral mean normalization to 231 utterances, errors on 0
LOG (gmm-acc-stats-ali[5.5.166~1-013489]:main():gmm-acc-stats-ali.cc:112) Done 231 files, 0 with errors.
LOG (gmm-acc-stats-ali[5.5.166~1-013489]:main():gmm-acc-stats-ali.cc:115) Overall avg like per frame (Gaussian only) = -107.592 over 39230 frames.
LOG (gmm-acc-stats-ali[5.5.166~1-013489]:main():gmm-acc-stats-ali.cc:123) Written accs.
# Accounting: time=0 threads=1
# Ended (code 0) at Mon Dec  2 13:38:28 CST 2019, elapsed time 0 seconds
