# align-equal-compiled "ark:gunzip -c exp/mono0a/fsts.11.gz|" "ark,s,cs:apply-cmvn  --utt2spk=ark:data/train/split32/11/utt2spk scp:data/train/split32/11/cmvn.scp scp:data/train/split32/11/feats.scp ark:- | add-deltas  ark:- ark:- |" ark,t:- | gmm-acc-stats-ali --binary=true exp/mono0a/0.mdl "ark,s,cs:apply-cmvn  --utt2spk=ark:data/train/split32/11/utt2spk scp:data/train/split32/11/cmvn.scp scp:data/train/split32/11/feats.scp ark:- | add-deltas  ark:- ark:- |" ark:- exp/mono0a/0.11.acc 
# Started at Sat Nov 30 14:58:27 CST 2019
#
align-equal-compiled 'ark:gunzip -c exp/mono0a/fsts.11.gz|' 'ark,s,cs:apply-cmvn  --utt2spk=ark:data/train/split32/11/utt2spk scp:data/train/split32/11/cmvn.scp scp:data/train/split32/11/feats.scp ark:- | add-deltas  ark:- ark:- |' ark,t:- 
gmm-acc-stats-ali --binary=true exp/mono0a/0.mdl 'ark,s,cs:apply-cmvn  --utt2spk=ark:data/train/split32/11/utt2spk scp:data/train/split32/11/cmvn.scp scp:data/train/split32/11/feats.scp ark:- | add-deltas  ark:- ark:- |' ark:- exp/mono0a/0.11.acc 
apply-cmvn --utt2spk=ark:data/train/split32/11/utt2spk scp:data/train/split32/11/cmvn.scp scp:data/train/split32/11/feats.scp ark:- 
add-deltas ark:- ark:- 
apply-cmvn --utt2spk=ark:data/train/split32/11/utt2spk scp:data/train/split32/11/cmvn.scp scp:data/train/split32/11/feats.scp ark:- 
add-deltas ark:- ark:- 
LOG (gmm-acc-stats-ali[5.5.166~1-013489]:main():gmm-acc-stats-ali.cc:105) Processed 50 utterances; for utterance FI_847ZA avg. like is -109.461 over 190 frames.
LOG (gmm-acc-stats-ali[5.5.166~1-013489]:main():gmm-acc-stats-ali.cc:105) Processed 100 utterances; for utterance FJ_46858A avg. like is -106.377 over 258 frames.
LOG (gmm-acc-stats-ali[5.5.166~1-013489]:main():gmm-acc-stats-ali.cc:105) Processed 150 utterances; for utterance FJ_Z6671Z1A avg. like is -108.816 over 377 frames.
LOG (apply-cmvn[5.5.166~1-013489]:main():apply-cmvn.cc:162) Applied cepstral mean normalization to 308 utterances, errors on 0
LOG (align-equal-compiled[5.5.166~1-013489]:main():align-equal-compiled.cc:107) Success: done 308 utterances.
LOG (gmm-acc-stats-ali[5.5.166~1-013489]:main():gmm-acc-stats-ali.cc:105) Processed 200 utterances; for utterance FK_786A avg. like is -106.224 over 186 frames.
LOG (gmm-acc-stats-ali[5.5.166~1-013489]:main():gmm-acc-stats-ali.cc:105) Processed 250 utterances; for utterance FL_3A avg. like is -103.681 over 86 frames.
LOG (apply-cmvn[5.5.166~1-013489]:main():apply-cmvn.cc:162) Applied cepstral mean normalization to 308 utterances, errors on 0
LOG (gmm-acc-stats-ali[5.5.166~1-013489]:main():gmm-acc-stats-ali.cc:105) Processed 300 utterances; for utterance FL_OA avg. like is -98.1056 over 72 frames.
LOG (gmm-acc-stats-ali[5.5.166~1-013489]:main():gmm-acc-stats-ali.cc:112) Done 308 files, 0 with errors.
LOG (gmm-acc-stats-ali[5.5.166~1-013489]:main():gmm-acc-stats-ali.cc:115) Overall avg like per frame (Gaussian only) = -106.377 over 54971 frames.
LOG (gmm-acc-stats-ali[5.5.166~1-013489]:main():gmm-acc-stats-ali.cc:123) Written accs.
# Accounting: time=1 threads=1
# Ended (code 0) at Sat Nov 30 14:58:28 CST 2019, elapsed time 1 seconds
