# align-equal-compiled "ark:gunzip -c exp/mono0a/fsts.28.gz|" "ark,s,cs:apply-cmvn  --utt2spk=ark:data/train/split32/28/utt2spk scp:data/train/split32/28/cmvn.scp scp:data/train/split32/28/feats.scp ark:- | add-deltas  ark:- ark:- |" ark,t:- | gmm-acc-stats-ali --binary=true exp/mono0a/0.mdl "ark,s,cs:apply-cmvn  --utt2spk=ark:data/train/split32/28/utt2spk scp:data/train/split32/28/cmvn.scp scp:data/train/split32/28/feats.scp ark:- | add-deltas  ark:- ark:- |" ark:- exp/mono0a/0.28.acc 
# Started at Sun Dec  1 23:51:10 CST 2019
#
align-equal-compiled 'ark:gunzip -c exp/mono0a/fsts.28.gz|' 'ark,s,cs:apply-cmvn  --utt2spk=ark:data/train/split32/28/utt2spk scp:data/train/split32/28/cmvn.scp scp:data/train/split32/28/feats.scp ark:- | add-deltas  ark:- ark:- |' ark,t:- 
gmm-acc-stats-ali --binary=true exp/mono0a/0.mdl 'ark,s,cs:apply-cmvn  --utt2spk=ark:data/train/split32/28/utt2spk scp:data/train/split32/28/cmvn.scp scp:data/train/split32/28/feats.scp ark:- | add-deltas  ark:- ark:- |' ark:- exp/mono0a/0.28.acc 
apply-cmvn --utt2spk=ark:data/train/split32/28/utt2spk scp:data/train/split32/28/cmvn.scp scp:data/train/split32/28/feats.scp ark:- 
add-deltas ark:- ark:- 
add-deltas ark:- ark:- 
apply-cmvn --utt2spk=ark:data/train/split32/28/utt2spk scp:data/train/split32/28/cmvn.scp scp:data/train/split32/28/feats.scp ark:- 
LOG (gmm-acc-stats-ali[5.5.166~1-013489]:main():gmm-acc-stats-ali.cc:105) Processed 50 utterances; for utterance PD_81A avg. like is -110.425 over 102 frames.
LOG (apply-cmvn[5.5.166~1-013489]:main():apply-cmvn.cc:162) Applied cepstral mean normalization to 231 utterances, errors on 0
LOG (align-equal-compiled[5.5.166~1-013489]:main():align-equal-compiled.cc:107) Success: done 231 utterances.
LOG (gmm-acc-stats-ali[5.5.166~1-013489]:main():gmm-acc-stats-ali.cc:105) Processed 100 utterances; for utterance PE_47139A avg. like is -105.088 over 194 frames.
LOG (gmm-acc-stats-ali[5.5.166~1-013489]:main():gmm-acc-stats-ali.cc:105) Processed 150 utterances; for utterance PE_Z6A avg. like is -104.561 over 139 frames.
LOG (gmm-acc-stats-ali[5.5.166~1-013489]:main():gmm-acc-stats-ali.cc:105) Processed 200 utterances; for utterance PI_77A avg. like is -106.082 over 125 frames.
LOG (apply-cmvn[5.5.166~1-013489]:main():apply-cmvn.cc:162) Applied cepstral mean normalization to 231 utterances, errors on 0
LOG (gmm-acc-stats-ali[5.5.166~1-013489]:main():gmm-acc-stats-ali.cc:112) Done 231 files, 0 with errors.
LOG (gmm-acc-stats-ali[5.5.166~1-013489]:main():gmm-acc-stats-ali.cc:115) Overall avg like per frame (Gaussian only) = -107.259 over 37909 frames.
LOG (gmm-acc-stats-ali[5.5.166~1-013489]:main():gmm-acc-stats-ali.cc:123) Written accs.
# Accounting: time=0 threads=1
# Ended (code 0) at Sun Dec  1 23:51:10 CST 2019, elapsed time 0 seconds
