# align-equal-compiled "ark:gunzip -c exp/mono0a/fsts.13.gz|" "ark,s,cs:apply-cmvn  --utt2spk=ark:data/train/split32/13/utt2spk scp:data/train/split32/13/cmvn.scp scp:data/train/split32/13/feats.scp ark:- | add-deltas  ark:- ark:- |" ark,t:- | gmm-acc-stats-ali --binary=true exp/mono0a/0.mdl "ark,s,cs:apply-cmvn  --utt2spk=ark:data/train/split32/13/utt2spk scp:data/train/split32/13/cmvn.scp scp:data/train/split32/13/feats.scp ark:- | add-deltas  ark:- ark:- |" ark:- exp/mono0a/0.13.acc 
# Started at Sun Dec  1 23:51:10 CST 2019
#
align-equal-compiled 'ark:gunzip -c exp/mono0a/fsts.13.gz|' 'ark,s,cs:apply-cmvn  --utt2spk=ark:data/train/split32/13/utt2spk scp:data/train/split32/13/cmvn.scp scp:data/train/split32/13/feats.scp ark:- | add-deltas  ark:- ark:- |' ark,t:- 
gmm-acc-stats-ali --binary=true exp/mono0a/0.mdl 'ark,s,cs:apply-cmvn  --utt2spk=ark:data/train/split32/13/utt2spk scp:data/train/split32/13/cmvn.scp scp:data/train/split32/13/feats.scp ark:- | add-deltas  ark:- ark:- |' ark:- exp/mono0a/0.13.acc 
apply-cmvn --utt2spk=ark:data/train/split32/13/utt2spk scp:data/train/split32/13/cmvn.scp scp:data/train/split32/13/feats.scp ark:- 
add-deltas ark:- ark:- 
add-deltas ark:- ark:- 
apply-cmvn --utt2spk=ark:data/train/split32/13/utt2spk scp:data/train/split32/13/cmvn.scp scp:data/train/split32/13/feats.scp ark:- 
LOG (gmm-acc-stats-ali[5.5.166~1-013489]:main():gmm-acc-stats-ali.cc:105) Processed 50 utterances; for utterance GT_8445A avg. like is -108.563 over 178 frames.
LOG (gmm-acc-stats-ali[5.5.166~1-013489]:main():gmm-acc-stats-ali.cc:105) Processed 100 utterances; for utterance HA_44Z9A avg. like is -104.794 over 154 frames.
LOG (gmm-acc-stats-ali[5.5.166~1-013489]:main():gmm-acc-stats-ali.cc:105) Processed 150 utterances; for utterance HA_Z568A avg. like is -106.896 over 153 frames.
LOG (gmm-acc-stats-ali[5.5.166~1-013489]:main():gmm-acc-stats-ali.cc:105) Processed 200 utterances; for utterance HG_7A avg. like is -102.786 over 100 frames.
LOG (apply-cmvn[5.5.166~1-013489]:main():apply-cmvn.cc:162) Applied cepstral mean normalization to 308 utterances, errors on 0
LOG (align-equal-compiled[5.5.166~1-013489]:main():align-equal-compiled.cc:107) Success: done 308 utterances.
LOG (gmm-acc-stats-ali[5.5.166~1-013489]:main():gmm-acc-stats-ali.cc:105) Processed 250 utterances; for utterance HH_389A avg. like is -103.837 over 155 frames.
LOG (apply-cmvn[5.5.166~1-013489]:main():apply-cmvn.cc:162) Applied cepstral mean normalization to 308 utterances, errors on 0
LOG (gmm-acc-stats-ali[5.5.166~1-013489]:main():gmm-acc-stats-ali.cc:105) Processed 300 utterances; for utterance HH_OB avg. like is -102.22 over 81 frames.
LOG (gmm-acc-stats-ali[5.5.166~1-013489]:main():gmm-acc-stats-ali.cc:112) Done 308 files, 0 with errors.
LOG (gmm-acc-stats-ali[5.5.166~1-013489]:main():gmm-acc-stats-ali.cc:115) Overall avg like per frame (Gaussian only) = -106.104 over 50385 frames.
LOG (gmm-acc-stats-ali[5.5.166~1-013489]:main():gmm-acc-stats-ali.cc:123) Written accs.
# Accounting: time=0 threads=1
# Ended (code 0) at Sun Dec  1 23:51:10 CST 2019, elapsed time 0 seconds
