# align-equal-compiled "ark:gunzip -c exp/mono0a/fsts.15.gz|" "ark,s,cs:apply-cmvn  --utt2spk=ark:data/train/split32/15/utt2spk scp:data/train/split32/15/cmvn.scp scp:data/train/split32/15/feats.scp ark:- | add-deltas  ark:- ark:- |" ark,t:- | gmm-acc-stats-ali --binary=true exp/mono0a/0.mdl "ark,s,cs:apply-cmvn  --utt2spk=ark:data/train/split32/15/utt2spk scp:data/train/split32/15/cmvn.scp scp:data/train/split32/15/feats.scp ark:- | add-deltas  ark:- ark:- |" ark:- exp/mono0a/0.15.acc 
# Started at Thu Dec  5 01:03:19 CST 2019
#
align-equal-compiled 'ark:gunzip -c exp/mono0a/fsts.15.gz|' 'ark,s,cs:apply-cmvn  --utt2spk=ark:data/train/split32/15/utt2spk scp:data/train/split32/15/cmvn.scp scp:data/train/split32/15/feats.scp ark:- | add-deltas  ark:- ark:- |' ark,t:- 
gmm-acc-stats-ali --binary=true exp/mono0a/0.mdl 'ark,s,cs:apply-cmvn  --utt2spk=ark:data/train/split32/15/utt2spk scp:data/train/split32/15/cmvn.scp scp:data/train/split32/15/feats.scp ark:- | add-deltas  ark:- ark:- |' ark:- exp/mono0a/0.15.acc 
add-deltas ark:- ark:- 
apply-cmvn --utt2spk=ark:data/train/split32/15/utt2spk scp:data/train/split32/15/cmvn.scp scp:data/train/split32/15/feats.scp ark:- 
add-deltas ark:- ark:- 
apply-cmvn --utt2spk=ark:data/train/split32/15/utt2spk scp:data/train/split32/15/cmvn.scp scp:data/train/split32/15/feats.scp ark:- 
LOG (gmm-acc-stats-ali[5.5.166~1-013489]:main():gmm-acc-stats-ali.cc:105) Processed 50 utterances; for utterance HS_826A avg. like is -95.4852 over 149 frames.
LOG (gmm-acc-stats-ali[5.5.166~1-013489]:main():gmm-acc-stats-ali.cc:105) Processed 100 utterances; for utterance IE_4882414A avg. like is -87.5983 over 294 frames.
LOG (gmm-acc-stats-ali[5.5.166~1-013489]:main():gmm-acc-stats-ali.cc:105) Processed 150 utterances; for utterance IE_Z8A avg. like is -86.8365 over 150 frames.
LOG (apply-cmvn[5.5.166~1-013489]:main():apply-cmvn.cc:162) Applied cepstral mean normalization to 308 utterances, errors on 0
LOG (align-equal-compiled[5.5.166~1-013489]:main():align-equal-compiled.cc:107) Success: done 308 utterances.
LOG (gmm-acc-stats-ali[5.5.166~1-013489]:main():gmm-acc-stats-ali.cc:105) Processed 200 utterances; for utterance IF_7B avg. like is -85.1413 over 106 frames.
LOG (gmm-acc-stats-ali[5.5.166~1-013489]:main():gmm-acc-stats-ali.cc:105) Processed 250 utterances; for utterance IG_3A avg. like is -79.3556 over 114 frames.
LOG (gmm-acc-stats-ali[5.5.166~1-013489]:main():gmm-acc-stats-ali.cc:105) Processed 300 utterances; for utterance IG_OA avg. like is -74.892 over 109 frames.
LOG (apply-cmvn[5.5.166~1-013489]:main():apply-cmvn.cc:162) Applied cepstral mean normalization to 308 utterances, errors on 0
LOG (gmm-acc-stats-ali[5.5.166~1-013489]:main():gmm-acc-stats-ali.cc:112) Done 308 files, 0 with errors.
LOG (gmm-acc-stats-ali[5.5.166~1-013489]:main():gmm-acc-stats-ali.cc:115) Overall avg like per frame (Gaussian only) = -89.9422 over 53129 frames.
LOG (gmm-acc-stats-ali[5.5.166~1-013489]:main():gmm-acc-stats-ali.cc:123) Written accs.
# Accounting: time=0 threads=1
# Ended (code 0) at Thu Dec  5 01:03:19 CST 2019, elapsed time 0 seconds
