# align-equal-compiled "ark:gunzip -c exp/mono0a/fsts.8.gz|" "ark,s,cs:apply-cmvn  --utt2spk=ark:data/train/split32/8/utt2spk scp:data/train/split32/8/cmvn.scp scp:data/train/split32/8/feats.scp ark:- | add-deltas  ark:- ark:- |" ark,t:- | gmm-acc-stats-ali --binary=true exp/mono0a/0.mdl "ark,s,cs:apply-cmvn  --utt2spk=ark:data/train/split32/8/utt2spk scp:data/train/split32/8/cmvn.scp scp:data/train/split32/8/feats.scp ark:- | add-deltas  ark:- ark:- |" ark:- exp/mono0a/0.8.acc 
# Started at Sat Nov 30 14:58:27 CST 2019
#
align-equal-compiled 'ark:gunzip -c exp/mono0a/fsts.8.gz|' 'ark,s,cs:apply-cmvn  --utt2spk=ark:data/train/split32/8/utt2spk scp:data/train/split32/8/cmvn.scp scp:data/train/split32/8/feats.scp ark:- | add-deltas  ark:- ark:- |' ark,t:- 
gmm-acc-stats-ali --binary=true exp/mono0a/0.mdl 'ark,s,cs:apply-cmvn  --utt2spk=ark:data/train/split32/8/utt2spk scp:data/train/split32/8/cmvn.scp scp:data/train/split32/8/feats.scp ark:- | add-deltas  ark:- ark:- |' ark:- exp/mono0a/0.8.acc 
add-deltas ark:- ark:- 
apply-cmvn --utt2spk=ark:data/train/split32/8/utt2spk scp:data/train/split32/8/cmvn.scp scp:data/train/split32/8/feats.scp ark:- 
apply-cmvn --utt2spk=ark:data/train/split32/8/utt2spk scp:data/train/split32/8/cmvn.scp scp:data/train/split32/8/feats.scp ark:- 
add-deltas ark:- ark:- 
LOG (gmm-acc-stats-ali[5.5.166~1-013489]:main():gmm-acc-stats-ali.cc:105) Processed 50 utterances; for utterance EE_81OA avg. like is -110.016 over 132 frames.
LOG (apply-cmvn[5.5.166~1-013489]:main():apply-cmvn.cc:162) Applied cepstral mean normalization to 231 utterances, errors on 0
LOG (align-equal-compiled[5.5.166~1-013489]:main():align-equal-compiled.cc:107) Success: done 231 utterances.
LOG (gmm-acc-stats-ali[5.5.166~1-013489]:main():gmm-acc-stats-ali.cc:105) Processed 100 utterances; for utterance EG_44Z2642A avg. like is -108.397 over 292 frames.
LOG (gmm-acc-stats-ali[5.5.166~1-013489]:main():gmm-acc-stats-ali.cc:105) Processed 150 utterances; for utterance EG_Z452Z96A avg. like is -105.239 over 373 frames.
LOG (gmm-acc-stats-ali[5.5.166~1-013489]:main():gmm-acc-stats-ali.cc:105) Processed 200 utterances; for utterance EH_7494565A avg. like is -106.528 over 328 frames.
LOG (apply-cmvn[5.5.166~1-013489]:main():apply-cmvn.cc:162) Applied cepstral mean normalization to 231 utterances, errors on 0
LOG (gmm-acc-stats-ali[5.5.166~1-013489]:main():gmm-acc-stats-ali.cc:112) Done 231 files, 0 with errors.
LOG (gmm-acc-stats-ali[5.5.166~1-013489]:main():gmm-acc-stats-ali.cc:115) Overall avg like per frame (Gaussian only) = -107.384 over 38383 frames.
LOG (gmm-acc-stats-ali[5.5.166~1-013489]:main():gmm-acc-stats-ali.cc:123) Written accs.
# Accounting: time=1 threads=1
# Ended (code 0) at Sat Nov 30 14:58:28 CST 2019, elapsed time 1 seconds
