# align-equal-compiled "ark:gunzip -c exp/mono0a/fsts.20.gz|" "ark,s,cs:apply-cmvn  --utt2spk=ark:data/train/split32/20/utt2spk scp:data/train/split32/20/cmvn.scp scp:data/train/split32/20/feats.scp ark:- | add-deltas  ark:- ark:- |" ark,t:- | gmm-acc-stats-ali --binary=true exp/mono0a/0.mdl "ark,s,cs:apply-cmvn  --utt2spk=ark:data/train/split32/20/utt2spk scp:data/train/split32/20/cmvn.scp scp:data/train/split32/20/feats.scp ark:- | add-deltas  ark:- ark:- |" ark:- exp/mono0a/0.20.acc 
# Started at Sat Nov 30 14:58:27 CST 2019
#
gmm-acc-stats-ali --binary=true exp/mono0a/0.mdl 'ark,s,cs:apply-cmvn  --utt2spk=ark:data/train/split32/20/utt2spk scp:data/train/split32/20/cmvn.scp scp:data/train/split32/20/feats.scp ark:- | add-deltas  ark:- ark:- |' ark:- exp/mono0a/0.20.acc 
align-equal-compiled 'ark:gunzip -c exp/mono0a/fsts.20.gz|' 'ark,s,cs:apply-cmvn  --utt2spk=ark:data/train/split32/20/utt2spk scp:data/train/split32/20/cmvn.scp scp:data/train/split32/20/feats.scp ark:- | add-deltas  ark:- ark:- |' ark,t:- 
add-deltas ark:- ark:- 
apply-cmvn --utt2spk=ark:data/train/split32/20/utt2spk scp:data/train/split32/20/cmvn.scp scp:data/train/split32/20/feats.scp ark:- 
apply-cmvn --utt2spk=ark:data/train/split32/20/utt2spk scp:data/train/split32/20/cmvn.scp scp:data/train/split32/20/feats.scp ark:- 
add-deltas ark:- ark:- 
LOG (gmm-acc-stats-ali[5.5.166~1-013489]:main():gmm-acc-stats-ali.cc:105) Processed 50 utterances; for utterance KH_8183926A avg. like is -111.829 over 291 frames.
LOG (gmm-acc-stats-ali[5.5.166~1-013489]:main():gmm-acc-stats-ali.cc:105) Processed 100 utterances; for utterance KK_42OA avg. like is -114.514 over 159 frames.
LOG (apply-cmvn[5.5.166~1-013489]:main():apply-cmvn.cc:162) Applied cepstral mean normalization to 231 utterances, errors on 0
LOG (align-equal-compiled[5.5.166~1-013489]:main():align-equal-compiled.cc:107) Success: done 231 utterances.
LOG (gmm-acc-stats-ali[5.5.166~1-013489]:main():gmm-acc-stats-ali.cc:105) Processed 150 utterances; for utterance KK_Z8A avg. like is -110.691 over 135 frames.
LOG (gmm-acc-stats-ali[5.5.166~1-013489]:main():gmm-acc-stats-ali.cc:105) Processed 200 utterances; for utterance KN_78A avg. like is -106.77 over 114 frames.
LOG (apply-cmvn[5.5.166~1-013489]:main():apply-cmvn.cc:162) Applied cepstral mean normalization to 231 utterances, errors on 0
LOG (gmm-acc-stats-ali[5.5.166~1-013489]:main():gmm-acc-stats-ali.cc:112) Done 231 files, 0 with errors.
LOG (gmm-acc-stats-ali[5.5.166~1-013489]:main():gmm-acc-stats-ali.cc:115) Overall avg like per frame (Gaussian only) = -110.005 over 40134 frames.
LOG (gmm-acc-stats-ali[5.5.166~1-013489]:main():gmm-acc-stats-ali.cc:123) Written accs.
# Accounting: time=1 threads=1
# Ended (code 0) at Sat Nov 30 14:58:28 CST 2019, elapsed time 1 seconds
