# gmm-align-compiled --transition-scale=1.0 --acoustic-scale=0.1 --self-loop-scale=0.1 --beam=10 --retry-beam=40 --careful=false "gmm-boost-silence --boost=1.0 1 exp/mono0a/14.mdl - |" "ark:gunzip -c exp/mono0a/fsts.13.gz|" "ark,s,cs:apply-cmvn  --utt2spk=ark:data/train/split32/13/utt2spk scp:data/train/split32/13/cmvn.scp scp:data/train/split32/13/feats.scp ark:- | add-deltas  ark:- ark:- |" "ark,t:|gzip -c >exp/mono0a/ali.13.gz" 
# Started at Thu Dec  5 01:03:35 CST 2019
#
gmm-align-compiled --transition-scale=1.0 --acoustic-scale=0.1 --self-loop-scale=0.1 --beam=10 --retry-beam=40 --careful=false 'gmm-boost-silence --boost=1.0 1 exp/mono0a/14.mdl - |' 'ark:gunzip -c exp/mono0a/fsts.13.gz|' 'ark,s,cs:apply-cmvn  --utt2spk=ark:data/train/split32/13/utt2spk scp:data/train/split32/13/cmvn.scp scp:data/train/split32/13/feats.scp ark:- | add-deltas  ark:- ark:- |' 'ark,t:|gzip -c >exp/mono0a/ali.13.gz' 
gmm-boost-silence --boost=1.0 1 exp/mono0a/14.mdl - 
LOG (gmm-boost-silence[5.5.166~1-013489]:main():gmm-boost-silence.cc:93) Boosted weights for 5 pdfs, by factor of 1
LOG (gmm-boost-silence[5.5.166~1-013489]:main():gmm-boost-silence.cc:103) Wrote model to -
apply-cmvn --utt2spk=ark:data/train/split32/13/utt2spk scp:data/train/split32/13/cmvn.scp scp:data/train/split32/13/feats.scp ark:- 
add-deltas ark:- ark:- 
LOG (gmm-align-compiled[5.5.166~1-013489]:main():gmm-align-compiled.cc:127) GT_12ZA
LOG (gmm-align-compiled[5.5.166~1-013489]:main():gmm-align-compiled.cc:127) GT_153Z4A
LOG (gmm-align-compiled[5.5.166~1-013489]:main():gmm-align-compiled.cc:127) GT_17914A
LOG (gmm-align-compiled[5.5.166~1-013489]:main():gmm-align-compiled.cc:127) GT_1A
LOG (gmm-align-compiled[5.5.166~1-013489]:main():gmm-align-compiled.cc:127) GT_1B
LOG (gmm-align-compiled[5.5.166~1-013489]:main():gmm-align-compiled.cc:127) GT_1O21928A
LOG (gmm-align-compiled[5.5.166~1-013489]:main():gmm-align-compiled.cc:127) GT_1ZA
LOG (gmm-align-compiled[5.5.166~1-013489]:main():gmm-align-compiled.cc:127) GT_2129883A
LOG (gmm-align-compiled[5.5.166~1-013489]:main():gmm-align-compiled.cc:127) GT_2598A
LOG (gmm-align-compiled[5.5.166~1-013489]:main():gmm-align-compiled.cc:127) GT_26A
LOG (gmm-align-compiled[5.5.166~1-013489]:main():gmm-align-compiled.cc:127) GT_27O39A
LOG (gmm-align-compiled[5.5.166~1-013489]:main():gmm-align-compiled.cc:127) GT_2A
LOG (gmm-align-compiled[5.5.166~1-013489]:main():gmm-align-compiled.cc:127) GT_2B
LOG (gmm-align-compiled[5.5.166~1-013489]:main():gmm-align-compiled.cc:127) GT_2O14A
LOG (gmm-align-compiled[5.5.166~1-013489]:main():gmm-align-compiled.cc:127) GT_316A
LOG (gmm-align-compiled[5.5.166~1-013489]:main():gmm-align-compiled.cc:127) GT_334OA
LOG (gmm-align-compiled[5.5.166~1-013489]:main():gmm-align-compiled.cc:127) GT_38116A
LOG (gmm-align-compiled[5.5.166~1-013489]:main():gmm-align-compiled.cc:127) GT_3934A
LOG (gmm-align-compiled[5.5.166~1-013489]:main():gmm-align-compiled.cc:127) GT_3A
LOG (gmm-align-compiled[5.5.166~1-013489]:main():gmm-align-compiled.cc:127) GT_3B
LOG (gmm-align-compiled[5.5.166~1-013489]:main():gmm-align-compiled.cc:127) GT_3O758A
LOG (gmm-align-compiled[5.5.166~1-013489]:main():gmm-align-compiled.cc:127) GT_424A
LOG (gmm-align-compiled[5.5.166~1-013489]:main():gmm-align-compiled.cc:127) GT_436OOO1A
LOG (gmm-align-compiled[5.5.166~1-013489]:main():gmm-align-compiled.cc:127) GT_47252A
LOG (gmm-align-compiled[5.5.166~1-013489]:main():gmm-align-compiled.cc:127) GT_49A
LOG (gmm-align-compiled[5.5.166~1-013489]:main():gmm-align-compiled.cc:127) GT_4A
LOG (gmm-align-compiled[5.5.166~1-013489]:main():gmm-align-compiled.cc:127) GT_4B
LOG (gmm-align-compiled[5.5.166~1-013489]:main():gmm-align-compiled.cc:127) GT_4OA
LOG (gmm-align-compiled[5.5.166~1-013489]:main():gmm-align-compiled.cc:127) GT_5278A
LOG (gmm-align-compiled[5.5.166~1-013489]:main():gmm-align-compiled.cc:127) GT_53A
LOG (gmm-align-compiled[5.5.166~1-013489]:main():gmm-align-compiled.cc:127) GT_56826A
LOG (gmm-align-compiled[5.5.166~1-013489]:main():gmm-align-compiled.cc:127) GT_5A
LOG (gmm-align-compiled[5.5.166~1-013489]:main():gmm-align-compiled.cc:127) GT_5B
LOG (gmm-align-compiled[5.5.166~1-013489]:main():gmm-align-compiled.cc:127) GT_5O94A
LOG (gmm-align-compiled[5.5.166~1-013489]:main():gmm-align-compiled.cc:127) GT_5Z2ZZA
LOG (gmm-align-compiled[5.5.166~1-013489]:main():gmm-align-compiled.cc:127) GT_623A
LOG (gmm-align-compiled[5.5.166~1-013489]:main():gmm-align-compiled.cc:127) GT_6359728A
LOG (gmm-align-compiled[5.5.166~1-013489]:main():gmm-align-compiled.cc:127) GT_6776A
LOG (gmm-align-compiled[5.5.166~1-013489]:main():gmm-align-compiled.cc:127) GT_6942922A
LOG (gmm-align-compiled[5.5.166~1-013489]:main():gmm-align-compiled.cc:127) GT_69O2A
LOG (gmm-align-compiled[5.5.166~1-013489]:main():gmm-align-compiled.cc:127) GT_6A
LOG (gmm-align-compiled[5.5.166~1-013489]:main():gmm-align-compiled.cc:127) GT_6B
LOG (gmm-align-compiled[5.5.166~1-013489]:main():gmm-align-compiled.cc:127) GT_73A
LOG (gmm-align-compiled[5.5.166~1-013489]:main():gmm-align-compiled.cc:127) GT_73B
LOG (gmm-align-compiled[5.5.166~1-013489]:main():gmm-align-compiled.cc:127) GT_749A
LOG (gmm-align-compiled[5.5.166~1-013489]:main():gmm-align-compiled.cc:127) GT_77A
LOG (gmm-align-compiled[5.5.166~1-013489]:main():gmm-align-compiled.cc:127) GT_7A
LOG (gmm-align-compiled[5.5.166~1-013489]:main():gmm-align-compiled.cc:127) GT_7B
LOG (gmm-align-compiled[5.5.166~1-013489]:main():gmm-align-compiled.cc:127) GT_7Z113A
LOG (gmm-align-compiled[5.5.166~1-013489]:main():gmm-align-compiled.cc:127) GT_8445A
LOG (gmm-align-compiled[5.5.166~1-013489]:main():gmm-align-compiled.cc:127) GT_87648Z8A
LOG (gmm-align-compiled[5.5.166~1-013489]:main():gmm-align-compiled.cc:127) GT_8797A
LOG (gmm-align-compiled[5.5.166~1-013489]:main():gmm-align-compiled.cc:127) GT_8A
LOG (gmm-align-compiled[5.5.166~1-013489]:main():gmm-align-compiled.cc:127) GT_8B
LOG (gmm-align-compiled[5.5.166~1-013489]:main():gmm-align-compiled.cc:127) GT_8O51832A
LOG (gmm-align-compiled[5.5.166~1-013489]:main():gmm-align-compiled.cc:127) GT_8ZZA
LOG (gmm-align-compiled[5.5.166~1-013489]:main():gmm-align-compiled.cc:127) GT_91866A
LOG (gmm-align-compiled[5.5.166~1-013489]:main():gmm-align-compiled.cc:127) GT_96OA
LOG (gmm-align-compiled[5.5.166~1-013489]:main():gmm-align-compiled.cc:127) GT_995A
LOG (gmm-align-compiled[5.5.166~1-013489]:main():gmm-align-compiled.cc:127) GT_9A
LOG (gmm-align-compiled[5.5.166~1-013489]:main():gmm-align-compiled.cc:127) GT_9B
LOG (gmm-align-compiled[5.5.166~1-013489]:main():gmm-align-compiled.cc:127) GT_9O9A
LOG (gmm-align-compiled[5.5.166~1-013489]:main():gmm-align-compiled.cc:127) GT_9Z1Z4A
LOG (gmm-align-compiled[5.5.166~1-013489]:main():gmm-align-compiled.cc:127) GT_O36A
LOG (gmm-align-compiled[5.5.166~1-013489]:main():gmm-align-compiled.cc:127) GT_O4A
LOG (gmm-align-compiled[5.5.166~1-013489]:main():gmm-align-compiled.cc:127) GT_O6OOO78A
LOG (gmm-align-compiled[5.5.166~1-013489]:main():gmm-align-compiled.cc:127) GT_O864A
LOG (gmm-align-compiled[5.5.166~1-013489]:main():gmm-align-compiled.cc:127) GT_O89O4O5A
LOG (gmm-align-compiled[5.5.166~1-013489]:main():gmm-align-compiled.cc:127) GT_OA
LOG (gmm-align-compiled[5.5.166~1-013489]:main():gmm-align-compiled.cc:127) GT_OB
LOG (gmm-align-compiled[5.5.166~1-013489]:main():gmm-align-compiled.cc:127) GT_Z5A
LOG (gmm-align-compiled[5.5.166~1-013489]:main():gmm-align-compiled.cc:127) GT_Z71A
LOG (gmm-align-compiled[5.5.166~1-013489]:main():gmm-align-compiled.cc:127) GT_Z741566A
LOG (gmm-align-compiled[5.5.166~1-013489]:main():gmm-align-compiled.cc:127) GT_Z8A
LOG (gmm-align-compiled[5.5.166~1-013489]:main():gmm-align-compiled.cc:127) GT_ZA
LOG (gmm-align-compiled[5.5.166~1-013489]:main():gmm-align-compiled.cc:127) GT_ZB
LOG (gmm-align-compiled[5.5.166~1-013489]:main():gmm-align-compiled.cc:127) GT_ZZ23324A
LOG (gmm-align-compiled[5.5.166~1-013489]:main():gmm-align-compiled.cc:127) HA_11A
LOG (gmm-align-compiled[5.5.166~1-013489]:main():gmm-align-compiled.cc:127) HA_11B
LOG (gmm-align-compiled[5.5.166~1-013489]:main():gmm-align-compiled.cc:127) HA_12696O5A
LOG (gmm-align-compiled[5.5.166~1-013489]:main():gmm-align-compiled.cc:127) HA_13A
LOG (gmm-align-compiled[5.5.166~1-013489]:main():gmm-align-compiled.cc:127) HA_19A
LOG (gmm-align-compiled[5.5.166~1-013489]:main():gmm-align-compiled.cc:127) HA_1A
LOG (gmm-align-compiled[5.5.166~1-013489]:main():gmm-align-compiled.cc:127) HA_1B
LOG (gmm-align-compiled[5.5.166~1-013489]:main():gmm-align-compiled.cc:127) HA_21A
LOG (gmm-align-compiled[5.5.166~1-013489]:main():gmm-align-compiled.cc:127) HA_24189A
LOG (gmm-align-compiled[5.5.166~1-013489]:main():gmm-align-compiled.cc:127) HA_266A
LOG (gmm-align-compiled[5.5.166~1-013489]:main():gmm-align-compiled.cc:127) HA_27183Z3A
LOG (gmm-align-compiled[5.5.166~1-013489]:main():gmm-align-compiled.cc:127) HA_298A
LOG (gmm-align-compiled[5.5.166~1-013489]:main():gmm-align-compiled.cc:127) HA_2A
LOG (gmm-align-compiled[5.5.166~1-013489]:main():gmm-align-compiled.cc:127) HA_2B
LOG (gmm-align-compiled[5.5.166~1-013489]:main():gmm-align-compiled.cc:127) HA_3375978A
LOG (gmm-align-compiled[5.5.166~1-013489]:main():gmm-align-compiled.cc:127) HA_3844ZZ4A
LOG (gmm-align-compiled[5.5.166~1-013489]:main():gmm-align-compiled.cc:127) HA_3984A
LOG (gmm-align-compiled[5.5.166~1-013489]:main():gmm-align-compiled.cc:127) HA_3A
LOG (gmm-align-compiled[5.5.166~1-013489]:main():gmm-align-compiled.cc:127) HA_3B
LOG (gmm-align-compiled[5.5.166~1-013489]:main():gmm-align-compiled.cc:127) HA_3OA
LOG (gmm-align-compiled[5.5.166~1-013489]:main():gmm-align-compiled.cc:127) HA_3Z8A
LOG (gmm-align-compiled[5.5.166~1-013489]:main():gmm-align-compiled.cc:127) HA_422O8O9A
LOG (gmm-align-compiled[5.5.166~1-013489]:main():gmm-align-compiled.cc:127) HA_44Z9A
LOG (gmm-align-compiled[5.5.166~1-013489]:main():gmm-align-compiled.cc:127) HA_46A
LOG (gmm-align-compiled[5.5.166~1-013489]:main():gmm-align-compiled.cc:127) HA_47O9A
LOG (gmm-align-compiled[5.5.166~1-013489]:main():gmm-align-compiled.cc:127) HA_4859A
LOG (gmm-align-compiled[5.5.166~1-013489]:main():gmm-align-compiled.cc:127) HA_4A
LOG (gmm-align-compiled[5.5.166~1-013489]:main():gmm-align-compiled.cc:127) HA_4B
LOG (gmm-align-compiled[5.5.166~1-013489]:main():gmm-align-compiled.cc:127) HA_551A
LOG (gmm-align-compiled[5.5.166~1-013489]:main():gmm-align-compiled.cc:127) HA_557A
LOG (gmm-align-compiled[5.5.166~1-013489]:main():gmm-align-compiled.cc:127) HA_57A
LOG (gmm-align-compiled[5.5.166~1-013489]:main():gmm-align-compiled.cc:127) HA_5821A
LOG (gmm-align-compiled[5.5.166~1-013489]:main():gmm-align-compiled.cc:127) HA_5A
LOG (gmm-align-compiled[5.5.166~1-013489]:main():gmm-align-compiled.cc:127) HA_5B
LOG (gmm-align-compiled[5.5.166~1-013489]:main():gmm-align-compiled.cc:127) HA_5O862A
LOG (gmm-align-compiled[5.5.166~1-013489]:main():gmm-align-compiled.cc:127) HA_635A
LOG (gmm-align-compiled[5.5.166~1-013489]:main():gmm-align-compiled.cc:127) HA_673A
LOG (gmm-align-compiled[5.5.166~1-013489]:main():gmm-align-compiled.cc:127) HA_67814A
LOG (gmm-align-compiled[5.5.166~1-013489]:main():gmm-align-compiled.cc:127) HA_6832A
LOG (gmm-align-compiled[5.5.166~1-013489]:main():gmm-align-compiled.cc:127) HA_6A
LOG (gmm-align-compiled[5.5.166~1-013489]:main():gmm-align-compiled.cc:127) HA_6B
LOG (gmm-align-compiled[5.5.166~1-013489]:main():gmm-align-compiled.cc:127) HA_6O779A
LOG (gmm-align-compiled[5.5.166~1-013489]:main():gmm-align-compiled.cc:127) HA_71517A
LOG (gmm-align-compiled[5.5.166~1-013489]:main():gmm-align-compiled.cc:127) HA_737OOA
LOG (gmm-align-compiled[5.5.166~1-013489]:main():gmm-align-compiled.cc:127) HA_75286A
LOG (gmm-align-compiled[5.5.166~1-013489]:main():gmm-align-compiled.cc:127) HA_76Z6195A
LOG (gmm-align-compiled[5.5.166~1-013489]:main():gmm-align-compiled.cc:127) HA_7A
LOG (gmm-align-compiled[5.5.166~1-013489]:main():gmm-align-compiled.cc:127) HA_7B
LOG (gmm-align-compiled[5.5.166~1-013489]:main():gmm-align-compiled.cc:127) HA_7Z163A
LOG (gmm-align-compiled[5.5.166~1-013489]:main():gmm-align-compiled.cc:127) HA_81653A
LOG (gmm-align-compiled[5.5.166~1-013489]:main():gmm-align-compiled.cc:127) HA_825Z174A
LOG (gmm-align-compiled[5.5.166~1-013489]:main():gmm-align-compiled.cc:127) HA_8565A
LOG (gmm-align-compiled[5.5.166~1-013489]:main():gmm-align-compiled.cc:127) HA_872Z9A
LOG (gmm-align-compiled[5.5.166~1-013489]:main():gmm-align-compiled.cc:127) HA_8A
LOG (gmm-align-compiled[5.5.166~1-013489]:main():gmm-align-compiled.cc:127) HA_8B
LOG (gmm-align-compiled[5.5.166~1-013489]:main():gmm-align-compiled.cc:127) HA_8O4A
LOG (gmm-align-compiled[5.5.166~1-013489]:main():gmm-align-compiled.cc:127) HA_9124A
LOG (gmm-align-compiled[5.5.166~1-013489]:main():gmm-align-compiled.cc:127) HA_92A
LOG (gmm-align-compiled[5.5.166~1-013489]:main():gmm-align-compiled.cc:127) HA_94542A
LOG (gmm-align-compiled[5.5.166~1-013489]:main():gmm-align-compiled.cc:127) HA_96Z7A
LOG (gmm-align-compiled[5.5.166~1-013489]:main():gmm-align-compiled.cc:127) HA_9A
LOG (gmm-align-compiled[5.5.166~1-013489]:main():gmm-align-compiled.cc:127) HA_9B
LOG (gmm-align-compiled[5.5.166~1-013489]:main():gmm-align-compiled.cc:127) HA_9O131O6A
LOG (gmm-align-compiled[5.5.166~1-013489]:main():gmm-align-compiled.cc:127) HA_O31A
LOG (gmm-align-compiled[5.5.166~1-013489]:main():gmm-align-compiled.cc:127) HA_O364629A
LOG (gmm-align-compiled[5.5.166~1-013489]:main():gmm-align-compiled.cc:127) HA_O5A
LOG (gmm-align-compiled[5.5.166~1-013489]:main():gmm-align-compiled.cc:127) HA_O61OA
LOG (gmm-align-compiled[5.5.166~1-013489]:main():gmm-align-compiled.cc:127) HA_OA
LOG (gmm-align-compiled[5.5.166~1-013489]:main():gmm-align-compiled.cc:127) HA_OB
LOG (gmm-align-compiled[5.5.166~1-013489]:main():gmm-align-compiled.cc:127) HA_OOA
LOG (gmm-align-compiled[5.5.166~1-013489]:main():gmm-align-compiled.cc:127) HA_Z2Z4923A
LOG (gmm-align-compiled[5.5.166~1-013489]:main():gmm-align-compiled.cc:127) HA_Z54A
LOG (gmm-align-compiled[5.5.166~1-013489]:main():gmm-align-compiled.cc:127) HA_Z568A
LOG (gmm-align-compiled[5.5.166~1-013489]:main():gmm-align-compiled.cc:127) HA_ZA
LOG (gmm-align-compiled[5.5.166~1-013489]:main():gmm-align-compiled.cc:127) HA_ZB
LOG (gmm-align-compiled[5.5.166~1-013489]:main():gmm-align-compiled.cc:127) HA_ZZ38Z79A
LOG (gmm-align-compiled[5.5.166~1-013489]:main():gmm-align-compiled.cc:127) HA_ZZ8A
LOG (gmm-align-compiled[5.5.166~1-013489]:main():gmm-align-compiled.cc:127) HG_11Z3A
LOG (gmm-align-compiled[5.5.166~1-013489]:main():gmm-align-compiled.cc:127) HG_169Z8A
LOG (gmm-align-compiled[5.5.166~1-013489]:main():gmm-align-compiled.cc:127) HG_1A
LOG (gmm-align-compiled[5.5.166~1-013489]:main():gmm-align-compiled.cc:127) HG_1B
LOG (gmm-align-compiled[5.5.166~1-013489]:main():gmm-align-compiled.cc:127) HG_1O38A
LOG (gmm-align-compiled[5.5.166~1-013489]:main():gmm-align-compiled.cc:127) HG_1O787A
LOG (gmm-align-compiled[5.5.166~1-013489]:main():gmm-align-compiled.cc:127) HG_1Z2A
LOG (gmm-align-compiled[5.5.166~1-013489]:main():gmm-align-compiled.cc:127) HG_218ZA
LOG (gmm-align-compiled[5.5.166~1-013489]:main():gmm-align-compiled.cc:127) HG_22A
LOG (gmm-align-compiled[5.5.166~1-013489]:main():gmm-align-compiled.cc:127) HG_2458442A
LOG (gmm-align-compiled[5.5.166~1-013489]:main():gmm-align-compiled.cc:127) HG_24A
LOG (gmm-align-compiled[5.5.166~1-013489]:main():gmm-align-compiled.cc:127) HG_29OA
LOG (gmm-align-compiled[5.5.166~1-013489]:main():gmm-align-compiled.cc:127) HG_2A
LOG (gmm-align-compiled[5.5.166~1-013489]:main():gmm-align-compiled.cc:127) HG_2B
LOG (gmm-align-compiled[5.5.166~1-013489]:main():gmm-align-compiled.cc:127) HG_31A
LOG (gmm-align-compiled[5.5.166~1-013489]:main():gmm-align-compiled.cc:127) HG_32ZZ997A
LOG (gmm-align-compiled[5.5.166~1-013489]:main():gmm-align-compiled.cc:127) HG_33A
LOG (gmm-align-compiled[5.5.166~1-013489]:main():gmm-align-compiled.cc:127) HG_35217A
LOG (gmm-align-compiled[5.5.166~1-013489]:main():gmm-align-compiled.cc:127) HG_3A
LOG (gmm-align-compiled[5.5.166~1-013489]:main():gmm-align-compiled.cc:127) HG_3B
LOG (gmm-align-compiled[5.5.166~1-013489]:main():gmm-align-compiled.cc:127) HG_3OA
LOG (gmm-align-compiled[5.5.166~1-013489]:main():gmm-align-compiled.cc:127) HG_414A
LOG (gmm-align-compiled[5.5.166~1-013489]:main():gmm-align-compiled.cc:127) HG_42O5A
LOG (gmm-align-compiled[5.5.166~1-013489]:main():gmm-align-compiled.cc:127) HG_43O4OA
LOG (gmm-align-compiled[5.5.166~1-013489]:main():gmm-align-compiled.cc:127) HG_476OA
LOG (gmm-align-compiled[5.5.166~1-013489]:main():gmm-align-compiled.cc:127) HG_4A
LOG (gmm-align-compiled[5.5.166~1-013489]:main():gmm-align-compiled.cc:127) HG_4B
LOG (gmm-align-compiled[5.5.166~1-013489]:main():gmm-align-compiled.cc:127) HG_4O5O6A
LOG (gmm-align-compiled[5.5.166~1-013489]:main():gmm-align-compiled.cc:127) HG_525A
LOG (gmm-align-compiled[5.5.166~1-013489]:main():gmm-align-compiled.cc:127) HG_55196A
LOG (gmm-align-compiled[5.5.166~1-013489]:main():gmm-align-compiled.cc:127) HG_5772A
LOG (gmm-align-compiled[5.5.166~1-013489]:main():gmm-align-compiled.cc:127) HG_58283A
LOG (gmm-align-compiled[5.5.166~1-013489]:main():gmm-align-compiled.cc:127) HG_5A
LOG (gmm-align-compiled[5.5.166~1-013489]:main():gmm-align-compiled.cc:127) HG_5B
LOG (gmm-align-compiled[5.5.166~1-013489]:main():gmm-align-compiled.cc:127) HG_5Z34ZZZA
LOG (gmm-align-compiled[5.5.166~1-013489]:main():gmm-align-compiled.cc:127) HG_62OO792A
LOG (gmm-align-compiled[5.5.166~1-013489]:main():gmm-align-compiled.cc:127) HG_644A
LOG (gmm-align-compiled[5.5.166~1-013489]:main():gmm-align-compiled.cc:127) HG_6561A
LOG (gmm-align-compiled[5.5.166~1-013489]:main():gmm-align-compiled.cc:127) HG_662A
LOG (gmm-align-compiled[5.5.166~1-013489]:main():gmm-align-compiled.cc:127) HG_6823ZA
LOG (gmm-align-compiled[5.5.166~1-013489]:main():gmm-align-compiled.cc:127) HG_6A
LOG (gmm-align-compiled[5.5.166~1-013489]:main():gmm-align-compiled.cc:127) HG_6B
LOG (gmm-align-compiled[5.5.166~1-013489]:main():gmm-align-compiled.cc:127) HG_7312A
LOG (gmm-align-compiled[5.5.166~1-013489]:main():gmm-align-compiled.cc:127) HG_756A
LOG (gmm-align-compiled[5.5.166~1-013489]:main():gmm-align-compiled.cc:127) HG_7919A
LOG (gmm-align-compiled[5.5.166~1-013489]:main():gmm-align-compiled.cc:127) HG_7A
LOG (gmm-align-compiled[5.5.166~1-013489]:main():gmm-align-compiled.cc:127) HG_7B
LOG (gmm-align-compiled[5.5.166~1-013489]:main():gmm-align-compiled.cc:127) HG_7O9O239A
LOG (gmm-align-compiled[5.5.166~1-013489]:main():gmm-align-compiled.cc:127) HG_7ZZ6Z59A
LOG (gmm-align-compiled[5.5.166~1-013489]:main():gmm-align-compiled.cc:127) HG_85A
LOG (gmm-align-compiled[5.5.166~1-013489]:main():gmm-align-compiled.cc:127) HG_8678576A
LOG (gmm-align-compiled[5.5.166~1-013489]:main():gmm-align-compiled.cc:127) HG_887A
LOG (gmm-align-compiled[5.5.166~1-013489]:main():gmm-align-compiled.cc:127) HG_89A
LOG (gmm-align-compiled[5.5.166~1-013489]:main():gmm-align-compiled.cc:127) HG_8A
LOG (gmm-align-compiled[5.5.166~1-013489]:main():gmm-align-compiled.cc:127) HG_8B
LOG (gmm-align-compiled[5.5.166~1-013489]:main():gmm-align-compiled.cc:127) HG_8OO2A
LOG (gmm-align-compiled[5.5.166~1-013489]:main():gmm-align-compiled.cc:127) HG_91186A
LOG (gmm-align-compiled[5.5.166~1-013489]:main():gmm-align-compiled.cc:127) HG_9367295A
LOG (gmm-align-compiled[5.5.166~1-013489]:main():gmm-align-compiled.cc:127) HG_94ZA
LOG (gmm-align-compiled[5.5.166~1-013489]:main():gmm-align-compiled.cc:127) HG_97OA
LOG (gmm-align-compiled[5.5.166~1-013489]:main():gmm-align-compiled.cc:127) HG_99A
LOG (gmm-align-compiled[5.5.166~1-013489]:main():gmm-align-compiled.cc:127) HG_9A
LOG (gmm-align-compiled[5.5.166~1-013489]:main():gmm-align-compiled.cc:127) HG_9B
LOG (gmm-align-compiled[5.5.166~1-013489]:main():gmm-align-compiled.cc:127) HG_O135513A
LOG (gmm-align-compiled[5.5.166~1-013489]:main():gmm-align-compiled.cc:127) HG_O3A
LOG (gmm-align-compiled[5.5.166~1-013489]:main():gmm-align-compiled.cc:127) HG_O4A
LOG (gmm-align-compiled[5.5.166~1-013489]:main():gmm-align-compiled.cc:127) HG_O6OOO15A
LOG (gmm-align-compiled[5.5.166~1-013489]:main():gmm-align-compiled.cc:127) HG_O8A
LOG (gmm-align-compiled[5.5.166~1-013489]:main():gmm-align-compiled.cc:127) HG_OA
LOG (gmm-align-compiled[5.5.166~1-013489]:main():gmm-align-compiled.cc:127) HG_OB
LOG (gmm-align-compiled[5.5.166~1-013489]:main():gmm-align-compiled.cc:127) HG_Z146A
LOG (gmm-align-compiled[5.5.166~1-013489]:main():gmm-align-compiled.cc:127) HG_Z1716A
LOG (gmm-align-compiled[5.5.166~1-013489]:main():gmm-align-compiled.cc:127) HG_Z6981A
LOG (gmm-align-compiled[5.5.166~1-013489]:main():gmm-align-compiled.cc:127) HG_Z88495ZA
LOG (gmm-align-compiled[5.5.166~1-013489]:main():gmm-align-compiled.cc:127) HG_Z94A
LOG (gmm-align-compiled[5.5.166~1-013489]:main():gmm-align-compiled.cc:127) HG_ZA
LOG (gmm-align-compiled[5.5.166~1-013489]:main():gmm-align-compiled.cc:127) HG_ZB
LOG (gmm-align-compiled[5.5.166~1-013489]:main():gmm-align-compiled.cc:127) HH_12A
LOG (gmm-align-compiled[5.5.166~1-013489]:main():gmm-align-compiled.cc:127) HH_144A
LOG (gmm-align-compiled[5.5.166~1-013489]:main():gmm-align-compiled.cc:127) HH_157A
LOG (gmm-align-compiled[5.5.166~1-013489]:main():gmm-align-compiled.cc:127) HH_15OOA
LOG (gmm-align-compiled[5.5.166~1-013489]:main():gmm-align-compiled.cc:127) HH_166Z665A
LOG (gmm-align-compiled[5.5.166~1-013489]:main():gmm-align-compiled.cc:127) HH_1A
LOG (gmm-align-compiled[5.5.166~1-013489]:main():gmm-align-compiled.cc:127) HH_1B
LOG (gmm-align-compiled[5.5.166~1-013489]:main():gmm-align-compiled.cc:127) HH_254O7A
LOG (gmm-align-compiled[5.5.166~1-013489]:main():gmm-align-compiled.cc:127) HH_269599OA
LOG (gmm-align-compiled[5.5.166~1-013489]:main():gmm-align-compiled.cc:127) HH_28A
LOG (gmm-align-compiled[5.5.166~1-013489]:main():gmm-align-compiled.cc:127) HH_2972A
LOG (gmm-align-compiled[5.5.166~1-013489]:main():gmm-align-compiled.cc:127) HH_2A
LOG (gmm-align-compiled[5.5.166~1-013489]:main():gmm-align-compiled.cc:127) HH_2B
LOG (gmm-align-compiled[5.5.166~1-013489]:main():gmm-align-compiled.cc:127) HH_2Z1A
LOG (gmm-align-compiled[5.5.166~1-013489]:main():gmm-align-compiled.cc:127) HH_31738A
LOG (gmm-align-compiled[5.5.166~1-013489]:main():gmm-align-compiled.cc:127) HH_3447O6OA
LOG (gmm-align-compiled[5.5.166~1-013489]:main():gmm-align-compiled.cc:127) HH_3553A
LOG (gmm-align-compiled[5.5.166~1-013489]:main():gmm-align-compiled.cc:127) HH_3612A
LOG (gmm-align-compiled[5.5.166~1-013489]:main():gmm-align-compiled.cc:127) HH_389A
LOG (gmm-align-compiled[5.5.166~1-013489]:main():gmm-align-compiled.cc:127) HH_3A
LOG (gmm-align-compiled[5.5.166~1-013489]:main():gmm-align-compiled.cc:127) HH_3B
LOG (gmm-align-compiled[5.5.166~1-013489]:main():gmm-align-compiled.cc:127) HH_4168A
LOG (gmm-align-compiled[5.5.166~1-013489]:main():gmm-align-compiled.cc:127) HH_4322333A
LOG (gmm-align-compiled[5.5.166~1-013489]:main():gmm-align-compiled.cc:127) HH_4394A
LOG (gmm-align-compiled[5.5.166~1-013489]:main():gmm-align-compiled.cc:127) HH_4883A
LOG (gmm-align-compiled[5.5.166~1-013489]:main():gmm-align-compiled.cc:127) HH_493A
LOG (gmm-align-compiled[5.5.166~1-013489]:main():gmm-align-compiled.cc:127) HH_4A
LOG (gmm-align-compiled[5.5.166~1-013489]:main():gmm-align-compiled.cc:127) HH_4B
LOG (gmm-align-compiled[5.5.166~1-013489]:main():gmm-align-compiled.cc:127) HH_511O458A
LOG (gmm-align-compiled[5.5.166~1-013489]:main():gmm-align-compiled.cc:127) HH_518ZA
LOG (gmm-align-compiled[5.5.166~1-013489]:main():gmm-align-compiled.cc:127) HH_552Z49ZA
LOG (gmm-align-compiled[5.5.166~1-013489]:main():gmm-align-compiled.cc:127) HH_5989A
LOG (gmm-align-compiled[5.5.166~1-013489]:main():gmm-align-compiled.cc:127) HH_5A
LOG (gmm-align-compiled[5.5.166~1-013489]:main():gmm-align-compiled.cc:127) HH_5B
LOG (gmm-align-compiled[5.5.166~1-013489]:main():gmm-align-compiled.cc:127) HH_5O2O4A
LOG (gmm-align-compiled[5.5.166~1-013489]:main():gmm-align-compiled.cc:127) HH_6378A
LOG (gmm-align-compiled[5.5.166~1-013489]:main():gmm-align-compiled.cc:127) HH_64217A
LOG (gmm-align-compiled[5.5.166~1-013489]:main():gmm-align-compiled.cc:127) HH_658O2A
LOG (gmm-align-compiled[5.5.166~1-013489]:main():gmm-align-compiled.cc:127) HH_68856A
LOG (gmm-align-compiled[5.5.166~1-013489]:main():gmm-align-compiled.cc:127) HH_6A
LOG (gmm-align-compiled[5.5.166~1-013489]:main():gmm-align-compiled.cc:127) HH_6B
LOG (gmm-align-compiled[5.5.166~1-013489]:main():gmm-align-compiled.cc:127) HH_6OO94A
LOG (gmm-align-compiled[5.5.166~1-013489]:main():gmm-align-compiled.cc:127) HH_719A
LOG (gmm-align-compiled[5.5.166~1-013489]:main():gmm-align-compiled.cc:127) HH_71O3627A
LOG (gmm-align-compiled[5.5.166~1-013489]:main():gmm-align-compiled.cc:127) HH_77453A
LOG (gmm-align-compiled[5.5.166~1-013489]:main():gmm-align-compiled.cc:127) HH_7875ZZ9A
LOG (gmm-align-compiled[5.5.166~1-013489]:main():gmm-align-compiled.cc:127) HH_79A
LOG (gmm-align-compiled[5.5.166~1-013489]:main():gmm-align-compiled.cc:127) HH_7A
LOG (gmm-align-compiled[5.5.166~1-013489]:main():gmm-align-compiled.cc:127) HH_7B
LOG (gmm-align-compiled[5.5.166~1-013489]:main():gmm-align-compiled.cc:127) HH_85A
LOG (gmm-align-compiled[5.5.166~1-013489]:main():gmm-align-compiled.cc:127) HH_86A
LOG (gmm-align-compiled[5.5.166~1-013489]:main():gmm-align-compiled.cc:127) HH_87A
LOG (gmm-align-compiled[5.5.166~1-013489]:main():gmm-align-compiled.cc:127) HH_8A
LOG (gmm-align-compiled[5.5.166~1-013489]:main():gmm-align-compiled.cc:127) HH_8B
LOG (gmm-align-compiled[5.5.166~1-013489]:main():gmm-align-compiled.cc:127) HH_8OA
LOG (gmm-align-compiled[5.5.166~1-013489]:main():gmm-align-compiled.cc:127) HH_8Z22ZA
LOG (gmm-align-compiled[5.5.166~1-013489]:main():gmm-align-compiled.cc:127) HH_91195A
LOG (gmm-align-compiled[5.5.166~1-013489]:main():gmm-align-compiled.cc:127) HH_92A
LOG (gmm-align-compiled[5.5.166~1-013489]:main():gmm-align-compiled.cc:127) HH_93A
LOG (gmm-align-compiled[5.5.166~1-013489]:main():gmm-align-compiled.cc:127) HH_99Z2628A
LOG (gmm-align-compiled[5.5.166~1-013489]:main():gmm-align-compiled.cc:127) HH_9A
LOG (gmm-align-compiled[5.5.166~1-013489]:main():gmm-align-compiled.cc:127) HH_9B
LOG (gmm-align-compiled[5.5.166~1-013489]:main():gmm-align-compiled.cc:127) HH_9O6A
LOG (gmm-align-compiled[5.5.166~1-013489]:main():gmm-align-compiled.cc:127) HH_O3OA
LOG (gmm-align-compiled[5.5.166~1-013489]:main():gmm-align-compiled.cc:127) HH_O54A
LOG (gmm-align-compiled[5.5.166~1-013489]:main():gmm-align-compiled.cc:127) HH_O824O13A
LOG (gmm-align-compiled[5.5.166~1-013489]:main():gmm-align-compiled.cc:127) HH_O9296A
LOG (gmm-align-compiled[5.5.166~1-013489]:main():gmm-align-compiled.cc:127) HH_OA
LOG (gmm-align-compiled[5.5.166~1-013489]:main():gmm-align-compiled.cc:127) HH_OB
LOG (gmm-align-compiled[5.5.166~1-013489]:main():gmm-align-compiled.cc:127) HH_OOA
LOG (gmm-align-compiled[5.5.166~1-013489]:main():gmm-align-compiled.cc:127) HH_Z3A
LOG (apply-cmvn[5.5.166~1-013489]:main():apply-cmvn.cc:162) Applied cepstral mean normalization to 308 utterances, errors on 0
LOG (gmm-align-compiled[5.5.166~1-013489]:main():gmm-align-compiled.cc:127) HH_Z56A
LOG (gmm-align-compiled[5.5.166~1-013489]:main():gmm-align-compiled.cc:127) HH_Z69A
LOG (gmm-align-compiled[5.5.166~1-013489]:main():gmm-align-compiled.cc:127) HH_Z813A
LOG (gmm-align-compiled[5.5.166~1-013489]:main():gmm-align-compiled.cc:127) HH_Z963Z79A
LOG (gmm-align-compiled[5.5.166~1-013489]:main():gmm-align-compiled.cc:127) HH_ZA
LOG (gmm-align-compiled[5.5.166~1-013489]:main():gmm-align-compiled.cc:127) HH_ZB
LOG (gmm-align-compiled[5.5.166~1-013489]:main():gmm-align-compiled.cc:135) Overall log-likelihood per frame is -24.2921 over 50385 frames.
LOG (gmm-align-compiled[5.5.166~1-013489]:main():gmm-align-compiled.cc:137) Retried 0 out of 308 utterances.
LOG (gmm-align-compiled[5.5.166~1-013489]:main():gmm-align-compiled.cc:139) Done 308, errors on 0
# Accounting: time=1 threads=1
# Ended (code 0) at Thu Dec  5 01:03:36 CST 2019, elapsed time 1 seconds
