# gmm-align-compiled --transition-scale=1.0 --acoustic-scale=0.1 --self-loop-scale=0.1 --beam=10 --retry-beam=40 --careful=false "gmm-boost-silence --boost=1.0 1 exp/mono0a/23.mdl - |" "ark:gunzip -c exp/mono0a/fsts.6.gz|" "ark,s,cs:apply-cmvn  --utt2spk=ark:data/train/split32/6/utt2spk scp:data/train/split32/6/cmvn.scp scp:data/train/split32/6/feats.scp ark:- | add-deltas  ark:- ark:- |" "ark,t:|gzip -c >exp/mono0a/ali.6.gz" 
# Started at Sun Dec  1 21:58:38 CST 2019
#
gmm-align-compiled --transition-scale=1.0 --acoustic-scale=0.1 --self-loop-scale=0.1 --beam=10 --retry-beam=40 --careful=false 'gmm-boost-silence --boost=1.0 1 exp/mono0a/23.mdl - |' 'ark:gunzip -c exp/mono0a/fsts.6.gz|' 'ark,s,cs:apply-cmvn  --utt2spk=ark:data/train/split32/6/utt2spk scp:data/train/split32/6/cmvn.scp scp:data/train/split32/6/feats.scp ark:- | add-deltas  ark:- ark:- |' 'ark,t:|gzip -c >exp/mono0a/ali.6.gz' 
gmm-boost-silence --boost=1.0 1 exp/mono0a/23.mdl - 
LOG (gmm-boost-silence[5.5.166~1-013489]:main():gmm-boost-silence.cc:93) Boosted weights for 5 pdfs, by factor of 1
LOG (gmm-boost-silence[5.5.166~1-013489]:main():gmm-boost-silence.cc:103) Wrote model to -
apply-cmvn --utt2spk=ark:data/train/split32/6/utt2spk scp:data/train/split32/6/cmvn.scp scp:data/train/split32/6/feats.scp ark:- 
add-deltas ark:- ark:- 
LOG (gmm-align-compiled[5.5.166~1-013489]:main():gmm-align-compiled.cc:127) CR_1171889A
LOG (gmm-align-compiled[5.5.166~1-013489]:main():gmm-align-compiled.cc:127) CR_126A
LOG (gmm-align-compiled[5.5.166~1-013489]:main():gmm-align-compiled.cc:127) CR_1577391A
LOG (gmm-align-compiled[5.5.166~1-013489]:main():gmm-align-compiled.cc:127) CR_161O567A
LOG (gmm-align-compiled[5.5.166~1-013489]:main():gmm-align-compiled.cc:127) CR_19A
LOG (gmm-align-compiled[5.5.166~1-013489]:main():gmm-align-compiled.cc:127) CR_1A
LOG (gmm-align-compiled[5.5.166~1-013489]:main():gmm-align-compiled.cc:127) CR_1B
LOG (gmm-align-compiled[5.5.166~1-013489]:main():gmm-align-compiled.cc:127) CR_25283A
LOG (gmm-align-compiled[5.5.166~1-013489]:main():gmm-align-compiled.cc:127) CR_2829A
LOG (gmm-align-compiled[5.5.166~1-013489]:main():gmm-align-compiled.cc:127) CR_2A
LOG (gmm-align-compiled[5.5.166~1-013489]:main():gmm-align-compiled.cc:127) CR_2B
LOG (gmm-align-compiled[5.5.166~1-013489]:main():gmm-align-compiled.cc:127) CR_2O9O987A
WARNING (gmm-align-compiled[5.5.166~1-013489]:AlignUtteranceWrapper():decoder-wrappers.cc:501) Retrying utterance CR_2O9O987A with beam 40
LOG (gmm-align-compiled[5.5.166~1-013489]:main():gmm-align-compiled.cc:127) CR_2Z61858A
WARNING (gmm-align-compiled[5.5.166~1-013489]:AlignUtteranceWrapper():decoder-wrappers.cc:501) Retrying utterance CR_2Z61858A with beam 40
LOG (gmm-align-compiled[5.5.166~1-013489]:main():gmm-align-compiled.cc:127) CR_2Z7A
LOG (gmm-align-compiled[5.5.166~1-013489]:main():gmm-align-compiled.cc:127) CR_32A
LOG (gmm-align-compiled[5.5.166~1-013489]:main():gmm-align-compiled.cc:127) CR_35Z29A
LOG (gmm-align-compiled[5.5.166~1-013489]:main():gmm-align-compiled.cc:127) CR_38A
LOG (gmm-align-compiled[5.5.166~1-013489]:main():gmm-align-compiled.cc:127) CR_39A
LOG (gmm-align-compiled[5.5.166~1-013489]:main():gmm-align-compiled.cc:127) CR_3A
LOG (gmm-align-compiled[5.5.166~1-013489]:main():gmm-align-compiled.cc:127) CR_3B
LOG (gmm-align-compiled[5.5.166~1-013489]:main():gmm-align-compiled.cc:127) CR_3OO43A
LOG (gmm-align-compiled[5.5.166~1-013489]:main():gmm-align-compiled.cc:127) CR_45OO2A
WARNING (gmm-align-compiled[5.5.166~1-013489]:AlignUtteranceWrapper():decoder-wrappers.cc:501) Retrying utterance CR_45OO2A with beam 40
LOG (gmm-align-compiled[5.5.166~1-013489]:main():gmm-align-compiled.cc:127) CR_486OA
LOG (gmm-align-compiled[5.5.166~1-013489]:main():gmm-align-compiled.cc:127) CR_49O69A
LOG (gmm-align-compiled[5.5.166~1-013489]:main():gmm-align-compiled.cc:127) CR_4A
LOG (gmm-align-compiled[5.5.166~1-013489]:main():gmm-align-compiled.cc:127) CR_4B
LOG (gmm-align-compiled[5.5.166~1-013489]:main():gmm-align-compiled.cc:127) CR_4OOA
WARNING (gmm-align-compiled[5.5.166~1-013489]:AlignUtteranceWrapper():decoder-wrappers.cc:501) Retrying utterance CR_4OOA with beam 40
LOG (gmm-align-compiled[5.5.166~1-013489]:main():gmm-align-compiled.cc:127) CR_4Z3363ZA
LOG (gmm-align-compiled[5.5.166~1-013489]:main():gmm-align-compiled.cc:127) CR_513A
LOG (gmm-align-compiled[5.5.166~1-013489]:main():gmm-align-compiled.cc:127) CR_534A
LOG (gmm-align-compiled[5.5.166~1-013489]:main():gmm-align-compiled.cc:127) CR_54923A
LOG (gmm-align-compiled[5.5.166~1-013489]:main():gmm-align-compiled.cc:127) CR_5941484A
LOG (gmm-align-compiled[5.5.166~1-013489]:main():gmm-align-compiled.cc:127) CR_5A
LOG (gmm-align-compiled[5.5.166~1-013489]:main():gmm-align-compiled.cc:127) CR_5B
LOG (gmm-align-compiled[5.5.166~1-013489]:main():gmm-align-compiled.cc:127) CR_5Z168A
LOG (gmm-align-compiled[5.5.166~1-013489]:main():gmm-align-compiled.cc:127) CR_658ZA
LOG (gmm-align-compiled[5.5.166~1-013489]:main():gmm-align-compiled.cc:127) CR_67Z93A
LOG (gmm-align-compiled[5.5.166~1-013489]:main():gmm-align-compiled.cc:127) CR_6811A
LOG (gmm-align-compiled[5.5.166~1-013489]:main():gmm-align-compiled.cc:127) CR_6989642A
LOG (gmm-align-compiled[5.5.166~1-013489]:main():gmm-align-compiled.cc:127) CR_6A
LOG (gmm-align-compiled[5.5.166~1-013489]:main():gmm-align-compiled.cc:127) CR_6B
LOG (gmm-align-compiled[5.5.166~1-013489]:main():gmm-align-compiled.cc:127) CR_6ZA
LOG (gmm-align-compiled[5.5.166~1-013489]:main():gmm-align-compiled.cc:127) CR_71A
LOG (gmm-align-compiled[5.5.166~1-013489]:main():gmm-align-compiled.cc:127) CR_721A
LOG (gmm-align-compiled[5.5.166~1-013489]:main():gmm-align-compiled.cc:127) CR_7465A
LOG (gmm-align-compiled[5.5.166~1-013489]:main():gmm-align-compiled.cc:127) CR_783A
LOG (gmm-align-compiled[5.5.166~1-013489]:main():gmm-align-compiled.cc:127) CR_7A
LOG (gmm-align-compiled[5.5.166~1-013489]:main():gmm-align-compiled.cc:127) CR_7B
LOG (gmm-align-compiled[5.5.166~1-013489]:main():gmm-align-compiled.cc:127) CR_7O7A
LOG (gmm-align-compiled[5.5.166~1-013489]:main():gmm-align-compiled.cc:127) CR_8194126A
LOG (gmm-align-compiled[5.5.166~1-013489]:main():gmm-align-compiled.cc:127) CR_821A
LOG (gmm-align-compiled[5.5.166~1-013489]:main():gmm-align-compiled.cc:127) CR_88Z57A
LOG (gmm-align-compiled[5.5.166~1-013489]:main():gmm-align-compiled.cc:127) CR_8A
LOG (gmm-align-compiled[5.5.166~1-013489]:main():gmm-align-compiled.cc:127) CR_8B
LOG (gmm-align-compiled[5.5.166~1-013489]:main():gmm-align-compiled.cc:127) CR_8O2A
LOG (gmm-align-compiled[5.5.166~1-013489]:main():gmm-align-compiled.cc:127) CR_8O8A
WARNING (gmm-align-compiled[5.5.166~1-013489]:AlignUtteranceWrapper():decoder-wrappers.cc:501) Retrying utterance CR_8O8A with beam 40
LOG (gmm-align-compiled[5.5.166~1-013489]:main():gmm-align-compiled.cc:127) CR_91A
LOG (gmm-align-compiled[5.5.166~1-013489]:main():gmm-align-compiled.cc:127) CR_931Z1A
LOG (gmm-align-compiled[5.5.166~1-013489]:main():gmm-align-compiled.cc:127) CR_95A
LOG (gmm-align-compiled[5.5.166~1-013489]:main():gmm-align-compiled.cc:127) CR_96662A
LOG (gmm-align-compiled[5.5.166~1-013489]:main():gmm-align-compiled.cc:127) CR_9A
LOG (gmm-align-compiled[5.5.166~1-013489]:main():gmm-align-compiled.cc:127) CR_9B
LOG (gmm-align-compiled[5.5.166~1-013489]:main():gmm-align-compiled.cc:127) CR_O1A
LOG (gmm-align-compiled[5.5.166~1-013489]:main():gmm-align-compiled.cc:127) CR_O3OOA
WARNING (gmm-align-compiled[5.5.166~1-013489]:AlignUtteranceWrapper():decoder-wrappers.cc:501) Retrying utterance CR_O3OOA with beam 40
LOG (gmm-align-compiled[5.5.166~1-013489]:main():gmm-align-compiled.cc:127) CR_O556A
LOG (gmm-align-compiled[5.5.166~1-013489]:main():gmm-align-compiled.cc:127) CR_O6A
LOG (gmm-align-compiled[5.5.166~1-013489]:main():gmm-align-compiled.cc:127) CR_O8A
LOG (gmm-align-compiled[5.5.166~1-013489]:main():gmm-align-compiled.cc:127) CR_O932A
LOG (gmm-align-compiled[5.5.166~1-013489]:main():gmm-align-compiled.cc:127) CR_OA
LOG (gmm-align-compiled[5.5.166~1-013489]:main():gmm-align-compiled.cc:127) CR_OB
LOG (gmm-align-compiled[5.5.166~1-013489]:main():gmm-align-compiled.cc:127) CR_Z277A
LOG (gmm-align-compiled[5.5.166~1-013489]:main():gmm-align-compiled.cc:127) CR_Z384359A
LOG (gmm-align-compiled[5.5.166~1-013489]:main():gmm-align-compiled.cc:127) CR_Z47Z997A
LOG (gmm-align-compiled[5.5.166~1-013489]:main():gmm-align-compiled.cc:127) CR_Z754A
LOG (gmm-align-compiled[5.5.166~1-013489]:main():gmm-align-compiled.cc:127) CR_ZA
LOG (gmm-align-compiled[5.5.166~1-013489]:main():gmm-align-compiled.cc:127) CR_ZB
LOG (gmm-align-compiled[5.5.166~1-013489]:main():gmm-align-compiled.cc:127) CR_ZZ44A
LOG (gmm-align-compiled[5.5.166~1-013489]:main():gmm-align-compiled.cc:127) DC_1535A
LOG (gmm-align-compiled[5.5.166~1-013489]:main():gmm-align-compiled.cc:127) DC_166O17OA
LOG (gmm-align-compiled[5.5.166~1-013489]:main():gmm-align-compiled.cc:127) DC_1962A
LOG (gmm-align-compiled[5.5.166~1-013489]:main():gmm-align-compiled.cc:127) DC_1A
LOG (gmm-align-compiled[5.5.166~1-013489]:main():gmm-align-compiled.cc:127) DC_1B
LOG (gmm-align-compiled[5.5.166~1-013489]:main():gmm-align-compiled.cc:127) DC_1ZA
LOG (gmm-align-compiled[5.5.166~1-013489]:main():gmm-align-compiled.cc:127) DC_1ZZA
LOG (gmm-align-compiled[5.5.166~1-013489]:main():gmm-align-compiled.cc:127) DC_22742A
LOG (gmm-align-compiled[5.5.166~1-013489]:main():gmm-align-compiled.cc:127) DC_24A
LOG (gmm-align-compiled[5.5.166~1-013489]:main():gmm-align-compiled.cc:127) DC_285O549A
LOG (gmm-align-compiled[5.5.166~1-013489]:main():gmm-align-compiled.cc:127) DC_297Z4A
LOG (gmm-align-compiled[5.5.166~1-013489]:main():gmm-align-compiled.cc:127) DC_2A
LOG (gmm-align-compiled[5.5.166~1-013489]:main():gmm-align-compiled.cc:127) DC_2B
LOG (gmm-align-compiled[5.5.166~1-013489]:main():gmm-align-compiled.cc:127) DC_2Z77A
LOG (gmm-align-compiled[5.5.166~1-013489]:main():gmm-align-compiled.cc:127) DC_33A
LOG (gmm-align-compiled[5.5.166~1-013489]:main():gmm-align-compiled.cc:127) DC_3491O7OA
LOG (gmm-align-compiled[5.5.166~1-013489]:main():gmm-align-compiled.cc:127) DC_36765A
LOG (gmm-align-compiled[5.5.166~1-013489]:main():gmm-align-compiled.cc:127) DC_373A
LOG (gmm-align-compiled[5.5.166~1-013489]:main():gmm-align-compiled.cc:127) DC_3A
LOG (gmm-align-compiled[5.5.166~1-013489]:main():gmm-align-compiled.cc:127) DC_3B
LOG (gmm-align-compiled[5.5.166~1-013489]:main():gmm-align-compiled.cc:127) DC_3OO67A
LOG (gmm-align-compiled[5.5.166~1-013489]:main():gmm-align-compiled.cc:127) DC_4129A
LOG (gmm-align-compiled[5.5.166~1-013489]:main():gmm-align-compiled.cc:127) DC_43ZA
LOG (gmm-align-compiled[5.5.166~1-013489]:main():gmm-align-compiled.cc:127) DC_448A
LOG (gmm-align-compiled[5.5.166~1-013489]:main():gmm-align-compiled.cc:127) DC_46235A
LOG (gmm-align-compiled[5.5.166~1-013489]:main():gmm-align-compiled.cc:127) DC_4A
LOG (gmm-align-compiled[5.5.166~1-013489]:main():gmm-align-compiled.cc:127) DC_4B
LOG (gmm-align-compiled[5.5.166~1-013489]:main():gmm-align-compiled.cc:127) DC_4Z98Z72A
LOG (gmm-align-compiled[5.5.166~1-013489]:main():gmm-align-compiled.cc:127) DC_5389Z65A
WARNING (gmm-align-compiled[5.5.166~1-013489]:AlignUtteranceWrapper():decoder-wrappers.cc:501) Retrying utterance DC_5389Z65A with beam 40
LOG (gmm-align-compiled[5.5.166~1-013489]:main():gmm-align-compiled.cc:127) DC_545A
LOG (gmm-align-compiled[5.5.166~1-013489]:main():gmm-align-compiled.cc:127) DC_55618A
LOG (gmm-align-compiled[5.5.166~1-013489]:main():gmm-align-compiled.cc:127) DC_578242OA
LOG (gmm-align-compiled[5.5.166~1-013489]:main():gmm-align-compiled.cc:127) DC_59Z5A
LOG (gmm-align-compiled[5.5.166~1-013489]:main():gmm-align-compiled.cc:127) DC_5A
LOG (gmm-align-compiled[5.5.166~1-013489]:main():gmm-align-compiled.cc:127) DC_5B
LOG (gmm-align-compiled[5.5.166~1-013489]:main():gmm-align-compiled.cc:127) DC_6384A
WARNING (gmm-align-compiled[5.5.166~1-013489]:AlignUtteranceWrapper():decoder-wrappers.cc:501) Retrying utterance DC_6384A with beam 40
LOG (gmm-align-compiled[5.5.166~1-013489]:main():gmm-align-compiled.cc:127) DC_63A
LOG (gmm-align-compiled[5.5.166~1-013489]:main():gmm-align-compiled.cc:127) DC_64O9A
LOG (gmm-align-compiled[5.5.166~1-013489]:main():gmm-align-compiled.cc:127) DC_6861731A
LOG (gmm-align-compiled[5.5.166~1-013489]:main():gmm-align-compiled.cc:127) DC_6A
LOG (gmm-align-compiled[5.5.166~1-013489]:main():gmm-align-compiled.cc:127) DC_6B
LOG (gmm-align-compiled[5.5.166~1-013489]:main():gmm-align-compiled.cc:127) DC_6ZA
LOG (gmm-align-compiled[5.5.166~1-013489]:main():gmm-align-compiled.cc:127) DC_751A
LOG (gmm-align-compiled[5.5.166~1-013489]:main():gmm-align-compiled.cc:127) DC_76ZA
LOG (gmm-align-compiled[5.5.166~1-013489]:main():gmm-align-compiled.cc:127) DC_77A
LOG (gmm-align-compiled[5.5.166~1-013489]:main():gmm-align-compiled.cc:127) DC_783A
LOG (gmm-align-compiled[5.5.166~1-013489]:main():gmm-align-compiled.cc:127) DC_79913O6A
LOG (gmm-align-compiled[5.5.166~1-013489]:main():gmm-align-compiled.cc:127) DC_7A
LOG (gmm-align-compiled[5.5.166~1-013489]:main():gmm-align-compiled.cc:127) DC_7B
LOG (gmm-align-compiled[5.5.166~1-013489]:main():gmm-align-compiled.cc:127) DC_815522ZA
LOG (gmm-align-compiled[5.5.166~1-013489]:main():gmm-align-compiled.cc:127) DC_82A
LOG (gmm-align-compiled[5.5.166~1-013489]:main():gmm-align-compiled.cc:127) DC_87194A
LOG (gmm-align-compiled[5.5.166~1-013489]:main():gmm-align-compiled.cc:127) DC_8746A
LOG (gmm-align-compiled[5.5.166~1-013489]:main():gmm-align-compiled.cc:127) DC_884Z8A
LOG (gmm-align-compiled[5.5.166~1-013489]:main():gmm-align-compiled.cc:127) DC_8A
LOG (gmm-align-compiled[5.5.166~1-013489]:main():gmm-align-compiled.cc:127) DC_8B
LOG (gmm-align-compiled[5.5.166~1-013489]:main():gmm-align-compiled.cc:127) DC_927A
LOG (gmm-align-compiled[5.5.166~1-013489]:main():gmm-align-compiled.cc:127) DC_932A
LOG (gmm-align-compiled[5.5.166~1-013489]:main():gmm-align-compiled.cc:127) DC_95Z3A
LOG (gmm-align-compiled[5.5.166~1-013489]:main():gmm-align-compiled.cc:127) DC_98Z8ZA
WARNING (gmm-align-compiled[5.5.166~1-013489]:AlignUtteranceWrapper():decoder-wrappers.cc:501) Retrying utterance DC_98Z8ZA with beam 40
LOG (gmm-align-compiled[5.5.166~1-013489]:main():gmm-align-compiled.cc:127) DC_9A
LOG (gmm-align-compiled[5.5.166~1-013489]:main():gmm-align-compiled.cc:127) DC_9B
LOG (gmm-align-compiled[5.5.166~1-013489]:main():gmm-align-compiled.cc:127) DC_9O14A
LOG (gmm-align-compiled[5.5.166~1-013489]:main():gmm-align-compiled.cc:127) DC_O26A
LOG (gmm-align-compiled[5.5.166~1-013489]:main():gmm-align-compiled.cc:127) DC_O37OA
LOG (gmm-align-compiled[5.5.166~1-013489]:main():gmm-align-compiled.cc:127) DC_O859792A
WARNING (gmm-align-compiled[5.5.166~1-013489]:AlignUtteranceWrapper():decoder-wrappers.cc:501) Retrying utterance DC_O859792A with beam 40
LOG (gmm-align-compiled[5.5.166~1-013489]:main():gmm-align-compiled.cc:127) DC_O9A
LOG (gmm-align-compiled[5.5.166~1-013489]:main():gmm-align-compiled.cc:127) DC_OA
LOG (gmm-align-compiled[5.5.166~1-013489]:main():gmm-align-compiled.cc:127) DC_OB
LOG (gmm-align-compiled[5.5.166~1-013489]:main():gmm-align-compiled.cc:127) DC_OOA
LOG (gmm-align-compiled[5.5.166~1-013489]:main():gmm-align-compiled.cc:127) DC_Z2581A
LOG (gmm-align-compiled[5.5.166~1-013489]:main():gmm-align-compiled.cc:127) DC_Z3A
LOG (gmm-align-compiled[5.5.166~1-013489]:main():gmm-align-compiled.cc:127) DC_Z4A
LOG (gmm-align-compiled[5.5.166~1-013489]:main():gmm-align-compiled.cc:127) DC_Z5ZZZA
LOG (gmm-align-compiled[5.5.166~1-013489]:main():gmm-align-compiled.cc:127) DC_Z69ZZ93A
LOG (gmm-align-compiled[5.5.166~1-013489]:main():gmm-align-compiled.cc:127) DC_ZA
LOG (gmm-align-compiled[5.5.166~1-013489]:main():gmm-align-compiled.cc:127) DC_ZB
LOG (gmm-align-compiled[5.5.166~1-013489]:main():gmm-align-compiled.cc:127) DG_1178432A
LOG (gmm-align-compiled[5.5.166~1-013489]:main():gmm-align-compiled.cc:127) DG_181Z6A
LOG (gmm-align-compiled[5.5.166~1-013489]:main():gmm-align-compiled.cc:127) DG_1889538A
LOG (gmm-align-compiled[5.5.166~1-013489]:main():gmm-align-compiled.cc:127) DG_19A
LOG (gmm-align-compiled[5.5.166~1-013489]:main():gmm-align-compiled.cc:127) DG_1A
LOG (gmm-align-compiled[5.5.166~1-013489]:main():gmm-align-compiled.cc:127) DG_1B
LOG (gmm-align-compiled[5.5.166~1-013489]:main():gmm-align-compiled.cc:127) DG_1OA
LOG (gmm-align-compiled[5.5.166~1-013489]:main():gmm-align-compiled.cc:127) DG_23Z2429A
LOG (gmm-align-compiled[5.5.166~1-013489]:main():gmm-align-compiled.cc:127) DG_267A
LOG (gmm-align-compiled[5.5.166~1-013489]:main():gmm-align-compiled.cc:127) DG_29A
LOG (gmm-align-compiled[5.5.166~1-013489]:main():gmm-align-compiled.cc:127) DG_2A
LOG (gmm-align-compiled[5.5.166~1-013489]:main():gmm-align-compiled.cc:127) DG_2B
LOG (gmm-align-compiled[5.5.166~1-013489]:main():gmm-align-compiled.cc:127) DG_2O483O4A
LOG (gmm-align-compiled[5.5.166~1-013489]:main():gmm-align-compiled.cc:127) DG_2Z71A
LOG (gmm-align-compiled[5.5.166~1-013489]:main():gmm-align-compiled.cc:127) DG_34377A
LOG (gmm-align-compiled[5.5.166~1-013489]:main():gmm-align-compiled.cc:127) DG_34A
LOG (gmm-align-compiled[5.5.166~1-013489]:main():gmm-align-compiled.cc:127) DG_3567A
LOG (gmm-align-compiled[5.5.166~1-013489]:main():gmm-align-compiled.cc:127) DG_393A
LOG (gmm-align-compiled[5.5.166~1-013489]:main():gmm-align-compiled.cc:127) DG_3A
LOG (gmm-align-compiled[5.5.166~1-013489]:main():gmm-align-compiled.cc:127) DG_3B
LOG (gmm-align-compiled[5.5.166~1-013489]:main():gmm-align-compiled.cc:127) DG_3ZZ7Z19A
LOG (gmm-align-compiled[5.5.166~1-013489]:main():gmm-align-compiled.cc:127) DG_4132A
LOG (gmm-align-compiled[5.5.166~1-013489]:main():gmm-align-compiled.cc:127) DG_4268OO9A
LOG (gmm-align-compiled[5.5.166~1-013489]:main():gmm-align-compiled.cc:127) DG_459ZA
LOG (gmm-align-compiled[5.5.166~1-013489]:main():gmm-align-compiled.cc:127) DG_472A
LOG (gmm-align-compiled[5.5.166~1-013489]:main():gmm-align-compiled.cc:127) DG_498A
LOG (gmm-align-compiled[5.5.166~1-013489]:main():gmm-align-compiled.cc:127) DG_4A
LOG (gmm-align-compiled[5.5.166~1-013489]:main():gmm-align-compiled.cc:127) DG_4B
LOG (gmm-align-compiled[5.5.166~1-013489]:main():gmm-align-compiled.cc:127) DG_5163355A
LOG (gmm-align-compiled[5.5.166~1-013489]:main():gmm-align-compiled.cc:127) DG_5278A
LOG (gmm-align-compiled[5.5.166~1-013489]:main():gmm-align-compiled.cc:127) DG_54O15A
WARNING (gmm-align-compiled[5.5.166~1-013489]:AlignUtteranceWrapper():decoder-wrappers.cc:501) Retrying utterance DG_54O15A with beam 40
LOG (gmm-align-compiled[5.5.166~1-013489]:main():gmm-align-compiled.cc:127) DG_5575O39A
LOG (gmm-align-compiled[5.5.166~1-013489]:main():gmm-align-compiled.cc:127) DG_5857A
LOG (gmm-align-compiled[5.5.166~1-013489]:main():gmm-align-compiled.cc:127) DG_5A
LOG (gmm-align-compiled[5.5.166~1-013489]:main():gmm-align-compiled.cc:127) DG_5B
LOG (gmm-align-compiled[5.5.166~1-013489]:main():gmm-align-compiled.cc:127) DG_61486A
LOG (gmm-align-compiled[5.5.166~1-013489]:main():gmm-align-compiled.cc:127) DG_66ZA
LOG (gmm-align-compiled[5.5.166~1-013489]:main():gmm-align-compiled.cc:127) DG_6925A
LOG (gmm-align-compiled[5.5.166~1-013489]:main():gmm-align-compiled.cc:127) DG_6A
LOG (gmm-align-compiled[5.5.166~1-013489]:main():gmm-align-compiled.cc:127) DG_6B
LOG (gmm-align-compiled[5.5.166~1-013489]:main():gmm-align-compiled.cc:127) DG_6OA
LOG (gmm-align-compiled[5.5.166~1-013489]:main():gmm-align-compiled.cc:127) DG_6ZA
LOG (gmm-align-compiled[5.5.166~1-013489]:main():gmm-align-compiled.cc:127) DG_711A
LOG (gmm-align-compiled[5.5.166~1-013489]:main():gmm-align-compiled.cc:127) DG_74OA
LOG (gmm-align-compiled[5.5.166~1-013489]:main():gmm-align-compiled.cc:127) DG_751A
LOG (gmm-align-compiled[5.5.166~1-013489]:main():gmm-align-compiled.cc:127) DG_762O8A
LOG (gmm-align-compiled[5.5.166~1-013489]:main():gmm-align-compiled.cc:127) DG_7936A
LOG (gmm-align-compiled[5.5.166~1-013489]:main():gmm-align-compiled.cc:127) DG_7A
LOG (gmm-align-compiled[5.5.166~1-013489]:main():gmm-align-compiled.cc:127) DG_7B
LOG (gmm-align-compiled[5.5.166~1-013489]:main():gmm-align-compiled.cc:127) DG_82858A
LOG (gmm-align-compiled[5.5.166~1-013489]:main():gmm-align-compiled.cc:127) DG_862441ZA
LOG (gmm-align-compiled[5.5.166~1-013489]:main():gmm-align-compiled.cc:127) DG_8763A
LOG (gmm-align-compiled[5.5.166~1-013489]:main():gmm-align-compiled.cc:127) DG_8A
LOG (gmm-align-compiled[5.5.166~1-013489]:main():gmm-align-compiled.cc:127) DG_8B
LOG (gmm-align-compiled[5.5.166~1-013489]:main():gmm-align-compiled.cc:127) DG_8OO12A
LOG (gmm-align-compiled[5.5.166~1-013489]:main():gmm-align-compiled.cc:127) DG_8ZA
LOG (gmm-align-compiled[5.5.166~1-013489]:main():gmm-align-compiled.cc:127) DG_91A
LOG (gmm-align-compiled[5.5.166~1-013489]:main():gmm-align-compiled.cc:127) DG_946A
LOG (gmm-align-compiled[5.5.166~1-013489]:main():gmm-align-compiled.cc:127) DG_99A
LOG (gmm-align-compiled[5.5.166~1-013489]:main():gmm-align-compiled.cc:127) DG_9A
LOG (gmm-align-compiled[5.5.166~1-013489]:main():gmm-align-compiled.cc:127) DG_9B
LOG (gmm-align-compiled[5.5.166~1-013489]:main():gmm-align-compiled.cc:127) DG_9O549A
LOG (gmm-align-compiled[5.5.166~1-013489]:main():gmm-align-compiled.cc:127) DG_9OA
LOG (gmm-align-compiled[5.5.166~1-013489]:main():gmm-align-compiled.cc:127) DG_O65A
LOG (gmm-align-compiled[5.5.166~1-013489]:main():gmm-align-compiled.cc:127) DG_O74O9A
LOG (gmm-align-compiled[5.5.166~1-013489]:main():gmm-align-compiled.cc:127) DG_O813A
LOG (gmm-align-compiled[5.5.166~1-013489]:main():gmm-align-compiled.cc:127) DG_OA
LOG (apply-cmvn[5.5.166~1-013489]:main():apply-cmvn.cc:162) Applied cepstral mean normalization to 231 utterances, errors on 0
LOG (gmm-align-compiled[5.5.166~1-013489]:main():gmm-align-compiled.cc:127) DG_OB
LOG (gmm-align-compiled[5.5.166~1-013489]:main():gmm-align-compiled.cc:127) DG_OO27O2OA
LOG (gmm-align-compiled[5.5.166~1-013489]:main():gmm-align-compiled.cc:127) DG_OO73A
LOG (gmm-align-compiled[5.5.166~1-013489]:main():gmm-align-compiled.cc:127) DG_Z216ZA
LOG (gmm-align-compiled[5.5.166~1-013489]:main():gmm-align-compiled.cc:127) DG_Z4528A
LOG (gmm-align-compiled[5.5.166~1-013489]:main():gmm-align-compiled.cc:127) DG_Z5A
LOG (gmm-align-compiled[5.5.166~1-013489]:main():gmm-align-compiled.cc:127) DG_Z5ZA
LOG (gmm-align-compiled[5.5.166~1-013489]:main():gmm-align-compiled.cc:127) DG_Z614773A
LOG (gmm-align-compiled[5.5.166~1-013489]:main():gmm-align-compiled.cc:127) DG_ZA
LOG (gmm-align-compiled[5.5.166~1-013489]:main():gmm-align-compiled.cc:127) DG_ZB
LOG (gmm-align-compiled[5.5.166~1-013489]:main():gmm-align-compiled.cc:135) Overall log-likelihood per frame is -91.3397 over 37882 frames.
LOG (gmm-align-compiled[5.5.166~1-013489]:main():gmm-align-compiled.cc:137) Retried 11 out of 231 utterances.
LOG (gmm-align-compiled[5.5.166~1-013489]:main():gmm-align-compiled.cc:139) Done 231, errors on 0
# Accounting: time=2 threads=1
# Ended (code 0) at Sun Dec  1 21:58:40 CST 2019, elapsed time 2 seconds
