# align-equal-compiled "ark:gunzip -c exp/mono0a/fsts.29.gz|" "ark,s,cs:apply-cmvn  --utt2spk=ark:data/train/split32/29/utt2spk scp:data/train/split32/29/cmvn.scp scp:data/train/split32/29/feats.scp ark:- | add-deltas  ark:- ark:- |" ark,t:- | gmm-acc-stats-ali --binary=true exp/mono0a/0.mdl "ark,s,cs:apply-cmvn  --utt2spk=ark:data/train/split32/29/utt2spk scp:data/train/split32/29/cmvn.scp scp:data/train/split32/29/feats.scp ark:- | add-deltas  ark:- ark:- |" ark:- exp/mono0a/0.29.acc 
# Started at Thu Dec  5 01:03:19 CST 2019
#
align-equal-compiled 'ark:gunzip -c exp/mono0a/fsts.29.gz|' 'ark,s,cs:apply-cmvn  --utt2spk=ark:data/train/split32/29/utt2spk scp:data/train/split32/29/cmvn.scp scp:data/train/split32/29/feats.scp ark:- | add-deltas  ark:- ark:- |' ark,t:- 
gmm-acc-stats-ali --binary=true exp/mono0a/0.mdl 'ark,s,cs:apply-cmvn  --utt2spk=ark:data/train/split32/29/utt2spk scp:data/train/split32/29/cmvn.scp scp:data/train/split32/29/feats.scp ark:- | add-deltas  ark:- ark:- |' ark:- exp/mono0a/0.29.acc 
apply-cmvn --utt2spk=ark:data/train/split32/29/utt2spk scp:data/train/split32/29/cmvn.scp scp:data/train/split32/29/feats.scp ark:- 
apply-cmvn --utt2spk=ark:data/train/split32/29/utt2spk scp:data/train/split32/29/cmvn.scp scp:data/train/split32/29/feats.scp ark:- 
add-deltas ark:- ark:- 
add-deltas ark:- ark:- 
LOG (gmm-acc-stats-ali[5.5.166~1-013489]:main():gmm-acc-stats-ali.cc:105) Processed 50 utterances; for utterance PK_86ZZZ88A avg. like is -95.3983 over 358 frames.
LOG (gmm-acc-stats-ali[5.5.166~1-013489]:main():gmm-acc-stats-ali.cc:105) Processed 100 utterances; for utterance PM_43318A avg. like is -95.3698 over 191 frames.
LOG (gmm-acc-stats-ali[5.5.166~1-013489]:main():gmm-acc-stats-ali.cc:105) Processed 150 utterances; for utterance PM_Z774A avg. like is -84.0039 over 185 frames.
LOG (apply-cmvn[5.5.166~1-013489]:main():apply-cmvn.cc:162) Applied cepstral mean normalization to 308 utterances, errors on 0
LOG (align-equal-compiled[5.5.166~1-013489]:main():align-equal-compiled.cc:107) Success: done 308 utterances.
LOG (gmm-acc-stats-ali[5.5.166~1-013489]:main():gmm-acc-stats-ali.cc:105) Processed 200 utterances; for utterance PP_77A avg. like is -80.6775 over 134 frames.
LOG (gmm-acc-stats-ali[5.5.166~1-013489]:main():gmm-acc-stats-ali.cc:105) Processed 250 utterances; for utterance RA_3A avg. like is -82.4896 over 117 frames.
LOG (gmm-acc-stats-ali[5.5.166~1-013489]:main():gmm-acc-stats-ali.cc:105) Processed 300 utterances; for utterance RA_OO52OA avg. like is -87.8265 over 232 frames.
LOG (apply-cmvn[5.5.166~1-013489]:main():apply-cmvn.cc:162) Applied cepstral mean normalization to 308 utterances, errors on 0
LOG (gmm-acc-stats-ali[5.5.166~1-013489]:main():gmm-acc-stats-ali.cc:112) Done 308 files, 0 with errors.
LOG (gmm-acc-stats-ali[5.5.166~1-013489]:main():gmm-acc-stats-ali.cc:115) Overall avg like per frame (Gaussian only) = -86.5669 over 54788 frames.
LOG (gmm-acc-stats-ali[5.5.166~1-013489]:main():gmm-acc-stats-ali.cc:123) Written accs.
# Accounting: time=0 threads=1
# Ended (code 0) at Thu Dec  5 01:03:19 CST 2019, elapsed time 0 seconds
