# align-equal-compiled "ark:gunzip -c exp/mono0a/fsts.10.gz|" "ark,s,cs:apply-cmvn  --utt2spk=ark:data/train/split32/10/utt2spk scp:data/train/split32/10/cmvn.scp scp:data/train/split32/10/feats.scp ark:- | add-deltas  ark:- ark:- |" ark,t:- | gmm-acc-stats-ali --binary=true exp/mono0a/0.mdl "ark,s,cs:apply-cmvn  --utt2spk=ark:data/train/split32/10/utt2spk scp:data/train/split32/10/cmvn.scp scp:data/train/split32/10/feats.scp ark:- | add-deltas  ark:- ark:- |" ark:- exp/mono0a/0.10.acc 
# Started at Thu Dec  5 01:03:19 CST 2019
#
align-equal-compiled 'ark:gunzip -c exp/mono0a/fsts.10.gz|' 'ark,s,cs:apply-cmvn  --utt2spk=ark:data/train/split32/10/utt2spk scp:data/train/split32/10/cmvn.scp scp:data/train/split32/10/feats.scp ark:- | add-deltas  ark:- ark:- |' ark,t:- 
gmm-acc-stats-ali --binary=true exp/mono0a/0.mdl 'ark,s,cs:apply-cmvn  --utt2spk=ark:data/train/split32/10/utt2spk scp:data/train/split32/10/cmvn.scp scp:data/train/split32/10/feats.scp ark:- | add-deltas  ark:- ark:- |' ark:- exp/mono0a/0.10.acc 
apply-cmvn --utt2spk=ark:data/train/split32/10/utt2spk scp:data/train/split32/10/cmvn.scp scp:data/train/split32/10/feats.scp ark:- 
add-deltas ark:- ark:- 
apply-cmvn --utt2spk=ark:data/train/split32/10/utt2spk scp:data/train/split32/10/cmvn.scp scp:data/train/split32/10/feats.scp ark:- 
add-deltas ark:- ark:- 
LOG (gmm-acc-stats-ali[5.5.166~1-013489]:main():gmm-acc-stats-ali.cc:105) Processed 50 utterances; for utterance FC_817A avg. like is -91.1901 over 162 frames.
LOG (gmm-acc-stats-ali[5.5.166~1-013489]:main():gmm-acc-stats-ali.cc:105) Processed 100 utterances; for utterance FD_4571A avg. like is -83.38 over 187 frames.
LOG (apply-cmvn[5.5.166~1-013489]:main():apply-cmvn.cc:162) Applied cepstral mean normalization to 231 utterances, errors on 0
LOG (align-equal-compiled[5.5.166~1-013489]:main():align-equal-compiled.cc:107) Success: done 231 utterances.
LOG (gmm-acc-stats-ali[5.5.166~1-013489]:main():gmm-acc-stats-ali.cc:105) Processed 150 utterances; for utterance FD_Z62ZZ3ZA avg. like is -92.2529 over 337 frames.
LOG (gmm-acc-stats-ali[5.5.166~1-013489]:main():gmm-acc-stats-ali.cc:105) Processed 200 utterances; for utterance FF_78399A avg. like is -89.0322 over 230 frames.
LOG (apply-cmvn[5.5.166~1-013489]:main():apply-cmvn.cc:162) Applied cepstral mean normalization to 231 utterances, errors on 0
LOG (gmm-acc-stats-ali[5.5.166~1-013489]:main():gmm-acc-stats-ali.cc:112) Done 231 files, 0 with errors.
LOG (gmm-acc-stats-ali[5.5.166~1-013489]:main():gmm-acc-stats-ali.cc:115) Overall avg like per frame (Gaussian only) = -89.3666 over 41071 frames.
LOG (gmm-acc-stats-ali[5.5.166~1-013489]:main():gmm-acc-stats-ali.cc:123) Written accs.
# Accounting: time=0 threads=1
# Ended (code 0) at Thu Dec  5 01:03:19 CST 2019, elapsed time 0 seconds
