# align-equal-compiled "ark:gunzip -c exp/mono0a/fsts.18.gz|" "ark,s,cs:apply-cmvn  --utt2spk=ark:data/train/split32/18/utt2spk scp:data/train/split32/18/cmvn.scp scp:data/train/split32/18/feats.scp ark:- | add-deltas  ark:- ark:- |" ark,t:- | gmm-acc-stats-ali --binary=true exp/mono0a/0.mdl "ark,s,cs:apply-cmvn  --utt2spk=ark:data/train/split32/18/utt2spk scp:data/train/split32/18/cmvn.scp scp:data/train/split32/18/feats.scp ark:- | add-deltas  ark:- ark:- |" ark:- exp/mono0a/0.18.acc 
# Started at Mon Dec  2 01:27:54 CST 2019
#
align-equal-compiled 'ark:gunzip -c exp/mono0a/fsts.18.gz|' 'ark,s,cs:apply-cmvn  --utt2spk=ark:data/train/split32/18/utt2spk scp:data/train/split32/18/cmvn.scp scp:data/train/split32/18/feats.scp ark:- | add-deltas  ark:- ark:- |' ark,t:- 
gmm-acc-stats-ali --binary=true exp/mono0a/0.mdl 'ark,s,cs:apply-cmvn  --utt2spk=ark:data/train/split32/18/utt2spk scp:data/train/split32/18/cmvn.scp scp:data/train/split32/18/feats.scp ark:- | add-deltas  ark:- ark:- |' ark:- exp/mono0a/0.18.acc 
apply-cmvn --utt2spk=ark:data/train/split32/18/utt2spk scp:data/train/split32/18/cmvn.scp scp:data/train/split32/18/feats.scp ark:- 
add-deltas ark:- ark:- 
add-deltas ark:- ark:- 
apply-cmvn --utt2spk=ark:data/train/split32/18/utt2spk scp:data/train/split32/18/cmvn.scp scp:data/train/split32/18/feats.scp ark:- 
LOG (gmm-acc-stats-ali[5.5.166~1-013489]:main():gmm-acc-stats-ali.cc:105) Processed 50 utterances; for utterance JN_82OA avg. like is -107.844 over 118 frames.
LOG (gmm-acc-stats-ali[5.5.166~1-013489]:main():gmm-acc-stats-ali.cc:105) Processed 100 utterances; for utterance JP_469A avg. like is -114.167 over 162 frames.
LOG (gmm-acc-stats-ali[5.5.166~1-013489]:main():gmm-acc-stats-ali.cc:105) Processed 150 utterances; for utterance JP_Z88Z674A avg. like is -116.404 over 333 frames.
LOG (apply-cmvn[5.5.166~1-013489]:main():apply-cmvn.cc:162) Applied cepstral mean normalization to 231 utterances, errors on 0
LOG (align-equal-compiled[5.5.166~1-013489]:main():align-equal-compiled.cc:107) Success: done 231 utterances.
LOG (gmm-acc-stats-ali[5.5.166~1-013489]:main():gmm-acc-stats-ali.cc:105) Processed 200 utterances; for utterance JR_78Z1368A avg. like is -110.661 over 260 frames.
LOG (apply-cmvn[5.5.166~1-013489]:main():apply-cmvn.cc:162) Applied cepstral mean normalization to 231 utterances, errors on 0
LOG (gmm-acc-stats-ali[5.5.166~1-013489]:main():gmm-acc-stats-ali.cc:112) Done 231 files, 0 with errors.
LOG (gmm-acc-stats-ali[5.5.166~1-013489]:main():gmm-acc-stats-ali.cc:115) Overall avg like per frame (Gaussian only) = -109.307 over 37493 frames.
LOG (gmm-acc-stats-ali[5.5.166~1-013489]:main():gmm-acc-stats-ali.cc:123) Written accs.
# Accounting: time=0 threads=1
# Ended (code 0) at Mon Dec  2 01:27:54 CST 2019, elapsed time 0 seconds
