# align-equal-compiled "ark:gunzip -c exp/mono0a/fsts.27.gz|" "ark,s,cs:apply-cmvn  --utt2spk=ark:data/train/split32/27/utt2spk scp:data/train/split32/27/cmvn.scp scp:data/train/split32/27/feats.scp ark:- | add-deltas  ark:- ark:- |" ark,t:- | gmm-acc-stats-ali --binary=true exp/mono0a/0.mdl "ark,s,cs:apply-cmvn  --utt2spk=ark:data/train/split32/27/utt2spk scp:data/train/split32/27/cmvn.scp scp:data/train/split32/27/feats.scp ark:- | add-deltas  ark:- ark:- |" ark:- exp/mono0a/0.27.acc 
# Started at Mon Dec  2 01:27:54 CST 2019
#
align-equal-compiled 'ark:gunzip -c exp/mono0a/fsts.27.gz|' 'ark,s,cs:apply-cmvn  --utt2spk=ark:data/train/split32/27/utt2spk scp:data/train/split32/27/cmvn.scp scp:data/train/split32/27/feats.scp ark:- | add-deltas  ark:- ark:- |' ark,t:- 
gmm-acc-stats-ali --binary=true exp/mono0a/0.mdl 'ark,s,cs:apply-cmvn  --utt2spk=ark:data/train/split32/27/utt2spk scp:data/train/split32/27/cmvn.scp scp:data/train/split32/27/feats.scp ark:- | add-deltas  ark:- ark:- |' ark:- exp/mono0a/0.27.acc 
apply-cmvn --utt2spk=ark:data/train/split32/27/utt2spk scp:data/train/split32/27/cmvn.scp scp:data/train/split32/27/feats.scp ark:- 
apply-cmvn --utt2spk=ark:data/train/split32/27/utt2spk scp:data/train/split32/27/cmvn.scp scp:data/train/split32/27/feats.scp ark:- 
add-deltas ark:- ark:- 
add-deltas ark:- ark:- 
LOG (gmm-acc-stats-ali[5.5.166~1-013489]:main():gmm-acc-stats-ali.cc:105) Processed 50 utterances; for utterance NI_86212A avg. like is -114.541 over 216 frames.
LOG (gmm-acc-stats-ali[5.5.166~1-013489]:main():gmm-acc-stats-ali.cc:105) Processed 100 utterances; for utterance NR_4A avg. like is -105.559 over 81 frames.
LOG (gmm-acc-stats-ali[5.5.166~1-013489]:main():gmm-acc-stats-ali.cc:105) Processed 150 utterances; for utterance NR_Z63412ZA avg. like is -112.068 over 282 frames.
LOG (gmm-acc-stats-ali[5.5.166~1-013489]:main():gmm-acc-stats-ali.cc:105) Processed 200 utterances; for utterance NW_786A avg. like is -105.904 over 163 frames.
LOG (apply-cmvn[5.5.166~1-013489]:main():apply-cmvn.cc:162) Applied cepstral mean normalization to 308 utterances, errors on 0
LOG (align-equal-compiled[5.5.166~1-013489]:main():align-equal-compiled.cc:107) Success: done 308 utterances.
LOG (gmm-acc-stats-ali[5.5.166~1-013489]:main():gmm-acc-stats-ali.cc:105) Processed 250 utterances; for utterance PB_3A avg. like is -107.756 over 116 frames.
LOG (apply-cmvn[5.5.166~1-013489]:main():apply-cmvn.cc:162) Applied cepstral mean normalization to 308 utterances, errors on 0
LOG (gmm-acc-stats-ali[5.5.166~1-013489]:main():gmm-acc-stats-ali.cc:105) Processed 300 utterances; for utterance PB_OB avg. like is -106.748 over 86 frames.
LOG (gmm-acc-stats-ali[5.5.166~1-013489]:main():gmm-acc-stats-ali.cc:112) Done 308 files, 0 with errors.
LOG (gmm-acc-stats-ali[5.5.166~1-013489]:main():gmm-acc-stats-ali.cc:115) Overall avg like per frame (Gaussian only) = -108.144 over 53824 frames.
LOG (gmm-acc-stats-ali[5.5.166~1-013489]:main():gmm-acc-stats-ali.cc:123) Written accs.
# Accounting: time=0 threads=1
# Ended (code 0) at Mon Dec  2 01:27:54 CST 2019, elapsed time 0 seconds
