# align-equal-compiled "ark:gunzip -c exp/mono0a/fsts.14.gz|" "ark,s,cs:apply-cmvn  --utt2spk=ark:data/train/split32/14/utt2spk scp:data/train/split32/14/cmvn.scp scp:data/train/split32/14/feats.scp ark:- | add-deltas  ark:- ark:- |" ark,t:- | gmm-acc-stats-ali --binary=true exp/mono0a/0.mdl "ark,s,cs:apply-cmvn  --utt2spk=ark:data/train/split32/14/utt2spk scp:data/train/split32/14/cmvn.scp scp:data/train/split32/14/feats.scp ark:- | add-deltas  ark:- ark:- |" ark:- exp/mono0a/0.14.acc 
# Started at Thu Dec  5 14:22:11 CST 2019
#
gmm-acc-stats-ali --binary=true exp/mono0a/0.mdl 'ark,s,cs:apply-cmvn  --utt2spk=ark:data/train/split32/14/utt2spk scp:data/train/split32/14/cmvn.scp scp:data/train/split32/14/feats.scp ark:- | add-deltas  ark:- ark:- |' ark:- exp/mono0a/0.14.acc 
align-equal-compiled 'ark:gunzip -c exp/mono0a/fsts.14.gz|' 'ark,s,cs:apply-cmvn  --utt2spk=ark:data/train/split32/14/utt2spk scp:data/train/split32/14/cmvn.scp scp:data/train/split32/14/feats.scp ark:- | add-deltas  ark:- ark:- |' ark,t:- 
add-deltas ark:- ark:- 
apply-cmvn --utt2spk=ark:data/train/split32/14/utt2spk scp:data/train/split32/14/cmvn.scp scp:data/train/split32/14/feats.scp ark:- 
apply-cmvn --utt2spk=ark:data/train/split32/14/utt2spk scp:data/train/split32/14/cmvn.scp scp:data/train/split32/14/feats.scp ark:- 
add-deltas ark:- ark:- 
LOG (gmm-acc-stats-ali[5.5.166~1-013489]:main():gmm-acc-stats-ali.cc:105) Processed 50 utterances; for utterance HL_823Z6ZZA avg. like is -111.534 over 402 frames.
LOG (gmm-acc-stats-ali[5.5.166~1-013489]:main():gmm-acc-stats-ali.cc:105) Processed 100 utterances; for utterance HN_45OA avg. like is -105.206 over 177 frames.
LOG (apply-cmvn[5.5.166~1-013489]:main():apply-cmvn.cc:162) Applied cepstral mean normalization to 231 utterances, errors on 0
LOG (align-equal-compiled[5.5.166~1-013489]:main():align-equal-compiled.cc:107) Success: done 231 utterances.
LOG (gmm-acc-stats-ali[5.5.166~1-013489]:main():gmm-acc-stats-ali.cc:105) Processed 150 utterances; for utterance HN_Z5Z36A avg. like is -110.1 over 227 frames.
LOG (gmm-acc-stats-ali[5.5.166~1-013489]:main():gmm-acc-stats-ali.cc:105) Processed 200 utterances; for utterance HP_7A avg. like is -107.941 over 84 frames.
LOG (apply-cmvn[5.5.166~1-013489]:main():apply-cmvn.cc:162) Applied cepstral mean normalization to 231 utterances, errors on 0
LOG (gmm-acc-stats-ali[5.5.166~1-013489]:main():gmm-acc-stats-ali.cc:112) Done 231 files, 0 with errors.
LOG (gmm-acc-stats-ali[5.5.166~1-013489]:main():gmm-acc-stats-ali.cc:115) Overall avg like per frame (Gaussian only) = -108.449 over 41750 frames.
LOG (gmm-acc-stats-ali[5.5.166~1-013489]:main():gmm-acc-stats-ali.cc:123) Written accs.
# Accounting: time=1 threads=1
# Ended (code 0) at Thu Dec  5 14:22:12 CST 2019, elapsed time 1 seconds
