# align-equal-compiled "ark:gunzip -c exp/mono0a/fsts.22.gz|" "ark,s,cs:apply-cmvn  --utt2spk=ark:data/train/split32/22/utt2spk scp:data/train/split32/22/cmvn.scp scp:data/train/split32/22/feats.scp ark:- | add-deltas  ark:- ark:- |" ark,t:- | gmm-acc-stats-ali --binary=true exp/mono0a/0.mdl "ark,s,cs:apply-cmvn  --utt2spk=ark:data/train/split32/22/utt2spk scp:data/train/split32/22/cmvn.scp scp:data/train/split32/22/feats.scp ark:- | add-deltas  ark:- ark:- |" ark:- exp/mono0a/0.22.acc 
# Started at Thu Dec  5 01:03:19 CST 2019
#
align-equal-compiled 'ark:gunzip -c exp/mono0a/fsts.22.gz|' 'ark,s,cs:apply-cmvn  --utt2spk=ark:data/train/split32/22/utt2spk scp:data/train/split32/22/cmvn.scp scp:data/train/split32/22/feats.scp ark:- | add-deltas  ark:- ark:- |' ark,t:- 
gmm-acc-stats-ali --binary=true exp/mono0a/0.mdl 'ark,s,cs:apply-cmvn  --utt2spk=ark:data/train/split32/22/utt2spk scp:data/train/split32/22/cmvn.scp scp:data/train/split32/22/feats.scp ark:- | add-deltas  ark:- ark:- |' ark:- exp/mono0a/0.22.acc 
apply-cmvn --utt2spk=ark:data/train/split32/22/utt2spk scp:data/train/split32/22/cmvn.scp scp:data/train/split32/22/feats.scp ark:- 
add-deltas ark:- ark:- 
add-deltas ark:- ark:- 
apply-cmvn --utt2spk=ark:data/train/split32/22/utt2spk scp:data/train/split32/22/cmvn.scp scp:data/train/split32/22/feats.scp ark:- 
LOG (gmm-acc-stats-ali[5.5.166~1-013489]:main():gmm-acc-stats-ali.cc:105) Processed 50 utterances; for utterance LD_83355A avg. like is -91.2817 over 239 frames.
LOG (apply-cmvn[5.5.166~1-013489]:main():apply-cmvn.cc:162) Applied cepstral mean normalization to 231 utterances, errors on 0
LOG (align-equal-compiled[5.5.166~1-013489]:main():align-equal-compiled.cc:107) Success: done 231 utterances.
LOG (gmm-acc-stats-ali[5.5.166~1-013489]:main():gmm-acc-stats-ali.cc:105) Processed 100 utterances; for utterance LH_45OA avg. like is -82.1461 over 139 frames.
LOG (gmm-acc-stats-ali[5.5.166~1-013489]:main():gmm-acc-stats-ali.cc:105) Processed 150 utterances; for utterance LH_Z475A avg. like is -81.2294 over 268 frames.
LOG (gmm-acc-stats-ali[5.5.166~1-013489]:main():gmm-acc-stats-ali.cc:105) Processed 200 utterances; for utterance LS_77A avg. like is -84.9321 over 129 frames.
LOG (apply-cmvn[5.5.166~1-013489]:main():apply-cmvn.cc:162) Applied cepstral mean normalization to 231 utterances, errors on 0
LOG (gmm-acc-stats-ali[5.5.166~1-013489]:main():gmm-acc-stats-ali.cc:112) Done 231 files, 0 with errors.
LOG (gmm-acc-stats-ali[5.5.166~1-013489]:main():gmm-acc-stats-ali.cc:115) Overall avg like per frame (Gaussian only) = -89.2224 over 38810 frames.
LOG (gmm-acc-stats-ali[5.5.166~1-013489]:main():gmm-acc-stats-ali.cc:123) Written accs.
# Accounting: time=0 threads=1
# Ended (code 0) at Thu Dec  5 01:03:19 CST 2019, elapsed time 0 seconds
