# align-equal-compiled "ark:gunzip -c exp/mono0a/fsts.26.gz|" "ark,s,cs:apply-cmvn  --utt2spk=ark:data/train/split32/26/utt2spk scp:data/train/split32/26/cmvn.scp scp:data/train/split32/26/feats.scp ark:- | add-deltas  ark:- ark:- |" ark,t:- | gmm-acc-stats-ali --binary=true exp/mono0a/0.mdl "ark,s,cs:apply-cmvn  --utt2spk=ark:data/train/split32/26/utt2spk scp:data/train/split32/26/cmvn.scp scp:data/train/split32/26/feats.scp ark:- | add-deltas  ark:- ark:- |" ark:- exp/mono0a/0.26.acc 
# Started at Mon Dec  2 13:38:28 CST 2019
#
align-equal-compiled 'ark:gunzip -c exp/mono0a/fsts.26.gz|' 'ark,s,cs:apply-cmvn  --utt2spk=ark:data/train/split32/26/utt2spk scp:data/train/split32/26/cmvn.scp scp:data/train/split32/26/feats.scp ark:- | add-deltas  ark:- ark:- |' ark,t:- 
gmm-acc-stats-ali --binary=true exp/mono0a/0.mdl 'ark,s,cs:apply-cmvn  --utt2spk=ark:data/train/split32/26/utt2spk scp:data/train/split32/26/cmvn.scp scp:data/train/split32/26/feats.scp ark:- | add-deltas  ark:- ark:- |' ark:- exp/mono0a/0.26.acc 
apply-cmvn --utt2spk=ark:data/train/split32/26/utt2spk scp:data/train/split32/26/cmvn.scp scp:data/train/split32/26/feats.scp ark:- 
add-deltas ark:- ark:- 
add-deltas ark:- ark:- 
apply-cmvn --utt2spk=ark:data/train/split32/26/utt2spk scp:data/train/split32/26/cmvn.scp scp:data/train/split32/26/feats.scp ark:- 
LOG (gmm-acc-stats-ali[5.5.166~1-013489]:main():gmm-acc-stats-ali.cc:105) Processed 50 utterances; for utterance NF_85A avg. like is -105.691 over 107 frames.
LOG (apply-cmvn[5.5.166~1-013489]:main():apply-cmvn.cc:162) Applied cepstral mean normalization to 231 utterances, errors on 0
LOG (align-equal-compiled[5.5.166~1-013489]:main():align-equal-compiled.cc:107) Success: done 231 utterances.
LOG (gmm-acc-stats-ali[5.5.166~1-013489]:main():gmm-acc-stats-ali.cc:105) Processed 100 utterances; for utterance NG_41B avg. like is -100.518 over 82 frames.
LOG (gmm-acc-stats-ali[5.5.166~1-013489]:main():gmm-acc-stats-ali.cc:105) Processed 150 utterances; for utterance NG_Z3ZZ4A avg. like is -108.942 over 195 frames.
LOG (gmm-acc-stats-ali[5.5.166~1-013489]:main():gmm-acc-stats-ali.cc:105) Processed 200 utterances; for utterance NH_7A avg. like is -100.61 over 94 frames.
LOG (apply-cmvn[5.5.166~1-013489]:main():apply-cmvn.cc:162) Applied cepstral mean normalization to 231 utterances, errors on 0
LOG (gmm-acc-stats-ali[5.5.166~1-013489]:main():gmm-acc-stats-ali.cc:112) Done 231 files, 0 with errors.
LOG (gmm-acc-stats-ali[5.5.166~1-013489]:main():gmm-acc-stats-ali.cc:115) Overall avg like per frame (Gaussian only) = -106.123 over 36945 frames.
LOG (gmm-acc-stats-ali[5.5.166~1-013489]:main():gmm-acc-stats-ali.cc:123) Written accs.
# Accounting: time=0 threads=1
# Ended (code 0) at Mon Dec  2 13:38:28 CST 2019, elapsed time 0 seconds
