# compile-train-graphs --read-disambig-syms=data/lang/phones/disambig.int exp/mono0a/tree exp/mono0a/0.mdl data/lang/L.fst "ark:sym2int.pl --map-oov 1 -f 2- data/lang/words.txt < data/train/split32/1/text|" "ark:|gzip -c >exp/mono0a/fsts.1.gz" 
# Started at Sun Dec  1 21:58:05 CST 2019
#
compile-train-graphs --read-disambig-syms=data/lang/phones/disambig.int exp/mono0a/tree exp/mono0a/0.mdl data/lang/L.fst 'ark:sym2int.pl --map-oov 1 -f 2- data/lang/words.txt < data/train/split32/1/text|' 'ark:|gzip -c >exp/mono0a/fsts.1.gz' 
sym2int.pl: replacing ONE with 1
sym2int.pl: replacing THREE with 1
sym2int.pl: replacing ONE with 1
sym2int.pl: replacing FOUR with 1
sym2int.pl: replacing SEVEN with 1
sym2int.pl: replacing THREE with 1
sym2int.pl: replacing FIVE with 1
sym2int.pl: replacing THREE with 1
sym2int.pl: replacing THREE with 1
sym2int.pl: replacing ONE with 1
sym2int.pl: replacing SEVEN with 1
sym2int.pl: replacing TWO with 1
sym2int.pl: replacing ONE with 1
sym2int.pl: replacing NINE with 1
sym2int.pl: replacing ONE with 1
sym2int.pl: replacing ONE with 1
sym2int.pl: replacing FOUR with 1
sym2int.pl: replacing FOUR with 1
sym2int.pl: replacing SIX with 1
sym2int.pl: replacing ONE with 1
sym2int.pl: not warning for OOVs any more times
** Replaced 1005 instances of OOVs with 1
LOG (compile-train-graphs[5.5.166~1-013489]:main():compile-train-graphs.cc:147) compile-train-graphs: succeeded for 307 graphs, failed for 0
# Accounting: time=1 threads=1
# Ended (code 0) at Sun Dec  1 21:58:06 CST 2019, elapsed time 1 seconds
