# gmm-est --write-occs=exp/mono0a/5.occs --mix-up=155 --power=0.25 exp/mono0a/4.mdl "gmm-sum-accs - exp/mono0a/4.*.acc|" exp/mono0a/5.mdl 
# Started at Sat Nov 30 14:58:34 CST 2019
#
gmm-est --write-occs=exp/mono0a/5.occs --mix-up=155 --power=0.25 exp/mono0a/4.mdl 'gmm-sum-accs - exp/mono0a/4.*.acc|' exp/mono0a/5.mdl 
gmm-sum-accs - exp/mono0a/4.1.acc exp/mono0a/4.10.acc exp/mono0a/4.11.acc exp/mono0a/4.12.acc exp/mono0a/4.13.acc exp/mono0a/4.14.acc exp/mono0a/4.15.acc exp/mono0a/4.16.acc exp/mono0a/4.17.acc exp/mono0a/4.18.acc exp/mono0a/4.19.acc exp/mono0a/4.2.acc exp/mono0a/4.20.acc exp/mono0a/4.21.acc exp/mono0a/4.22.acc exp/mono0a/4.23.acc exp/mono0a/4.24.acc exp/mono0a/4.25.acc exp/mono0a/4.26.acc exp/mono0a/4.27.acc exp/mono0a/4.28.acc exp/mono0a/4.29.acc exp/mono0a/4.3.acc exp/mono0a/4.30.acc exp/mono0a/4.31.acc exp/mono0a/4.32.acc exp/mono0a/4.4.acc exp/mono0a/4.5.acc exp/mono0a/4.6.acc exp/mono0a/4.7.acc exp/mono0a/4.8.acc exp/mono0a/4.9.acc 
LOG (gmm-sum-accs[5.5.166~1-013489]:main():gmm-sum-accs.cc:63) Summed 32 stats, total count 1.50191e+06, avg like/frame -99.1656
LOG (gmm-sum-accs[5.5.166~1-013489]:main():gmm-sum-accs.cc:66) Total count of stats is 1.50191e+06
LOG (gmm-sum-accs[5.5.166~1-013489]:main():gmm-sum-accs.cc:67) Written stats to -
LOG (gmm-est[5.5.166~1-013489]:MleUpdate():transition-model.cc:528) TransitionModel::Update, objf change is 0.00189914 per frame over 1.50191e+06 frames. 
LOG (gmm-est[5.5.166~1-013489]:MleUpdate():transition-model.cc:531) 6 probabilities floored, 45 out of 62 transition-states skipped due to insuffient data (it is normal to have some skipped.)
LOG (gmm-est[5.5.166~1-013489]:main():gmm-est.cc:102) Transition model update: Overall 0.00189914 log-like improvement per frame over 1.50191e+06 frames.
WARNING (gmm-est[5.5.166~1-013489]:MleDiagGmmUpdate():mle-diag-gmm.cc:365) Gaussian has too little data but not removing it because it is the last Gaussian: i = 0, occ = 0, weight = 1
WARNING (gmm-est[5.5.166~1-013489]:MleDiagGmmUpdate():mle-diag-gmm.cc:365) Gaussian has too little data but not removing it because it is the last Gaussian: i = 0, occ = 0, weight = 1
WARNING (gmm-est[5.5.166~1-013489]:MleDiagGmmUpdate():mle-diag-gmm.cc:365) Gaussian has too little data but not removing it because it is the last Gaussian: i = 0, occ = 0, weight = 1
WARNING (gmm-est[5.5.166~1-013489]:MleDiagGmmUpdate():mle-diag-gmm.cc:365) Gaussian has too little data but not removing it because it is the last Gaussian: i = 0, occ = 0, weight = 1
WARNING (gmm-est[5.5.166~1-013489]:MleDiagGmmUpdate():mle-diag-gmm.cc:365) Gaussian has too little data but not removing it because it is the last Gaussian: i = 0, occ = 0, weight = 1
WARNING (gmm-est[5.5.166~1-013489]:MleDiagGmmUpdate():mle-diag-gmm.cc:365) Gaussian has too little data but not removing it because it is the last Gaussian: i = 0, occ = 0, weight = 1
WARNING (gmm-est[5.5.166~1-013489]:MleDiagGmmUpdate():mle-diag-gmm.cc:365) Gaussian has too little data but not removing it because it is the last Gaussian: i = 0, occ = 0, weight = 1
WARNING (gmm-est[5.5.166~1-013489]:MleDiagGmmUpdate():mle-diag-gmm.cc:365) Gaussian has too little data but not removing it because it is the last Gaussian: i = 0, occ = 0, weight = 1
WARNING (gmm-est[5.5.166~1-013489]:MleDiagGmmUpdate():mle-diag-gmm.cc:365) Gaussian has too little data but not removing it because it is the last Gaussian: i = 0, occ = 0, weight = 1
WARNING (gmm-est[5.5.166~1-013489]:MleDiagGmmUpdate():mle-diag-gmm.cc:365) Gaussian has too little data but not removing it because it is the last Gaussian: i = 0, occ = 0, weight = 1
WARNING (gmm-est[5.5.166~1-013489]:MleDiagGmmUpdate():mle-diag-gmm.cc:365) Gaussian has too little data but not removing it because it is the last Gaussian: i = 0, occ = 0, weight = 1
WARNING (gmm-est[5.5.166~1-013489]:MleDiagGmmUpdate():mle-diag-gmm.cc:365) Gaussian has too little data but not removing it because it is the last Gaussian: i = 0, occ = 0, weight = 1
WARNING (gmm-est[5.5.166~1-013489]:MleDiagGmmUpdate():mle-diag-gmm.cc:365) Gaussian has too little data but not removing it because it is the last Gaussian: i = 0, occ = 0, weight = 1
WARNING (gmm-est[5.5.166~1-013489]:MleDiagGmmUpdate():mle-diag-gmm.cc:365) Gaussian has too little data but not removing it because it is the last Gaussian: i = 0, occ = 0, weight = 1
WARNING (gmm-est[5.5.166~1-013489]:MleDiagGmmUpdate():mle-diag-gmm.cc:365) Gaussian has too little data but not removing it because it is the last Gaussian: i = 0, occ = 0, weight = 1
WARNING (gmm-est[5.5.166~1-013489]:MleDiagGmmUpdate():mle-diag-gmm.cc:365) Gaussian has too little data but not removing it because it is the last Gaussian: i = 0, occ = 0, weight = 1
WARNING (gmm-est[5.5.166~1-013489]:MleDiagGmmUpdate():mle-diag-gmm.cc:365) Gaussian has too little data but not removing it because it is the last Gaussian: i = 0, occ = 0, weight = 1
WARNING (gmm-est[5.5.166~1-013489]:MleDiagGmmUpdate():mle-diag-gmm.cc:365) Gaussian has too little data but not removing it because it is the last Gaussian: i = 0, occ = 0, weight = 1
WARNING (gmm-est[5.5.166~1-013489]:MleDiagGmmUpdate():mle-diag-gmm.cc:365) Gaussian has too little data but not removing it because it is the last Gaussian: i = 0, occ = 0, weight = 1
WARNING (gmm-est[5.5.166~1-013489]:MleDiagGmmUpdate():mle-diag-gmm.cc:365) Gaussian has too little data but not removing it because it is the last Gaussian: i = 0, occ = 0, weight = 1
WARNING (gmm-est[5.5.166~1-013489]:MleDiagGmmUpdate():mle-diag-gmm.cc:365) Gaussian has too little data but not removing it because it is the last Gaussian: i = 0, occ = 0, weight = 1
WARNING (gmm-est[5.5.166~1-013489]:MleDiagGmmUpdate():mle-diag-gmm.cc:365) Gaussian has too little data but not removing it because it is the last Gaussian: i = 0, occ = 0, weight = 1
WARNING (gmm-est[5.5.166~1-013489]:MleDiagGmmUpdate():mle-diag-gmm.cc:365) Gaussian has too little data but not removing it because it is the last Gaussian: i = 0, occ = 0, weight = 1
WARNING (gmm-est[5.5.166~1-013489]:MleDiagGmmUpdate():mle-diag-gmm.cc:365) Gaussian has too little data but not removing it because it is the last Gaussian: i = 0, occ = 0, weight = 1
WARNING (gmm-est[5.5.166~1-013489]:MleDiagGmmUpdate():mle-diag-gmm.cc:365) Gaussian has too little data but not removing it because it is the last Gaussian: i = 0, occ = 0, weight = 1
WARNING (gmm-est[5.5.166~1-013489]:MleDiagGmmUpdate():mle-diag-gmm.cc:365) Gaussian has too little data but not removing it because it is the last Gaussian: i = 0, occ = 0, weight = 1
WARNING (gmm-est[5.5.166~1-013489]:MleDiagGmmUpdate():mle-diag-gmm.cc:365) Gaussian has too little data but not removing it because it is the last Gaussian: i = 0, occ = 0, weight = 1
WARNING (gmm-est[5.5.166~1-013489]:MleDiagGmmUpdate():mle-diag-gmm.cc:365) Gaussian has too little data but not removing it because it is the last Gaussian: i = 0, occ = 0, weight = 1
WARNING (gmm-est[5.5.166~1-013489]:MleDiagGmmUpdate():mle-diag-gmm.cc:365) Gaussian has too little data but not removing it because it is the last Gaussian: i = 0, occ = 0, weight = 1
WARNING (gmm-est[5.5.166~1-013489]:MleDiagGmmUpdate():mle-diag-gmm.cc:365) Gaussian has too little data but not removing it because it is the last Gaussian: i = 0, occ = 0, weight = 1
WARNING (gmm-est[5.5.166~1-013489]:MleDiagGmmUpdate():mle-diag-gmm.cc:365) Gaussian has too little data but not removing it because it is the last Gaussian: i = 0, occ = 0, weight = 1
WARNING (gmm-est[5.5.166~1-013489]:MleDiagGmmUpdate():mle-diag-gmm.cc:365) Gaussian has too little data but not removing it because it is the last Gaussian: i = 0, occ = 0, weight = 1
WARNING (gmm-est[5.5.166~1-013489]:MleDiagGmmUpdate():mle-diag-gmm.cc:365) Gaussian has too little data but not removing it because it is the last Gaussian: i = 0, occ = 0, weight = 1
WARNING (gmm-est[5.5.166~1-013489]:MleDiagGmmUpdate():mle-diag-gmm.cc:365) Gaussian has too little data but not removing it because it is the last Gaussian: i = 0, occ = 0, weight = 1
WARNING (gmm-est[5.5.166~1-013489]:MleDiagGmmUpdate():mle-diag-gmm.cc:365) Gaussian has too little data but not removing it because it is the last Gaussian: i = 0, occ = 0, weight = 1
WARNING (gmm-est[5.5.166~1-013489]:MleDiagGmmUpdate():mle-diag-gmm.cc:365) Gaussian has too little data but not removing it because it is the last Gaussian: i = 0, occ = 0, weight = 1
WARNING (gmm-est[5.5.166~1-013489]:MleDiagGmmUpdate():mle-diag-gmm.cc:365) Gaussian has too little data but not removing it because it is the last Gaussian: i = 0, occ = 0, weight = 1
WARNING (gmm-est[5.5.166~1-013489]:MleDiagGmmUpdate():mle-diag-gmm.cc:365) Gaussian has too little data but not removing it because it is the last Gaussian: i = 0, occ = 0, weight = 1
WARNING (gmm-est[5.5.166~1-013489]:MleDiagGmmUpdate():mle-diag-gmm.cc:365) Gaussian has too little data but not removing it because it is the last Gaussian: i = 0, occ = 0, weight = 1
WARNING (gmm-est[5.5.166~1-013489]:MleDiagGmmUpdate():mle-diag-gmm.cc:365) Gaussian has too little data but not removing it because it is the last Gaussian: i = 0, occ = 0, weight = 1
WARNING (gmm-est[5.5.166~1-013489]:MleDiagGmmUpdate():mle-diag-gmm.cc:365) Gaussian has too little data but not removing it because it is the last Gaussian: i = 0, occ = 0, weight = 1
WARNING (gmm-est[5.5.166~1-013489]:MleDiagGmmUpdate():mle-diag-gmm.cc:365) Gaussian has too little data but not removing it because it is the last Gaussian: i = 0, occ = 0, weight = 1
WARNING (gmm-est[5.5.166~1-013489]:MleDiagGmmUpdate():mle-diag-gmm.cc:365) Gaussian has too little data but not removing it because it is the last Gaussian: i = 0, occ = 0, weight = 1
WARNING (gmm-est[5.5.166~1-013489]:MleDiagGmmUpdate():mle-diag-gmm.cc:365) Gaussian has too little data but not removing it because it is the last Gaussian: i = 0, occ = 0, weight = 1
WARNING (gmm-est[5.5.166~1-013489]:MleDiagGmmUpdate():mle-diag-gmm.cc:365) Gaussian has too little data but not removing it because it is the last Gaussian: i = 0, occ = 0, weight = 1
LOG (gmm-est[5.5.166~1-013489]:MleAmDiagGmmUpdate():mle-am-diag-gmm.cc:225) 0 variance elements floored in 0 Gaussians, out of 124
LOG (gmm-est[5.5.166~1-013489]:MleAmDiagGmmUpdate():mle-am-diag-gmm.cc:229) Removed 0 Gaussians due to counts < --min-gaussian-occupancy=10 and --remove-low-count-gaussians=true
LOG (gmm-est[5.5.166~1-013489]:main():gmm-est.cc:113) GMM update: Overall 0.184342 objective function improvement per frame over 1.50191e+06 frames
LOG (gmm-est[5.5.166~1-013489]:main():gmm-est.cc:116) GMM update: Overall avg like per frame = -99.1656 over 1.50191e+06 frames.
LOG (gmm-est[5.5.166~1-013489]:SplitByCount():am-diag-gmm.cc:116) Split 62 states with target = 155, power = 0.25, perturb_factor = 0.01 and min_count = 20, split #Gauss from 124 to 155
LOG (gmm-est[5.5.166~1-013489]:main():gmm-est.cc:146) Written model to exp/mono0a/5.mdl
# Accounting: time=0 threads=1
# Ended (code 0) at Sat Nov 30 14:58:34 CST 2019, elapsed time 0 seconds
