# gmm-acc-stats-ali exp/tri1/9.mdl "ark,s,cs:apply-cmvn  --utt2spk=ark:data/train/split16/6/utt2spk scp:data/train/split16/6/cmvn.scp scp:data/train/split16/6/feats.scp ark:- | add-deltas  ark:- ark:- |" "ark,s,cs:gunzip -c exp/tri1/ali.6.gz|" exp/tri1/9.6.acc 
# Started at Thu Dec  5 14:23:21 CST 2019
#
gmm-acc-stats-ali exp/tri1/9.mdl 'ark,s,cs:apply-cmvn  --utt2spk=ark:data/train/split16/6/utt2spk scp:data/train/split16/6/cmvn.scp scp:data/train/split16/6/feats.scp ark:- | add-deltas  ark:- ark:- |' 'ark,s,cs:gunzip -c exp/tri1/ali.6.gz|' exp/tri1/9.6.acc 
apply-cmvn --utt2spk=ark:data/train/split16/6/utt2spk scp:data/train/split16/6/cmvn.scp scp:data/train/split16/6/feats.scp ark:- 
add-deltas ark:- ark:- 
LOG (gmm-acc-stats-ali[5.5.166~1-013489]:main():gmm-acc-stats-ali.cc:105) Processed 50 utterances; for utterance FI_847ZA avg. like is -87.7341 over 190 frames.
LOG (gmm-acc-stats-ali[5.5.166~1-013489]:main():gmm-acc-stats-ali.cc:105) Processed 100 utterances; for utterance FJ_46858A avg. like is -93.0627 over 258 frames.
LOG (gmm-acc-stats-ali[5.5.166~1-013489]:main():gmm-acc-stats-ali.cc:105) Processed 150 utterances; for utterance FJ_Z6671Z1A avg. like is -95.7649 over 377 frames.
LOG (gmm-acc-stats-ali[5.5.166~1-013489]:main():gmm-acc-stats-ali.cc:105) Processed 200 utterances; for utterance FK_786A avg. like is -91.9297 over 186 frames.
LOG (gmm-acc-stats-ali[5.5.166~1-013489]:main():gmm-acc-stats-ali.cc:105) Processed 250 utterances; for utterance FL_3A avg. like is -88.6451 over 86 frames.
LOG (gmm-acc-stats-ali[5.5.166~1-013489]:main():gmm-acc-stats-ali.cc:105) Processed 300 utterances; for utterance FL_OA avg. like is -86.5329 over 72 frames.
LOG (gmm-acc-stats-ali[5.5.166~1-013489]:main():gmm-acc-stats-ali.cc:105) Processed 350 utterances; for utterance GG_6O5884OA avg. like is -94.058 over 342 frames.
LOG (gmm-acc-stats-ali[5.5.166~1-013489]:main():gmm-acc-stats-ali.cc:105) Processed 400 utterances; for utterance GJ_31O4OA avg. like is -88.9085 over 172 frames.
LOG (gmm-acc-stats-ali[5.5.166~1-013489]:main():gmm-acc-stats-ali.cc:105) Processed 450 utterances; for utterance GJ_O439A avg. like is -88.6536 over 146 frames.
LOG (gmm-acc-stats-ali[5.5.166~1-013489]:main():gmm-acc-stats-ali.cc:105) Processed 500 utterances; for utterance GR_64O53A avg. like is -92.8967 over 225 frames.
LOG (apply-cmvn[5.5.166~1-013489]:main():apply-cmvn.cc:162) Applied cepstral mean normalization to 539 utterances, errors on 0
LOG (gmm-acc-stats-ali[5.5.166~1-013489]:main():gmm-acc-stats-ali.cc:112) Done 539 files, 0 with errors.
LOG (gmm-acc-stats-ali[5.5.166~1-013489]:main():gmm-acc-stats-ali.cc:115) Overall avg like per frame (Gaussian only) = -89.5489 over 94201 frames.
LOG (gmm-acc-stats-ali[5.5.166~1-013489]:main():gmm-acc-stats-ali.cc:123) Written accs.
# Accounting: time=0 threads=1
# Ended (code 0) at Thu Dec  5 14:23:21 CST 2019, elapsed time 0 seconds
