# gmm-acc-stats-ali exp/tri1/6.mdl "ark,s,cs:apply-cmvn  --utt2spk=ark:data/train/split16/9/utt2spk scp:data/train/split16/9/cmvn.scp scp:data/train/split16/9/feats.scp ark:- | add-deltas  ark:- ark:- |" "ark,s,cs:gunzip -c exp/tri1/ali.9.gz|" exp/tri1/6.9.acc 
# Started at Thu Dec  5 14:23:19 CST 2019
#
gmm-acc-stats-ali exp/tri1/6.mdl 'ark,s,cs:apply-cmvn  --utt2spk=ark:data/train/split16/9/utt2spk scp:data/train/split16/9/cmvn.scp scp:data/train/split16/9/feats.scp ark:- | add-deltas  ark:- ark:- |' 'ark,s,cs:gunzip -c exp/tri1/ali.9.gz|' exp/tri1/6.9.acc 
add-deltas ark:- ark:- 
apply-cmvn --utt2spk=ark:data/train/split16/9/utt2spk scp:data/train/split16/9/cmvn.scp scp:data/train/split16/9/feats.scp ark:- 
LOG (gmm-acc-stats-ali[5.5.166~1-013489]:main():gmm-acc-stats-ali.cc:105) Processed 50 utterances; for utterance IT_832A avg. like is -93.1729 over 106 frames.
LOG (gmm-acc-stats-ali[5.5.166~1-013489]:main():gmm-acc-stats-ali.cc:105) Processed 100 utterances; for utterance JC_4286A avg. like is -89.5803 over 204 frames.
LOG (gmm-acc-stats-ali[5.5.166~1-013489]:main():gmm-acc-stats-ali.cc:105) Processed 150 utterances; for utterance JC_Z834A avg. like is -86.7612 over 218 frames.
LOG (gmm-acc-stats-ali[5.5.166~1-013489]:main():gmm-acc-stats-ali.cc:105) Processed 200 utterances; for utterance JI_781O53OA avg. like is -93.0244 over 269 frames.
LOG (gmm-acc-stats-ali[5.5.166~1-013489]:main():gmm-acc-stats-ali.cc:105) Processed 250 utterances; for utterance JJ_3A avg. like is -87.7899 over 94 frames.
LOG (gmm-acc-stats-ali[5.5.166~1-013489]:main():gmm-acc-stats-ali.cc:105) Processed 300 utterances; for utterance JJ_OA avg. like is -83.8903 over 77 frames.
LOG (gmm-acc-stats-ali[5.5.166~1-013489]:main():gmm-acc-stats-ali.cc:105) Processed 350 utterances; for utterance JN_6O4A avg. like is -91.5661 over 136 frames.
LOG (gmm-acc-stats-ali[5.5.166~1-013489]:main():gmm-acc-stats-ali.cc:105) Processed 400 utterances; for utterance JP_325A avg. like is -91.0293 over 166 frames.
LOG (gmm-acc-stats-ali[5.5.166~1-013489]:main():gmm-acc-stats-ali.cc:105) Processed 450 utterances; for utterance JP_O8A avg. like is -91.5531 over 141 frames.
LOG (gmm-acc-stats-ali[5.5.166~1-013489]:main():gmm-acc-stats-ali.cc:105) Processed 500 utterances; for utterance JR_6396688A avg. like is -93.2323 over 244 frames.
LOG (apply-cmvn[5.5.166~1-013489]:main():apply-cmvn.cc:162) Applied cepstral mean normalization to 539 utterances, errors on 0
LOG (gmm-acc-stats-ali[5.5.166~1-013489]:main():gmm-acc-stats-ali.cc:112) Done 539 files, 0 with errors.
LOG (gmm-acc-stats-ali[5.5.166~1-013489]:main():gmm-acc-stats-ali.cc:115) Overall avg like per frame (Gaussian only) = -89.6637 over 88574 frames.
LOG (gmm-acc-stats-ali[5.5.166~1-013489]:main():gmm-acc-stats-ali.cc:123) Written accs.
# Accounting: time=0 threads=1
# Ended (code 0) at Thu Dec  5 14:23:19 CST 2019, elapsed time 0 seconds
