# gmm-acc-stats-ali exp/tri1/10.mdl "ark,s,cs:apply-cmvn  --utt2spk=ark:data/train/split16/9/utt2spk scp:data/train/split16/9/cmvn.scp scp:data/train/split16/9/feats.scp ark:- | add-deltas  ark:- ark:- |" "ark,s,cs:gunzip -c exp/tri1/ali.9.gz|" exp/tri1/10.9.acc 
# Started at Thu Dec  5 14:23:25 CST 2019
#
gmm-acc-stats-ali exp/tri1/10.mdl 'ark,s,cs:apply-cmvn  --utt2spk=ark:data/train/split16/9/utt2spk scp:data/train/split16/9/cmvn.scp scp:data/train/split16/9/feats.scp ark:- | add-deltas  ark:- ark:- |' 'ark,s,cs:gunzip -c exp/tri1/ali.9.gz|' exp/tri1/10.9.acc 
apply-cmvn --utt2spk=ark:data/train/split16/9/utt2spk scp:data/train/split16/9/cmvn.scp scp:data/train/split16/9/feats.scp ark:- 
add-deltas ark:- ark:- 
LOG (gmm-acc-stats-ali[5.5.166~1-013489]:main():gmm-acc-stats-ali.cc:105) Processed 50 utterances; for utterance IT_832A avg. like is -91.6266 over 106 frames.
LOG (gmm-acc-stats-ali[5.5.166~1-013489]:main():gmm-acc-stats-ali.cc:105) Processed 100 utterances; for utterance JC_4286A avg. like is -87.5659 over 204 frames.
LOG (gmm-acc-stats-ali[5.5.166~1-013489]:main():gmm-acc-stats-ali.cc:105) Processed 150 utterances; for utterance JC_Z834A avg. like is -83.8953 over 218 frames.
LOG (gmm-acc-stats-ali[5.5.166~1-013489]:main():gmm-acc-stats-ali.cc:105) Processed 200 utterances; for utterance JI_781O53OA avg. like is -91.1111 over 269 frames.
LOG (gmm-acc-stats-ali[5.5.166~1-013489]:main():gmm-acc-stats-ali.cc:105) Processed 250 utterances; for utterance JJ_3A avg. like is -86.4769 over 94 frames.
LOG (gmm-acc-stats-ali[5.5.166~1-013489]:main():gmm-acc-stats-ali.cc:105) Processed 300 utterances; for utterance JJ_OA avg. like is -82.0238 over 77 frames.
LOG (gmm-acc-stats-ali[5.5.166~1-013489]:main():gmm-acc-stats-ali.cc:105) Processed 350 utterances; for utterance JN_6O4A avg. like is -88.924 over 136 frames.
LOG (gmm-acc-stats-ali[5.5.166~1-013489]:main():gmm-acc-stats-ali.cc:105) Processed 400 utterances; for utterance JP_325A avg. like is -88.6 over 166 frames.
LOG (gmm-acc-stats-ali[5.5.166~1-013489]:main():gmm-acc-stats-ali.cc:105) Processed 450 utterances; for utterance JP_O8A avg. like is -89.0671 over 141 frames.
LOG (gmm-acc-stats-ali[5.5.166~1-013489]:main():gmm-acc-stats-ali.cc:105) Processed 500 utterances; for utterance JR_6396688A avg. like is -90.9983 over 244 frames.
LOG (apply-cmvn[5.5.166~1-013489]:main():apply-cmvn.cc:162) Applied cepstral mean normalization to 539 utterances, errors on 0
LOG (gmm-acc-stats-ali[5.5.166~1-013489]:main():gmm-acc-stats-ali.cc:112) Done 539 files, 0 with errors.
LOG (gmm-acc-stats-ali[5.5.166~1-013489]:main():gmm-acc-stats-ali.cc:115) Overall avg like per frame (Gaussian only) = -87.7037 over 88574 frames.
LOG (gmm-acc-stats-ali[5.5.166~1-013489]:main():gmm-acc-stats-ali.cc:123) Written accs.
# Accounting: time=1 threads=1
# Ended (code 0) at Thu Dec  5 14:23:26 CST 2019, elapsed time 1 seconds
