# build-tree --verbose=1 --max-leaves=2000 --cluster-thresh=-1 exp/tri1/treeacc data/lang/phones/roots.int exp/tri1/questions.qst data/lang/topo exp/tri1/tree 
# Started at Thu Dec  5 14:23:15 CST 2019
#
build-tree --verbose=1 --max-leaves=2000 --cluster-thresh=-1 exp/tri1/treeacc data/lang/phones/roots.int exp/tri1/questions.qst data/lang/topo exp/tri1/tree 
LOG (build-tree[5.5.166~1-013489]:main():build-tree.cc:104) Number of separate statistics is 821
LOG (build-tree[5.5.166~1-013489]:BuildTree():build-tree.cc:161) BuildTree: before building trees, map has 20 leaves.
LOG (build-tree[5.5.166~1-013489]:SplitDecisionTree():build-tree-utils.cc:577) DoDecisionTreeSplit: split 447 times, #leaves now 467
LOG (build-tree[5.5.166~1-013489]:BuildTree():build-tree.cc:187) Setting clustering threshold to smallest split 300.625
VLOG[1] (build-tree[5.5.166~1-013489]:BuildTree():build-tree.cc:196) After decision tree split, num-leaves = 467, like-impr = 5.85242 per frame over 1.50285e+06 frames.
VLOG[1] (build-tree[5.5.166~1-013489]:BuildTree():build-tree.cc:200) Including just phones that were split, improvement is 5.85242 per frame over 1.50285e+06 frames.
LOG (build-tree[5.5.166~1-013489]:BuildTree():build-tree.cc:215) BuildTree: removed 17 leaves.
VLOG[1] (build-tree[5.5.166~1-013489]:ClusterEventMapToNClustersRestrictedByMap():build-tree-utils.cc:916) Number of non-empty clusters in map = 20
VLOG[1] (build-tree[5.5.166~1-013489]:ClusterEventMapToNClustersRestrictedByMap():build-tree-utils.cc:917) Number of non-empty clusters = 450
LOG (build-tree[5.5.166~1-013489]:BuildTree():build-tree.cc:231) BuildTree: Rounded num leaves to multiple of 8 by removing 2 leaves.
VLOG[1] (build-tree[5.5.166~1-013489]:BuildTree():build-tree.cc:256) Objf change due to clustering -0.00283195 per frame.
VLOG[1] (build-tree[5.5.166~1-013489]:BuildTree():build-tree.cc:259) Normalizing over only split phones, this is: -0.00283195 per frame.
VLOG[1] (build-tree[5.5.166~1-013489]:BuildTree():build-tree.cc:262) Num-leaves is now 448
VLOG[1] (build-tree[5.5.166~1-013489]:main():build-tree.cc:143) For pdf-id 382, low count 83
LOG (build-tree[5.5.166~1-013489]:main():build-tree.cc:189) Wrote tree
# Accounting: time=0 threads=1
# Ended (code 0) at Thu Dec  5 14:23:15 CST 2019, elapsed time 0 seconds
