# gmm-est --mix-up=28880 --power=0.25 --write-occs=exp/tri1/26.occs exp/tri1/25.mdl "gmm-sum-accs - exp/tri1/25.*.acc |" exp/tri1/26.mdl 
# Started at Thu Dec  5 14:23:58 CST 2019
#
gmm-est --mix-up=28880 --power=0.25 --write-occs=exp/tri1/26.occs exp/tri1/25.mdl 'gmm-sum-accs - exp/tri1/25.*.acc |' exp/tri1/26.mdl 
gmm-sum-accs - exp/tri1/25.1.acc exp/tri1/25.10.acc exp/tri1/25.11.acc exp/tri1/25.12.acc exp/tri1/25.13.acc exp/tri1/25.14.acc exp/tri1/25.15.acc exp/tri1/25.16.acc exp/tri1/25.2.acc exp/tri1/25.3.acc exp/tri1/25.4.acc exp/tri1/25.5.acc exp/tri1/25.6.acc exp/tri1/25.7.acc exp/tri1/25.8.acc exp/tri1/25.9.acc 
LOG (gmm-sum-accs[5.5.166~1-013489]:main():gmm-sum-accs.cc:63) Summed 16 stats, total count 1.50285e+06, avg like/frame -85.591
LOG (gmm-sum-accs[5.5.166~1-013489]:main():gmm-sum-accs.cc:66) Total count of stats is 1.50285e+06
LOG (gmm-sum-accs[5.5.166~1-013489]:main():gmm-sum-accs.cc:67) Written stats to -
LOG (gmm-est[5.5.166~1-013489]:MleUpdate():transition-model.cc:528) TransitionModel::Update, objf change is 0 per frame over 1.50285e+06 frames. 
LOG (gmm-est[5.5.166~1-013489]:MleUpdate():transition-model.cc:531) 10 probabilities floored, 0 out of 451 transition-states skipped due to insuffient data (it is normal to have some skipped.)
LOG (gmm-est[5.5.166~1-013489]:main():gmm-est.cc:102) Transition model update: Overall 0 log-like improvement per frame over 1.50285e+06 frames.
WARNING (gmm-est[5.5.166~1-013489]:MleDiagGmmUpdate():mle-diag-gmm.cc:359) Too little data - removing Gaussian (weight 0.008924, occupation count 9.583981, vector size 39)
WARNING (gmm-est[5.5.166~1-013489]:MleDiagGmmUpdate():mle-diag-gmm.cc:359) Too little data - removing Gaussian (weight 0.007129, occupation count 9.923079, vector size 39)
WARNING (gmm-est[5.5.166~1-013489]:MleDiagGmmUpdate():mle-diag-gmm.cc:359) Too little data - removing Gaussian (weight 0.007523, occupation count 9.982635, vector size 39)
WARNING (gmm-est[5.5.166~1-013489]:MleDiagGmmUpdate():mle-diag-gmm.cc:359) Too little data - removing Gaussian (weight 0.010620, occupation count 9.451684, vector size 39)
WARNING (gmm-est[5.5.166~1-013489]:MleDiagGmmUpdate():mle-diag-gmm.cc:359) Too little data - removing Gaussian (weight 0.011198, occupation count 9.999534, vector size 39)
WARNING (gmm-est[5.5.166~1-013489]:MleDiagGmmUpdate():mle-diag-gmm.cc:359) Too little data - removing Gaussian (weight 0.014345, occupation count 9.438719, vector size 39)
WARNING (gmm-est[5.5.166~1-013489]:MleDiagGmmUpdate():mle-diag-gmm.cc:359) Too little data - removing Gaussian (weight 0.007774, occupation count 9.352630, vector size 39)
LOG (gmm-est[5.5.166~1-013489]:MleAmDiagGmmUpdate():mle-am-diag-gmm.cc:225) 1 variance elements floored in 1 Gaussians, out of 27766
LOG (gmm-est[5.5.166~1-013489]:MleAmDiagGmmUpdate():mle-am-diag-gmm.cc:229) Removed 7 Gaussians due to counts < --min-gaussian-occupancy=10 and --remove-low-count-gaussians=true
LOG (gmm-est[5.5.166~1-013489]:main():gmm-est.cc:113) GMM update: Overall 0.0753966 objective function improvement per frame over 1.50285e+06 frames
LOG (gmm-est[5.5.166~1-013489]:main():gmm-est.cc:116) GMM update: Overall avg like per frame = -85.591 over 1.50285e+06 frames.
LOG (gmm-est[5.5.166~1-013489]:SplitByCount():am-diag-gmm.cc:116) Split 448 states with target = 28880, power = 0.25, perturb_factor = 0.01 and min_count = 20, split #Gauss from 27766 to 28893
LOG (gmm-est[5.5.166~1-013489]:main():gmm-est.cc:146) Written model to exp/tri1/26.mdl
# Accounting: time=0 threads=1
# Ended (code 0) at Thu Dec  5 14:23:58 CST 2019, elapsed time 0 seconds
