# gmm-est --mix-up=30000 --power=0.25 --write-occs=exp/tri1/28.occs exp/tri1/27.mdl "gmm-sum-accs - exp/tri1/27.*.acc |" exp/tri1/28.mdl 
# Started at Thu Dec  5 14:24:02 CST 2019
#
gmm-est --mix-up=30000 --power=0.25 --write-occs=exp/tri1/28.occs exp/tri1/27.mdl 'gmm-sum-accs - exp/tri1/27.*.acc |' exp/tri1/28.mdl 
gmm-sum-accs - exp/tri1/27.1.acc exp/tri1/27.10.acc exp/tri1/27.11.acc exp/tri1/27.12.acc exp/tri1/27.13.acc exp/tri1/27.14.acc exp/tri1/27.15.acc exp/tri1/27.16.acc exp/tri1/27.2.acc exp/tri1/27.3.acc exp/tri1/27.4.acc exp/tri1/27.5.acc exp/tri1/27.6.acc exp/tri1/27.7.acc exp/tri1/27.8.acc exp/tri1/27.9.acc 
LOG (gmm-sum-accs[5.5.166~1-013489]:main():gmm-sum-accs.cc:63) Summed 16 stats, total count 1.50285e+06, avg like/frame -85.3206
LOG (gmm-sum-accs[5.5.166~1-013489]:main():gmm-sum-accs.cc:66) Total count of stats is 1.50285e+06
LOG (gmm-sum-accs[5.5.166~1-013489]:main():gmm-sum-accs.cc:67) Written stats to -
LOG (gmm-est[5.5.166~1-013489]:MleUpdate():transition-model.cc:528) TransitionModel::Update, objf change is 0 per frame over 1.50285e+06 frames. 
LOG (gmm-est[5.5.166~1-013489]:MleUpdate():transition-model.cc:531) 10 probabilities floored, 0 out of 451 transition-states skipped due to insuffient data (it is normal to have some skipped.)
LOG (gmm-est[5.5.166~1-013489]:main():gmm-est.cc:102) Transition model update: Overall 0 log-like improvement per frame over 1.50285e+06 frames.
WARNING (gmm-est[5.5.166~1-013489]:MleDiagGmmUpdate():mle-diag-gmm.cc:359) Too little data - removing Gaussian (weight 0.014668, occupation count 9.945045, vector size 39)
WARNING (gmm-est[5.5.166~1-013489]:MleDiagGmmUpdate():mle-diag-gmm.cc:359) Too little data - removing Gaussian (weight 0.005737, occupation count 8.864371, vector size 39)
WARNING (gmm-est[5.5.166~1-013489]:MleDiagGmmUpdate():mle-diag-gmm.cc:359) Too little data - removing Gaussian (weight 0.006925, occupation count 9.030718, vector size 39)
WARNING (gmm-est[5.5.166~1-013489]:MleDiagGmmUpdate():mle-diag-gmm.cc:359) Too little data - removing Gaussian (weight 0.008324, occupation count 9.997272, vector size 39)
WARNING (gmm-est[5.5.166~1-013489]:MleDiagGmmUpdate():mle-diag-gmm.cc:359) Too little data - removing Gaussian (weight 0.006504, occupation count 9.521458, vector size 39)
WARNING (gmm-est[5.5.166~1-013489]:MleDiagGmmUpdate():mle-diag-gmm.cc:359) Too little data - removing Gaussian (weight 0.006880, occupation count 9.749268, vector size 39)
WARNING (gmm-est[5.5.166~1-013489]:MleDiagGmmUpdate():mle-diag-gmm.cc:359) Too little data - removing Gaussian (weight 0.012060, occupation count 9.238089, vector size 39)
WARNING (gmm-est[5.5.166~1-013489]:MleDiagGmmUpdate():mle-diag-gmm.cc:359) Too little data - removing Gaussian (weight 0.023538, occupation count 9.250570, vector size 39)
WARNING (gmm-est[5.5.166~1-013489]:MleDiagGmmUpdate():mle-diag-gmm.cc:359) Too little data - removing Gaussian (weight 0.010352, occupation count 10.000000, vector size 39)
WARNING (gmm-est[5.5.166~1-013489]:MleDiagGmmUpdate():mle-diag-gmm.cc:359) Too little data - removing Gaussian (weight 0.006198, occupation count 9.953218, vector size 39)
WARNING (gmm-est[5.5.166~1-013489]:MleDiagGmmUpdate():mle-diag-gmm.cc:359) Too little data - removing Gaussian (weight 0.005348, occupation count 9.797339, vector size 39)
WARNING (gmm-est[5.5.166~1-013489]:MleDiagGmmUpdate():mle-diag-gmm.cc:359) Too little data - removing Gaussian (weight 0.007092, occupation count 9.999699, vector size 39)
WARNING (gmm-est[5.5.166~1-013489]:MleDiagGmmUpdate():mle-diag-gmm.cc:359) Too little data - removing Gaussian (weight 0.008333, occupation count 9.999970, vector size 39)
WARNING (gmm-est[5.5.166~1-013489]:MleDiagGmmUpdate():mle-diag-gmm.cc:359) Too little data - removing Gaussian (weight 0.008331, occupation count 9.997307, vector size 39)
WARNING (gmm-est[5.5.166~1-013489]:MleDiagGmmUpdate():mle-diag-gmm.cc:359) Too little data - removing Gaussian (weight 0.007518, occupation count 9.894048, vector size 39)
LOG (gmm-est[5.5.166~1-013489]:MleAmDiagGmmUpdate():mle-am-diag-gmm.cc:225) 1 variance elements floored in 1 Gaussians, out of 29998
LOG (gmm-est[5.5.166~1-013489]:MleAmDiagGmmUpdate():mle-am-diag-gmm.cc:229) Removed 15 Gaussians due to counts < --min-gaussian-occupancy=10 and --remove-low-count-gaussians=true
LOG (gmm-est[5.5.166~1-013489]:main():gmm-est.cc:113) GMM update: Overall 0.0733303 objective function improvement per frame over 1.50285e+06 frames
LOG (gmm-est[5.5.166~1-013489]:main():gmm-est.cc:116) GMM update: Overall avg like per frame = -85.3206 over 1.50285e+06 frames.
LOG (gmm-est[5.5.166~1-013489]:SplitByCount():am-diag-gmm.cc:116) Split 448 states with target = 30000, power = 0.25, perturb_factor = 0.01 and min_count = 20, split #Gauss from 29998 to 30013
LOG (gmm-est[5.5.166~1-013489]:main():gmm-est.cc:146) Written model to exp/tri1/28.mdl
# Accounting: time=1 threads=1
# Ended (code 0) at Thu Dec  5 14:24:03 CST 2019, elapsed time 1 seconds
