# gmm-est --mix-up=23280 --power=0.25 --write-occs=exp/tri1/21.occs exp/tri1/20.mdl "gmm-sum-accs - exp/tri1/20.*.acc |" exp/tri1/21.mdl 
# Started at Thu Dec  5 14:23:45 CST 2019
#
gmm-est --mix-up=23280 --power=0.25 --write-occs=exp/tri1/21.occs exp/tri1/20.mdl 'gmm-sum-accs - exp/tri1/20.*.acc |' exp/tri1/21.mdl 
gmm-sum-accs - exp/tri1/20.1.acc exp/tri1/20.10.acc exp/tri1/20.11.acc exp/tri1/20.12.acc exp/tri1/20.13.acc exp/tri1/20.14.acc exp/tri1/20.15.acc exp/tri1/20.16.acc exp/tri1/20.2.acc exp/tri1/20.3.acc exp/tri1/20.4.acc exp/tri1/20.5.acc exp/tri1/20.6.acc exp/tri1/20.7.acc exp/tri1/20.8.acc exp/tri1/20.9.acc 
LOG (gmm-sum-accs[5.5.166~1-013489]:main():gmm-sum-accs.cc:63) Summed 16 stats, total count 1.50285e+06, avg like/frame -86.3688
LOG (gmm-sum-accs[5.5.166~1-013489]:main():gmm-sum-accs.cc:66) Total count of stats is 1.50285e+06
LOG (gmm-sum-accs[5.5.166~1-013489]:main():gmm-sum-accs.cc:67) Written stats to -
LOG (gmm-est[5.5.166~1-013489]:MleUpdate():transition-model.cc:528) TransitionModel::Update, objf change is 0.000113358 per frame over 1.50285e+06 frames. 
LOG (gmm-est[5.5.166~1-013489]:MleUpdate():transition-model.cc:531) 10 probabilities floored, 0 out of 451 transition-states skipped due to insuffient data (it is normal to have some skipped.)
LOG (gmm-est[5.5.166~1-013489]:main():gmm-est.cc:102) Transition model update: Overall 0.000113358 log-like improvement per frame over 1.50285e+06 frames.
WARNING (gmm-est[5.5.166~1-013489]:MleDiagGmmUpdate():mle-diag-gmm.cc:359) Too little data - removing Gaussian (weight 0.010659, occupation count 8.452975, vector size 39)
WARNING (gmm-est[5.5.166~1-013489]:MleDiagGmmUpdate():mle-diag-gmm.cc:359) Too little data - removing Gaussian (weight 0.012622, occupation count 9.806948, vector size 39)
WARNING (gmm-est[5.5.166~1-013489]:MleDiagGmmUpdate():mle-diag-gmm.cc:359) Too little data - removing Gaussian (weight 0.018502, occupation count 9.991174, vector size 39)
WARNING (gmm-est[5.5.166~1-013489]:MleDiagGmmUpdate():mle-diag-gmm.cc:359) Too little data - removing Gaussian (weight 0.014662, occupation count 9.999804, vector size 39)
WARNING (gmm-est[5.5.166~1-013489]:MleDiagGmmUpdate():mle-diag-gmm.cc:359) Too little data - removing Gaussian (weight 0.015498, occupation count 9.004199, vector size 39)
WARNING (gmm-est[5.5.166~1-013489]:MleDiagGmmUpdate():mle-diag-gmm.cc:359) Too little data - removing Gaussian (weight 0.014619, occupation count 9.999258, vector size 39)
WARNING (gmm-est[5.5.166~1-013489]:MleDiagGmmUpdate():mle-diag-gmm.cc:359) Too little data - removing Gaussian (weight 0.011889, occupation count 9.000071, vector size 39)
WARNING (gmm-est[5.5.166~1-013489]:MleDiagGmmUpdate():mle-diag-gmm.cc:359) Too little data - removing Gaussian (weight 0.017908, occupation count 9.419600, vector size 39)
WARNING (gmm-est[5.5.166~1-013489]:MleDiagGmmUpdate():mle-diag-gmm.cc:359) Too little data - removing Gaussian (weight 0.016668, occupation count 9.000528, vector size 39)
WARNING (gmm-est[5.5.166~1-013489]:MleDiagGmmUpdate():mle-diag-gmm.cc:359) Too little data - removing Gaussian (weight 0.014871, occupation count 9.993261, vector size 39)
WARNING (gmm-est[5.5.166~1-013489]:MleDiagGmmUpdate():mle-diag-gmm.cc:359) Too little data - removing Gaussian (weight 0.028335, occupation count 9.067062, vector size 39)
WARNING (gmm-est[5.5.166~1-013489]:MleDiagGmmUpdate():mle-diag-gmm.cc:359) Too little data - removing Gaussian (weight 0.012064, occupation count 8.999996, vector size 39)
WARNING (gmm-est[5.5.166~1-013489]:MleDiagGmmUpdate():mle-diag-gmm.cc:359) Too little data - removing Gaussian (weight 0.011285, occupation count 7.425256, vector size 39)
WARNING (gmm-est[5.5.166~1-013489]:MleDiagGmmUpdate():mle-diag-gmm.cc:359) Too little data - removing Gaussian (weight 0.051465, occupation count 9.881211, vector size 39)
WARNING (gmm-est[5.5.166~1-013489]:MleDiagGmmUpdate():mle-diag-gmm.cc:359) Too little data - removing Gaussian (weight 0.012872, occupation count 9.743967, vector size 39)
WARNING (gmm-est[5.5.166~1-013489]:MleDiagGmmUpdate():mle-diag-gmm.cc:359) Too little data - removing Gaussian (weight 0.014537, occupation count 9.957760, vector size 39)
WARNING (gmm-est[5.5.166~1-013489]:MleDiagGmmUpdate():mle-diag-gmm.cc:359) Too little data - removing Gaussian (weight 0.011485, occupation count 9.647235, vector size 39)
LOG (gmm-est[5.5.166~1-013489]:MleAmDiagGmmUpdate():mle-am-diag-gmm.cc:225) 1 variance elements floored in 1 Gaussians, out of 22145
LOG (gmm-est[5.5.166~1-013489]:MleAmDiagGmmUpdate():mle-am-diag-gmm.cc:229) Removed 17 Gaussians due to counts < --min-gaussian-occupancy=10 and --remove-low-count-gaussians=true
LOG (gmm-est[5.5.166~1-013489]:main():gmm-est.cc:113) GMM update: Overall 0.125535 objective function improvement per frame over 1.50285e+06 frames
LOG (gmm-est[5.5.166~1-013489]:main():gmm-est.cc:116) GMM update: Overall avg like per frame = -86.3688 over 1.50285e+06 frames.
LOG (gmm-est[5.5.166~1-013489]:SplitByCount():am-diag-gmm.cc:116) Split 448 states with target = 23280, power = 0.25, perturb_factor = 0.01 and min_count = 20, split #Gauss from 22145 to 23296
LOG (gmm-est[5.5.166~1-013489]:main():gmm-est.cc:146) Written model to exp/tri1/21.mdl
# Accounting: time=1 threads=1
# Ended (code 0) at Thu Dec  5 14:23:46 CST 2019, elapsed time 1 seconds
