# gmm-est --mix-up=24400 --power=0.25 --write-occs=exp/tri1/22.occs exp/tri1/21.mdl "gmm-sum-accs - exp/tri1/21.*.acc |" exp/tri1/22.mdl 
# Started at Thu Dec  5 14:23:47 CST 2019
#
gmm-est --mix-up=24400 --power=0.25 --write-occs=exp/tri1/22.occs exp/tri1/21.mdl 'gmm-sum-accs - exp/tri1/21.*.acc |' exp/tri1/22.mdl 
gmm-sum-accs - exp/tri1/21.1.acc exp/tri1/21.10.acc exp/tri1/21.11.acc exp/tri1/21.12.acc exp/tri1/21.13.acc exp/tri1/21.14.acc exp/tri1/21.15.acc exp/tri1/21.16.acc exp/tri1/21.2.acc exp/tri1/21.3.acc exp/tri1/21.4.acc exp/tri1/21.5.acc exp/tri1/21.6.acc exp/tri1/21.7.acc exp/tri1/21.8.acc exp/tri1/21.9.acc 
LOG (gmm-sum-accs[5.5.166~1-013489]:main():gmm-sum-accs.cc:63) Summed 16 stats, total count 1.50285e+06, avg like/frame -86.1702
LOG (gmm-sum-accs[5.5.166~1-013489]:main():gmm-sum-accs.cc:66) Total count of stats is 1.50285e+06
LOG (gmm-sum-accs[5.5.166~1-013489]:main():gmm-sum-accs.cc:67) Written stats to -
LOG (gmm-est[5.5.166~1-013489]:MleUpdate():transition-model.cc:528) TransitionModel::Update, objf change is 0 per frame over 1.50285e+06 frames. 
LOG (gmm-est[5.5.166~1-013489]:MleUpdate():transition-model.cc:531) 10 probabilities floored, 0 out of 451 transition-states skipped due to insuffient data (it is normal to have some skipped.)
LOG (gmm-est[5.5.166~1-013489]:main():gmm-est.cc:102) Transition model update: Overall 0 log-like improvement per frame over 1.50285e+06 frames.
WARNING (gmm-est[5.5.166~1-013489]:MleDiagGmmUpdate():mle-diag-gmm.cc:359) Too little data - removing Gaussian (weight 0.013160, occupation count 9.698917, vector size 39)
WARNING (gmm-est[5.5.166~1-013489]:MleDiagGmmUpdate():mle-diag-gmm.cc:359) Too little data - removing Gaussian (weight 0.017848, occupation count 9.995102, vector size 39)
WARNING (gmm-est[5.5.166~1-013489]:MleDiagGmmUpdate():mle-diag-gmm.cc:359) Too little data - removing Gaussian (weight 0.015418, occupation count 9.343344, vector size 39)
WARNING (gmm-est[5.5.166~1-013489]:MleDiagGmmUpdate():mle-diag-gmm.cc:359) Too little data - removing Gaussian (weight 0.011380, occupation count 9.945754, vector size 39)
WARNING (gmm-est[5.5.166~1-013489]:MleDiagGmmUpdate():mle-diag-gmm.cc:359) Too little data - removing Gaussian (weight 0.016129, occupation count 9.999976, vector size 39)
WARNING (gmm-est[5.5.166~1-013489]:MleDiagGmmUpdate():mle-diag-gmm.cc:359) Too little data - removing Gaussian (weight 0.013204, occupation count 9.995308, vector size 39)
WARNING (gmm-est[5.5.166~1-013489]:MleDiagGmmUpdate():mle-diag-gmm.cc:359) Too little data - removing Gaussian (weight 0.013004, occupation count 9.960748, vector size 39)
WARNING (gmm-est[5.5.166~1-013489]:MleDiagGmmUpdate():mle-diag-gmm.cc:359) Too little data - removing Gaussian (weight 0.010559, occupation count 9.999104, vector size 39)
WARNING (gmm-est[5.5.166~1-013489]:MleDiagGmmUpdate():mle-diag-gmm.cc:359) Too little data - removing Gaussian (weight 0.025443, occupation count 9.999196, vector size 39)
WARNING (gmm-est[5.5.166~1-013489]:MleDiagGmmUpdate():mle-diag-gmm.cc:359) Too little data - removing Gaussian (weight 0.013017, occupation count 9.997256, vector size 39)
WARNING (gmm-est[5.5.166~1-013489]:MleDiagGmmUpdate():mle-diag-gmm.cc:359) Too little data - removing Gaussian (weight 0.011037, occupation count 9.889227, vector size 39)
WARNING (gmm-est[5.5.166~1-013489]:MleDiagGmmUpdate():mle-diag-gmm.cc:359) Too little data - removing Gaussian (weight 0.014514, occupation count 9.999970, vector size 39)
WARNING (gmm-est[5.5.166~1-013489]:MleDiagGmmUpdate():mle-diag-gmm.cc:359) Too little data - removing Gaussian (weight 0.015821, occupation count 9.002214, vector size 39)
WARNING (gmm-est[5.5.166~1-013489]:MleDiagGmmUpdate():mle-diag-gmm.cc:359) Too little data - removing Gaussian (weight 0.012278, occupation count 9.994171, vector size 39)
WARNING (gmm-est[5.5.166~1-013489]:MleDiagGmmUpdate():mle-diag-gmm.cc:359) Too little data - removing Gaussian (weight 0.010267, occupation count 9.999992, vector size 39)
WARNING (gmm-est[5.5.166~1-013489]:MleDiagGmmUpdate():mle-diag-gmm.cc:359) Too little data - removing Gaussian (weight 0.010263, occupation count 9.995770, vector size 39)
WARNING (gmm-est[5.5.166~1-013489]:MleDiagGmmUpdate():mle-diag-gmm.cc:359) Too little data - removing Gaussian (weight 0.015927, occupation count 9.985927, vector size 39)
WARNING (gmm-est[5.5.166~1-013489]:MleDiagGmmUpdate():mle-diag-gmm.cc:359) Too little data - removing Gaussian (weight 0.010142, occupation count 9.918901, vector size 39)
WARNING (gmm-est[5.5.166~1-013489]:MleDiagGmmUpdate():mle-diag-gmm.cc:359) Too little data - removing Gaussian (weight 0.010468, occupation count 9.076011, vector size 39)
LOG (gmm-est[5.5.166~1-013489]:MleAmDiagGmmUpdate():mle-am-diag-gmm.cc:225) 1 variance elements floored in 1 Gaussians, out of 23277
LOG (gmm-est[5.5.166~1-013489]:MleAmDiagGmmUpdate():mle-am-diag-gmm.cc:229) Removed 19 Gaussians due to counts < --min-gaussian-occupancy=10 and --remove-low-count-gaussians=true
LOG (gmm-est[5.5.166~1-013489]:main():gmm-est.cc:113) GMM update: Overall 0.0845287 objective function improvement per frame over 1.50285e+06 frames
LOG (gmm-est[5.5.166~1-013489]:main():gmm-est.cc:116) GMM update: Overall avg like per frame = -86.1702 over 1.50285e+06 frames.
LOG (gmm-est[5.5.166~1-013489]:SplitByCount():am-diag-gmm.cc:116) Split 448 states with target = 24400, power = 0.25, perturb_factor = 0.01 and min_count = 20, split #Gauss from 23277 to 24416
LOG (gmm-est[5.5.166~1-013489]:main():gmm-est.cc:146) Written model to exp/tri1/22.mdl
# Accounting: time=1 threads=1
# Ended (code 0) at Thu Dec  5 14:23:48 CST 2019, elapsed time 1 seconds
