# gmm-est --mix-up=26640 --power=0.25 --write-occs=exp/tri1/24.occs exp/tri1/23.mdl "gmm-sum-accs - exp/tri1/23.*.acc |" exp/tri1/24.mdl 
# Started at Thu Dec  5 14:23:53 CST 2019
#
gmm-est --mix-up=26640 --power=0.25 --write-occs=exp/tri1/24.occs exp/tri1/23.mdl 'gmm-sum-accs - exp/tri1/23.*.acc |' exp/tri1/24.mdl 
gmm-sum-accs - exp/tri1/23.1.acc exp/tri1/23.10.acc exp/tri1/23.11.acc exp/tri1/23.12.acc exp/tri1/23.13.acc exp/tri1/23.14.acc exp/tri1/23.15.acc exp/tri1/23.16.acc exp/tri1/23.2.acc exp/tri1/23.3.acc exp/tri1/23.4.acc exp/tri1/23.5.acc exp/tri1/23.6.acc exp/tri1/23.7.acc exp/tri1/23.8.acc exp/tri1/23.9.acc 
LOG (gmm-sum-accs[5.5.166~1-013489]:main():gmm-sum-accs.cc:63) Summed 16 stats, total count 1.50285e+06, avg like/frame -85.873
LOG (gmm-sum-accs[5.5.166~1-013489]:main():gmm-sum-accs.cc:66) Total count of stats is 1.50285e+06
LOG (gmm-sum-accs[5.5.166~1-013489]:main():gmm-sum-accs.cc:67) Written stats to -
LOG (gmm-est[5.5.166~1-013489]:MleUpdate():transition-model.cc:528) TransitionModel::Update, objf change is 0 per frame over 1.50285e+06 frames. 
LOG (gmm-est[5.5.166~1-013489]:MleUpdate():transition-model.cc:531) 10 probabilities floored, 0 out of 451 transition-states skipped due to insuffient data (it is normal to have some skipped.)
LOG (gmm-est[5.5.166~1-013489]:main():gmm-est.cc:102) Transition model update: Overall 0 log-like improvement per frame over 1.50285e+06 frames.
WARNING (gmm-est[5.5.166~1-013489]:MleDiagGmmUpdate():mle-diag-gmm.cc:359) Too little data - removing Gaussian (weight 0.010422, occupation count 9.578217, vector size 39)
WARNING (gmm-est[5.5.166~1-013489]:MleDiagGmmUpdate():mle-diag-gmm.cc:359) Too little data - removing Gaussian (weight 0.011682, occupation count 10.000000, vector size 39)
WARNING (gmm-est[5.5.166~1-013489]:MleDiagGmmUpdate():mle-diag-gmm.cc:359) Too little data - removing Gaussian (weight 0.016366, occupation count 9.999537, vector size 39)
WARNING (gmm-est[5.5.166~1-013489]:MleDiagGmmUpdate():mle-diag-gmm.cc:359) Too little data - removing Gaussian (weight 0.012672, occupation count 9.998561, vector size 39)
WARNING (gmm-est[5.5.166~1-013489]:MleDiagGmmUpdate():mle-diag-gmm.cc:359) Too little data - removing Gaussian (weight 0.013168, occupation count 9.783869, vector size 39)
WARNING (gmm-est[5.5.166~1-013489]:MleDiagGmmUpdate():mle-diag-gmm.cc:359) Too little data - removing Gaussian (weight 0.010329, occupation count 9.998702, vector size 39)
WARNING (gmm-est[5.5.166~1-013489]:MleDiagGmmUpdate():mle-diag-gmm.cc:359) Too little data - removing Gaussian (weight 0.009654, occupation count 9.345201, vector size 39)
WARNING (gmm-est[5.5.166~1-013489]:MleDiagGmmUpdate():mle-diag-gmm.cc:359) Too little data - removing Gaussian (weight 0.012642, occupation count 10.000000, vector size 39)
WARNING (gmm-est[5.5.166~1-013489]:MleDiagGmmUpdate():mle-diag-gmm.cc:359) Too little data - removing Gaussian (weight 0.013405, occupation count 9.999760, vector size 39)
WARNING (gmm-est[5.5.166~1-013489]:MleDiagGmmUpdate():mle-diag-gmm.cc:359) Too little data - removing Gaussian (weight 0.010439, occupation count 8.935905, vector size 39)
WARNING (gmm-est[5.5.166~1-013489]:MleDiagGmmUpdate():mle-diag-gmm.cc:359) Too little data - removing Gaussian (weight 0.009875, occupation count 9.618535, vector size 39)
LOG (gmm-est[5.5.166~1-013489]:MleAmDiagGmmUpdate():mle-am-diag-gmm.cc:225) 1 variance elements floored in 1 Gaussians, out of 25525
LOG (gmm-est[5.5.166~1-013489]:MleAmDiagGmmUpdate():mle-am-diag-gmm.cc:229) Removed 11 Gaussians due to counts < --min-gaussian-occupancy=10 and --remove-low-count-gaussians=true
LOG (gmm-est[5.5.166~1-013489]:main():gmm-est.cc:113) GMM update: Overall 0.0789497 objective function improvement per frame over 1.50285e+06 frames
LOG (gmm-est[5.5.166~1-013489]:main():gmm-est.cc:116) GMM update: Overall avg like per frame = -85.873 over 1.50285e+06 frames.
LOG (gmm-est[5.5.166~1-013489]:SplitByCount():am-diag-gmm.cc:116) Split 448 states with target = 26640, power = 0.25, perturb_factor = 0.01 and min_count = 20, split #Gauss from 25525 to 26654
LOG (gmm-est[5.5.166~1-013489]:main():gmm-est.cc:146) Written model to exp/tri1/24.mdl
# Accounting: time=1 threads=1
# Ended (code 0) at Thu Dec  5 14:23:54 CST 2019, elapsed time 1 seconds
