# compile-train-graphs --read-disambig-syms=data/lang/phones/disambig.int exp/mono0a_ali/tree exp/mono0a_ali/final.mdl data/lang/L.fst "ark:utils/sym2int.pl --map-oov 1 -f 2- data/lang/words.txt data/train/split16/3/text|" ark:- | gmm-align-compiled --transition-scale=1.0 --acoustic-scale=0.1 --self-loop-scale=0.1 --beam=10 --retry-beam=40 --careful=false "gmm-boost-silence --boost=1.25 1 exp/mono0a_ali/final.mdl - |" ark:- "ark,s,cs:apply-cmvn  --utt2spk=ark:data/train/split16/3/utt2spk scp:data/train/split16/3/cmvn.scp scp:data/train/split16/3/feats.scp ark:- | add-deltas  ark:- ark:- |" "ark,t:|gzip -c >exp/mono0a_ali/ali.3.gz" 
# Started at Mon Dec  2 01:28:53 CST 2019
#
gmm-align-compiled --transition-scale=1.0 --acoustic-scale=0.1 --self-loop-scale=0.1 --beam=10 --retry-beam=40 --careful=false 'gmm-boost-silence --boost=1.25 1 exp/mono0a_ali/final.mdl - |' ark:- 'ark,s,cs:apply-cmvn  --utt2spk=ark:data/train/split16/3/utt2spk scp:data/train/split16/3/cmvn.scp scp:data/train/split16/3/feats.scp ark:- | add-deltas  ark:- ark:- |' 'ark,t:|gzip -c >exp/mono0a_ali/ali.3.gz' 
compile-train-graphs --read-disambig-syms=data/lang/phones/disambig.int exp/mono0a_ali/tree exp/mono0a_ali/final.mdl data/lang/L.fst 'ark:utils/sym2int.pl --map-oov 1 -f 2- data/lang/words.txt data/train/split16/3/text|' ark:- 
gmm-boost-silence --boost=1.25 1 exp/mono0a_ali/final.mdl - 
LOG (gmm-boost-silence[5.5.166~1-013489]:main():gmm-boost-silence.cc:93) Boosted weights for 5 pdfs, by factor of 1.25
LOG (gmm-boost-silence[5.5.166~1-013489]:main():gmm-boost-silence.cc:103) Wrote model to -
apply-cmvn --utt2spk=ark:data/train/split16/3/utt2spk scp:data/train/split16/3/cmvn.scp scp:data/train/split16/3/feats.scp ark:- 
add-deltas ark:- ark:- 
LOG (gmm-align-compiled[5.5.166~1-013489]:main():gmm-align-compiled.cc:127) CF_11Z2528A
LOG (gmm-align-compiled[5.5.166~1-013489]:main():gmm-align-compiled.cc:127) CF_1366955A
LOG (gmm-align-compiled[5.5.166~1-013489]:main():gmm-align-compiled.cc:127) CF_18A
LOG (gmm-align-compiled[5.5.166~1-013489]:main():gmm-align-compiled.cc:127) CF_19A
LOG (gmm-align-compiled[5.5.166~1-013489]:main():gmm-align-compiled.cc:127) CF_1A
LOG (gmm-align-compiled[5.5.166~1-013489]:main():gmm-align-compiled.cc:127) CF_1B
LOG (gmm-align-compiled[5.5.166~1-013489]:main():gmm-align-compiled.cc:127) CF_1O237A
LOG (gmm-align-compiled[5.5.166~1-013489]:main():gmm-align-compiled.cc:127) CF_24Z2243A
LOG (gmm-align-compiled[5.5.166~1-013489]:main():gmm-align-compiled.cc:127) CF_254ZA
LOG (gmm-align-compiled[5.5.166~1-013489]:main():gmm-align-compiled.cc:127) CF_268A
LOG (gmm-align-compiled[5.5.166~1-013489]:main():gmm-align-compiled.cc:127) CF_2A
LOG (gmm-align-compiled[5.5.166~1-013489]:main():gmm-align-compiled.cc:127) CF_2B
LOG (gmm-align-compiled[5.5.166~1-013489]:main():gmm-align-compiled.cc:127) CF_2O742A
LOG (gmm-align-compiled[5.5.166~1-013489]:main():gmm-align-compiled.cc:127) CF_2ZZ33A
LOG (gmm-align-compiled[5.5.166~1-013489]:main():gmm-align-compiled.cc:127) CF_32793A
LOG (gmm-align-compiled[5.5.166~1-013489]:main():gmm-align-compiled.cc:127) CF_378A
LOG (gmm-align-compiled[5.5.166~1-013489]:main():gmm-align-compiled.cc:127) CF_38A
LOG (gmm-align-compiled[5.5.166~1-013489]:main():gmm-align-compiled.cc:127) CF_398A
LOG (gmm-align-compiled[5.5.166~1-013489]:main():gmm-align-compiled.cc:127) CF_3A
LOG (gmm-align-compiled[5.5.166~1-013489]:main():gmm-align-compiled.cc:127) CF_3B
LOG (gmm-align-compiled[5.5.166~1-013489]:main():gmm-align-compiled.cc:127) CF_3OOA
LOG (gmm-align-compiled[5.5.166~1-013489]:main():gmm-align-compiled.cc:127) CF_42713A
LOG (gmm-align-compiled[5.5.166~1-013489]:main():gmm-align-compiled.cc:127) CF_4345A
LOG (gmm-align-compiled[5.5.166~1-013489]:main():gmm-align-compiled.cc:127) CF_4465A
LOG (gmm-align-compiled[5.5.166~1-013489]:main():gmm-align-compiled.cc:127) CF_44951A
LOG (gmm-align-compiled[5.5.166~1-013489]:main():gmm-align-compiled.cc:127) CF_48A
LOG (gmm-align-compiled[5.5.166~1-013489]:main():gmm-align-compiled.cc:127) CF_4A
LOG (gmm-align-compiled[5.5.166~1-013489]:main():gmm-align-compiled.cc:127) CF_4B
LOG (gmm-align-compiled[5.5.166~1-013489]:main():gmm-align-compiled.cc:127) CF_52A
LOG (gmm-align-compiled[5.5.166~1-013489]:main():gmm-align-compiled.cc:127) CF_53ZZ7Z3A
LOG (gmm-align-compiled[5.5.166~1-013489]:main():gmm-align-compiled.cc:127) CF_58763A
LOG (gmm-align-compiled[5.5.166~1-013489]:main():gmm-align-compiled.cc:127) CF_5966A
LOG (gmm-align-compiled[5.5.166~1-013489]:main():gmm-align-compiled.cc:127) CF_5999A
LOG (gmm-align-compiled[5.5.166~1-013489]:main():gmm-align-compiled.cc:127) CF_5A
LOG (gmm-align-compiled[5.5.166~1-013489]:main():gmm-align-compiled.cc:127) CF_5B
LOG (gmm-align-compiled[5.5.166~1-013489]:main():gmm-align-compiled.cc:127) CF_63621A
LOG (gmm-align-compiled[5.5.166~1-013489]:main():gmm-align-compiled.cc:127) CF_645Z935A
LOG (gmm-align-compiled[5.5.166~1-013489]:main():gmm-align-compiled.cc:127) CF_67Z6771A
LOG (gmm-align-compiled[5.5.166~1-013489]:main():gmm-align-compiled.cc:127) CF_68A
LOG (gmm-align-compiled[5.5.166~1-013489]:main():gmm-align-compiled.cc:127) CF_6A
LOG (gmm-align-compiled[5.5.166~1-013489]:main():gmm-align-compiled.cc:127) CF_6B
LOG (gmm-align-compiled[5.5.166~1-013489]:main():gmm-align-compiled.cc:127) CF_6ZZA
LOG (gmm-align-compiled[5.5.166~1-013489]:main():gmm-align-compiled.cc:127) CF_73ZA
LOG (gmm-align-compiled[5.5.166~1-013489]:main():gmm-align-compiled.cc:127) CF_7565A
LOG (gmm-align-compiled[5.5.166~1-013489]:main():gmm-align-compiled.cc:127) CF_75O5A
LOG (gmm-align-compiled[5.5.166~1-013489]:main():gmm-align-compiled.cc:127) CF_78A
LOG (gmm-align-compiled[5.5.166~1-013489]:main():gmm-align-compiled.cc:127) CF_79Z8188A
LOG (gmm-align-compiled[5.5.166~1-013489]:main():gmm-align-compiled.cc:127) CF_7A
LOG (gmm-align-compiled[5.5.166~1-013489]:main():gmm-align-compiled.cc:127) CF_7B
LOG (gmm-align-compiled[5.5.166~1-013489]:main():gmm-align-compiled.cc:127) CF_829A
LOG (gmm-align-compiled[5.5.166~1-013489]:main():gmm-align-compiled.cc:127) CF_82O87O3A
LOG (gmm-align-compiled[5.5.166~1-013489]:main():gmm-align-compiled.cc:127) CF_84149A
LOG (gmm-align-compiled[5.5.166~1-013489]:main():gmm-align-compiled.cc:127) CF_8514OA
LOG (gmm-align-compiled[5.5.166~1-013489]:main():gmm-align-compiled.cc:127) CF_8A
LOG (gmm-align-compiled[5.5.166~1-013489]:main():gmm-align-compiled.cc:127) CF_8B
LOG (gmm-align-compiled[5.5.166~1-013489]:main():gmm-align-compiled.cc:127) CF_8O73A
LOG (gmm-align-compiled[5.5.166~1-013489]:main():gmm-align-compiled.cc:127) CF_9123A
LOG (gmm-align-compiled[5.5.166~1-013489]:main():gmm-align-compiled.cc:127) CF_92A
LOG (gmm-align-compiled[5.5.166~1-013489]:main():gmm-align-compiled.cc:127) CF_9474164A
LOG (gmm-align-compiled[5.5.166~1-013489]:main():gmm-align-compiled.cc:127) CF_9A
LOG (gmm-align-compiled[5.5.166~1-013489]:main():gmm-align-compiled.cc:127) CF_9B
LOG (gmm-align-compiled[5.5.166~1-013489]:main():gmm-align-compiled.cc:127) CF_9O3A
LOG (gmm-align-compiled[5.5.166~1-013489]:main():gmm-align-compiled.cc:127) CF_9O46972A
LOG (gmm-align-compiled[5.5.166~1-013489]:main():gmm-align-compiled.cc:127) CF_O1A
LOG (gmm-align-compiled[5.5.166~1-013489]:main():gmm-align-compiled.cc:127) CF_O8OA
LOG (gmm-align-compiled[5.5.166~1-013489]:main():gmm-align-compiled.cc:127) CF_O96A
LOG (gmm-align-compiled[5.5.166~1-013489]:main():gmm-align-compiled.cc:127) CF_O9A
LOG (gmm-align-compiled[5.5.166~1-013489]:main():gmm-align-compiled.cc:127) CF_OA
LOG (gmm-align-compiled[5.5.166~1-013489]:main():gmm-align-compiled.cc:127) CF_OB
LOG (gmm-align-compiled[5.5.166~1-013489]:main():gmm-align-compiled.cc:127) CF_OO1A
LOG (gmm-align-compiled[5.5.166~1-013489]:main():gmm-align-compiled.cc:127) CF_Z17ZA
LOG (gmm-align-compiled[5.5.166~1-013489]:main():gmm-align-compiled.cc:127) CF_Z477A
LOG (gmm-align-compiled[5.5.166~1-013489]:main():gmm-align-compiled.cc:127) CF_Z5A
LOG (gmm-align-compiled[5.5.166~1-013489]:main():gmm-align-compiled.cc:127) CF_Z722948A
LOG (gmm-align-compiled[5.5.166~1-013489]:main():gmm-align-compiled.cc:127) CF_Z86ZZA
LOG (gmm-align-compiled[5.5.166~1-013489]:main():gmm-align-compiled.cc:127) CF_ZA
LOG (gmm-align-compiled[5.5.166~1-013489]:main():gmm-align-compiled.cc:127) CF_ZB
LOG (gmm-align-compiled[5.5.166~1-013489]:main():gmm-align-compiled.cc:127) CG_11ZA
LOG (gmm-align-compiled[5.5.166~1-013489]:main():gmm-align-compiled.cc:127) CG_167A
LOG (gmm-align-compiled[5.5.166~1-013489]:main():gmm-align-compiled.cc:127) CG_16ZA
LOG (gmm-align-compiled[5.5.166~1-013489]:main():gmm-align-compiled.cc:127) CG_1834Z88A
LOG (gmm-align-compiled[5.5.166~1-013489]:main():gmm-align-compiled.cc:127) CG_1A
LOG (gmm-align-compiled[5.5.166~1-013489]:main():gmm-align-compiled.cc:127) CG_1B
LOG (gmm-align-compiled[5.5.166~1-013489]:main():gmm-align-compiled.cc:127) CG_1O7OO14A
LOG (gmm-align-compiled[5.5.166~1-013489]:main():gmm-align-compiled.cc:127) CG_21O6941A
LOG (gmm-align-compiled[5.5.166~1-013489]:main():gmm-align-compiled.cc:127) CG_2445OA
LOG (gmm-align-compiled[5.5.166~1-013489]:main():gmm-align-compiled.cc:127) CG_25A
LOG (gmm-align-compiled[5.5.166~1-013489]:main():gmm-align-compiled.cc:127) CG_28828A
LOG (gmm-align-compiled[5.5.166~1-013489]:main():gmm-align-compiled.cc:127) CG_2951Z89A
LOG (gmm-align-compiled[5.5.166~1-013489]:main():gmm-align-compiled.cc:127) CG_2A
LOG (gmm-align-compiled[5.5.166~1-013489]:main():gmm-align-compiled.cc:127) CG_2B
LOG (gmm-align-compiled[5.5.166~1-013489]:main():gmm-align-compiled.cc:127) CG_31A
LOG (gmm-align-compiled[5.5.166~1-013489]:main():gmm-align-compiled.cc:127) CG_3351321A
LOG (gmm-align-compiled[5.5.166~1-013489]:main():gmm-align-compiled.cc:127) CG_33A
LOG (gmm-align-compiled[5.5.166~1-013489]:main():gmm-align-compiled.cc:127) CG_393OA
LOG (gmm-align-compiled[5.5.166~1-013489]:main():gmm-align-compiled.cc:127) CG_3A
LOG (gmm-align-compiled[5.5.166~1-013489]:main():gmm-align-compiled.cc:127) CG_3B
LOG (gmm-align-compiled[5.5.166~1-013489]:main():gmm-align-compiled.cc:127) CG_3Z5ZA
LOG (gmm-align-compiled[5.5.166~1-013489]:main():gmm-align-compiled.cc:127) CG_4385926A
LOG (gmm-align-compiled[5.5.166~1-013489]:main():gmm-align-compiled.cc:127) CG_449A
LOG (gmm-align-compiled[5.5.166~1-013489]:main():gmm-align-compiled.cc:127) CG_4764A
LOG (gmm-align-compiled[5.5.166~1-013489]:main():gmm-align-compiled.cc:127) CG_49ZZ6A
LOG (gmm-align-compiled[5.5.166~1-013489]:main():gmm-align-compiled.cc:127) CG_4A
LOG (gmm-align-compiled[5.5.166~1-013489]:main():gmm-align-compiled.cc:127) CG_4B
LOG (gmm-align-compiled[5.5.166~1-013489]:main():gmm-align-compiled.cc:127) CG_4Z9A
LOG (gmm-align-compiled[5.5.166~1-013489]:main():gmm-align-compiled.cc:127) CG_5379A
LOG (gmm-align-compiled[5.5.166~1-013489]:main():gmm-align-compiled.cc:127) CG_56A
LOG (gmm-align-compiled[5.5.166~1-013489]:main():gmm-align-compiled.cc:127) CG_5857741A
LOG (gmm-align-compiled[5.5.166~1-013489]:main():gmm-align-compiled.cc:127) CG_58911A
LOG (gmm-align-compiled[5.5.166~1-013489]:main():gmm-align-compiled.cc:127) CG_5A
LOG (gmm-align-compiled[5.5.166~1-013489]:main():gmm-align-compiled.cc:127) CG_5B
LOG (gmm-align-compiled[5.5.166~1-013489]:main():gmm-align-compiled.cc:127) CG_5Z5Z7A
LOG (gmm-align-compiled[5.5.166~1-013489]:main():gmm-align-compiled.cc:127) CG_61965A
LOG (gmm-align-compiled[5.5.166~1-013489]:main():gmm-align-compiled.cc:127) CG_622A
LOG (gmm-align-compiled[5.5.166~1-013489]:main():gmm-align-compiled.cc:127) CG_6323A
LOG (gmm-align-compiled[5.5.166~1-013489]:main():gmm-align-compiled.cc:127) CG_666O14OA
LOG (gmm-align-compiled[5.5.166~1-013489]:main():gmm-align-compiled.cc:127) CG_68A
LOG (gmm-align-compiled[5.5.166~1-013489]:main():gmm-align-compiled.cc:127) CG_6A
LOG (gmm-align-compiled[5.5.166~1-013489]:main():gmm-align-compiled.cc:127) CG_6B
LOG (gmm-align-compiled[5.5.166~1-013489]:main():gmm-align-compiled.cc:127) CG_73ZZ4A
LOG (gmm-align-compiled[5.5.166~1-013489]:main():gmm-align-compiled.cc:127) CG_77A
LOG (gmm-align-compiled[5.5.166~1-013489]:main():gmm-align-compiled.cc:127) CG_784A
LOG (gmm-align-compiled[5.5.166~1-013489]:main():gmm-align-compiled.cc:127) CG_797O9A
LOG (gmm-align-compiled[5.5.166~1-013489]:main():gmm-align-compiled.cc:127) CG_7A
LOG (gmm-align-compiled[5.5.166~1-013489]:main():gmm-align-compiled.cc:127) CG_7B
LOG (gmm-align-compiled[5.5.166~1-013489]:main():gmm-align-compiled.cc:127) CG_7O237A
LOG (gmm-align-compiled[5.5.166~1-013489]:main():gmm-align-compiled.cc:127) CG_8125A
LOG (gmm-align-compiled[5.5.166~1-013489]:main():gmm-align-compiled.cc:127) CG_831A
LOG (gmm-align-compiled[5.5.166~1-013489]:main():gmm-align-compiled.cc:127) CG_8A
LOG (gmm-align-compiled[5.5.166~1-013489]:main():gmm-align-compiled.cc:127) CG_8B
LOG (gmm-align-compiled[5.5.166~1-013489]:main():gmm-align-compiled.cc:127) CG_8O52OO5A
LOG (gmm-align-compiled[5.5.166~1-013489]:main():gmm-align-compiled.cc:127) CG_8Z1A
LOG (gmm-align-compiled[5.5.166~1-013489]:main():gmm-align-compiled.cc:127) CG_8Z46A
LOG (gmm-align-compiled[5.5.166~1-013489]:main():gmm-align-compiled.cc:127) CG_93846A
LOG (gmm-align-compiled[5.5.166~1-013489]:main():gmm-align-compiled.cc:127) CG_9542A
LOG (gmm-align-compiled[5.5.166~1-013489]:main():gmm-align-compiled.cc:127) CG_9678A
LOG (gmm-align-compiled[5.5.166~1-013489]:main():gmm-align-compiled.cc:127) CG_99724O6A
LOG (gmm-align-compiled[5.5.166~1-013489]:main():gmm-align-compiled.cc:127) CG_9A
LOG (gmm-align-compiled[5.5.166~1-013489]:main():gmm-align-compiled.cc:127) CG_9B
LOG (gmm-align-compiled[5.5.166~1-013489]:main():gmm-align-compiled.cc:127) CG_9O9A
LOG (gmm-align-compiled[5.5.166~1-013489]:main():gmm-align-compiled.cc:127) CG_O355A
LOG (gmm-align-compiled[5.5.166~1-013489]:main():gmm-align-compiled.cc:127) CG_O4554A
LOG (gmm-align-compiled[5.5.166~1-013489]:main():gmm-align-compiled.cc:127) CG_O86A
LOG (gmm-align-compiled[5.5.166~1-013489]:main():gmm-align-compiled.cc:127) CG_OA
LOG (gmm-align-compiled[5.5.166~1-013489]:main():gmm-align-compiled.cc:127) CG_OB
LOG (gmm-align-compiled[5.5.166~1-013489]:main():gmm-align-compiled.cc:127) CG_OO43652A
LOG (gmm-align-compiled[5.5.166~1-013489]:main():gmm-align-compiled.cc:127) CG_OOA
LOG (gmm-align-compiled[5.5.166~1-013489]:main():gmm-align-compiled.cc:127) CG_Z275A
LOG (gmm-align-compiled[5.5.166~1-013489]:main():gmm-align-compiled.cc:127) CG_Z2A
LOG (gmm-align-compiled[5.5.166~1-013489]:main():gmm-align-compiled.cc:127) CG_Z7A
LOG (gmm-align-compiled[5.5.166~1-013489]:main():gmm-align-compiled.cc:127) CG_Z9A
LOG (gmm-align-compiled[5.5.166~1-013489]:main():gmm-align-compiled.cc:127) CG_ZA
LOG (gmm-align-compiled[5.5.166~1-013489]:main():gmm-align-compiled.cc:127) CG_ZB
LOG (gmm-align-compiled[5.5.166~1-013489]:main():gmm-align-compiled.cc:127) CG_ZZA
LOG (gmm-align-compiled[5.5.166~1-013489]:main():gmm-align-compiled.cc:127) CL_13459A
LOG (gmm-align-compiled[5.5.166~1-013489]:main():gmm-align-compiled.cc:127) CL_1671281A
LOG (gmm-align-compiled[5.5.166~1-013489]:main():gmm-align-compiled.cc:127) CL_1718O61A
LOG (gmm-align-compiled[5.5.166~1-013489]:main():gmm-align-compiled.cc:127) CL_1974A
LOG (gmm-align-compiled[5.5.166~1-013489]:main():gmm-align-compiled.cc:127) CL_1A
LOG (gmm-align-compiled[5.5.166~1-013489]:main():gmm-align-compiled.cc:127) CL_1B
LOG (gmm-align-compiled[5.5.166~1-013489]:main():gmm-align-compiled.cc:127) CL_1O47A
LOG (gmm-align-compiled[5.5.166~1-013489]:main():gmm-align-compiled.cc:127) CL_21139O1A
LOG (gmm-align-compiled[5.5.166~1-013489]:main():gmm-align-compiled.cc:127) CL_23A
LOG (gmm-align-compiled[5.5.166~1-013489]:main():gmm-align-compiled.cc:127) CL_255575ZA
LOG (gmm-align-compiled[5.5.166~1-013489]:main():gmm-align-compiled.cc:127) CL_26A
LOG (gmm-align-compiled[5.5.166~1-013489]:main():gmm-align-compiled.cc:127) CL_2796A
LOG (gmm-align-compiled[5.5.166~1-013489]:main():gmm-align-compiled.cc:127) CL_2A
LOG (gmm-align-compiled[5.5.166~1-013489]:main():gmm-align-compiled.cc:127) CL_2B
LOG (gmm-align-compiled[5.5.166~1-013489]:main():gmm-align-compiled.cc:127) CL_32958A
LOG (gmm-align-compiled[5.5.166~1-013489]:main():gmm-align-compiled.cc:127) CL_383A
LOG (gmm-align-compiled[5.5.166~1-013489]:main():gmm-align-compiled.cc:127) CL_3A
LOG (gmm-align-compiled[5.5.166~1-013489]:main():gmm-align-compiled.cc:127) CL_3B
LOG (gmm-align-compiled[5.5.166~1-013489]:main():gmm-align-compiled.cc:127) CL_3O1O846A
LOG (gmm-align-compiled[5.5.166~1-013489]:main():gmm-align-compiled.cc:127) CL_3OA
LOG (gmm-align-compiled[5.5.166~1-013489]:main():gmm-align-compiled.cc:127) CL_3ZA
LOG (gmm-align-compiled[5.5.166~1-013489]:main():gmm-align-compiled.cc:127) CL_44O2A
LOG (gmm-align-compiled[5.5.166~1-013489]:main():gmm-align-compiled.cc:127) CL_4635A
LOG (gmm-align-compiled[5.5.166~1-013489]:main():gmm-align-compiled.cc:127) CL_48A
LOG (gmm-align-compiled[5.5.166~1-013489]:main():gmm-align-compiled.cc:127) CL_49OA
LOG (gmm-align-compiled[5.5.166~1-013489]:main():gmm-align-compiled.cc:127) CL_4A
LOG (gmm-align-compiled[5.5.166~1-013489]:main():gmm-align-compiled.cc:127) CL_4B
LOG (gmm-align-compiled[5.5.166~1-013489]:main():gmm-align-compiled.cc:127) CL_4OO76OOA
LOG (gmm-align-compiled[5.5.166~1-013489]:main():gmm-align-compiled.cc:127) CL_52335A
LOG (gmm-align-compiled[5.5.166~1-013489]:main():gmm-align-compiled.cc:127) CL_547A
LOG (gmm-align-compiled[5.5.166~1-013489]:main():gmm-align-compiled.cc:127) CL_574A
LOG (gmm-align-compiled[5.5.166~1-013489]:main():gmm-align-compiled.cc:127) CL_59A
LOG (gmm-align-compiled[5.5.166~1-013489]:main():gmm-align-compiled.cc:127) CL_5A
LOG (gmm-align-compiled[5.5.166~1-013489]:main():gmm-align-compiled.cc:127) CL_5B
LOG (gmm-align-compiled[5.5.166~1-013489]:main():gmm-align-compiled.cc:127) CL_5O2OA
LOG (gmm-align-compiled[5.5.166~1-013489]:main():gmm-align-compiled.cc:127) CL_629A
LOG (gmm-align-compiled[5.5.166~1-013489]:main():gmm-align-compiled.cc:127) CL_6366ZA
LOG (gmm-align-compiled[5.5.166~1-013489]:main():gmm-align-compiled.cc:127) CL_6443A
LOG (gmm-align-compiled[5.5.166~1-013489]:main():gmm-align-compiled.cc:127) CL_6516A
LOG (gmm-align-compiled[5.5.166~1-013489]:main():gmm-align-compiled.cc:127) CL_69791ZZA
LOG (gmm-align-compiled[5.5.166~1-013489]:main():gmm-align-compiled.cc:127) CL_6A
LOG (gmm-align-compiled[5.5.166~1-013489]:main():gmm-align-compiled.cc:127) CL_6B
LOG (gmm-align-compiled[5.5.166~1-013489]:main():gmm-align-compiled.cc:127) CL_7268612A
LOG (gmm-align-compiled[5.5.166~1-013489]:main():gmm-align-compiled.cc:127) CL_754A
LOG (gmm-align-compiled[5.5.166~1-013489]:main():gmm-align-compiled.cc:127) CL_76958A
LOG (gmm-align-compiled[5.5.166~1-013489]:main():gmm-align-compiled.cc:127) CL_78362A
LOG (gmm-align-compiled[5.5.166~1-013489]:main():gmm-align-compiled.cc:127) CL_7A
LOG (gmm-align-compiled[5.5.166~1-013489]:main():gmm-align-compiled.cc:127) CL_7B
LOG (gmm-align-compiled[5.5.166~1-013489]:main():gmm-align-compiled.cc:127) CL_7ZZA
LOG (gmm-align-compiled[5.5.166~1-013489]:main():gmm-align-compiled.cc:127) CL_85OO3A
LOG (gmm-align-compiled[5.5.166~1-013489]:main():gmm-align-compiled.cc:127) CL_8689A
LOG (gmm-align-compiled[5.5.166~1-013489]:main():gmm-align-compiled.cc:127) CL_87OO9A
LOG (gmm-align-compiled[5.5.166~1-013489]:main():gmm-align-compiled.cc:127) CL_882A
LOG (gmm-align-compiled[5.5.166~1-013489]:main():gmm-align-compiled.cc:127) CL_8A
LOG (gmm-align-compiled[5.5.166~1-013489]:main():gmm-align-compiled.cc:127) CL_8B
LOG (gmm-align-compiled[5.5.166~1-013489]:main():gmm-align-compiled.cc:127) CL_8ZZZ5Z4A
LOG (gmm-align-compiled[5.5.166~1-013489]:main():gmm-align-compiled.cc:127) CL_92A
LOG (gmm-align-compiled[5.5.166~1-013489]:main():gmm-align-compiled.cc:127) CL_92OA
LOG (gmm-align-compiled[5.5.166~1-013489]:main():gmm-align-compiled.cc:127) CL_933A
LOG (gmm-align-compiled[5.5.166~1-013489]:main():gmm-align-compiled.cc:127) CL_937O78OA
LOG (gmm-align-compiled[5.5.166~1-013489]:main():gmm-align-compiled.cc:127) CL_96A
LOG (gmm-align-compiled[5.5.166~1-013489]:main():gmm-align-compiled.cc:127) CL_9A
LOG (gmm-align-compiled[5.5.166~1-013489]:main():gmm-align-compiled.cc:127) CL_9B
LOG (gmm-align-compiled[5.5.166~1-013489]:main():gmm-align-compiled.cc:127) CL_O388A
LOG (gmm-align-compiled[5.5.166~1-013489]:main():gmm-align-compiled.cc:127) CL_O4A
LOG (gmm-align-compiled[5.5.166~1-013489]:main():gmm-align-compiled.cc:127) CL_O514O84A
LOG (gmm-align-compiled[5.5.166~1-013489]:main():gmm-align-compiled.cc:127) CL_O64A
LOG (gmm-align-compiled[5.5.166~1-013489]:main():gmm-align-compiled.cc:127) CL_O9A
LOG (gmm-align-compiled[5.5.166~1-013489]:main():gmm-align-compiled.cc:127) CL_OA
LOG (gmm-align-compiled[5.5.166~1-013489]:main():gmm-align-compiled.cc:127) CL_OB
LOG (gmm-align-compiled[5.5.166~1-013489]:main():gmm-align-compiled.cc:127) CL_Z1172A
LOG (gmm-align-compiled[5.5.166~1-013489]:main():gmm-align-compiled.cc:127) CL_Z1982A
LOG (gmm-align-compiled[5.5.166~1-013489]:main():gmm-align-compiled.cc:127) CL_Z2273A
LOG (gmm-align-compiled[5.5.166~1-013489]:main():gmm-align-compiled.cc:127) CL_Z5A
LOG (gmm-align-compiled[5.5.166~1-013489]:main():gmm-align-compiled.cc:127) CL_Z673A
LOG (gmm-align-compiled[5.5.166~1-013489]:main():gmm-align-compiled.cc:127) CL_ZA
LOG (gmm-align-compiled[5.5.166~1-013489]:main():gmm-align-compiled.cc:127) CL_ZB
LOG (gmm-align-compiled[5.5.166~1-013489]:main():gmm-align-compiled.cc:127) CM_112O8O1A
LOG (gmm-align-compiled[5.5.166~1-013489]:main():gmm-align-compiled.cc:127) CM_129A
LOG (gmm-align-compiled[5.5.166~1-013489]:main():gmm-align-compiled.cc:127) CM_13A
LOG (gmm-align-compiled[5.5.166~1-013489]:main():gmm-align-compiled.cc:127) CM_16472A
LOG (gmm-align-compiled[5.5.166~1-013489]:main():gmm-align-compiled.cc:127) CM_175A
LOG (gmm-align-compiled[5.5.166~1-013489]:main():gmm-align-compiled.cc:127) CM_1A
LOG (gmm-align-compiled[5.5.166~1-013489]:main():gmm-align-compiled.cc:127) CM_1B
LOG (gmm-align-compiled[5.5.166~1-013489]:main():gmm-align-compiled.cc:127) CM_21A
LOG (gmm-align-compiled[5.5.166~1-013489]:main():gmm-align-compiled.cc:127) CM_2394A
LOG (gmm-align-compiled[5.5.166~1-013489]:main():gmm-align-compiled.cc:127) CM_262A
LOG (gmm-align-compiled[5.5.166~1-013489]:main():gmm-align-compiled.cc:127) CM_29A
LOG (gmm-align-compiled[5.5.166~1-013489]:main():gmm-align-compiled.cc:127) CM_2A
LOG (gmm-align-compiled[5.5.166~1-013489]:main():gmm-align-compiled.cc:127) CM_2B
LOG (gmm-align-compiled[5.5.166~1-013489]:main():gmm-align-compiled.cc:127) CM_2ZA
LOG (gmm-align-compiled[5.5.166~1-013489]:main():gmm-align-compiled.cc:127) CM_31A
LOG (gmm-align-compiled[5.5.166~1-013489]:main():gmm-align-compiled.cc:127) CM_331A
LOG (gmm-align-compiled[5.5.166~1-013489]:main():gmm-align-compiled.cc:127) CM_344A
LOG (gmm-align-compiled[5.5.166~1-013489]:main():gmm-align-compiled.cc:127) CM_3814A
LOG (gmm-align-compiled[5.5.166~1-013489]:main():gmm-align-compiled.cc:127) CM_3936A
LOG (gmm-align-compiled[5.5.166~1-013489]:main():gmm-align-compiled.cc:127) CM_3A
LOG (gmm-align-compiled[5.5.166~1-013489]:main():gmm-align-compiled.cc:127) CM_3B
LOG (gmm-align-compiled[5.5.166~1-013489]:main():gmm-align-compiled.cc:127) CM_41921ZZA
LOG (gmm-align-compiled[5.5.166~1-013489]:main():gmm-align-compiled.cc:127) CM_42ZA
LOG (gmm-align-compiled[5.5.166~1-013489]:main():gmm-align-compiled.cc:127) CM_4519A
LOG (gmm-align-compiled[5.5.166~1-013489]:main():gmm-align-compiled.cc:127) CM_45OA
LOG (gmm-align-compiled[5.5.166~1-013489]:main():gmm-align-compiled.cc:127) CM_49A
LOG (gmm-align-compiled[5.5.166~1-013489]:main():gmm-align-compiled.cc:127) CM_4A
LOG (gmm-align-compiled[5.5.166~1-013489]:main():gmm-align-compiled.cc:127) CM_4B
LOG (gmm-align-compiled[5.5.166~1-013489]:main():gmm-align-compiled.cc:127) CM_51A
LOG (gmm-align-compiled[5.5.166~1-013489]:main():gmm-align-compiled.cc:127) CM_56461A
LOG (gmm-align-compiled[5.5.166~1-013489]:main():gmm-align-compiled.cc:127) CM_579Z918A
LOG (gmm-align-compiled[5.5.166~1-013489]:main():gmm-align-compiled.cc:127) CM_5976A
LOG (gmm-align-compiled[5.5.166~1-013489]:main():gmm-align-compiled.cc:127) CM_5A
LOG (gmm-align-compiled[5.5.166~1-013489]:main():gmm-align-compiled.cc:127) CM_5B
LOG (gmm-align-compiled[5.5.166~1-013489]:main():gmm-align-compiled.cc:127) CM_5O61OO5A
LOG (gmm-align-compiled[5.5.166~1-013489]:main():gmm-align-compiled.cc:127) CM_6595ZA
LOG (gmm-align-compiled[5.5.166~1-013489]:main():gmm-align-compiled.cc:127) CM_688928ZA
LOG (gmm-align-compiled[5.5.166~1-013489]:main():gmm-align-compiled.cc:127) CM_6937153A
LOG (gmm-align-compiled[5.5.166~1-013489]:main():gmm-align-compiled.cc:127) CM_69Z66Z3A
LOG (gmm-align-compiled[5.5.166~1-013489]:main():gmm-align-compiled.cc:127) CM_6A
LOG (gmm-align-compiled[5.5.166~1-013489]:main():gmm-align-compiled.cc:127) CM_6B
LOG (gmm-align-compiled[5.5.166~1-013489]:main():gmm-align-compiled.cc:127) CM_6Z153A
LOG (gmm-align-compiled[5.5.166~1-013489]:main():gmm-align-compiled.cc:127) CM_74A
LOG (gmm-align-compiled[5.5.166~1-013489]:main():gmm-align-compiled.cc:127) CM_7734Z83A
LOG (gmm-align-compiled[5.5.166~1-013489]:main():gmm-align-compiled.cc:127) CM_78427A
LOG (gmm-align-compiled[5.5.166~1-013489]:main():gmm-align-compiled.cc:127) CM_7A
LOG (gmm-align-compiled[5.5.166~1-013489]:main():gmm-align-compiled.cc:127) CM_7B
LOG (gmm-align-compiled[5.5.166~1-013489]:main():gmm-align-compiled.cc:127) CM_7Z375A
LOG (gmm-align-compiled[5.5.166~1-013489]:main():gmm-align-compiled.cc:127) CM_7Z55A
LOG (gmm-align-compiled[5.5.166~1-013489]:main():gmm-align-compiled.cc:127) CM_811A
LOG (gmm-align-compiled[5.5.166~1-013489]:main():gmm-align-compiled.cc:127) CM_85632A
LOG (gmm-align-compiled[5.5.166~1-013489]:main():gmm-align-compiled.cc:127) CM_8674A
LOG (gmm-align-compiled[5.5.166~1-013489]:main():gmm-align-compiled.cc:127) CM_8676633A
LOG (gmm-align-compiled[5.5.166~1-013489]:main():gmm-align-compiled.cc:127) CM_8A
LOG (gmm-align-compiled[5.5.166~1-013489]:main():gmm-align-compiled.cc:127) CM_8B
LOG (gmm-align-compiled[5.5.166~1-013489]:main():gmm-align-compiled.cc:127) CM_8OA
LOG (gmm-align-compiled[5.5.166~1-013489]:main():gmm-align-compiled.cc:127) CM_9526A
LOG (gmm-align-compiled[5.5.166~1-013489]:main():gmm-align-compiled.cc:127) CM_96A
LOG (gmm-align-compiled[5.5.166~1-013489]:main():gmm-align-compiled.cc:127) CM_987OA
LOG (gmm-align-compiled[5.5.166~1-013489]:main():gmm-align-compiled.cc:127) CM_99O6A
LOG (gmm-align-compiled[5.5.166~1-013489]:main():gmm-align-compiled.cc:127) CM_9A
LOG (gmm-align-compiled[5.5.166~1-013489]:main():gmm-align-compiled.cc:127) CM_9B
LOG (gmm-align-compiled[5.5.166~1-013489]:main():gmm-align-compiled.cc:127) CM_9O4O1A
LOG (gmm-align-compiled[5.5.166~1-013489]:main():gmm-align-compiled.cc:127) CM_O22773OA
LOG (gmm-align-compiled[5.5.166~1-013489]:main():gmm-align-compiled.cc:127) CM_O3OA
LOG (gmm-align-compiled[5.5.166~1-013489]:main():gmm-align-compiled.cc:127) CM_O7898A
LOG (gmm-align-compiled[5.5.166~1-013489]:main():gmm-align-compiled.cc:127) CM_O943A
LOG (gmm-align-compiled[5.5.166~1-013489]:main():gmm-align-compiled.cc:127) CM_OA
LOG (gmm-align-compiled[5.5.166~1-013489]:main():gmm-align-compiled.cc:127) CM_OB
LOG (gmm-align-compiled[5.5.166~1-013489]:main():gmm-align-compiled.cc:127) CM_OO718A
LOG (gmm-align-compiled[5.5.166~1-013489]:main():gmm-align-compiled.cc:127) CM_Z16A
LOG (gmm-align-compiled[5.5.166~1-013489]:main():gmm-align-compiled.cc:127) CM_Z48Z57ZA
LOG (gmm-align-compiled[5.5.166~1-013489]:main():gmm-align-compiled.cc:127) CM_Z79A
LOG (gmm-align-compiled[5.5.166~1-013489]:main():gmm-align-compiled.cc:127) CM_Z8A
LOG (gmm-align-compiled[5.5.166~1-013489]:main():gmm-align-compiled.cc:127) CM_Z9725A
LOG (gmm-align-compiled[5.5.166~1-013489]:main():gmm-align-compiled.cc:127) CM_ZA
LOG (gmm-align-compiled[5.5.166~1-013489]:main():gmm-align-compiled.cc:127) CM_ZB
LOG (gmm-align-compiled[5.5.166~1-013489]:main():gmm-align-compiled.cc:127) CR_1171889A
LOG (gmm-align-compiled[5.5.166~1-013489]:main():gmm-align-compiled.cc:127) CR_126A
LOG (gmm-align-compiled[5.5.166~1-013489]:main():gmm-align-compiled.cc:127) CR_1577391A
LOG (gmm-align-compiled[5.5.166~1-013489]:main():gmm-align-compiled.cc:127) CR_161O567A
LOG (gmm-align-compiled[5.5.166~1-013489]:main():gmm-align-compiled.cc:127) CR_19A
LOG (gmm-align-compiled[5.5.166~1-013489]:main():gmm-align-compiled.cc:127) CR_1A
LOG (gmm-align-compiled[5.5.166~1-013489]:main():gmm-align-compiled.cc:127) CR_1B
LOG (gmm-align-compiled[5.5.166~1-013489]:main():gmm-align-compiled.cc:127) CR_25283A
LOG (gmm-align-compiled[5.5.166~1-013489]:main():gmm-align-compiled.cc:127) CR_2829A
LOG (gmm-align-compiled[5.5.166~1-013489]:main():gmm-align-compiled.cc:127) CR_2A
LOG (gmm-align-compiled[5.5.166~1-013489]:main():gmm-align-compiled.cc:127) CR_2B
LOG (gmm-align-compiled[5.5.166~1-013489]:main():gmm-align-compiled.cc:127) CR_2O9O987A
LOG (gmm-align-compiled[5.5.166~1-013489]:main():gmm-align-compiled.cc:127) CR_2Z61858A
LOG (gmm-align-compiled[5.5.166~1-013489]:main():gmm-align-compiled.cc:127) CR_2Z7A
LOG (gmm-align-compiled[5.5.166~1-013489]:main():gmm-align-compiled.cc:127) CR_32A
LOG (gmm-align-compiled[5.5.166~1-013489]:main():gmm-align-compiled.cc:127) CR_35Z29A
LOG (gmm-align-compiled[5.5.166~1-013489]:main():gmm-align-compiled.cc:127) CR_38A
LOG (gmm-align-compiled[5.5.166~1-013489]:main():gmm-align-compiled.cc:127) CR_39A
LOG (gmm-align-compiled[5.5.166~1-013489]:main():gmm-align-compiled.cc:127) CR_3A
LOG (gmm-align-compiled[5.5.166~1-013489]:main():gmm-align-compiled.cc:127) CR_3B
LOG (gmm-align-compiled[5.5.166~1-013489]:main():gmm-align-compiled.cc:127) CR_3OO43A
LOG (gmm-align-compiled[5.5.166~1-013489]:main():gmm-align-compiled.cc:127) CR_45OO2A
LOG (gmm-align-compiled[5.5.166~1-013489]:main():gmm-align-compiled.cc:127) CR_486OA
LOG (gmm-align-compiled[5.5.166~1-013489]:main():gmm-align-compiled.cc:127) CR_49O69A
LOG (gmm-align-compiled[5.5.166~1-013489]:main():gmm-align-compiled.cc:127) CR_4A
LOG (gmm-align-compiled[5.5.166~1-013489]:main():gmm-align-compiled.cc:127) CR_4B
LOG (gmm-align-compiled[5.5.166~1-013489]:main():gmm-align-compiled.cc:127) CR_4OOA
LOG (gmm-align-compiled[5.5.166~1-013489]:main():gmm-align-compiled.cc:127) CR_4Z3363ZA
LOG (gmm-align-compiled[5.5.166~1-013489]:main():gmm-align-compiled.cc:127) CR_513A
LOG (gmm-align-compiled[5.5.166~1-013489]:main():gmm-align-compiled.cc:127) CR_534A
LOG (gmm-align-compiled[5.5.166~1-013489]:main():gmm-align-compiled.cc:127) CR_54923A
LOG (gmm-align-compiled[5.5.166~1-013489]:main():gmm-align-compiled.cc:127) CR_5941484A
LOG (gmm-align-compiled[5.5.166~1-013489]:main():gmm-align-compiled.cc:127) CR_5A
LOG (gmm-align-compiled[5.5.166~1-013489]:main():gmm-align-compiled.cc:127) CR_5B
LOG (gmm-align-compiled[5.5.166~1-013489]:main():gmm-align-compiled.cc:127) CR_5Z168A
LOG (gmm-align-compiled[5.5.166~1-013489]:main():gmm-align-compiled.cc:127) CR_658ZA
LOG (gmm-align-compiled[5.5.166~1-013489]:main():gmm-align-compiled.cc:127) CR_67Z93A
LOG (gmm-align-compiled[5.5.166~1-013489]:main():gmm-align-compiled.cc:127) CR_6811A
LOG (gmm-align-compiled[5.5.166~1-013489]:main():gmm-align-compiled.cc:127) CR_6989642A
LOG (gmm-align-compiled[5.5.166~1-013489]:main():gmm-align-compiled.cc:127) CR_6A
LOG (gmm-align-compiled[5.5.166~1-013489]:main():gmm-align-compiled.cc:127) CR_6B
LOG (gmm-align-compiled[5.5.166~1-013489]:main():gmm-align-compiled.cc:127) CR_6ZA
LOG (gmm-align-compiled[5.5.166~1-013489]:main():gmm-align-compiled.cc:127) CR_71A
LOG (gmm-align-compiled[5.5.166~1-013489]:main():gmm-align-compiled.cc:127) CR_721A
LOG (gmm-align-compiled[5.5.166~1-013489]:main():gmm-align-compiled.cc:127) CR_7465A
LOG (gmm-align-compiled[5.5.166~1-013489]:main():gmm-align-compiled.cc:127) CR_783A
LOG (gmm-align-compiled[5.5.166~1-013489]:main():gmm-align-compiled.cc:127) CR_7A
LOG (gmm-align-compiled[5.5.166~1-013489]:main():gmm-align-compiled.cc:127) CR_7B
LOG (gmm-align-compiled[5.5.166~1-013489]:main():gmm-align-compiled.cc:127) CR_7O7A
LOG (gmm-align-compiled[5.5.166~1-013489]:main():gmm-align-compiled.cc:127) CR_8194126A
LOG (gmm-align-compiled[5.5.166~1-013489]:main():gmm-align-compiled.cc:127) CR_821A
LOG (gmm-align-compiled[5.5.166~1-013489]:main():gmm-align-compiled.cc:127) CR_88Z57A
LOG (gmm-align-compiled[5.5.166~1-013489]:main():gmm-align-compiled.cc:127) CR_8A
LOG (gmm-align-compiled[5.5.166~1-013489]:main():gmm-align-compiled.cc:127) CR_8B
LOG (gmm-align-compiled[5.5.166~1-013489]:main():gmm-align-compiled.cc:127) CR_8O2A
LOG (gmm-align-compiled[5.5.166~1-013489]:main():gmm-align-compiled.cc:127) CR_8O8A
LOG (gmm-align-compiled[5.5.166~1-013489]:main():gmm-align-compiled.cc:127) CR_91A
LOG (gmm-align-compiled[5.5.166~1-013489]:main():gmm-align-compiled.cc:127) CR_931Z1A
LOG (gmm-align-compiled[5.5.166~1-013489]:main():gmm-align-compiled.cc:127) CR_95A
LOG (gmm-align-compiled[5.5.166~1-013489]:main():gmm-align-compiled.cc:127) CR_96662A
LOG (gmm-align-compiled[5.5.166~1-013489]:main():gmm-align-compiled.cc:127) CR_9A
LOG (gmm-align-compiled[5.5.166~1-013489]:main():gmm-align-compiled.cc:127) CR_9B
LOG (gmm-align-compiled[5.5.166~1-013489]:main():gmm-align-compiled.cc:127) CR_O1A
LOG (gmm-align-compiled[5.5.166~1-013489]:main():gmm-align-compiled.cc:127) CR_O3OOA
LOG (gmm-align-compiled[5.5.166~1-013489]:main():gmm-align-compiled.cc:127) CR_O556A
LOG (gmm-align-compiled[5.5.166~1-013489]:main():gmm-align-compiled.cc:127) CR_O6A
LOG (gmm-align-compiled[5.5.166~1-013489]:main():gmm-align-compiled.cc:127) CR_O8A
LOG (gmm-align-compiled[5.5.166~1-013489]:main():gmm-align-compiled.cc:127) CR_O932A
LOG (gmm-align-compiled[5.5.166~1-013489]:main():gmm-align-compiled.cc:127) CR_OA
LOG (gmm-align-compiled[5.5.166~1-013489]:main():gmm-align-compiled.cc:127) CR_OB
LOG (gmm-align-compiled[5.5.166~1-013489]:main():gmm-align-compiled.cc:127) CR_Z277A
LOG (gmm-align-compiled[5.5.166~1-013489]:main():gmm-align-compiled.cc:127) CR_Z384359A
LOG (gmm-align-compiled[5.5.166~1-013489]:main():gmm-align-compiled.cc:127) CR_Z47Z997A
LOG (gmm-align-compiled[5.5.166~1-013489]:main():gmm-align-compiled.cc:127) CR_Z754A
LOG (gmm-align-compiled[5.5.166~1-013489]:main():gmm-align-compiled.cc:127) CR_ZA
LOG (gmm-align-compiled[5.5.166~1-013489]:main():gmm-align-compiled.cc:127) CR_ZB
LOG (gmm-align-compiled[5.5.166~1-013489]:main():gmm-align-compiled.cc:127) CR_ZZ44A
LOG (gmm-align-compiled[5.5.166~1-013489]:main():gmm-align-compiled.cc:127) DC_1535A
LOG (gmm-align-compiled[5.5.166~1-013489]:main():gmm-align-compiled.cc:127) DC_166O17OA
LOG (gmm-align-compiled[5.5.166~1-013489]:main():gmm-align-compiled.cc:127) DC_1962A
LOG (gmm-align-compiled[5.5.166~1-013489]:main():gmm-align-compiled.cc:127) DC_1A
LOG (gmm-align-compiled[5.5.166~1-013489]:main():gmm-align-compiled.cc:127) DC_1B
LOG (gmm-align-compiled[5.5.166~1-013489]:main():gmm-align-compiled.cc:127) DC_1ZA
LOG (gmm-align-compiled[5.5.166~1-013489]:main():gmm-align-compiled.cc:127) DC_1ZZA
LOG (gmm-align-compiled[5.5.166~1-013489]:main():gmm-align-compiled.cc:127) DC_22742A
LOG (gmm-align-compiled[5.5.166~1-013489]:main():gmm-align-compiled.cc:127) DC_24A
LOG (gmm-align-compiled[5.5.166~1-013489]:main():gmm-align-compiled.cc:127) DC_285O549A
LOG (gmm-align-compiled[5.5.166~1-013489]:main():gmm-align-compiled.cc:127) DC_297Z4A
LOG (gmm-align-compiled[5.5.166~1-013489]:main():gmm-align-compiled.cc:127) DC_2A
LOG (gmm-align-compiled[5.5.166~1-013489]:main():gmm-align-compiled.cc:127) DC_2B
LOG (gmm-align-compiled[5.5.166~1-013489]:main():gmm-align-compiled.cc:127) DC_2Z77A
LOG (gmm-align-compiled[5.5.166~1-013489]:main():gmm-align-compiled.cc:127) DC_33A
LOG (gmm-align-compiled[5.5.166~1-013489]:main():gmm-align-compiled.cc:127) DC_3491O7OA
LOG (gmm-align-compiled[5.5.166~1-013489]:main():gmm-align-compiled.cc:127) DC_36765A
LOG (gmm-align-compiled[5.5.166~1-013489]:main():gmm-align-compiled.cc:127) DC_373A
LOG (gmm-align-compiled[5.5.166~1-013489]:main():gmm-align-compiled.cc:127) DC_3A
LOG (gmm-align-compiled[5.5.166~1-013489]:main():gmm-align-compiled.cc:127) DC_3B
LOG (gmm-align-compiled[5.5.166~1-013489]:main():gmm-align-compiled.cc:127) DC_3OO67A
LOG (gmm-align-compiled[5.5.166~1-013489]:main():gmm-align-compiled.cc:127) DC_4129A
LOG (gmm-align-compiled[5.5.166~1-013489]:main():gmm-align-compiled.cc:127) DC_43ZA
LOG (gmm-align-compiled[5.5.166~1-013489]:main():gmm-align-compiled.cc:127) DC_448A
LOG (gmm-align-compiled[5.5.166~1-013489]:main():gmm-align-compiled.cc:127) DC_46235A
LOG (gmm-align-compiled[5.5.166~1-013489]:main():gmm-align-compiled.cc:127) DC_4A
LOG (gmm-align-compiled[5.5.166~1-013489]:main():gmm-align-compiled.cc:127) DC_4B
LOG (gmm-align-compiled[5.5.166~1-013489]:main():gmm-align-compiled.cc:127) DC_4Z98Z72A
LOG (gmm-align-compiled[5.5.166~1-013489]:main():gmm-align-compiled.cc:127) DC_5389Z65A
LOG (gmm-align-compiled[5.5.166~1-013489]:main():gmm-align-compiled.cc:127) DC_545A
LOG (gmm-align-compiled[5.5.166~1-013489]:main():gmm-align-compiled.cc:127) DC_55618A
LOG (gmm-align-compiled[5.5.166~1-013489]:main():gmm-align-compiled.cc:127) DC_578242OA
LOG (gmm-align-compiled[5.5.166~1-013489]:main():gmm-align-compiled.cc:127) DC_59Z5A
LOG (gmm-align-compiled[5.5.166~1-013489]:main():gmm-align-compiled.cc:127) DC_5A
LOG (gmm-align-compiled[5.5.166~1-013489]:main():gmm-align-compiled.cc:127) DC_5B
LOG (gmm-align-compiled[5.5.166~1-013489]:main():gmm-align-compiled.cc:127) DC_6384A
LOG (gmm-align-compiled[5.5.166~1-013489]:main():gmm-align-compiled.cc:127) DC_63A
LOG (gmm-align-compiled[5.5.166~1-013489]:main():gmm-align-compiled.cc:127) DC_64O9A
LOG (gmm-align-compiled[5.5.166~1-013489]:main():gmm-align-compiled.cc:127) DC_6861731A
LOG (gmm-align-compiled[5.5.166~1-013489]:main():gmm-align-compiled.cc:127) DC_6A
LOG (gmm-align-compiled[5.5.166~1-013489]:main():gmm-align-compiled.cc:127) DC_6B
LOG (gmm-align-compiled[5.5.166~1-013489]:main():gmm-align-compiled.cc:127) DC_6ZA
LOG (gmm-align-compiled[5.5.166~1-013489]:main():gmm-align-compiled.cc:127) DC_751A
LOG (gmm-align-compiled[5.5.166~1-013489]:main():gmm-align-compiled.cc:127) DC_76ZA
LOG (gmm-align-compiled[5.5.166~1-013489]:main():gmm-align-compiled.cc:127) DC_77A
LOG (gmm-align-compiled[5.5.166~1-013489]:main():gmm-align-compiled.cc:127) DC_783A
LOG (gmm-align-compiled[5.5.166~1-013489]:main():gmm-align-compiled.cc:127) DC_79913O6A
LOG (gmm-align-compiled[5.5.166~1-013489]:main():gmm-align-compiled.cc:127) DC_7A
LOG (gmm-align-compiled[5.5.166~1-013489]:main():gmm-align-compiled.cc:127) DC_7B
LOG (gmm-align-compiled[5.5.166~1-013489]:main():gmm-align-compiled.cc:127) DC_815522ZA
LOG (gmm-align-compiled[5.5.166~1-013489]:main():gmm-align-compiled.cc:127) DC_82A
LOG (gmm-align-compiled[5.5.166~1-013489]:main():gmm-align-compiled.cc:127) DC_87194A
LOG (gmm-align-compiled[5.5.166~1-013489]:main():gmm-align-compiled.cc:127) DC_8746A
LOG (gmm-align-compiled[5.5.166~1-013489]:main():gmm-align-compiled.cc:127) DC_884Z8A
LOG (gmm-align-compiled[5.5.166~1-013489]:main():gmm-align-compiled.cc:127) DC_8A
LOG (gmm-align-compiled[5.5.166~1-013489]:main():gmm-align-compiled.cc:127) DC_8B
LOG (gmm-align-compiled[5.5.166~1-013489]:main():gmm-align-compiled.cc:127) DC_927A
LOG (gmm-align-compiled[5.5.166~1-013489]:main():gmm-align-compiled.cc:127) DC_932A
LOG (gmm-align-compiled[5.5.166~1-013489]:main():gmm-align-compiled.cc:127) DC_95Z3A
LOG (gmm-align-compiled[5.5.166~1-013489]:main():gmm-align-compiled.cc:127) DC_98Z8ZA
LOG (gmm-align-compiled[5.5.166~1-013489]:main():gmm-align-compiled.cc:127) DC_9A
LOG (gmm-align-compiled[5.5.166~1-013489]:main():gmm-align-compiled.cc:127) DC_9B
LOG (gmm-align-compiled[5.5.166~1-013489]:main():gmm-align-compiled.cc:127) DC_9O14A
LOG (gmm-align-compiled[5.5.166~1-013489]:main():gmm-align-compiled.cc:127) DC_O26A
LOG (gmm-align-compiled[5.5.166~1-013489]:main():gmm-align-compiled.cc:127) DC_O37OA
LOG (gmm-align-compiled[5.5.166~1-013489]:main():gmm-align-compiled.cc:127) DC_O859792A
LOG (gmm-align-compiled[5.5.166~1-013489]:main():gmm-align-compiled.cc:127) DC_O9A
LOG (gmm-align-compiled[5.5.166~1-013489]:main():gmm-align-compiled.cc:127) DC_OA
LOG (gmm-align-compiled[5.5.166~1-013489]:main():gmm-align-compiled.cc:127) DC_OB
LOG (gmm-align-compiled[5.5.166~1-013489]:main():gmm-align-compiled.cc:127) DC_OOA
LOG (gmm-align-compiled[5.5.166~1-013489]:main():gmm-align-compiled.cc:127) DC_Z2581A
LOG (gmm-align-compiled[5.5.166~1-013489]:main():gmm-align-compiled.cc:127) DC_Z3A
LOG (gmm-align-compiled[5.5.166~1-013489]:main():gmm-align-compiled.cc:127) DC_Z4A
LOG (gmm-align-compiled[5.5.166~1-013489]:main():gmm-align-compiled.cc:127) DC_Z5ZZZA
LOG (gmm-align-compiled[5.5.166~1-013489]:main():gmm-align-compiled.cc:127) DC_Z69ZZ93A
LOG (gmm-align-compiled[5.5.166~1-013489]:main():gmm-align-compiled.cc:127) DC_ZA
LOG (gmm-align-compiled[5.5.166~1-013489]:main():gmm-align-compiled.cc:127) DC_ZB
LOG (gmm-align-compiled[5.5.166~1-013489]:main():gmm-align-compiled.cc:127) DG_1178432A
LOG (gmm-align-compiled[5.5.166~1-013489]:main():gmm-align-compiled.cc:127) DG_181Z6A
LOG (gmm-align-compiled[5.5.166~1-013489]:main():gmm-align-compiled.cc:127) DG_1889538A
LOG (gmm-align-compiled[5.5.166~1-013489]:main():gmm-align-compiled.cc:127) DG_19A
LOG (gmm-align-compiled[5.5.166~1-013489]:main():gmm-align-compiled.cc:127) DG_1A
LOG (gmm-align-compiled[5.5.166~1-013489]:main():gmm-align-compiled.cc:127) DG_1B
LOG (gmm-align-compiled[5.5.166~1-013489]:main():gmm-align-compiled.cc:127) DG_1OA
LOG (gmm-align-compiled[5.5.166~1-013489]:main():gmm-align-compiled.cc:127) DG_23Z2429A
LOG (gmm-align-compiled[5.5.166~1-013489]:main():gmm-align-compiled.cc:127) DG_267A
LOG (gmm-align-compiled[5.5.166~1-013489]:main():gmm-align-compiled.cc:127) DG_29A
LOG (gmm-align-compiled[5.5.166~1-013489]:main():gmm-align-compiled.cc:127) DG_2A
LOG (gmm-align-compiled[5.5.166~1-013489]:main():gmm-align-compiled.cc:127) DG_2B
LOG (gmm-align-compiled[5.5.166~1-013489]:main():gmm-align-compiled.cc:127) DG_2O483O4A
LOG (gmm-align-compiled[5.5.166~1-013489]:main():gmm-align-compiled.cc:127) DG_2Z71A
LOG (gmm-align-compiled[5.5.166~1-013489]:main():gmm-align-compiled.cc:127) DG_34377A
LOG (gmm-align-compiled[5.5.166~1-013489]:main():gmm-align-compiled.cc:127) DG_34A
LOG (gmm-align-compiled[5.5.166~1-013489]:main():gmm-align-compiled.cc:127) DG_3567A
LOG (gmm-align-compiled[5.5.166~1-013489]:main():gmm-align-compiled.cc:127) DG_393A
LOG (gmm-align-compiled[5.5.166~1-013489]:main():gmm-align-compiled.cc:127) DG_3A
LOG (gmm-align-compiled[5.5.166~1-013489]:main():gmm-align-compiled.cc:127) DG_3B
LOG (gmm-align-compiled[5.5.166~1-013489]:main():gmm-align-compiled.cc:127) DG_3ZZ7Z19A
LOG (gmm-align-compiled[5.5.166~1-013489]:main():gmm-align-compiled.cc:127) DG_4132A
LOG (gmm-align-compiled[5.5.166~1-013489]:main():gmm-align-compiled.cc:127) DG_4268OO9A
LOG (gmm-align-compiled[5.5.166~1-013489]:main():gmm-align-compiled.cc:127) DG_459ZA
LOG (gmm-align-compiled[5.5.166~1-013489]:main():gmm-align-compiled.cc:127) DG_472A
LOG (gmm-align-compiled[5.5.166~1-013489]:main():gmm-align-compiled.cc:127) DG_498A
LOG (gmm-align-compiled[5.5.166~1-013489]:main():gmm-align-compiled.cc:127) DG_4A
LOG (gmm-align-compiled[5.5.166~1-013489]:main():gmm-align-compiled.cc:127) DG_4B
LOG (gmm-align-compiled[5.5.166~1-013489]:main():gmm-align-compiled.cc:127) DG_5163355A
LOG (gmm-align-compiled[5.5.166~1-013489]:main():gmm-align-compiled.cc:127) DG_5278A
LOG (gmm-align-compiled[5.5.166~1-013489]:main():gmm-align-compiled.cc:127) DG_54O15A
LOG (gmm-align-compiled[5.5.166~1-013489]:main():gmm-align-compiled.cc:127) DG_5575O39A
LOG (gmm-align-compiled[5.5.166~1-013489]:main():gmm-align-compiled.cc:127) DG_5857A
LOG (gmm-align-compiled[5.5.166~1-013489]:main():gmm-align-compiled.cc:127) DG_5A
LOG (gmm-align-compiled[5.5.166~1-013489]:main():gmm-align-compiled.cc:127) DG_5B
LOG (gmm-align-compiled[5.5.166~1-013489]:main():gmm-align-compiled.cc:127) DG_61486A
LOG (gmm-align-compiled[5.5.166~1-013489]:main():gmm-align-compiled.cc:127) DG_66ZA
LOG (gmm-align-compiled[5.5.166~1-013489]:main():gmm-align-compiled.cc:127) DG_6925A
LOG (gmm-align-compiled[5.5.166~1-013489]:main():gmm-align-compiled.cc:127) DG_6A
LOG (gmm-align-compiled[5.5.166~1-013489]:main():gmm-align-compiled.cc:127) DG_6B
LOG (gmm-align-compiled[5.5.166~1-013489]:main():gmm-align-compiled.cc:127) DG_6OA
LOG (gmm-align-compiled[5.5.166~1-013489]:main():gmm-align-compiled.cc:127) DG_6ZA
LOG (gmm-align-compiled[5.5.166~1-013489]:main():gmm-align-compiled.cc:127) DG_711A
LOG (gmm-align-compiled[5.5.166~1-013489]:main():gmm-align-compiled.cc:127) DG_74OA
LOG (gmm-align-compiled[5.5.166~1-013489]:main():gmm-align-compiled.cc:127) DG_751A
LOG (gmm-align-compiled[5.5.166~1-013489]:main():gmm-align-compiled.cc:127) DG_762O8A
LOG (gmm-align-compiled[5.5.166~1-013489]:main():gmm-align-compiled.cc:127) DG_7936A
LOG (gmm-align-compiled[5.5.166~1-013489]:main():gmm-align-compiled.cc:127) DG_7A
LOG (gmm-align-compiled[5.5.166~1-013489]:main():gmm-align-compiled.cc:127) DG_7B
LOG (gmm-align-compiled[5.5.166~1-013489]:main():gmm-align-compiled.cc:127) DG_82858A
LOG (gmm-align-compiled[5.5.166~1-013489]:main():gmm-align-compiled.cc:127) DG_862441ZA
LOG (gmm-align-compiled[5.5.166~1-013489]:main():gmm-align-compiled.cc:127) DG_8763A
LOG (gmm-align-compiled[5.5.166~1-013489]:main():gmm-align-compiled.cc:127) DG_8A
LOG (gmm-align-compiled[5.5.166~1-013489]:main():gmm-align-compiled.cc:127) DG_8B
LOG (gmm-align-compiled[5.5.166~1-013489]:main():gmm-align-compiled.cc:127) DG_8OO12A
LOG (gmm-align-compiled[5.5.166~1-013489]:main():gmm-align-compiled.cc:127) DG_8ZA
LOG (gmm-align-compiled[5.5.166~1-013489]:main():gmm-align-compiled.cc:127) DG_91A
LOG (gmm-align-compiled[5.5.166~1-013489]:main():gmm-align-compiled.cc:127) DG_946A
LOG (gmm-align-compiled[5.5.166~1-013489]:main():gmm-align-compiled.cc:127) DG_99A
LOG (gmm-align-compiled[5.5.166~1-013489]:main():gmm-align-compiled.cc:127) DG_9A
LOG (gmm-align-compiled[5.5.166~1-013489]:main():gmm-align-compiled.cc:127) DG_9B
LOG (gmm-align-compiled[5.5.166~1-013489]:main():gmm-align-compiled.cc:127) DG_9O549A
LOG (gmm-align-compiled[5.5.166~1-013489]:main():gmm-align-compiled.cc:127) DG_9OA
LOG (gmm-align-compiled[5.5.166~1-013489]:main():gmm-align-compiled.cc:127) DG_O65A
LOG (gmm-align-compiled[5.5.166~1-013489]:main():gmm-align-compiled.cc:127) DG_O74O9A
LOG (gmm-align-compiled[5.5.166~1-013489]:main():gmm-align-compiled.cc:127) DG_O813A
LOG (gmm-align-compiled[5.5.166~1-013489]:main():gmm-align-compiled.cc:127) DG_OA
LOG (apply-cmvn[5.5.166~1-013489]:main():apply-cmvn.cc:162) Applied cepstral mean normalization to 539 utterances, errors on 0
LOG (gmm-align-compiled[5.5.166~1-013489]:main():gmm-align-compiled.cc:127) DG_OB
LOG (gmm-align-compiled[5.5.166~1-013489]:main():gmm-align-compiled.cc:127) DG_OO27O2OA
LOG (compile-train-graphs[5.5.166~1-013489]:main():compile-train-graphs.cc:147) compile-train-graphs: succeeded for 539 graphs, failed for 0
LOG (gmm-align-compiled[5.5.166~1-013489]:main():gmm-align-compiled.cc:127) DG_OO73A
LOG (gmm-align-compiled[5.5.166~1-013489]:main():gmm-align-compiled.cc:127) DG_Z216ZA
LOG (gmm-align-compiled[5.5.166~1-013489]:main():gmm-align-compiled.cc:127) DG_Z4528A
LOG (gmm-align-compiled[5.5.166~1-013489]:main():gmm-align-compiled.cc:127) DG_Z5A
LOG (gmm-align-compiled[5.5.166~1-013489]:main():gmm-align-compiled.cc:127) DG_Z5ZA
LOG (gmm-align-compiled[5.5.166~1-013489]:main():gmm-align-compiled.cc:127) DG_Z614773A
LOG (gmm-align-compiled[5.5.166~1-013489]:main():gmm-align-compiled.cc:127) DG_ZA
LOG (gmm-align-compiled[5.5.166~1-013489]:main():gmm-align-compiled.cc:127) DG_ZB
LOG (gmm-align-compiled[5.5.166~1-013489]:main():gmm-align-compiled.cc:135) Overall log-likelihood per frame is -89.9207 over 94496 frames.
LOG (gmm-align-compiled[5.5.166~1-013489]:main():gmm-align-compiled.cc:137) Retried 0 out of 539 utterances.
LOG (gmm-align-compiled[5.5.166~1-013489]:main():gmm-align-compiled.cc:139) Done 539, errors on 0
# Accounting: time=2 threads=1
# Ended (code 0) at Mon Dec  2 01:28:55 CST 2019, elapsed time 2 seconds
