# compute-mfcc-feats --verbose=2 --config=conf/mfcc.conf scp,p:exp/make_mfcc/train/wav_train.7.scp ark:- | copy-feats --compress=true ark:- ark,scp:/home/jincheng/SMIIP_1ST_HW/mfcc/raw_mfcc_train.7.ark,/home/jincheng/SMIIP_1ST_HW/mfcc/raw_mfcc_train.7.scp 
# Started at Thu Dec  5 00:50:15 CST 2019
#
copy-feats --compress=true ark:- ark,scp:/home/jincheng/SMIIP_1ST_HW/mfcc/raw_mfcc_train.7.ark,/home/jincheng/SMIIP_1ST_HW/mfcc/raw_mfcc_train.7.scp 
compute-mfcc-feats --verbose=2 --config=conf/mfcc.conf scp,p:exp/make_mfcc/train/wav_train.7.scp ark:- 
VLOG[2] (compute-mfcc-feats[5.5.166~1-013489]:main():compute-mfcc-feats.cc:173) Processed features for key GT_153Z4A
VLOG[2] (compute-mfcc-feats[5.5.166~1-013489]:main():compute-mfcc-feats.cc:173) Processed features for key GT_17914A
VLOG[2] (compute-mfcc-feats[5.5.166~1-013489]:main():compute-mfcc-feats.cc:173) Processed features for key GT_1A
VLOG[2] (compute-mfcc-feats[5.5.166~1-013489]:main():compute-mfcc-feats.cc:173) Processed features for key GT_1B
VLOG[2] (compute-mfcc-feats[5.5.166~1-013489]:main():compute-mfcc-feats.cc:173) Processed features for key GT_1O21928A
VLOG[2] (compute-mfcc-feats[5.5.166~1-013489]:main():compute-mfcc-feats.cc:173) Processed features for key GT_1ZA
VLOG[2] (compute-mfcc-feats[5.5.166~1-013489]:main():compute-mfcc-feats.cc:173) Processed features for key GT_2129883A
VLOG[2] (compute-mfcc-feats[5.5.166~1-013489]:main():compute-mfcc-feats.cc:173) Processed features for key GT_2598A
VLOG[2] (compute-mfcc-feats[5.5.166~1-013489]:main():compute-mfcc-feats.cc:173) Processed features for key GT_26A
LOG (compute-mfcc-feats[5.5.166~1-013489]:main():compute-mfcc-feats.cc:172) Processed 10 utterances
VLOG[2] (compute-mfcc-feats[5.5.166~1-013489]:main():compute-mfcc-feats.cc:173) Processed features for key GT_27O39A
VLOG[2] (compute-mfcc-feats[5.5.166~1-013489]:main():compute-mfcc-feats.cc:173) Processed features for key GT_2A
VLOG[2] (compute-mfcc-feats[5.5.166~1-013489]:main():compute-mfcc-feats.cc:173) Processed features for key GT_2B
VLOG[2] (compute-mfcc-feats[5.5.166~1-013489]:main():compute-mfcc-feats.cc:173) Processed features for key GT_2O14A
VLOG[2] (compute-mfcc-feats[5.5.166~1-013489]:main():compute-mfcc-feats.cc:173) Processed features for key GT_316A
VLOG[2] (compute-mfcc-feats[5.5.166~1-013489]:main():compute-mfcc-feats.cc:173) Processed features for key GT_334OA
VLOG[2] (compute-mfcc-feats[5.5.166~1-013489]:main():compute-mfcc-feats.cc:173) Processed features for key GT_38116A
VLOG[2] (compute-mfcc-feats[5.5.166~1-013489]:main():compute-mfcc-feats.cc:173) Processed features for key GT_3934A
VLOG[2] (compute-mfcc-feats[5.5.166~1-013489]:main():compute-mfcc-feats.cc:173) Processed features for key GT_3A
VLOG[2] (compute-mfcc-feats[5.5.166~1-013489]:main():compute-mfcc-feats.cc:173) Processed features for key GT_3B
LOG (compute-mfcc-feats[5.5.166~1-013489]:main():compute-mfcc-feats.cc:172) Processed 20 utterances
VLOG[2] (compute-mfcc-feats[5.5.166~1-013489]:main():compute-mfcc-feats.cc:173) Processed features for key GT_3O758A
VLOG[2] (compute-mfcc-feats[5.5.166~1-013489]:main():compute-mfcc-feats.cc:173) Processed features for key GT_424A
VLOG[2] (compute-mfcc-feats[5.5.166~1-013489]:main():compute-mfcc-feats.cc:173) Processed features for key GT_436OOO1A
VLOG[2] (compute-mfcc-feats[5.5.166~1-013489]:main():compute-mfcc-feats.cc:173) Processed features for key GT_47252A
VLOG[2] (compute-mfcc-feats[5.5.166~1-013489]:main():compute-mfcc-feats.cc:173) Processed features for key GT_49A
VLOG[2] (compute-mfcc-feats[5.5.166~1-013489]:main():compute-mfcc-feats.cc:173) Processed features for key GT_4A
VLOG[2] (compute-mfcc-feats[5.5.166~1-013489]:main():compute-mfcc-feats.cc:173) Processed features for key GT_4B
VLOG[2] (compute-mfcc-feats[5.5.166~1-013489]:main():compute-mfcc-feats.cc:173) Processed features for key GT_4OA
VLOG[2] (compute-mfcc-feats[5.5.166~1-013489]:main():compute-mfcc-feats.cc:173) Processed features for key GT_5278A
VLOG[2] (compute-mfcc-feats[5.5.166~1-013489]:main():compute-mfcc-feats.cc:173) Processed features for key GT_53A
LOG (compute-mfcc-feats[5.5.166~1-013489]:main():compute-mfcc-feats.cc:172) Processed 30 utterances
VLOG[2] (compute-mfcc-feats[5.5.166~1-013489]:main():compute-mfcc-feats.cc:173) Processed features for key GT_56826A
VLOG[2] (compute-mfcc-feats[5.5.166~1-013489]:main():compute-mfcc-feats.cc:173) Processed features for key GT_5A
VLOG[2] (compute-mfcc-feats[5.5.166~1-013489]:main():compute-mfcc-feats.cc:173) Processed features for key GT_5B
VLOG[2] (compute-mfcc-feats[5.5.166~1-013489]:main():compute-mfcc-feats.cc:173) Processed features for key GT_5O94A
VLOG[2] (compute-mfcc-feats[5.5.166~1-013489]:main():compute-mfcc-feats.cc:173) Processed features for key GT_5Z2ZZA
VLOG[2] (compute-mfcc-feats[5.5.166~1-013489]:main():compute-mfcc-feats.cc:173) Processed features for key GT_623A
VLOG[2] (compute-mfcc-feats[5.5.166~1-013489]:main():compute-mfcc-feats.cc:173) Processed features for key GT_6359728A
VLOG[2] (compute-mfcc-feats[5.5.166~1-013489]:main():compute-mfcc-feats.cc:173) Processed features for key GT_6776A
VLOG[2] (compute-mfcc-feats[5.5.166~1-013489]:main():compute-mfcc-feats.cc:173) Processed features for key GT_6942922A
VLOG[2] (compute-mfcc-feats[5.5.166~1-013489]:main():compute-mfcc-feats.cc:173) Processed features for key GT_69O2A
LOG (compute-mfcc-feats[5.5.166~1-013489]:main():compute-mfcc-feats.cc:172) Processed 40 utterances
VLOG[2] (compute-mfcc-feats[5.5.166~1-013489]:main():compute-mfcc-feats.cc:173) Processed features for key GT_6A
VLOG[2] (compute-mfcc-feats[5.5.166~1-013489]:main():compute-mfcc-feats.cc:173) Processed features for key GT_6B
VLOG[2] (compute-mfcc-feats[5.5.166~1-013489]:main():compute-mfcc-feats.cc:173) Processed features for key GT_73A
VLOG[2] (compute-mfcc-feats[5.5.166~1-013489]:main():compute-mfcc-feats.cc:173) Processed features for key GT_73B
VLOG[2] (compute-mfcc-feats[5.5.166~1-013489]:main():compute-mfcc-feats.cc:173) Processed features for key GT_749A
VLOG[2] (compute-mfcc-feats[5.5.166~1-013489]:main():compute-mfcc-feats.cc:173) Processed features for key GT_77A
VLOG[2] (compute-mfcc-feats[5.5.166~1-013489]:main():compute-mfcc-feats.cc:173) Processed features for key GT_7A
VLOG[2] (compute-mfcc-feats[5.5.166~1-013489]:main():compute-mfcc-feats.cc:173) Processed features for key GT_7B
VLOG[2] (compute-mfcc-feats[5.5.166~1-013489]:main():compute-mfcc-feats.cc:173) Processed features for key GT_7Z113A
VLOG[2] (compute-mfcc-feats[5.5.166~1-013489]:main():compute-mfcc-feats.cc:173) Processed features for key GT_8445A
LOG (compute-mfcc-feats[5.5.166~1-013489]:main():compute-mfcc-feats.cc:172) Processed 50 utterances
VLOG[2] (compute-mfcc-feats[5.5.166~1-013489]:main():compute-mfcc-feats.cc:173) Processed features for key GT_87648Z8A
VLOG[2] (compute-mfcc-feats[5.5.166~1-013489]:main():compute-mfcc-feats.cc:173) Processed features for key GT_8797A
VLOG[2] (compute-mfcc-feats[5.5.166~1-013489]:main():compute-mfcc-feats.cc:173) Processed features for key GT_8A
VLOG[2] (compute-mfcc-feats[5.5.166~1-013489]:main():compute-mfcc-feats.cc:173) Processed features for key GT_8B
VLOG[2] (compute-mfcc-feats[5.5.166~1-013489]:main():compute-mfcc-feats.cc:173) Processed features for key GT_8O51832A
VLOG[2] (compute-mfcc-feats[5.5.166~1-013489]:main():compute-mfcc-feats.cc:173) Processed features for key GT_8ZZA
VLOG[2] (compute-mfcc-feats[5.5.166~1-013489]:main():compute-mfcc-feats.cc:173) Processed features for key GT_91866A
VLOG[2] (compute-mfcc-feats[5.5.166~1-013489]:main():compute-mfcc-feats.cc:173) Processed features for key GT_96OA
VLOG[2] (compute-mfcc-feats[5.5.166~1-013489]:main():compute-mfcc-feats.cc:173) Processed features for key GT_995A
VLOG[2] (compute-mfcc-feats[5.5.166~1-013489]:main():compute-mfcc-feats.cc:173) Processed features for key GT_9A
LOG (compute-mfcc-feats[5.5.166~1-013489]:main():compute-mfcc-feats.cc:172) Processed 60 utterances
VLOG[2] (compute-mfcc-feats[5.5.166~1-013489]:main():compute-mfcc-feats.cc:173) Processed features for key GT_9B
VLOG[2] (compute-mfcc-feats[5.5.166~1-013489]:main():compute-mfcc-feats.cc:173) Processed features for key GT_9O9A
VLOG[2] (compute-mfcc-feats[5.5.166~1-013489]:main():compute-mfcc-feats.cc:173) Processed features for key GT_9Z1Z4A
VLOG[2] (compute-mfcc-feats[5.5.166~1-013489]:main():compute-mfcc-feats.cc:173) Processed features for key GT_O36A
VLOG[2] (compute-mfcc-feats[5.5.166~1-013489]:main():compute-mfcc-feats.cc:173) Processed features for key GT_O4A
VLOG[2] (compute-mfcc-feats[5.5.166~1-013489]:main():compute-mfcc-feats.cc:173) Processed features for key GT_O6OOO78A
VLOG[2] (compute-mfcc-feats[5.5.166~1-013489]:main():compute-mfcc-feats.cc:173) Processed features for key GT_O864A
VLOG[2] (compute-mfcc-feats[5.5.166~1-013489]:main():compute-mfcc-feats.cc:173) Processed features for key GT_O89O4O5A
VLOG[2] (compute-mfcc-feats[5.5.166~1-013489]:main():compute-mfcc-feats.cc:173) Processed features for key GT_OA
VLOG[2] (compute-mfcc-feats[5.5.166~1-013489]:main():compute-mfcc-feats.cc:173) Processed features for key GT_OB
LOG (compute-mfcc-feats[5.5.166~1-013489]:main():compute-mfcc-feats.cc:172) Processed 70 utterances
VLOG[2] (compute-mfcc-feats[5.5.166~1-013489]:main():compute-mfcc-feats.cc:173) Processed features for key GT_Z5A
VLOG[2] (compute-mfcc-feats[5.5.166~1-013489]:main():compute-mfcc-feats.cc:173) Processed features for key GT_Z71A
VLOG[2] (compute-mfcc-feats[5.5.166~1-013489]:main():compute-mfcc-feats.cc:173) Processed features for key GT_Z741566A
VLOG[2] (compute-mfcc-feats[5.5.166~1-013489]:main():compute-mfcc-feats.cc:173) Processed features for key GT_Z8A
VLOG[2] (compute-mfcc-feats[5.5.166~1-013489]:main():compute-mfcc-feats.cc:173) Processed features for key GT_ZA
VLOG[2] (compute-mfcc-feats[5.5.166~1-013489]:main():compute-mfcc-feats.cc:173) Processed features for key GT_ZB
VLOG[2] (compute-mfcc-feats[5.5.166~1-013489]:main():compute-mfcc-feats.cc:173) Processed features for key GT_ZZ23324A
VLOG[2] (compute-mfcc-feats[5.5.166~1-013489]:main():compute-mfcc-feats.cc:173) Processed features for key HA_11A
VLOG[2] (compute-mfcc-feats[5.5.166~1-013489]:main():compute-mfcc-feats.cc:173) Processed features for key HA_11B
VLOG[2] (compute-mfcc-feats[5.5.166~1-013489]:main():compute-mfcc-feats.cc:173) Processed features for key HA_12696O5A
LOG (compute-mfcc-feats[5.5.166~1-013489]:main():compute-mfcc-feats.cc:172) Processed 80 utterances
VLOG[2] (compute-mfcc-feats[5.5.166~1-013489]:main():compute-mfcc-feats.cc:173) Processed features for key HA_13A
VLOG[2] (compute-mfcc-feats[5.5.166~1-013489]:main():compute-mfcc-feats.cc:173) Processed features for key HA_19A
VLOG[2] (compute-mfcc-feats[5.5.166~1-013489]:main():compute-mfcc-feats.cc:173) Processed features for key HA_1A
VLOG[2] (compute-mfcc-feats[5.5.166~1-013489]:main():compute-mfcc-feats.cc:173) Processed features for key HA_1B
VLOG[2] (compute-mfcc-feats[5.5.166~1-013489]:main():compute-mfcc-feats.cc:173) Processed features for key HA_21A
VLOG[2] (compute-mfcc-feats[5.5.166~1-013489]:main():compute-mfcc-feats.cc:173) Processed features for key HA_24189A
VLOG[2] (compute-mfcc-feats[5.5.166~1-013489]:main():compute-mfcc-feats.cc:173) Processed features for key HA_266A
VLOG[2] (compute-mfcc-feats[5.5.166~1-013489]:main():compute-mfcc-feats.cc:173) Processed features for key HA_27183Z3A
VLOG[2] (compute-mfcc-feats[5.5.166~1-013489]:main():compute-mfcc-feats.cc:173) Processed features for key HA_298A
VLOG[2] (compute-mfcc-feats[5.5.166~1-013489]:main():compute-mfcc-feats.cc:173) Processed features for key HA_2A
LOG (compute-mfcc-feats[5.5.166~1-013489]:main():compute-mfcc-feats.cc:172) Processed 90 utterances
VLOG[2] (compute-mfcc-feats[5.5.166~1-013489]:main():compute-mfcc-feats.cc:173) Processed features for key HA_2B
VLOG[2] (compute-mfcc-feats[5.5.166~1-013489]:main():compute-mfcc-feats.cc:173) Processed features for key HA_3375978A
VLOG[2] (compute-mfcc-feats[5.5.166~1-013489]:main():compute-mfcc-feats.cc:173) Processed features for key HA_3844ZZ4A
VLOG[2] (compute-mfcc-feats[5.5.166~1-013489]:main():compute-mfcc-feats.cc:173) Processed features for key HA_3984A
VLOG[2] (compute-mfcc-feats[5.5.166~1-013489]:main():compute-mfcc-feats.cc:173) Processed features for key HA_3A
VLOG[2] (compute-mfcc-feats[5.5.166~1-013489]:main():compute-mfcc-feats.cc:173) Processed features for key HA_3B
VLOG[2] (compute-mfcc-feats[5.5.166~1-013489]:main():compute-mfcc-feats.cc:173) Processed features for key HA_3OA
VLOG[2] (compute-mfcc-feats[5.5.166~1-013489]:main():compute-mfcc-feats.cc:173) Processed features for key HA_3Z8A
VLOG[2] (compute-mfcc-feats[5.5.166~1-013489]:main():compute-mfcc-feats.cc:173) Processed features for key HA_422O8O9A
VLOG[2] (compute-mfcc-feats[5.5.166~1-013489]:main():compute-mfcc-feats.cc:173) Processed features for key HA_44Z9A
LOG (compute-mfcc-feats[5.5.166~1-013489]:main():compute-mfcc-feats.cc:172) Processed 100 utterances
VLOG[2] (compute-mfcc-feats[5.5.166~1-013489]:main():compute-mfcc-feats.cc:173) Processed features for key HA_46A
VLOG[2] (compute-mfcc-feats[5.5.166~1-013489]:main():compute-mfcc-feats.cc:173) Processed features for key HA_47O9A
VLOG[2] (compute-mfcc-feats[5.5.166~1-013489]:main():compute-mfcc-feats.cc:173) Processed features for key HA_4859A
VLOG[2] (compute-mfcc-feats[5.5.166~1-013489]:main():compute-mfcc-feats.cc:173) Processed features for key HA_4A
VLOG[2] (compute-mfcc-feats[5.5.166~1-013489]:main():compute-mfcc-feats.cc:173) Processed features for key HA_4B
VLOG[2] (compute-mfcc-feats[5.5.166~1-013489]:main():compute-mfcc-feats.cc:173) Processed features for key HA_551A
VLOG[2] (compute-mfcc-feats[5.5.166~1-013489]:main():compute-mfcc-feats.cc:173) Processed features for key HA_557A
VLOG[2] (compute-mfcc-feats[5.5.166~1-013489]:main():compute-mfcc-feats.cc:173) Processed features for key HA_57A
VLOG[2] (compute-mfcc-feats[5.5.166~1-013489]:main():compute-mfcc-feats.cc:173) Processed features for key HA_5821A
VLOG[2] (compute-mfcc-feats[5.5.166~1-013489]:main():compute-mfcc-feats.cc:173) Processed features for key HA_5A
LOG (compute-mfcc-feats[5.5.166~1-013489]:main():compute-mfcc-feats.cc:172) Processed 110 utterances
VLOG[2] (compute-mfcc-feats[5.5.166~1-013489]:main():compute-mfcc-feats.cc:173) Processed features for key HA_5B
VLOG[2] (compute-mfcc-feats[5.5.166~1-013489]:main():compute-mfcc-feats.cc:173) Processed features for key HA_5O862A
VLOG[2] (compute-mfcc-feats[5.5.166~1-013489]:main():compute-mfcc-feats.cc:173) Processed features for key HA_635A
VLOG[2] (compute-mfcc-feats[5.5.166~1-013489]:main():compute-mfcc-feats.cc:173) Processed features for key HA_673A
VLOG[2] (compute-mfcc-feats[5.5.166~1-013489]:main():compute-mfcc-feats.cc:173) Processed features for key HA_67814A
VLOG[2] (compute-mfcc-feats[5.5.166~1-013489]:main():compute-mfcc-feats.cc:173) Processed features for key HA_6832A
VLOG[2] (compute-mfcc-feats[5.5.166~1-013489]:main():compute-mfcc-feats.cc:173) Processed features for key HA_6A
VLOG[2] (compute-mfcc-feats[5.5.166~1-013489]:main():compute-mfcc-feats.cc:173) Processed features for key HA_6B
VLOG[2] (compute-mfcc-feats[5.5.166~1-013489]:main():compute-mfcc-feats.cc:173) Processed features for key HA_6O779A
VLOG[2] (compute-mfcc-feats[5.5.166~1-013489]:main():compute-mfcc-feats.cc:173) Processed features for key HA_71517A
LOG (compute-mfcc-feats[5.5.166~1-013489]:main():compute-mfcc-feats.cc:172) Processed 120 utterances
VLOG[2] (compute-mfcc-feats[5.5.166~1-013489]:main():compute-mfcc-feats.cc:173) Processed features for key HA_737OOA
VLOG[2] (compute-mfcc-feats[5.5.166~1-013489]:main():compute-mfcc-feats.cc:173) Processed features for key HA_75286A
VLOG[2] (compute-mfcc-feats[5.5.166~1-013489]:main():compute-mfcc-feats.cc:173) Processed features for key HA_76Z6195A
VLOG[2] (compute-mfcc-feats[5.5.166~1-013489]:main():compute-mfcc-feats.cc:173) Processed features for key HA_7A
VLOG[2] (compute-mfcc-feats[5.5.166~1-013489]:main():compute-mfcc-feats.cc:173) Processed features for key HA_7B
VLOG[2] (compute-mfcc-feats[5.5.166~1-013489]:main():compute-mfcc-feats.cc:173) Processed features for key HA_7Z163A
VLOG[2] (compute-mfcc-feats[5.5.166~1-013489]:main():compute-mfcc-feats.cc:173) Processed features for key HA_81653A
VLOG[2] (compute-mfcc-feats[5.5.166~1-013489]:main():compute-mfcc-feats.cc:173) Processed features for key HA_825Z174A
VLOG[2] (compute-mfcc-feats[5.5.166~1-013489]:main():compute-mfcc-feats.cc:173) Processed features for key HA_8565A
VLOG[2] (compute-mfcc-feats[5.5.166~1-013489]:main():compute-mfcc-feats.cc:173) Processed features for key HA_872Z9A
LOG (compute-mfcc-feats[5.5.166~1-013489]:main():compute-mfcc-feats.cc:172) Processed 130 utterances
VLOG[2] (compute-mfcc-feats[5.5.166~1-013489]:main():compute-mfcc-feats.cc:173) Processed features for key HA_8A
VLOG[2] (compute-mfcc-feats[5.5.166~1-013489]:main():compute-mfcc-feats.cc:173) Processed features for key HA_8B
VLOG[2] (compute-mfcc-feats[5.5.166~1-013489]:main():compute-mfcc-feats.cc:173) Processed features for key HA_8O4A
VLOG[2] (compute-mfcc-feats[5.5.166~1-013489]:main():compute-mfcc-feats.cc:173) Processed features for key HA_9124A
VLOG[2] (compute-mfcc-feats[5.5.166~1-013489]:main():compute-mfcc-feats.cc:173) Processed features for key HA_92A
VLOG[2] (compute-mfcc-feats[5.5.166~1-013489]:main():compute-mfcc-feats.cc:173) Processed features for key HA_94542A
VLOG[2] (compute-mfcc-feats[5.5.166~1-013489]:main():compute-mfcc-feats.cc:173) Processed features for key HA_96Z7A
VLOG[2] (compute-mfcc-feats[5.5.166~1-013489]:main():compute-mfcc-feats.cc:173) Processed features for key HA_9A
VLOG[2] (compute-mfcc-feats[5.5.166~1-013489]:main():compute-mfcc-feats.cc:173) Processed features for key HA_9B
VLOG[2] (compute-mfcc-feats[5.5.166~1-013489]:main():compute-mfcc-feats.cc:173) Processed features for key HA_9O131O6A
LOG (compute-mfcc-feats[5.5.166~1-013489]:main():compute-mfcc-feats.cc:172) Processed 140 utterances
VLOG[2] (compute-mfcc-feats[5.5.166~1-013489]:main():compute-mfcc-feats.cc:173) Processed features for key HA_O31A
VLOG[2] (compute-mfcc-feats[5.5.166~1-013489]:main():compute-mfcc-feats.cc:173) Processed features for key HA_O364629A
VLOG[2] (compute-mfcc-feats[5.5.166~1-013489]:main():compute-mfcc-feats.cc:173) Processed features for key HA_O5A
VLOG[2] (compute-mfcc-feats[5.5.166~1-013489]:main():compute-mfcc-feats.cc:173) Processed features for key HA_O61OA
VLOG[2] (compute-mfcc-feats[5.5.166~1-013489]:main():compute-mfcc-feats.cc:173) Processed features for key HA_OA
VLOG[2] (compute-mfcc-feats[5.5.166~1-013489]:main():compute-mfcc-feats.cc:173) Processed features for key HA_OB
VLOG[2] (compute-mfcc-feats[5.5.166~1-013489]:main():compute-mfcc-feats.cc:173) Processed features for key HA_OOA
VLOG[2] (compute-mfcc-feats[5.5.166~1-013489]:main():compute-mfcc-feats.cc:173) Processed features for key HA_Z2Z4923A
VLOG[2] (compute-mfcc-feats[5.5.166~1-013489]:main():compute-mfcc-feats.cc:173) Processed features for key HA_Z54A
VLOG[2] (compute-mfcc-feats[5.5.166~1-013489]:main():compute-mfcc-feats.cc:173) Processed features for key HA_Z568A
LOG (compute-mfcc-feats[5.5.166~1-013489]:main():compute-mfcc-feats.cc:172) Processed 150 utterances
VLOG[2] (compute-mfcc-feats[5.5.166~1-013489]:main():compute-mfcc-feats.cc:173) Processed features for key HA_ZA
VLOG[2] (compute-mfcc-feats[5.5.166~1-013489]:main():compute-mfcc-feats.cc:173) Processed features for key HA_ZB
VLOG[2] (compute-mfcc-feats[5.5.166~1-013489]:main():compute-mfcc-feats.cc:173) Processed features for key HA_ZZ38Z79A
VLOG[2] (compute-mfcc-feats[5.5.166~1-013489]:main():compute-mfcc-feats.cc:173) Processed features for key HA_ZZ8A
VLOG[2] (compute-mfcc-feats[5.5.166~1-013489]:main():compute-mfcc-feats.cc:173) Processed features for key HG_11Z3A
VLOG[2] (compute-mfcc-feats[5.5.166~1-013489]:main():compute-mfcc-feats.cc:173) Processed features for key HG_169Z8A
VLOG[2] (compute-mfcc-feats[5.5.166~1-013489]:main():compute-mfcc-feats.cc:173) Processed features for key HG_1A
VLOG[2] (compute-mfcc-feats[5.5.166~1-013489]:main():compute-mfcc-feats.cc:173) Processed features for key HG_1B
VLOG[2] (compute-mfcc-feats[5.5.166~1-013489]:main():compute-mfcc-feats.cc:173) Processed features for key HG_1O38A
VLOG[2] (compute-mfcc-feats[5.5.166~1-013489]:main():compute-mfcc-feats.cc:173) Processed features for key HG_1O787A
LOG (compute-mfcc-feats[5.5.166~1-013489]:main():compute-mfcc-feats.cc:172) Processed 160 utterances
VLOG[2] (compute-mfcc-feats[5.5.166~1-013489]:main():compute-mfcc-feats.cc:173) Processed features for key HG_1Z2A
VLOG[2] (compute-mfcc-feats[5.5.166~1-013489]:main():compute-mfcc-feats.cc:173) Processed features for key HG_218ZA
VLOG[2] (compute-mfcc-feats[5.5.166~1-013489]:main():compute-mfcc-feats.cc:173) Processed features for key HG_22A
VLOG[2] (compute-mfcc-feats[5.5.166~1-013489]:main():compute-mfcc-feats.cc:173) Processed features for key HG_2458442A
VLOG[2] (compute-mfcc-feats[5.5.166~1-013489]:main():compute-mfcc-feats.cc:173) Processed features for key HG_24A
VLOG[2] (compute-mfcc-feats[5.5.166~1-013489]:main():compute-mfcc-feats.cc:173) Processed features for key HG_29OA
VLOG[2] (compute-mfcc-feats[5.5.166~1-013489]:main():compute-mfcc-feats.cc:173) Processed features for key HG_2A
VLOG[2] (compute-mfcc-feats[5.5.166~1-013489]:main():compute-mfcc-feats.cc:173) Processed features for key HG_2B
VLOG[2] (compute-mfcc-feats[5.5.166~1-013489]:main():compute-mfcc-feats.cc:173) Processed features for key HG_31A
VLOG[2] (compute-mfcc-feats[5.5.166~1-013489]:main():compute-mfcc-feats.cc:173) Processed features for key HG_32ZZ997A
LOG (compute-mfcc-feats[5.5.166~1-013489]:main():compute-mfcc-feats.cc:172) Processed 170 utterances
VLOG[2] (compute-mfcc-feats[5.5.166~1-013489]:main():compute-mfcc-feats.cc:173) Processed features for key HG_33A
VLOG[2] (compute-mfcc-feats[5.5.166~1-013489]:main():compute-mfcc-feats.cc:173) Processed features for key HG_35217A
VLOG[2] (compute-mfcc-feats[5.5.166~1-013489]:main():compute-mfcc-feats.cc:173) Processed features for key HG_3A
VLOG[2] (compute-mfcc-feats[5.5.166~1-013489]:main():compute-mfcc-feats.cc:173) Processed features for key HG_3B
VLOG[2] (compute-mfcc-feats[5.5.166~1-013489]:main():compute-mfcc-feats.cc:173) Processed features for key HG_3OA
VLOG[2] (compute-mfcc-feats[5.5.166~1-013489]:main():compute-mfcc-feats.cc:173) Processed features for key HG_414A
VLOG[2] (compute-mfcc-feats[5.5.166~1-013489]:main():compute-mfcc-feats.cc:173) Processed features for key HG_42O5A
VLOG[2] (compute-mfcc-feats[5.5.166~1-013489]:main():compute-mfcc-feats.cc:173) Processed features for key HG_43O4OA
VLOG[2] (compute-mfcc-feats[5.5.166~1-013489]:main():compute-mfcc-feats.cc:173) Processed features for key HG_476OA
VLOG[2] (compute-mfcc-feats[5.5.166~1-013489]:main():compute-mfcc-feats.cc:173) Processed features for key HG_4A
LOG (compute-mfcc-feats[5.5.166~1-013489]:main():compute-mfcc-feats.cc:172) Processed 180 utterances
VLOG[2] (compute-mfcc-feats[5.5.166~1-013489]:main():compute-mfcc-feats.cc:173) Processed features for key HG_4B
VLOG[2] (compute-mfcc-feats[5.5.166~1-013489]:main():compute-mfcc-feats.cc:173) Processed features for key HG_4O5O6A
VLOG[2] (compute-mfcc-feats[5.5.166~1-013489]:main():compute-mfcc-feats.cc:173) Processed features for key HG_525A
VLOG[2] (compute-mfcc-feats[5.5.166~1-013489]:main():compute-mfcc-feats.cc:173) Processed features for key HG_55196A
VLOG[2] (compute-mfcc-feats[5.5.166~1-013489]:main():compute-mfcc-feats.cc:173) Processed features for key HG_5772A
VLOG[2] (compute-mfcc-feats[5.5.166~1-013489]:main():compute-mfcc-feats.cc:173) Processed features for key HG_58283A
VLOG[2] (compute-mfcc-feats[5.5.166~1-013489]:main():compute-mfcc-feats.cc:173) Processed features for key HG_5A
VLOG[2] (compute-mfcc-feats[5.5.166~1-013489]:main():compute-mfcc-feats.cc:173) Processed features for key HG_5B
VLOG[2] (compute-mfcc-feats[5.5.166~1-013489]:main():compute-mfcc-feats.cc:173) Processed features for key HG_5Z34ZZZA
VLOG[2] (compute-mfcc-feats[5.5.166~1-013489]:main():compute-mfcc-feats.cc:173) Processed features for key HG_62OO792A
LOG (compute-mfcc-feats[5.5.166~1-013489]:main():compute-mfcc-feats.cc:172) Processed 190 utterances
VLOG[2] (compute-mfcc-feats[5.5.166~1-013489]:main():compute-mfcc-feats.cc:173) Processed features for key HG_644A
VLOG[2] (compute-mfcc-feats[5.5.166~1-013489]:main():compute-mfcc-feats.cc:173) Processed features for key HG_6561A
VLOG[2] (compute-mfcc-feats[5.5.166~1-013489]:main():compute-mfcc-feats.cc:173) Processed features for key HG_662A
VLOG[2] (compute-mfcc-feats[5.5.166~1-013489]:main():compute-mfcc-feats.cc:173) Processed features for key HG_6823ZA
VLOG[2] (compute-mfcc-feats[5.5.166~1-013489]:main():compute-mfcc-feats.cc:173) Processed features for key HG_6A
VLOG[2] (compute-mfcc-feats[5.5.166~1-013489]:main():compute-mfcc-feats.cc:173) Processed features for key HG_6B
VLOG[2] (compute-mfcc-feats[5.5.166~1-013489]:main():compute-mfcc-feats.cc:173) Processed features for key HG_7312A
VLOG[2] (compute-mfcc-feats[5.5.166~1-013489]:main():compute-mfcc-feats.cc:173) Processed features for key HG_756A
VLOG[2] (compute-mfcc-feats[5.5.166~1-013489]:main():compute-mfcc-feats.cc:173) Processed features for key HG_7919A
VLOG[2] (compute-mfcc-feats[5.5.166~1-013489]:main():compute-mfcc-feats.cc:173) Processed features for key HG_7A
LOG (compute-mfcc-feats[5.5.166~1-013489]:main():compute-mfcc-feats.cc:172) Processed 200 utterances
VLOG[2] (compute-mfcc-feats[5.5.166~1-013489]:main():compute-mfcc-feats.cc:173) Processed features for key HG_7B
VLOG[2] (compute-mfcc-feats[5.5.166~1-013489]:main():compute-mfcc-feats.cc:173) Processed features for key HG_7O9O239A
VLOG[2] (compute-mfcc-feats[5.5.166~1-013489]:main():compute-mfcc-feats.cc:173) Processed features for key HG_7ZZ6Z59A
VLOG[2] (compute-mfcc-feats[5.5.166~1-013489]:main():compute-mfcc-feats.cc:173) Processed features for key HG_85A
VLOG[2] (compute-mfcc-feats[5.5.166~1-013489]:main():compute-mfcc-feats.cc:173) Processed features for key HG_8678576A
VLOG[2] (compute-mfcc-feats[5.5.166~1-013489]:main():compute-mfcc-feats.cc:173) Processed features for key HG_887A
VLOG[2] (compute-mfcc-feats[5.5.166~1-013489]:main():compute-mfcc-feats.cc:173) Processed features for key HG_89A
VLOG[2] (compute-mfcc-feats[5.5.166~1-013489]:main():compute-mfcc-feats.cc:173) Processed features for key HG_8A
VLOG[2] (compute-mfcc-feats[5.5.166~1-013489]:main():compute-mfcc-feats.cc:173) Processed features for key HG_8B
VLOG[2] (compute-mfcc-feats[5.5.166~1-013489]:main():compute-mfcc-feats.cc:173) Processed features for key HG_8OO2A
LOG (compute-mfcc-feats[5.5.166~1-013489]:main():compute-mfcc-feats.cc:172) Processed 210 utterances
VLOG[2] (compute-mfcc-feats[5.5.166~1-013489]:main():compute-mfcc-feats.cc:173) Processed features for key HG_91186A
VLOG[2] (compute-mfcc-feats[5.5.166~1-013489]:main():compute-mfcc-feats.cc:173) Processed features for key HG_9367295A
VLOG[2] (compute-mfcc-feats[5.5.166~1-013489]:main():compute-mfcc-feats.cc:173) Processed features for key HG_94ZA
VLOG[2] (compute-mfcc-feats[5.5.166~1-013489]:main():compute-mfcc-feats.cc:173) Processed features for key HG_97OA
VLOG[2] (compute-mfcc-feats[5.5.166~1-013489]:main():compute-mfcc-feats.cc:173) Processed features for key HG_99A
VLOG[2] (compute-mfcc-feats[5.5.166~1-013489]:main():compute-mfcc-feats.cc:173) Processed features for key HG_9A
VLOG[2] (compute-mfcc-feats[5.5.166~1-013489]:main():compute-mfcc-feats.cc:173) Processed features for key HG_9B
VLOG[2] (compute-mfcc-feats[5.5.166~1-013489]:main():compute-mfcc-feats.cc:173) Processed features for key HG_O135513A
VLOG[2] (compute-mfcc-feats[5.5.166~1-013489]:main():compute-mfcc-feats.cc:173) Processed features for key HG_O3A
VLOG[2] (compute-mfcc-feats[5.5.166~1-013489]:main():compute-mfcc-feats.cc:173) Processed features for key HG_O4A
LOG (compute-mfcc-feats[5.5.166~1-013489]:main():compute-mfcc-feats.cc:172) Processed 220 utterances
VLOG[2] (compute-mfcc-feats[5.5.166~1-013489]:main():compute-mfcc-feats.cc:173) Processed features for key HG_O6OOO15A
VLOG[2] (compute-mfcc-feats[5.5.166~1-013489]:main():compute-mfcc-feats.cc:173) Processed features for key HG_O8A
VLOG[2] (compute-mfcc-feats[5.5.166~1-013489]:main():compute-mfcc-feats.cc:173) Processed features for key HG_OA
VLOG[2] (compute-mfcc-feats[5.5.166~1-013489]:main():compute-mfcc-feats.cc:173) Processed features for key HG_OB
VLOG[2] (compute-mfcc-feats[5.5.166~1-013489]:main():compute-mfcc-feats.cc:173) Processed features for key HG_Z146A
VLOG[2] (compute-mfcc-feats[5.5.166~1-013489]:main():compute-mfcc-feats.cc:173) Processed features for key HG_Z1716A
VLOG[2] (compute-mfcc-feats[5.5.166~1-013489]:main():compute-mfcc-feats.cc:173) Processed features for key HG_Z6981A
VLOG[2] (compute-mfcc-feats[5.5.166~1-013489]:main():compute-mfcc-feats.cc:173) Processed features for key HG_Z88495ZA
VLOG[2] (compute-mfcc-feats[5.5.166~1-013489]:main():compute-mfcc-feats.cc:173) Processed features for key HG_Z94A
VLOG[2] (compute-mfcc-feats[5.5.166~1-013489]:main():compute-mfcc-feats.cc:173) Processed features for key HG_ZA
LOG (compute-mfcc-feats[5.5.166~1-013489]:main():compute-mfcc-feats.cc:172) Processed 230 utterances
VLOG[2] (compute-mfcc-feats[5.5.166~1-013489]:main():compute-mfcc-feats.cc:173) Processed features for key HG_ZB
VLOG[2] (compute-mfcc-feats[5.5.166~1-013489]:main():compute-mfcc-feats.cc:173) Processed features for key HH_12A
VLOG[2] (compute-mfcc-feats[5.5.166~1-013489]:main():compute-mfcc-feats.cc:173) Processed features for key HH_144A
VLOG[2] (compute-mfcc-feats[5.5.166~1-013489]:main():compute-mfcc-feats.cc:173) Processed features for key HH_157A
VLOG[2] (compute-mfcc-feats[5.5.166~1-013489]:main():compute-mfcc-feats.cc:173) Processed features for key HH_15OOA
VLOG[2] (compute-mfcc-feats[5.5.166~1-013489]:main():compute-mfcc-feats.cc:173) Processed features for key HH_166Z665A
VLOG[2] (compute-mfcc-feats[5.5.166~1-013489]:main():compute-mfcc-feats.cc:173) Processed features for key HH_1A
VLOG[2] (compute-mfcc-feats[5.5.166~1-013489]:main():compute-mfcc-feats.cc:173) Processed features for key HH_1B
VLOG[2] (compute-mfcc-feats[5.5.166~1-013489]:main():compute-mfcc-feats.cc:173) Processed features for key HH_254O7A
VLOG[2] (compute-mfcc-feats[5.5.166~1-013489]:main():compute-mfcc-feats.cc:173) Processed features for key HH_269599OA
LOG (compute-mfcc-feats[5.5.166~1-013489]:main():compute-mfcc-feats.cc:172) Processed 240 utterances
VLOG[2] (compute-mfcc-feats[5.5.166~1-013489]:main():compute-mfcc-feats.cc:173) Processed features for key HH_28A
VLOG[2] (compute-mfcc-feats[5.5.166~1-013489]:main():compute-mfcc-feats.cc:173) Processed features for key HH_2972A
VLOG[2] (compute-mfcc-feats[5.5.166~1-013489]:main():compute-mfcc-feats.cc:173) Processed features for key HH_2A
VLOG[2] (compute-mfcc-feats[5.5.166~1-013489]:main():compute-mfcc-feats.cc:173) Processed features for key HH_2B
VLOG[2] (compute-mfcc-feats[5.5.166~1-013489]:main():compute-mfcc-feats.cc:173) Processed features for key HH_2Z1A
VLOG[2] (compute-mfcc-feats[5.5.166~1-013489]:main():compute-mfcc-feats.cc:173) Processed features for key HH_31738A
VLOG[2] (compute-mfcc-feats[5.5.166~1-013489]:main():compute-mfcc-feats.cc:173) Processed features for key HH_3447O6OA
VLOG[2] (compute-mfcc-feats[5.5.166~1-013489]:main():compute-mfcc-feats.cc:173) Processed features for key HH_3553A
VLOG[2] (compute-mfcc-feats[5.5.166~1-013489]:main():compute-mfcc-feats.cc:173) Processed features for key HH_3612A
VLOG[2] (compute-mfcc-feats[5.5.166~1-013489]:main():compute-mfcc-feats.cc:173) Processed features for key HH_389A
LOG (compute-mfcc-feats[5.5.166~1-013489]:main():compute-mfcc-feats.cc:172) Processed 250 utterances
VLOG[2] (compute-mfcc-feats[5.5.166~1-013489]:main():compute-mfcc-feats.cc:173) Processed features for key HH_3A
VLOG[2] (compute-mfcc-feats[5.5.166~1-013489]:main():compute-mfcc-feats.cc:173) Processed features for key HH_3B
VLOG[2] (compute-mfcc-feats[5.5.166~1-013489]:main():compute-mfcc-feats.cc:173) Processed features for key HH_4168A
VLOG[2] (compute-mfcc-feats[5.5.166~1-013489]:main():compute-mfcc-feats.cc:173) Processed features for key HH_4322333A
VLOG[2] (compute-mfcc-feats[5.5.166~1-013489]:main():compute-mfcc-feats.cc:173) Processed features for key HH_4394A
VLOG[2] (compute-mfcc-feats[5.5.166~1-013489]:main():compute-mfcc-feats.cc:173) Processed features for key HH_4883A
VLOG[2] (compute-mfcc-feats[5.5.166~1-013489]:main():compute-mfcc-feats.cc:173) Processed features for key HH_493A
VLOG[2] (compute-mfcc-feats[5.5.166~1-013489]:main():compute-mfcc-feats.cc:173) Processed features for key HH_4A
VLOG[2] (compute-mfcc-feats[5.5.166~1-013489]:main():compute-mfcc-feats.cc:173) Processed features for key HH_4B
VLOG[2] (compute-mfcc-feats[5.5.166~1-013489]:main():compute-mfcc-feats.cc:173) Processed features for key HH_511O458A
LOG (compute-mfcc-feats[5.5.166~1-013489]:main():compute-mfcc-feats.cc:172) Processed 260 utterances
VLOG[2] (compute-mfcc-feats[5.5.166~1-013489]:main():compute-mfcc-feats.cc:173) Processed features for key HH_518ZA
VLOG[2] (compute-mfcc-feats[5.5.166~1-013489]:main():compute-mfcc-feats.cc:173) Processed features for key HH_552Z49ZA
VLOG[2] (compute-mfcc-feats[5.5.166~1-013489]:main():compute-mfcc-feats.cc:173) Processed features for key HH_5989A
VLOG[2] (compute-mfcc-feats[5.5.166~1-013489]:main():compute-mfcc-feats.cc:173) Processed features for key HH_5A
VLOG[2] (compute-mfcc-feats[5.5.166~1-013489]:main():compute-mfcc-feats.cc:173) Processed features for key HH_5B
VLOG[2] (compute-mfcc-feats[5.5.166~1-013489]:main():compute-mfcc-feats.cc:173) Processed features for key HH_5O2O4A
VLOG[2] (compute-mfcc-feats[5.5.166~1-013489]:main():compute-mfcc-feats.cc:173) Processed features for key HH_6378A
VLOG[2] (compute-mfcc-feats[5.5.166~1-013489]:main():compute-mfcc-feats.cc:173) Processed features for key HH_64217A
VLOG[2] (compute-mfcc-feats[5.5.166~1-013489]:main():compute-mfcc-feats.cc:173) Processed features for key HH_658O2A
VLOG[2] (compute-mfcc-feats[5.5.166~1-013489]:main():compute-mfcc-feats.cc:173) Processed features for key HH_68856A
LOG (compute-mfcc-feats[5.5.166~1-013489]:main():compute-mfcc-feats.cc:172) Processed 270 utterances
VLOG[2] (compute-mfcc-feats[5.5.166~1-013489]:main():compute-mfcc-feats.cc:173) Processed features for key HH_6A
VLOG[2] (compute-mfcc-feats[5.5.166~1-013489]:main():compute-mfcc-feats.cc:173) Processed features for key HH_6B
VLOG[2] (compute-mfcc-feats[5.5.166~1-013489]:main():compute-mfcc-feats.cc:173) Processed features for key HH_6OO94A
VLOG[2] (compute-mfcc-feats[5.5.166~1-013489]:main():compute-mfcc-feats.cc:173) Processed features for key HH_719A
VLOG[2] (compute-mfcc-feats[5.5.166~1-013489]:main():compute-mfcc-feats.cc:173) Processed features for key HH_71O3627A
VLOG[2] (compute-mfcc-feats[5.5.166~1-013489]:main():compute-mfcc-feats.cc:173) Processed features for key HH_77453A
VLOG[2] (compute-mfcc-feats[5.5.166~1-013489]:main():compute-mfcc-feats.cc:173) Processed features for key HH_7875ZZ9A
VLOG[2] (compute-mfcc-feats[5.5.166~1-013489]:main():compute-mfcc-feats.cc:173) Processed features for key HH_79A
VLOG[2] (compute-mfcc-feats[5.5.166~1-013489]:main():compute-mfcc-feats.cc:173) Processed features for key HH_7A
VLOG[2] (compute-mfcc-feats[5.5.166~1-013489]:main():compute-mfcc-feats.cc:173) Processed features for key HH_7B
LOG (compute-mfcc-feats[5.5.166~1-013489]:main():compute-mfcc-feats.cc:172) Processed 280 utterances
VLOG[2] (compute-mfcc-feats[5.5.166~1-013489]:main():compute-mfcc-feats.cc:173) Processed features for key HH_85A
VLOG[2] (compute-mfcc-feats[5.5.166~1-013489]:main():compute-mfcc-feats.cc:173) Processed features for key HH_86A
VLOG[2] (compute-mfcc-feats[5.5.166~1-013489]:main():compute-mfcc-feats.cc:173) Processed features for key HH_87A
VLOG[2] (compute-mfcc-feats[5.5.166~1-013489]:main():compute-mfcc-feats.cc:173) Processed features for key HH_8A
VLOG[2] (compute-mfcc-feats[5.5.166~1-013489]:main():compute-mfcc-feats.cc:173) Processed features for key HH_8B
VLOG[2] (compute-mfcc-feats[5.5.166~1-013489]:main():compute-mfcc-feats.cc:173) Processed features for key HH_8OA
VLOG[2] (compute-mfcc-feats[5.5.166~1-013489]:main():compute-mfcc-feats.cc:173) Processed features for key HH_8Z22ZA
VLOG[2] (compute-mfcc-feats[5.5.166~1-013489]:main():compute-mfcc-feats.cc:173) Processed features for key HH_91195A
VLOG[2] (compute-mfcc-feats[5.5.166~1-013489]:main():compute-mfcc-feats.cc:173) Processed features for key HH_92A
VLOG[2] (compute-mfcc-feats[5.5.166~1-013489]:main():compute-mfcc-feats.cc:173) Processed features for key HH_93A
LOG (compute-mfcc-feats[5.5.166~1-013489]:main():compute-mfcc-feats.cc:172) Processed 290 utterances
VLOG[2] (compute-mfcc-feats[5.5.166~1-013489]:main():compute-mfcc-feats.cc:173) Processed features for key HH_99Z2628A
VLOG[2] (compute-mfcc-feats[5.5.166~1-013489]:main():compute-mfcc-feats.cc:173) Processed features for key HH_9A
VLOG[2] (compute-mfcc-feats[5.5.166~1-013489]:main():compute-mfcc-feats.cc:173) Processed features for key HH_9B
VLOG[2] (compute-mfcc-feats[5.5.166~1-013489]:main():compute-mfcc-feats.cc:173) Processed features for key HH_9O6A
VLOG[2] (compute-mfcc-feats[5.5.166~1-013489]:main():compute-mfcc-feats.cc:173) Processed features for key HH_O3OA
VLOG[2] (compute-mfcc-feats[5.5.166~1-013489]:main():compute-mfcc-feats.cc:173) Processed features for key HH_O54A
VLOG[2] (compute-mfcc-feats[5.5.166~1-013489]:main():compute-mfcc-feats.cc:173) Processed features for key HH_O824O13A
VLOG[2] (compute-mfcc-feats[5.5.166~1-013489]:main():compute-mfcc-feats.cc:173) Processed features for key HH_O9296A
VLOG[2] (compute-mfcc-feats[5.5.166~1-013489]:main():compute-mfcc-feats.cc:173) Processed features for key HH_OA
VLOG[2] (compute-mfcc-feats[5.5.166~1-013489]:main():compute-mfcc-feats.cc:173) Processed features for key HH_OB
LOG (compute-mfcc-feats[5.5.166~1-013489]:main():compute-mfcc-feats.cc:172) Processed 300 utterances
VLOG[2] (compute-mfcc-feats[5.5.166~1-013489]:main():compute-mfcc-feats.cc:173) Processed features for key HH_OOA
VLOG[2] (compute-mfcc-feats[5.5.166~1-013489]:main():compute-mfcc-feats.cc:173) Processed features for key HH_Z3A
VLOG[2] (compute-mfcc-feats[5.5.166~1-013489]:main():compute-mfcc-feats.cc:173) Processed features for key HH_Z56A
VLOG[2] (compute-mfcc-feats[5.5.166~1-013489]:main():compute-mfcc-feats.cc:173) Processed features for key HH_Z69A
VLOG[2] (compute-mfcc-feats[5.5.166~1-013489]:main():compute-mfcc-feats.cc:173) Processed features for key HH_Z813A
VLOG[2] (compute-mfcc-feats[5.5.166~1-013489]:main():compute-mfcc-feats.cc:173) Processed features for key HH_Z963Z79A
VLOG[2] (compute-mfcc-feats[5.5.166~1-013489]:main():compute-mfcc-feats.cc:173) Processed features for key HH_ZA
VLOG[2] (compute-mfcc-feats[5.5.166~1-013489]:main():compute-mfcc-feats.cc:173) Processed features for key HH_ZB
VLOG[2] (compute-mfcc-feats[5.5.166~1-013489]:main():compute-mfcc-feats.cc:173) Processed features for key HL_1347A
VLOG[2] (compute-mfcc-feats[5.5.166~1-013489]:main():compute-mfcc-feats.cc:173) Processed features for key HL_14A
LOG (compute-mfcc-feats[5.5.166~1-013489]:main():compute-mfcc-feats.cc:172) Processed 310 utterances
VLOG[2] (compute-mfcc-feats[5.5.166~1-013489]:main():compute-mfcc-feats.cc:173) Processed features for key HL_157A
VLOG[2] (compute-mfcc-feats[5.5.166~1-013489]:main():compute-mfcc-feats.cc:173) Processed features for key HL_173A
VLOG[2] (compute-mfcc-feats[5.5.166~1-013489]:main():compute-mfcc-feats.cc:173) Processed features for key HL_1A
VLOG[2] (compute-mfcc-feats[5.5.166~1-013489]:main():compute-mfcc-feats.cc:173) Processed features for key HL_1B
VLOG[2] (compute-mfcc-feats[5.5.166~1-013489]:main():compute-mfcc-feats.cc:173) Processed features for key HL_1O845A
VLOG[2] (compute-mfcc-feats[5.5.166~1-013489]:main():compute-mfcc-feats.cc:173) Processed features for key HL_22O5397A
VLOG[2] (compute-mfcc-feats[5.5.166~1-013489]:main():compute-mfcc-feats.cc:173) Processed features for key HL_23685A
VLOG[2] (compute-mfcc-feats[5.5.166~1-013489]:main():compute-mfcc-feats.cc:173) Processed features for key HL_259A
VLOG[2] (compute-mfcc-feats[5.5.166~1-013489]:main():compute-mfcc-feats.cc:173) Processed features for key HL_28A
VLOG[2] (compute-mfcc-feats[5.5.166~1-013489]:main():compute-mfcc-feats.cc:173) Processed features for key HL_2965A
LOG (compute-mfcc-feats[5.5.166~1-013489]:main():compute-mfcc-feats.cc:172) Processed 320 utterances
VLOG[2] (compute-mfcc-feats[5.5.166~1-013489]:main():compute-mfcc-feats.cc:173) Processed features for key HL_2A
VLOG[2] (compute-mfcc-feats[5.5.166~1-013489]:main():compute-mfcc-feats.cc:173) Processed features for key HL_2B
VLOG[2] (compute-mfcc-feats[5.5.166~1-013489]:main():compute-mfcc-feats.cc:173) Processed features for key HL_32A
VLOG[2] (compute-mfcc-feats[5.5.166~1-013489]:main():compute-mfcc-feats.cc:173) Processed features for key HL_3812945A
VLOG[2] (compute-mfcc-feats[5.5.166~1-013489]:main():compute-mfcc-feats.cc:173) Processed features for key HL_381977OA
VLOG[2] (compute-mfcc-feats[5.5.166~1-013489]:main():compute-mfcc-feats.cc:173) Processed features for key HL_393A
VLOG[2] (compute-mfcc-feats[5.5.166~1-013489]:main():compute-mfcc-feats.cc:173) Processed features for key HL_3A
VLOG[2] (compute-mfcc-feats[5.5.166~1-013489]:main():compute-mfcc-feats.cc:173) Processed features for key HL_3B
VLOG[2] (compute-mfcc-feats[5.5.166~1-013489]:main():compute-mfcc-feats.cc:173) Processed features for key HL_3O65A
VLOG[2] (compute-mfcc-feats[5.5.166~1-013489]:main():compute-mfcc-feats.cc:173) Processed features for key HL_44A
LOG (compute-mfcc-feats[5.5.166~1-013489]:main():compute-mfcc-feats.cc:172) Processed 330 utterances
VLOG[2] (compute-mfcc-feats[5.5.166~1-013489]:main():compute-mfcc-feats.cc:173) Processed features for key HL_461ZZ2ZA
VLOG[2] (compute-mfcc-feats[5.5.166~1-013489]:main():compute-mfcc-feats.cc:173) Processed features for key HL_485A
VLOG[2] (compute-mfcc-feats[5.5.166~1-013489]:main():compute-mfcc-feats.cc:173) Processed features for key HL_49Z6A
VLOG[2] (compute-mfcc-feats[5.5.166~1-013489]:main():compute-mfcc-feats.cc:173) Processed features for key HL_4A
VLOG[2] (compute-mfcc-feats[5.5.166~1-013489]:main():compute-mfcc-feats.cc:173) Processed features for key HL_4B
VLOG[2] (compute-mfcc-feats[5.5.166~1-013489]:main():compute-mfcc-feats.cc:173) Processed features for key HL_4ZA
VLOG[2] (compute-mfcc-feats[5.5.166~1-013489]:main():compute-mfcc-feats.cc:173) Processed features for key HL_5327A
VLOG[2] (compute-mfcc-feats[5.5.166~1-013489]:main():compute-mfcc-feats.cc:173) Processed features for key HL_54183A
VLOG[2] (compute-mfcc-feats[5.5.166~1-013489]:main():compute-mfcc-feats.cc:173) Processed features for key HL_54A
VLOG[2] (compute-mfcc-feats[5.5.166~1-013489]:main():compute-mfcc-feats.cc:173) Processed features for key HL_55OA
LOG (compute-mfcc-feats[5.5.166~1-013489]:main():compute-mfcc-feats.cc:172) Processed 340 utterances
VLOG[2] (compute-mfcc-feats[5.5.166~1-013489]:main():compute-mfcc-feats.cc:173) Processed features for key HL_5876751A
VLOG[2] (compute-mfcc-feats[5.5.166~1-013489]:main():compute-mfcc-feats.cc:173) Processed features for key HL_5A
VLOG[2] (compute-mfcc-feats[5.5.166~1-013489]:main():compute-mfcc-feats.cc:173) Processed features for key HL_5B
VLOG[2] (compute-mfcc-feats[5.5.166~1-013489]:main():compute-mfcc-feats.cc:173) Processed features for key HL_61A
VLOG[2] (compute-mfcc-feats[5.5.166~1-013489]:main():compute-mfcc-feats.cc:173) Processed features for key HL_64833Z5A
VLOG[2] (compute-mfcc-feats[5.5.166~1-013489]:main():compute-mfcc-feats.cc:173) Processed features for key HL_678OA
VLOG[2] (compute-mfcc-feats[5.5.166~1-013489]:main():compute-mfcc-feats.cc:173) Processed features for key HL_69O7O98A
VLOG[2] (compute-mfcc-feats[5.5.166~1-013489]:main():compute-mfcc-feats.cc:173) Processed features for key HL_6A
VLOG[2] (compute-mfcc-feats[5.5.166~1-013489]:main():compute-mfcc-feats.cc:173) Processed features for key HL_6B
VLOG[2] (compute-mfcc-feats[5.5.166~1-013489]:main():compute-mfcc-feats.cc:173) Processed features for key HL_6OA
LOG (compute-mfcc-feats[5.5.166~1-013489]:main():compute-mfcc-feats.cc:172) Processed 350 utterances
VLOG[2] (compute-mfcc-feats[5.5.166~1-013489]:main():compute-mfcc-feats.cc:173) Processed features for key HL_742A
VLOG[2] (compute-mfcc-feats[5.5.166~1-013489]:main():compute-mfcc-feats.cc:173) Processed features for key HL_74A
VLOG[2] (compute-mfcc-feats[5.5.166~1-013489]:main():compute-mfcc-feats.cc:173) Processed features for key HL_76Z89A
VLOG[2] (compute-mfcc-feats[5.5.166~1-013489]:main():compute-mfcc-feats.cc:173) Processed features for key HL_77951A
VLOG[2] (compute-mfcc-feats[5.5.166~1-013489]:main():compute-mfcc-feats.cc:173) Processed features for key HL_7A
VLOG[2] (compute-mfcc-feats[5.5.166~1-013489]:main():compute-mfcc-feats.cc:173) Processed features for key HL_7B
VLOG[2] (compute-mfcc-feats[5.5.166~1-013489]:main():compute-mfcc-feats.cc:173) Processed features for key HL_7Z9A
VLOG[2] (compute-mfcc-feats[5.5.166~1-013489]:main():compute-mfcc-feats.cc:173) Processed features for key HL_823Z6ZZA
VLOG[2] (compute-mfcc-feats[5.5.166~1-013489]:main():compute-mfcc-feats.cc:173) Processed features for key HL_871A
VLOG[2] (compute-mfcc-feats[5.5.166~1-013489]:main():compute-mfcc-feats.cc:173) Processed features for key HL_882O371A
LOG (compute-mfcc-feats[5.5.166~1-013489]:main():compute-mfcc-feats.cc:172) Processed 360 utterances
VLOG[2] (compute-mfcc-feats[5.5.166~1-013489]:main():compute-mfcc-feats.cc:173) Processed features for key HL_8A
VLOG[2] (compute-mfcc-feats[5.5.166~1-013489]:main():compute-mfcc-feats.cc:173) Processed features for key HL_8B
VLOG[2] (compute-mfcc-feats[5.5.166~1-013489]:main():compute-mfcc-feats.cc:173) Processed features for key HL_8Z16A
VLOG[2] (compute-mfcc-feats[5.5.166~1-013489]:main():compute-mfcc-feats.cc:173) Processed features for key HL_8Z92A
VLOG[2] (compute-mfcc-feats[5.5.166~1-013489]:main():compute-mfcc-feats.cc:173) Processed features for key HL_92243A
VLOG[2] (compute-mfcc-feats[5.5.166~1-013489]:main():compute-mfcc-feats.cc:173) Processed features for key HL_93A
VLOG[2] (compute-mfcc-feats[5.5.166~1-013489]:main():compute-mfcc-feats.cc:173) Processed features for key HL_95Z3Z37A
VLOG[2] (compute-mfcc-feats[5.5.166~1-013489]:main():compute-mfcc-feats.cc:173) Processed features for key HL_96846A
VLOG[2] (compute-mfcc-feats[5.5.166~1-013489]:main():compute-mfcc-feats.cc:173) Processed features for key HL_99OO126A
VLOG[2] (compute-mfcc-feats[5.5.166~1-013489]:main():compute-mfcc-feats.cc:173) Processed features for key HL_9A
LOG (compute-mfcc-feats[5.5.166~1-013489]:main():compute-mfcc-feats.cc:172) Processed 370 utterances
VLOG[2] (compute-mfcc-feats[5.5.166~1-013489]:main():compute-mfcc-feats.cc:173) Processed features for key HL_9B
VLOG[2] (compute-mfcc-feats[5.5.166~1-013489]:main():compute-mfcc-feats.cc:173) Processed features for key HL_O2163A
VLOG[2] (compute-mfcc-feats[5.5.166~1-013489]:main():compute-mfcc-feats.cc:173) Processed features for key HL_O21A
VLOG[2] (compute-mfcc-feats[5.5.166~1-013489]:main():compute-mfcc-feats.cc:173) Processed features for key HL_O734A
VLOG[2] (compute-mfcc-feats[5.5.166~1-013489]:main():compute-mfcc-feats.cc:173) Processed features for key HL_O8A
VLOG[2] (compute-mfcc-feats[5.5.166~1-013489]:main():compute-mfcc-feats.cc:173) Processed features for key HL_OA
VLOG[2] (compute-mfcc-feats[5.5.166~1-013489]:main():compute-mfcc-feats.cc:173) Processed features for key HL_OB
VLOG[2] (compute-mfcc-feats[5.5.166~1-013489]:main():compute-mfcc-feats.cc:173) Processed features for key HL_OO44A
VLOG[2] (compute-mfcc-feats[5.5.166~1-013489]:main():compute-mfcc-feats.cc:173) Processed features for key HL_Z4131A
VLOG[2] (compute-mfcc-feats[5.5.166~1-013489]:main():compute-mfcc-feats.cc:173) Processed features for key HL_Z56A
LOG (compute-mfcc-feats[5.5.166~1-013489]:main():compute-mfcc-feats.cc:172) Processed 380 utterances
VLOG[2] (compute-mfcc-feats[5.5.166~1-013489]:main():compute-mfcc-feats.cc:173) Processed features for key HL_Z7242A
VLOG[2] (compute-mfcc-feats[5.5.166~1-013489]:main():compute-mfcc-feats.cc:173) Processed features for key HL_Z7Z27A
VLOG[2] (compute-mfcc-feats[5.5.166~1-013489]:main():compute-mfcc-feats.cc:173) Processed features for key HL_Z86ZA
VLOG[2] (compute-mfcc-feats[5.5.166~1-013489]:main():compute-mfcc-feats.cc:173) Processed features for key HL_ZA
VLOG[2] (compute-mfcc-feats[5.5.166~1-013489]:main():compute-mfcc-feats.cc:173) Processed features for key HL_ZB
VLOG[2] (compute-mfcc-feats[5.5.166~1-013489]:main():compute-mfcc-feats.cc:173) Processed features for key HN_1113881A
VLOG[2] (compute-mfcc-feats[5.5.166~1-013489]:main():compute-mfcc-feats.cc:173) Processed features for key HN_147A
VLOG[2] (compute-mfcc-feats[5.5.166~1-013489]:main():compute-mfcc-feats.cc:173) Processed features for key HN_151A
VLOG[2] (compute-mfcc-feats[5.5.166~1-013489]:main():compute-mfcc-feats.cc:173) Processed features for key HN_17A
VLOG[2] (compute-mfcc-feats[5.5.166~1-013489]:main():compute-mfcc-feats.cc:173) Processed features for key HN_1A
LOG (compute-mfcc-feats[5.5.166~1-013489]:main():compute-mfcc-feats.cc:172) Processed 390 utterances
VLOG[2] (compute-mfcc-feats[5.5.166~1-013489]:main():compute-mfcc-feats.cc:173) Processed features for key HN_1B
VLOG[2] (compute-mfcc-feats[5.5.166~1-013489]:main():compute-mfcc-feats.cc:173) Processed features for key HN_1O6OO44A
VLOG[2] (compute-mfcc-feats[5.5.166~1-013489]:main():compute-mfcc-feats.cc:173) Processed features for key HN_218OA
VLOG[2] (compute-mfcc-feats[5.5.166~1-013489]:main():compute-mfcc-feats.cc:173) Processed features for key HN_22A
VLOG[2] (compute-mfcc-feats[5.5.166~1-013489]:main():compute-mfcc-feats.cc:173) Processed features for key HN_2815465A
VLOG[2] (compute-mfcc-feats[5.5.166~1-013489]:main():compute-mfcc-feats.cc:173) Processed features for key HN_2A
VLOG[2] (compute-mfcc-feats[5.5.166~1-013489]:main():compute-mfcc-feats.cc:173) Processed features for key HN_2B
VLOG[2] (compute-mfcc-feats[5.5.166~1-013489]:main():compute-mfcc-feats.cc:173) Processed features for key HN_2Z892A
VLOG[2] (compute-mfcc-feats[5.5.166~1-013489]:main():compute-mfcc-feats.cc:173) Processed features for key HN_2ZA
VLOG[2] (compute-mfcc-feats[5.5.166~1-013489]:main():compute-mfcc-feats.cc:173) Processed features for key HN_3357A
LOG (compute-mfcc-feats[5.5.166~1-013489]:main():compute-mfcc-feats.cc:172) Processed 400 utterances
VLOG[2] (compute-mfcc-feats[5.5.166~1-013489]:main():compute-mfcc-feats.cc:173) Processed features for key HN_38342OOA
VLOG[2] (compute-mfcc-feats[5.5.166~1-013489]:main():compute-mfcc-feats.cc:173) Processed features for key HN_39O29A
VLOG[2] (compute-mfcc-feats[5.5.166~1-013489]:main():compute-mfcc-feats.cc:173) Processed features for key HN_3A
VLOG[2] (compute-mfcc-feats[5.5.166~1-013489]:main():compute-mfcc-feats.cc:173) Processed features for key HN_3B
VLOG[2] (compute-mfcc-feats[5.5.166~1-013489]:main():compute-mfcc-feats.cc:173) Processed features for key HN_3OO16A
VLOG[2] (compute-mfcc-feats[5.5.166~1-013489]:main():compute-mfcc-feats.cc:173) Processed features for key HN_3ZA
VLOG[2] (compute-mfcc-feats[5.5.166~1-013489]:main():compute-mfcc-feats.cc:173) Processed features for key HN_4324641A
VLOG[2] (compute-mfcc-feats[5.5.166~1-013489]:main():compute-mfcc-feats.cc:173) Processed features for key HN_45OA
VLOG[2] (compute-mfcc-feats[5.5.166~1-013489]:main():compute-mfcc-feats.cc:173) Processed features for key HN_478A
VLOG[2] (compute-mfcc-feats[5.5.166~1-013489]:main():compute-mfcc-feats.cc:173) Processed features for key HN_4A
LOG (compute-mfcc-feats[5.5.166~1-013489]:main():compute-mfcc-feats.cc:172) Processed 410 utterances
VLOG[2] (compute-mfcc-feats[5.5.166~1-013489]:main():compute-mfcc-feats.cc:173) Processed features for key HN_4B
VLOG[2] (compute-mfcc-feats[5.5.166~1-013489]:main():compute-mfcc-feats.cc:173) Processed features for key HN_4O7OA
VLOG[2] (compute-mfcc-feats[5.5.166~1-013489]:main():compute-mfcc-feats.cc:173) Processed features for key HN_4ZZA
VLOG[2] (compute-mfcc-feats[5.5.166~1-013489]:main():compute-mfcc-feats.cc:173) Processed features for key HN_53174Z7A
VLOG[2] (compute-mfcc-feats[5.5.166~1-013489]:main():compute-mfcc-feats.cc:173) Processed features for key HN_5332A
VLOG[2] (compute-mfcc-feats[5.5.166~1-013489]:main():compute-mfcc-feats.cc:173) Processed features for key HN_5523A
VLOG[2] (compute-mfcc-feats[5.5.166~1-013489]:main():compute-mfcc-feats.cc:173) Processed features for key HN_554A
VLOG[2] (compute-mfcc-feats[5.5.166~1-013489]:main():compute-mfcc-feats.cc:173) Processed features for key HN_58626A
VLOG[2] (compute-mfcc-feats[5.5.166~1-013489]:main():compute-mfcc-feats.cc:173) Processed features for key HN_5A
VLOG[2] (compute-mfcc-feats[5.5.166~1-013489]:main():compute-mfcc-feats.cc:173) Processed features for key HN_5B
LOG (compute-mfcc-feats[5.5.166~1-013489]:main():compute-mfcc-feats.cc:172) Processed 420 utterances
VLOG[2] (compute-mfcc-feats[5.5.166~1-013489]:main():compute-mfcc-feats.cc:173) Processed features for key HN_61Z1A
VLOG[2] (compute-mfcc-feats[5.5.166~1-013489]:main():compute-mfcc-feats.cc:173) Processed features for key HN_63696A
VLOG[2] (compute-mfcc-feats[5.5.166~1-013489]:main():compute-mfcc-feats.cc:173) Processed features for key HN_64O2A
VLOG[2] (compute-mfcc-feats[5.5.166~1-013489]:main():compute-mfcc-feats.cc:173) Processed features for key HN_6512A
VLOG[2] (compute-mfcc-feats[5.5.166~1-013489]:main():compute-mfcc-feats.cc:173) Processed features for key HN_6827187A
VLOG[2] (compute-mfcc-feats[5.5.166~1-013489]:main():compute-mfcc-feats.cc:173) Processed features for key HN_6A
VLOG[2] (compute-mfcc-feats[5.5.166~1-013489]:main():compute-mfcc-feats.cc:173) Processed features for key HN_6B
VLOG[2] (compute-mfcc-feats[5.5.166~1-013489]:main():compute-mfcc-feats.cc:173) Processed features for key HN_7393OA
VLOG[2] (compute-mfcc-feats[5.5.166~1-013489]:main():compute-mfcc-feats.cc:173) Processed features for key HN_73ZA
VLOG[2] (compute-mfcc-feats[5.5.166~1-013489]:main():compute-mfcc-feats.cc:173) Processed features for key HN_74A
LOG (compute-mfcc-feats[5.5.166~1-013489]:main():compute-mfcc-feats.cc:172) Processed 430 utterances
VLOG[2] (compute-mfcc-feats[5.5.166~1-013489]:main():compute-mfcc-feats.cc:173) Processed features for key HN_7672A
VLOG[2] (compute-mfcc-feats[5.5.166~1-013489]:main():compute-mfcc-feats.cc:173) Processed features for key HN_79A
VLOG[2] (compute-mfcc-feats[5.5.166~1-013489]:main():compute-mfcc-feats.cc:173) Processed features for key HN_7A
VLOG[2] (compute-mfcc-feats[5.5.166~1-013489]:main():compute-mfcc-feats.cc:173) Processed features for key HN_7B
VLOG[2] (compute-mfcc-feats[5.5.166~1-013489]:main():compute-mfcc-feats.cc:173) Processed features for key HN_82O34A
VLOG[2] (compute-mfcc-feats[5.5.166~1-013489]:main():compute-mfcc-feats.cc:173) Processed features for key HN_848A
VLOG[2] (compute-mfcc-feats[5.5.166~1-013489]:main():compute-mfcc-feats.cc:173) Processed features for key HN_856A
VLOG[2] (compute-mfcc-feats[5.5.166~1-013489]:main():compute-mfcc-feats.cc:173) Processed features for key HN_8795A
VLOG[2] (compute-mfcc-feats[5.5.166~1-013489]:main():compute-mfcc-feats.cc:173) Processed features for key HN_8A
VLOG[2] (compute-mfcc-feats[5.5.166~1-013489]:main():compute-mfcc-feats.cc:173) Processed features for key HN_8B
LOG (compute-mfcc-feats[5.5.166~1-013489]:main():compute-mfcc-feats.cc:172) Processed 440 utterances
VLOG[2] (compute-mfcc-feats[5.5.166~1-013489]:main():compute-mfcc-feats.cc:173) Processed features for key HN_8Z44319A
VLOG[2] (compute-mfcc-feats[5.5.166~1-013489]:main():compute-mfcc-feats.cc:173) Processed features for key HN_91O5777A
VLOG[2] (compute-mfcc-feats[5.5.166~1-013489]:main():compute-mfcc-feats.cc:173) Processed features for key HN_93A
VLOG[2] (compute-mfcc-feats[5.5.166~1-013489]:main():compute-mfcc-feats.cc:173) Processed features for key HN_9421695A
VLOG[2] (compute-mfcc-feats[5.5.166~1-013489]:main():compute-mfcc-feats.cc:173) Processed features for key HN_96137A
VLOG[2] (compute-mfcc-feats[5.5.166~1-013489]:main():compute-mfcc-feats.cc:173) Processed features for key HN_97A
VLOG[2] (compute-mfcc-feats[5.5.166~1-013489]:main():compute-mfcc-feats.cc:173) Processed features for key HN_9A
VLOG[2] (compute-mfcc-feats[5.5.166~1-013489]:main():compute-mfcc-feats.cc:173) Processed features for key HN_9B
VLOG[2] (compute-mfcc-feats[5.5.166~1-013489]:main():compute-mfcc-feats.cc:173) Processed features for key HN_O37O5A
VLOG[2] (compute-mfcc-feats[5.5.166~1-013489]:main():compute-mfcc-feats.cc:173) Processed features for key HN_O725224A
LOG (compute-mfcc-feats[5.5.166~1-013489]:main():compute-mfcc-feats.cc:172) Processed 450 utterances
VLOG[2] (compute-mfcc-feats[5.5.166~1-013489]:main():compute-mfcc-feats.cc:173) Processed features for key HN_O835A
VLOG[2] (compute-mfcc-feats[5.5.166~1-013489]:main():compute-mfcc-feats.cc:173) Processed features for key HN_O9O63A
VLOG[2] (compute-mfcc-feats[5.5.166~1-013489]:main():compute-mfcc-feats.cc:173) Processed features for key HN_OA
VLOG[2] (compute-mfcc-feats[5.5.166~1-013489]:main():compute-mfcc-feats.cc:173) Processed features for key HN_OB
VLOG[2] (compute-mfcc-feats[5.5.166~1-013489]:main():compute-mfcc-feats.cc:173) Processed features for key HN_OOA
VLOG[2] (compute-mfcc-feats[5.5.166~1-013489]:main():compute-mfcc-feats.cc:173) Processed features for key HN_Z2A
VLOG[2] (compute-mfcc-feats[5.5.166~1-013489]:main():compute-mfcc-feats.cc:173) Processed features for key HN_Z3A
VLOG[2] (compute-mfcc-feats[5.5.166~1-013489]:main():compute-mfcc-feats.cc:173) Processed features for key HN_Z5Z36A
VLOG[2] (compute-mfcc-feats[5.5.166~1-013489]:main():compute-mfcc-feats.cc:173) Processed features for key HN_Z99A
VLOG[2] (compute-mfcc-feats[5.5.166~1-013489]:main():compute-mfcc-feats.cc:173) Processed features for key HN_ZA
LOG (compute-mfcc-feats[5.5.166~1-013489]:main():compute-mfcc-feats.cc:172) Processed 460 utterances
VLOG[2] (compute-mfcc-feats[5.5.166~1-013489]:main():compute-mfcc-feats.cc:173) Processed features for key HN_ZB
VLOG[2] (compute-mfcc-feats[5.5.166~1-013489]:main():compute-mfcc-feats.cc:173) Processed features for key HN_ZZ1A
VLOG[2] (compute-mfcc-feats[5.5.166~1-013489]:main():compute-mfcc-feats.cc:173) Processed features for key HP_11ZZA
VLOG[2] (compute-mfcc-feats[5.5.166~1-013489]:main():compute-mfcc-feats.cc:173) Processed features for key HP_13A
VLOG[2] (compute-mfcc-feats[5.5.166~1-013489]:main():compute-mfcc-feats.cc:173) Processed features for key HP_1889597A
VLOG[2] (compute-mfcc-feats[5.5.166~1-013489]:main():compute-mfcc-feats.cc:173) Processed features for key HP_19969A
VLOG[2] (compute-mfcc-feats[5.5.166~1-013489]:main():compute-mfcc-feats.cc:173) Processed features for key HP_1A
VLOG[2] (compute-mfcc-feats[5.5.166~1-013489]:main():compute-mfcc-feats.cc:173) Processed features for key HP_1B
VLOG[2] (compute-mfcc-feats[5.5.166~1-013489]:main():compute-mfcc-feats.cc:173) Processed features for key HP_1OA
VLOG[2] (compute-mfcc-feats[5.5.166~1-013489]:main():compute-mfcc-feats.cc:173) Processed features for key HP_213A
LOG (compute-mfcc-feats[5.5.166~1-013489]:main():compute-mfcc-feats.cc:172) Processed 470 utterances
VLOG[2] (compute-mfcc-feats[5.5.166~1-013489]:main():compute-mfcc-feats.cc:173) Processed features for key HP_2278361A
VLOG[2] (compute-mfcc-feats[5.5.166~1-013489]:main():compute-mfcc-feats.cc:173) Processed features for key HP_277A
VLOG[2] (compute-mfcc-feats[5.5.166~1-013489]:main():compute-mfcc-feats.cc:173) Processed features for key HP_292A
VLOG[2] (compute-mfcc-feats[5.5.166~1-013489]:main():compute-mfcc-feats.cc:173) Processed features for key HP_2A
VLOG[2] (compute-mfcc-feats[5.5.166~1-013489]:main():compute-mfcc-feats.cc:173) Processed features for key HP_2B
VLOG[2] (compute-mfcc-feats[5.5.166~1-013489]:main():compute-mfcc-feats.cc:173) Processed features for key HP_2O7A
VLOG[2] (compute-mfcc-feats[5.5.166~1-013489]:main():compute-mfcc-feats.cc:173) Processed features for key HP_3233Z85A
VLOG[2] (compute-mfcc-feats[5.5.166~1-013489]:main():compute-mfcc-feats.cc:173) Processed features for key HP_3573A
VLOG[2] (compute-mfcc-feats[5.5.166~1-013489]:main():compute-mfcc-feats.cc:173) Processed features for key HP_36A
VLOG[2] (compute-mfcc-feats[5.5.166~1-013489]:main():compute-mfcc-feats.cc:173) Processed features for key HP_384A
LOG (compute-mfcc-feats[5.5.166~1-013489]:main():compute-mfcc-feats.cc:172) Processed 480 utterances
VLOG[2] (compute-mfcc-feats[5.5.166~1-013489]:main():compute-mfcc-feats.cc:173) Processed features for key HP_3A
VLOG[2] (compute-mfcc-feats[5.5.166~1-013489]:main():compute-mfcc-feats.cc:173) Processed features for key HP_3B
VLOG[2] (compute-mfcc-feats[5.5.166~1-013489]:main():compute-mfcc-feats.cc:173) Processed features for key HP_3ZZ4A
VLOG[2] (compute-mfcc-feats[5.5.166~1-013489]:main():compute-mfcc-feats.cc:173) Processed features for key HP_412A
VLOG[2] (compute-mfcc-feats[5.5.166~1-013489]:main():compute-mfcc-feats.cc:173) Processed features for key HP_42287A
VLOG[2] (compute-mfcc-feats[5.5.166~1-013489]:main():compute-mfcc-feats.cc:173) Processed features for key HP_43763A
VLOG[2] (compute-mfcc-feats[5.5.166~1-013489]:main():compute-mfcc-feats.cc:173) Processed features for key HP_475A
VLOG[2] (compute-mfcc-feats[5.5.166~1-013489]:main():compute-mfcc-feats.cc:173) Processed features for key HP_49A
VLOG[2] (compute-mfcc-feats[5.5.166~1-013489]:main():compute-mfcc-feats.cc:173) Processed features for key HP_4A
VLOG[2] (compute-mfcc-feats[5.5.166~1-013489]:main():compute-mfcc-feats.cc:173) Processed features for key HP_4B
LOG (compute-mfcc-feats[5.5.166~1-013489]:main():compute-mfcc-feats.cc:172) Processed 490 utterances
VLOG[2] (compute-mfcc-feats[5.5.166~1-013489]:main():compute-mfcc-feats.cc:173) Processed features for key HP_51464A
VLOG[2] (compute-mfcc-feats[5.5.166~1-013489]:main():compute-mfcc-feats.cc:173) Processed features for key HP_545A
VLOG[2] (compute-mfcc-feats[5.5.166~1-013489]:main():compute-mfcc-feats.cc:173) Processed features for key HP_5462O7OA
VLOG[2] (compute-mfcc-feats[5.5.166~1-013489]:main():compute-mfcc-feats.cc:173) Processed features for key HP_59A
VLOG[2] (compute-mfcc-feats[5.5.166~1-013489]:main():compute-mfcc-feats.cc:173) Processed features for key HP_5A
VLOG[2] (compute-mfcc-feats[5.5.166~1-013489]:main():compute-mfcc-feats.cc:173) Processed features for key HP_5B
VLOG[2] (compute-mfcc-feats[5.5.166~1-013489]:main():compute-mfcc-feats.cc:173) Processed features for key HP_5Z28Z56A
VLOG[2] (compute-mfcc-feats[5.5.166~1-013489]:main():compute-mfcc-feats.cc:173) Processed features for key HP_6719A
VLOG[2] (compute-mfcc-feats[5.5.166~1-013489]:main():compute-mfcc-feats.cc:173) Processed features for key HP_682ZZ95A
VLOG[2] (compute-mfcc-feats[5.5.166~1-013489]:main():compute-mfcc-feats.cc:173) Processed features for key HP_6866A
LOG (compute-mfcc-feats[5.5.166~1-013489]:main():compute-mfcc-feats.cc:172) Processed 500 utterances
VLOG[2] (compute-mfcc-feats[5.5.166~1-013489]:main():compute-mfcc-feats.cc:173) Processed features for key HP_69A
VLOG[2] (compute-mfcc-feats[5.5.166~1-013489]:main():compute-mfcc-feats.cc:173) Processed features for key HP_6A
VLOG[2] (compute-mfcc-feats[5.5.166~1-013489]:main():compute-mfcc-feats.cc:173) Processed features for key HP_6B
VLOG[2] (compute-mfcc-feats[5.5.166~1-013489]:main():compute-mfcc-feats.cc:173) Processed features for key HP_6ZA
VLOG[2] (compute-mfcc-feats[5.5.166~1-013489]:main():compute-mfcc-feats.cc:173) Processed features for key HP_71ZA
VLOG[2] (compute-mfcc-feats[5.5.166~1-013489]:main():compute-mfcc-feats.cc:173) Processed features for key HP_7844ZA
VLOG[2] (compute-mfcc-feats[5.5.166~1-013489]:main():compute-mfcc-feats.cc:173) Processed features for key HP_79766A
VLOG[2] (compute-mfcc-feats[5.5.166~1-013489]:main():compute-mfcc-feats.cc:173) Processed features for key HP_7A
VLOG[2] (compute-mfcc-feats[5.5.166~1-013489]:main():compute-mfcc-feats.cc:173) Processed features for key HP_7B
VLOG[2] (compute-mfcc-feats[5.5.166~1-013489]:main():compute-mfcc-feats.cc:173) Processed features for key HP_7OO9A
LOG (compute-mfcc-feats[5.5.166~1-013489]:main():compute-mfcc-feats.cc:172) Processed 510 utterances
VLOG[2] (compute-mfcc-feats[5.5.166~1-013489]:main():compute-mfcc-feats.cc:173) Processed features for key HP_7ZZ4ZA
VLOG[2] (compute-mfcc-feats[5.5.166~1-013489]:main():compute-mfcc-feats.cc:173) Processed features for key HP_81A
VLOG[2] (compute-mfcc-feats[5.5.166~1-013489]:main():compute-mfcc-feats.cc:173) Processed features for key HP_82486A
VLOG[2] (compute-mfcc-feats[5.5.166~1-013489]:main():compute-mfcc-feats.cc:173) Processed features for key HP_8A
VLOG[2] (compute-mfcc-feats[5.5.166~1-013489]:main():compute-mfcc-feats.cc:173) Processed features for key HP_8B
VLOG[2] (compute-mfcc-feats[5.5.166~1-013489]:main():compute-mfcc-feats.cc:173) Processed features for key HP_8O9O299A
VLOG[2] (compute-mfcc-feats[5.5.166~1-013489]:main():compute-mfcc-feats.cc:173) Processed features for key HP_8Z581A
VLOG[2] (compute-mfcc-feats[5.5.166~1-013489]:main():compute-mfcc-feats.cc:173) Processed features for key HP_8Z98A
VLOG[2] (compute-mfcc-feats[5.5.166~1-013489]:main():compute-mfcc-feats.cc:173) Processed features for key HP_92165Z1A
VLOG[2] (compute-mfcc-feats[5.5.166~1-013489]:main():compute-mfcc-feats.cc:173) Processed features for key HP_942A
LOG (compute-mfcc-feats[5.5.166~1-013489]:main():compute-mfcc-feats.cc:172) Processed 520 utterances
VLOG[2] (compute-mfcc-feats[5.5.166~1-013489]:main():compute-mfcc-feats.cc:173) Processed features for key HP_96O4A
VLOG[2] (compute-mfcc-feats[5.5.166~1-013489]:main():compute-mfcc-feats.cc:173) Processed features for key HP_9858A
VLOG[2] (compute-mfcc-feats[5.5.166~1-013489]:main():compute-mfcc-feats.cc:173) Processed features for key HP_9A
VLOG[2] (compute-mfcc-feats[5.5.166~1-013489]:main():compute-mfcc-feats.cc:173) Processed features for key HP_9B
VLOG[2] (compute-mfcc-feats[5.5.166~1-013489]:main():compute-mfcc-feats.cc:173) Processed features for key HP_9Z34ZA
VLOG[2] (compute-mfcc-feats[5.5.166~1-013489]:main():compute-mfcc-feats.cc:173) Processed features for key HP_O12OO41A
VLOG[2] (compute-mfcc-feats[5.5.166~1-013489]:main():compute-mfcc-feats.cc:173) Processed features for key HP_O652625A
VLOG[2] (compute-mfcc-feats[5.5.166~1-013489]:main():compute-mfcc-feats.cc:173) Processed features for key HP_O6A
VLOG[2] (compute-mfcc-feats[5.5.166~1-013489]:main():compute-mfcc-feats.cc:173) Processed features for key HP_O894726A
VLOG[2] (compute-mfcc-feats[5.5.166~1-013489]:main():compute-mfcc-feats.cc:173) Processed features for key HP_OA
LOG (compute-mfcc-feats[5.5.166~1-013489]:main():compute-mfcc-feats.cc:172) Processed 530 utterances
VLOG[2] (compute-mfcc-feats[5.5.166~1-013489]:main():compute-mfcc-feats.cc:173) Processed features for key HP_OB
VLOG[2] (compute-mfcc-feats[5.5.166~1-013489]:main():compute-mfcc-feats.cc:173) Processed features for key HP_OO237A
VLOG[2] (compute-mfcc-feats[5.5.166~1-013489]:main():compute-mfcc-feats.cc:173) Processed features for key HP_Z1A
VLOG[2] (compute-mfcc-feats[5.5.166~1-013489]:main():compute-mfcc-feats.cc:173) Processed features for key HP_Z25A
VLOG[2] (compute-mfcc-feats[5.5.166~1-013489]:main():compute-mfcc-feats.cc:173) Processed features for key HP_Z638A
VLOG[2] (compute-mfcc-feats[5.5.166~1-013489]:main():compute-mfcc-feats.cc:173) Processed features for key HP_Z673A
VLOG[2] (compute-mfcc-feats[5.5.166~1-013489]:main():compute-mfcc-feats.cc:173) Processed features for key HP_Z7A
VLOG[2] (compute-mfcc-feats[5.5.166~1-013489]:main():compute-mfcc-feats.cc:173) Processed features for key HP_ZA
VLOG[2] (compute-mfcc-feats[5.5.166~1-013489]:main():compute-mfcc-feats.cc:173) Processed features for key HP_ZB
VLOG[2] (compute-mfcc-feats[5.5.166~1-013489]:main():compute-mfcc-feats.cc:173) Processed features for key HS_125857OA
LOG (compute-mfcc-feats[5.5.166~1-013489]:main():compute-mfcc-feats.cc:176)  Done 539 out of 539 utterances.
LOG (copy-feats[5.5.166~1-013489]:main():copy-feats.cc:143) Copied 539 feature matrices.
# Accounting: time=5 threads=1
# Ended (code 0) at Thu Dec  5 00:50:20 CST 2019, elapsed time 5 seconds
