# compute-mfcc-feats --verbose=2 --config=conf/mfcc.conf scp,p:exp/make_mfcc/train/wav_train.12.scp ark:- | copy-feats --compress=true ark:- ark,scp:/home/jincheng/SMIIP_1ST_HW/mfcc/raw_mfcc_train.12.ark,/home/jincheng/SMIIP_1ST_HW/mfcc/raw_mfcc_train.12.scp 
# Started at Mon Dec  2 13:38:15 CST 2019
#
copy-feats --compress=true ark:- ark,scp:/home/jincheng/SMIIP_1ST_HW/mfcc/raw_mfcc_train.12.ark,/home/jincheng/SMIIP_1ST_HW/mfcc/raw_mfcc_train.12.scp 
compute-mfcc-feats --verbose=2 --config=conf/mfcc.conf scp,p:exp/make_mfcc/train/wav_train.12.scp ark:- 
VLOG[2] (compute-mfcc-feats[5.5.166~1-013489]:main():compute-mfcc-feats.cc:173) Processed features for key LT_131A
VLOG[2] (compute-mfcc-feats[5.5.166~1-013489]:main():compute-mfcc-feats.cc:173) Processed features for key LT_1738A
VLOG[2] (compute-mfcc-feats[5.5.166~1-013489]:main():compute-mfcc-feats.cc:173) Processed features for key LT_1A
VLOG[2] (compute-mfcc-feats[5.5.166~1-013489]:main():compute-mfcc-feats.cc:173) Processed features for key LT_1B
VLOG[2] (compute-mfcc-feats[5.5.166~1-013489]:main():compute-mfcc-feats.cc:173) Processed features for key LT_1OA
VLOG[2] (compute-mfcc-feats[5.5.166~1-013489]:main():compute-mfcc-feats.cc:173) Processed features for key LT_1OO1A
VLOG[2] (compute-mfcc-feats[5.5.166~1-013489]:main():compute-mfcc-feats.cc:173) Processed features for key LT_21761A
VLOG[2] (compute-mfcc-feats[5.5.166~1-013489]:main():compute-mfcc-feats.cc:173) Processed features for key LT_22758A
VLOG[2] (compute-mfcc-feats[5.5.166~1-013489]:main():compute-mfcc-feats.cc:173) Processed features for key LT_2657ZA
LOG (compute-mfcc-feats[5.5.166~1-013489]:main():compute-mfcc-feats.cc:172) Processed 10 utterances
VLOG[2] (compute-mfcc-feats[5.5.166~1-013489]:main():compute-mfcc-feats.cc:173) Processed features for key LT_26A
VLOG[2] (compute-mfcc-feats[5.5.166~1-013489]:main():compute-mfcc-feats.cc:173) Processed features for key LT_2836A
VLOG[2] (compute-mfcc-feats[5.5.166~1-013489]:main():compute-mfcc-feats.cc:173) Processed features for key LT_2A
VLOG[2] (compute-mfcc-feats[5.5.166~1-013489]:main():compute-mfcc-feats.cc:173) Processed features for key LT_2B
VLOG[2] (compute-mfcc-feats[5.5.166~1-013489]:main():compute-mfcc-feats.cc:173) Processed features for key LT_31ZA
VLOG[2] (compute-mfcc-feats[5.5.166~1-013489]:main():compute-mfcc-feats.cc:173) Processed features for key LT_323A
VLOG[2] (compute-mfcc-feats[5.5.166~1-013489]:main():compute-mfcc-feats.cc:173) Processed features for key LT_33O62A
VLOG[2] (compute-mfcc-feats[5.5.166~1-013489]:main():compute-mfcc-feats.cc:173) Processed features for key LT_3765A
VLOG[2] (compute-mfcc-feats[5.5.166~1-013489]:main():compute-mfcc-feats.cc:173) Processed features for key LT_3A
VLOG[2] (compute-mfcc-feats[5.5.166~1-013489]:main():compute-mfcc-feats.cc:173) Processed features for key LT_3B
LOG (compute-mfcc-feats[5.5.166~1-013489]:main():compute-mfcc-feats.cc:172) Processed 20 utterances
VLOG[2] (compute-mfcc-feats[5.5.166~1-013489]:main():compute-mfcc-feats.cc:173) Processed features for key LT_3Z71Z12A
VLOG[2] (compute-mfcc-feats[5.5.166~1-013489]:main():compute-mfcc-feats.cc:173) Processed features for key LT_434OOA
VLOG[2] (compute-mfcc-feats[5.5.166~1-013489]:main():compute-mfcc-feats.cc:173) Processed features for key LT_45OA
VLOG[2] (compute-mfcc-feats[5.5.166~1-013489]:main():compute-mfcc-feats.cc:173) Processed features for key LT_4859928A
VLOG[2] (compute-mfcc-feats[5.5.166~1-013489]:main():compute-mfcc-feats.cc:173) Processed features for key LT_4A
VLOG[2] (compute-mfcc-feats[5.5.166~1-013489]:main():compute-mfcc-feats.cc:173) Processed features for key LT_4B
VLOG[2] (compute-mfcc-feats[5.5.166~1-013489]:main():compute-mfcc-feats.cc:173) Processed features for key LT_4O93A
VLOG[2] (compute-mfcc-feats[5.5.166~1-013489]:main():compute-mfcc-feats.cc:173) Processed features for key LT_4Z1547ZA
VLOG[2] (compute-mfcc-feats[5.5.166~1-013489]:main():compute-mfcc-feats.cc:173) Processed features for key LT_52423A
VLOG[2] (compute-mfcc-feats[5.5.166~1-013489]:main():compute-mfcc-feats.cc:173) Processed features for key LT_53A
LOG (compute-mfcc-feats[5.5.166~1-013489]:main():compute-mfcc-feats.cc:172) Processed 30 utterances
VLOG[2] (compute-mfcc-feats[5.5.166~1-013489]:main():compute-mfcc-feats.cc:173) Processed features for key LT_55O69A
VLOG[2] (compute-mfcc-feats[5.5.166~1-013489]:main():compute-mfcc-feats.cc:173) Processed features for key LT_577O1A
VLOG[2] (compute-mfcc-feats[5.5.166~1-013489]:main():compute-mfcc-feats.cc:173) Processed features for key LT_5A
VLOG[2] (compute-mfcc-feats[5.5.166~1-013489]:main():compute-mfcc-feats.cc:173) Processed features for key LT_5B
VLOG[2] (compute-mfcc-feats[5.5.166~1-013489]:main():compute-mfcc-feats.cc:173) Processed features for key LT_5ZA
VLOG[2] (compute-mfcc-feats[5.5.166~1-013489]:main():compute-mfcc-feats.cc:173) Processed features for key LT_6625A
VLOG[2] (compute-mfcc-feats[5.5.166~1-013489]:main():compute-mfcc-feats.cc:173) Processed features for key LT_67846Z2A
VLOG[2] (compute-mfcc-feats[5.5.166~1-013489]:main():compute-mfcc-feats.cc:173) Processed features for key LT_67A
VLOG[2] (compute-mfcc-feats[5.5.166~1-013489]:main():compute-mfcc-feats.cc:173) Processed features for key LT_6851229A
VLOG[2] (compute-mfcc-feats[5.5.166~1-013489]:main():compute-mfcc-feats.cc:173) Processed features for key LT_6A
LOG (compute-mfcc-feats[5.5.166~1-013489]:main():compute-mfcc-feats.cc:172) Processed 40 utterances
VLOG[2] (compute-mfcc-feats[5.5.166~1-013489]:main():compute-mfcc-feats.cc:173) Processed features for key LT_6B
VLOG[2] (compute-mfcc-feats[5.5.166~1-013489]:main():compute-mfcc-feats.cc:173) Processed features for key LT_6O8A
VLOG[2] (compute-mfcc-feats[5.5.166~1-013489]:main():compute-mfcc-feats.cc:173) Processed features for key LT_73538A
VLOG[2] (compute-mfcc-feats[5.5.166~1-013489]:main():compute-mfcc-feats.cc:173) Processed features for key LT_741A
VLOG[2] (compute-mfcc-feats[5.5.166~1-013489]:main():compute-mfcc-feats.cc:173) Processed features for key LT_74514ZZA
VLOG[2] (compute-mfcc-feats[5.5.166~1-013489]:main():compute-mfcc-feats.cc:173) Processed features for key LT_77A
VLOG[2] (compute-mfcc-feats[5.5.166~1-013489]:main():compute-mfcc-feats.cc:173) Processed features for key LT_7963A
VLOG[2] (compute-mfcc-feats[5.5.166~1-013489]:main():compute-mfcc-feats.cc:173) Processed features for key LT_7A
VLOG[2] (compute-mfcc-feats[5.5.166~1-013489]:main():compute-mfcc-feats.cc:173) Processed features for key LT_7B
VLOG[2] (compute-mfcc-feats[5.5.166~1-013489]:main():compute-mfcc-feats.cc:173) Processed features for key LT_81A
LOG (compute-mfcc-feats[5.5.166~1-013489]:main():compute-mfcc-feats.cc:172) Processed 50 utterances
VLOG[2] (compute-mfcc-feats[5.5.166~1-013489]:main():compute-mfcc-feats.cc:173) Processed features for key LT_8711435A
VLOG[2] (compute-mfcc-feats[5.5.166~1-013489]:main():compute-mfcc-feats.cc:173) Processed features for key LT_887ZA
VLOG[2] (compute-mfcc-feats[5.5.166~1-013489]:main():compute-mfcc-feats.cc:173) Processed features for key LT_88OA
VLOG[2] (compute-mfcc-feats[5.5.166~1-013489]:main():compute-mfcc-feats.cc:173) Processed features for key LT_8A
VLOG[2] (compute-mfcc-feats[5.5.166~1-013489]:main():compute-mfcc-feats.cc:173) Processed features for key LT_8B
VLOG[2] (compute-mfcc-feats[5.5.166~1-013489]:main():compute-mfcc-feats.cc:173) Processed features for key LT_8ZA
VLOG[2] (compute-mfcc-feats[5.5.166~1-013489]:main():compute-mfcc-feats.cc:173) Processed features for key LT_9242A
VLOG[2] (compute-mfcc-feats[5.5.166~1-013489]:main():compute-mfcc-feats.cc:173) Processed features for key LT_94A
VLOG[2] (compute-mfcc-feats[5.5.166~1-013489]:main():compute-mfcc-feats.cc:173) Processed features for key LT_98168A
VLOG[2] (compute-mfcc-feats[5.5.166~1-013489]:main():compute-mfcc-feats.cc:173) Processed features for key LT_98OA
LOG (compute-mfcc-feats[5.5.166~1-013489]:main():compute-mfcc-feats.cc:172) Processed 60 utterances
VLOG[2] (compute-mfcc-feats[5.5.166~1-013489]:main():compute-mfcc-feats.cc:173) Processed features for key LT_9A
VLOG[2] (compute-mfcc-feats[5.5.166~1-013489]:main():compute-mfcc-feats.cc:173) Processed features for key LT_9B
VLOG[2] (compute-mfcc-feats[5.5.166~1-013489]:main():compute-mfcc-feats.cc:173) Processed features for key LT_9OA
VLOG[2] (compute-mfcc-feats[5.5.166~1-013489]:main():compute-mfcc-feats.cc:173) Processed features for key LT_O341A
VLOG[2] (compute-mfcc-feats[5.5.166~1-013489]:main():compute-mfcc-feats.cc:173) Processed features for key LT_O47A
VLOG[2] (compute-mfcc-feats[5.5.166~1-013489]:main():compute-mfcc-feats.cc:173) Processed features for key LT_O727A
VLOG[2] (compute-mfcc-feats[5.5.166~1-013489]:main():compute-mfcc-feats.cc:173) Processed features for key LT_O786369A
VLOG[2] (compute-mfcc-feats[5.5.166~1-013489]:main():compute-mfcc-feats.cc:173) Processed features for key LT_O979618A
VLOG[2] (compute-mfcc-feats[5.5.166~1-013489]:main():compute-mfcc-feats.cc:173) Processed features for key LT_OA
VLOG[2] (compute-mfcc-feats[5.5.166~1-013489]:main():compute-mfcc-feats.cc:173) Processed features for key LT_OB
LOG (compute-mfcc-feats[5.5.166~1-013489]:main():compute-mfcc-feats.cc:172) Processed 70 utterances
VLOG[2] (compute-mfcc-feats[5.5.166~1-013489]:main():compute-mfcc-feats.cc:173) Processed features for key LT_Z525919A
VLOG[2] (compute-mfcc-feats[5.5.166~1-013489]:main():compute-mfcc-feats.cc:173) Processed features for key LT_Z89A
VLOG[2] (compute-mfcc-feats[5.5.166~1-013489]:main():compute-mfcc-feats.cc:173) Processed features for key LT_Z9ZA
VLOG[2] (compute-mfcc-feats[5.5.166~1-013489]:main():compute-mfcc-feats.cc:173) Processed features for key LT_ZA
VLOG[2] (compute-mfcc-feats[5.5.166~1-013489]:main():compute-mfcc-feats.cc:173) Processed features for key LT_ZB
VLOG[2] (compute-mfcc-feats[5.5.166~1-013489]:main():compute-mfcc-feats.cc:173) Processed features for key LT_ZZ483A
VLOG[2] (compute-mfcc-feats[5.5.166~1-013489]:main():compute-mfcc-feats.cc:173) Processed features for key LT_ZZ56Z3ZA
VLOG[2] (compute-mfcc-feats[5.5.166~1-013489]:main():compute-mfcc-feats.cc:173) Processed features for key MB_1185O73A
VLOG[2] (compute-mfcc-feats[5.5.166~1-013489]:main():compute-mfcc-feats.cc:173) Processed features for key MB_14A
VLOG[2] (compute-mfcc-feats[5.5.166~1-013489]:main():compute-mfcc-feats.cc:173) Processed features for key MB_192O151A
LOG (compute-mfcc-feats[5.5.166~1-013489]:main():compute-mfcc-feats.cc:172) Processed 80 utterances
VLOG[2] (compute-mfcc-feats[5.5.166~1-013489]:main():compute-mfcc-feats.cc:173) Processed features for key MB_1A
VLOG[2] (compute-mfcc-feats[5.5.166~1-013489]:main():compute-mfcc-feats.cc:173) Processed features for key MB_1B
VLOG[2] (compute-mfcc-feats[5.5.166~1-013489]:main():compute-mfcc-feats.cc:173) Processed features for key MB_1Z4A
VLOG[2] (compute-mfcc-feats[5.5.166~1-013489]:main():compute-mfcc-feats.cc:173) Processed features for key MB_1ZA
VLOG[2] (compute-mfcc-feats[5.5.166~1-013489]:main():compute-mfcc-feats.cc:173) Processed features for key MB_21O4O94A
VLOG[2] (compute-mfcc-feats[5.5.166~1-013489]:main():compute-mfcc-feats.cc:173) Processed features for key MB_24A
VLOG[2] (compute-mfcc-feats[5.5.166~1-013489]:main():compute-mfcc-feats.cc:173) Processed features for key MB_261658OA
VLOG[2] (compute-mfcc-feats[5.5.166~1-013489]:main():compute-mfcc-feats.cc:173) Processed features for key MB_26O1A
VLOG[2] (compute-mfcc-feats[5.5.166~1-013489]:main():compute-mfcc-feats.cc:173) Processed features for key MB_2A
VLOG[2] (compute-mfcc-feats[5.5.166~1-013489]:main():compute-mfcc-feats.cc:173) Processed features for key MB_2B
LOG (compute-mfcc-feats[5.5.166~1-013489]:main():compute-mfcc-feats.cc:172) Processed 90 utterances
VLOG[2] (compute-mfcc-feats[5.5.166~1-013489]:main():compute-mfcc-feats.cc:173) Processed features for key MB_2ZZ1A
VLOG[2] (compute-mfcc-feats[5.5.166~1-013489]:main():compute-mfcc-feats.cc:173) Processed features for key MB_32757A
VLOG[2] (compute-mfcc-feats[5.5.166~1-013489]:main():compute-mfcc-feats.cc:173) Processed features for key MB_35OA
VLOG[2] (compute-mfcc-feats[5.5.166~1-013489]:main():compute-mfcc-feats.cc:173) Processed features for key MB_3825377A
VLOG[2] (compute-mfcc-feats[5.5.166~1-013489]:main():compute-mfcc-feats.cc:173) Processed features for key MB_3982979A
VLOG[2] (compute-mfcc-feats[5.5.166~1-013489]:main():compute-mfcc-feats.cc:173) Processed features for key MB_3A
VLOG[2] (compute-mfcc-feats[5.5.166~1-013489]:main():compute-mfcc-feats.cc:173) Processed features for key MB_3B
VLOG[2] (compute-mfcc-feats[5.5.166~1-013489]:main():compute-mfcc-feats.cc:173) Processed features for key MB_3Z8A
VLOG[2] (compute-mfcc-feats[5.5.166~1-013489]:main():compute-mfcc-feats.cc:173) Processed features for key MB_4195A
VLOG[2] (compute-mfcc-feats[5.5.166~1-013489]:main():compute-mfcc-feats.cc:173) Processed features for key MB_42O3817A
LOG (compute-mfcc-feats[5.5.166~1-013489]:main():compute-mfcc-feats.cc:172) Processed 100 utterances
VLOG[2] (compute-mfcc-feats[5.5.166~1-013489]:main():compute-mfcc-feats.cc:173) Processed features for key MB_44A
VLOG[2] (compute-mfcc-feats[5.5.166~1-013489]:main():compute-mfcc-feats.cc:173) Processed features for key MB_47OO3A
VLOG[2] (compute-mfcc-feats[5.5.166~1-013489]:main():compute-mfcc-feats.cc:173) Processed features for key MB_499A
VLOG[2] (compute-mfcc-feats[5.5.166~1-013489]:main():compute-mfcc-feats.cc:173) Processed features for key MB_4A
VLOG[2] (compute-mfcc-feats[5.5.166~1-013489]:main():compute-mfcc-feats.cc:173) Processed features for key MB_4B
VLOG[2] (compute-mfcc-feats[5.5.166~1-013489]:main():compute-mfcc-feats.cc:173) Processed features for key MB_51272A
VLOG[2] (compute-mfcc-feats[5.5.166~1-013489]:main():compute-mfcc-feats.cc:173) Processed features for key MB_521A
VLOG[2] (compute-mfcc-feats[5.5.166~1-013489]:main():compute-mfcc-feats.cc:173) Processed features for key MB_547A
VLOG[2] (compute-mfcc-feats[5.5.166~1-013489]:main():compute-mfcc-feats.cc:173) Processed features for key MB_56ZA
VLOG[2] (compute-mfcc-feats[5.5.166~1-013489]:main():compute-mfcc-feats.cc:173) Processed features for key MB_5A
LOG (compute-mfcc-feats[5.5.166~1-013489]:main():compute-mfcc-feats.cc:172) Processed 110 utterances
VLOG[2] (compute-mfcc-feats[5.5.166~1-013489]:main():compute-mfcc-feats.cc:173) Processed features for key MB_5B
VLOG[2] (compute-mfcc-feats[5.5.166~1-013489]:main():compute-mfcc-feats.cc:173) Processed features for key MB_5Z5522ZA
VLOG[2] (compute-mfcc-feats[5.5.166~1-013489]:main():compute-mfcc-feats.cc:173) Processed features for key MB_6178A
VLOG[2] (compute-mfcc-feats[5.5.166~1-013489]:main():compute-mfcc-feats.cc:173) Processed features for key MB_64O6OA
VLOG[2] (compute-mfcc-feats[5.5.166~1-013489]:main():compute-mfcc-feats.cc:173) Processed features for key MB_67A
VLOG[2] (compute-mfcc-feats[5.5.166~1-013489]:main():compute-mfcc-feats.cc:173) Processed features for key MB_68343A
VLOG[2] (compute-mfcc-feats[5.5.166~1-013489]:main():compute-mfcc-feats.cc:173) Processed features for key MB_686A
VLOG[2] (compute-mfcc-feats[5.5.166~1-013489]:main():compute-mfcc-feats.cc:173) Processed features for key MB_6A
VLOG[2] (compute-mfcc-feats[5.5.166~1-013489]:main():compute-mfcc-feats.cc:173) Processed features for key MB_6B
VLOG[2] (compute-mfcc-feats[5.5.166~1-013489]:main():compute-mfcc-feats.cc:173) Processed features for key MB_71A
LOG (compute-mfcc-feats[5.5.166~1-013489]:main():compute-mfcc-feats.cc:172) Processed 120 utterances
VLOG[2] (compute-mfcc-feats[5.5.166~1-013489]:main():compute-mfcc-feats.cc:173) Processed features for key MB_762A
VLOG[2] (compute-mfcc-feats[5.5.166~1-013489]:main():compute-mfcc-feats.cc:173) Processed features for key MB_77A
VLOG[2] (compute-mfcc-feats[5.5.166~1-013489]:main():compute-mfcc-feats.cc:173) Processed features for key MB_79665A
VLOG[2] (compute-mfcc-feats[5.5.166~1-013489]:main():compute-mfcc-feats.cc:173) Processed features for key MB_7A
VLOG[2] (compute-mfcc-feats[5.5.166~1-013489]:main():compute-mfcc-feats.cc:173) Processed features for key MB_7B
VLOG[2] (compute-mfcc-feats[5.5.166~1-013489]:main():compute-mfcc-feats.cc:173) Processed features for key MB_7O71A
VLOG[2] (compute-mfcc-feats[5.5.166~1-013489]:main():compute-mfcc-feats.cc:173) Processed features for key MB_8187A
VLOG[2] (compute-mfcc-feats[5.5.166~1-013489]:main():compute-mfcc-feats.cc:173) Processed features for key MB_89A
VLOG[2] (compute-mfcc-feats[5.5.166~1-013489]:main():compute-mfcc-feats.cc:173) Processed features for key MB_8A
VLOG[2] (compute-mfcc-feats[5.5.166~1-013489]:main():compute-mfcc-feats.cc:173) Processed features for key MB_8B
LOG (compute-mfcc-feats[5.5.166~1-013489]:main():compute-mfcc-feats.cc:172) Processed 130 utterances
VLOG[2] (compute-mfcc-feats[5.5.166~1-013489]:main():compute-mfcc-feats.cc:173) Processed features for key MB_8O44629A
VLOG[2] (compute-mfcc-feats[5.5.166~1-013489]:main():compute-mfcc-feats.cc:173) Processed features for key MB_8Z45A
VLOG[2] (compute-mfcc-feats[5.5.166~1-013489]:main():compute-mfcc-feats.cc:173) Processed features for key MB_8Z93ZA
VLOG[2] (compute-mfcc-feats[5.5.166~1-013489]:main():compute-mfcc-feats.cc:173) Processed features for key MB_91A
VLOG[2] (compute-mfcc-feats[5.5.166~1-013489]:main():compute-mfcc-feats.cc:173) Processed features for key MB_92A
VLOG[2] (compute-mfcc-feats[5.5.166~1-013489]:main():compute-mfcc-feats.cc:173) Processed features for key MB_969OOA
VLOG[2] (compute-mfcc-feats[5.5.166~1-013489]:main():compute-mfcc-feats.cc:173) Processed features for key MB_9912A
VLOG[2] (compute-mfcc-feats[5.5.166~1-013489]:main():compute-mfcc-feats.cc:173) Processed features for key MB_9A
VLOG[2] (compute-mfcc-feats[5.5.166~1-013489]:main():compute-mfcc-feats.cc:173) Processed features for key MB_9B
VLOG[2] (compute-mfcc-feats[5.5.166~1-013489]:main():compute-mfcc-feats.cc:173) Processed features for key MB_9ZZ6948A
LOG (compute-mfcc-feats[5.5.166~1-013489]:main():compute-mfcc-feats.cc:172) Processed 140 utterances
VLOG[2] (compute-mfcc-feats[5.5.166~1-013489]:main():compute-mfcc-feats.cc:173) Processed features for key MB_O23OA
VLOG[2] (compute-mfcc-feats[5.5.166~1-013489]:main():compute-mfcc-feats.cc:173) Processed features for key MB_O2A
VLOG[2] (compute-mfcc-feats[5.5.166~1-013489]:main():compute-mfcc-feats.cc:173) Processed features for key MB_O5O59O8A
VLOG[2] (compute-mfcc-feats[5.5.166~1-013489]:main():compute-mfcc-feats.cc:173) Processed features for key MB_O97OA
VLOG[2] (compute-mfcc-feats[5.5.166~1-013489]:main():compute-mfcc-feats.cc:173) Processed features for key MB_OA
VLOG[2] (compute-mfcc-feats[5.5.166~1-013489]:main():compute-mfcc-feats.cc:173) Processed features for key MB_OB
VLOG[2] (compute-mfcc-feats[5.5.166~1-013489]:main():compute-mfcc-feats.cc:173) Processed features for key MB_OO854A
VLOG[2] (compute-mfcc-feats[5.5.166~1-013489]:main():compute-mfcc-feats.cc:173) Processed features for key MB_Z22A
VLOG[2] (compute-mfcc-feats[5.5.166~1-013489]:main():compute-mfcc-feats.cc:173) Processed features for key MB_Z6328A
VLOG[2] (compute-mfcc-feats[5.5.166~1-013489]:main():compute-mfcc-feats.cc:173) Processed features for key MB_Z984A
LOG (compute-mfcc-feats[5.5.166~1-013489]:main():compute-mfcc-feats.cc:172) Processed 150 utterances
VLOG[2] (compute-mfcc-feats[5.5.166~1-013489]:main():compute-mfcc-feats.cc:173) Processed features for key MB_ZA
VLOG[2] (compute-mfcc-feats[5.5.166~1-013489]:main():compute-mfcc-feats.cc:173) Processed features for key MB_ZB
VLOG[2] (compute-mfcc-feats[5.5.166~1-013489]:main():compute-mfcc-feats.cc:173) Processed features for key MB_ZZ339A
VLOG[2] (compute-mfcc-feats[5.5.166~1-013489]:main():compute-mfcc-feats.cc:173) Processed features for key MB_ZZ7A
VLOG[2] (compute-mfcc-feats[5.5.166~1-013489]:main():compute-mfcc-feats.cc:173) Processed features for key MH_11985A
VLOG[2] (compute-mfcc-feats[5.5.166~1-013489]:main():compute-mfcc-feats.cc:173) Processed features for key MH_1473596A
VLOG[2] (compute-mfcc-feats[5.5.166~1-013489]:main():compute-mfcc-feats.cc:173) Processed features for key MH_165A
VLOG[2] (compute-mfcc-feats[5.5.166~1-013489]:main():compute-mfcc-feats.cc:173) Processed features for key MH_18OOOA
VLOG[2] (compute-mfcc-feats[5.5.166~1-013489]:main():compute-mfcc-feats.cc:173) Processed features for key MH_19A
VLOG[2] (compute-mfcc-feats[5.5.166~1-013489]:main():compute-mfcc-feats.cc:173) Processed features for key MH_1A
LOG (compute-mfcc-feats[5.5.166~1-013489]:main():compute-mfcc-feats.cc:172) Processed 160 utterances
VLOG[2] (compute-mfcc-feats[5.5.166~1-013489]:main():compute-mfcc-feats.cc:173) Processed features for key MH_1B
VLOG[2] (compute-mfcc-feats[5.5.166~1-013489]:main():compute-mfcc-feats.cc:173) Processed features for key MH_21356A
VLOG[2] (compute-mfcc-feats[5.5.166~1-013489]:main():compute-mfcc-feats.cc:173) Processed features for key MH_2212775A
VLOG[2] (compute-mfcc-feats[5.5.166~1-013489]:main():compute-mfcc-feats.cc:173) Processed features for key MH_22A
VLOG[2] (compute-mfcc-feats[5.5.166~1-013489]:main():compute-mfcc-feats.cc:173) Processed features for key MH_23A
VLOG[2] (compute-mfcc-feats[5.5.166~1-013489]:main():compute-mfcc-feats.cc:173) Processed features for key MH_25A
VLOG[2] (compute-mfcc-feats[5.5.166~1-013489]:main():compute-mfcc-feats.cc:173) Processed features for key MH_2A
VLOG[2] (compute-mfcc-feats[5.5.166~1-013489]:main():compute-mfcc-feats.cc:173) Processed features for key MH_2B
VLOG[2] (compute-mfcc-feats[5.5.166~1-013489]:main():compute-mfcc-feats.cc:173) Processed features for key MH_31O4A
VLOG[2] (compute-mfcc-feats[5.5.166~1-013489]:main():compute-mfcc-feats.cc:173) Processed features for key MH_325A
LOG (compute-mfcc-feats[5.5.166~1-013489]:main():compute-mfcc-feats.cc:172) Processed 170 utterances
VLOG[2] (compute-mfcc-feats[5.5.166~1-013489]:main():compute-mfcc-feats.cc:173) Processed features for key MH_32A
VLOG[2] (compute-mfcc-feats[5.5.166~1-013489]:main():compute-mfcc-feats.cc:173) Processed features for key MH_3639612A
VLOG[2] (compute-mfcc-feats[5.5.166~1-013489]:main():compute-mfcc-feats.cc:173) Processed features for key MH_374OA
VLOG[2] (compute-mfcc-feats[5.5.166~1-013489]:main():compute-mfcc-feats.cc:173) Processed features for key MH_3A
VLOG[2] (compute-mfcc-feats[5.5.166~1-013489]:main():compute-mfcc-feats.cc:173) Processed features for key MH_3B
VLOG[2] (compute-mfcc-feats[5.5.166~1-013489]:main():compute-mfcc-feats.cc:173) Processed features for key MH_44ZZA
VLOG[2] (compute-mfcc-feats[5.5.166~1-013489]:main():compute-mfcc-feats.cc:173) Processed features for key MH_456ZA
VLOG[2] (compute-mfcc-feats[5.5.166~1-013489]:main():compute-mfcc-feats.cc:173) Processed features for key MH_47Z74A
VLOG[2] (compute-mfcc-feats[5.5.166~1-013489]:main():compute-mfcc-feats.cc:173) Processed features for key MH_49O9A
VLOG[2] (compute-mfcc-feats[5.5.166~1-013489]:main():compute-mfcc-feats.cc:173) Processed features for key MH_4A
LOG (compute-mfcc-feats[5.5.166~1-013489]:main():compute-mfcc-feats.cc:172) Processed 180 utterances
VLOG[2] (compute-mfcc-feats[5.5.166~1-013489]:main():compute-mfcc-feats.cc:173) Processed features for key MH_4B
VLOG[2] (compute-mfcc-feats[5.5.166~1-013489]:main():compute-mfcc-feats.cc:173) Processed features for key MH_4O3OA
VLOG[2] (compute-mfcc-feats[5.5.166~1-013489]:main():compute-mfcc-feats.cc:173) Processed features for key MH_5241577A
VLOG[2] (compute-mfcc-feats[5.5.166~1-013489]:main():compute-mfcc-feats.cc:173) Processed features for key MH_54465A
VLOG[2] (compute-mfcc-feats[5.5.166~1-013489]:main():compute-mfcc-feats.cc:173) Processed features for key MH_54Z93A
VLOG[2] (compute-mfcc-feats[5.5.166~1-013489]:main():compute-mfcc-feats.cc:173) Processed features for key MH_558ZA
VLOG[2] (compute-mfcc-feats[5.5.166~1-013489]:main():compute-mfcc-feats.cc:173) Processed features for key MH_55A
VLOG[2] (compute-mfcc-feats[5.5.166~1-013489]:main():compute-mfcc-feats.cc:173) Processed features for key MH_5A
VLOG[2] (compute-mfcc-feats[5.5.166~1-013489]:main():compute-mfcc-feats.cc:173) Processed features for key MH_5B
VLOG[2] (compute-mfcc-feats[5.5.166~1-013489]:main():compute-mfcc-feats.cc:173) Processed features for key MH_61A
LOG (compute-mfcc-feats[5.5.166~1-013489]:main():compute-mfcc-feats.cc:172) Processed 190 utterances
VLOG[2] (compute-mfcc-feats[5.5.166~1-013489]:main():compute-mfcc-feats.cc:173) Processed features for key MH_62816A
VLOG[2] (compute-mfcc-feats[5.5.166~1-013489]:main():compute-mfcc-feats.cc:173) Processed features for key MH_66436O5A
VLOG[2] (compute-mfcc-feats[5.5.166~1-013489]:main():compute-mfcc-feats.cc:173) Processed features for key MH_6763OO3A
VLOG[2] (compute-mfcc-feats[5.5.166~1-013489]:main():compute-mfcc-feats.cc:173) Processed features for key MH_69O72OOA
VLOG[2] (compute-mfcc-feats[5.5.166~1-013489]:main():compute-mfcc-feats.cc:173) Processed features for key MH_6A
VLOG[2] (compute-mfcc-feats[5.5.166~1-013489]:main():compute-mfcc-feats.cc:173) Processed features for key MH_6B
VLOG[2] (compute-mfcc-feats[5.5.166~1-013489]:main():compute-mfcc-feats.cc:173) Processed features for key MH_71Z38A
VLOG[2] (compute-mfcc-feats[5.5.166~1-013489]:main():compute-mfcc-feats.cc:173) Processed features for key MH_752A
VLOG[2] (compute-mfcc-feats[5.5.166~1-013489]:main():compute-mfcc-feats.cc:173) Processed features for key MH_7914268A
VLOG[2] (compute-mfcc-feats[5.5.166~1-013489]:main():compute-mfcc-feats.cc:173) Processed features for key MH_795A
LOG (compute-mfcc-feats[5.5.166~1-013489]:main():compute-mfcc-feats.cc:172) Processed 200 utterances
VLOG[2] (compute-mfcc-feats[5.5.166~1-013489]:main():compute-mfcc-feats.cc:173) Processed features for key MH_7A
VLOG[2] (compute-mfcc-feats[5.5.166~1-013489]:main():compute-mfcc-feats.cc:173) Processed features for key MH_7B
VLOG[2] (compute-mfcc-feats[5.5.166~1-013489]:main():compute-mfcc-feats.cc:173) Processed features for key MH_7O18A
VLOG[2] (compute-mfcc-feats[5.5.166~1-013489]:main():compute-mfcc-feats.cc:173) Processed features for key MH_8292A
VLOG[2] (compute-mfcc-feats[5.5.166~1-013489]:main():compute-mfcc-feats.cc:173) Processed features for key MH_8348A
VLOG[2] (compute-mfcc-feats[5.5.166~1-013489]:main():compute-mfcc-feats.cc:173) Processed features for key MH_85A
VLOG[2] (compute-mfcc-feats[5.5.166~1-013489]:main():compute-mfcc-feats.cc:173) Processed features for key MH_862A
VLOG[2] (compute-mfcc-feats[5.5.166~1-013489]:main():compute-mfcc-feats.cc:173) Processed features for key MH_86928Z5A
VLOG[2] (compute-mfcc-feats[5.5.166~1-013489]:main():compute-mfcc-feats.cc:173) Processed features for key MH_8A
VLOG[2] (compute-mfcc-feats[5.5.166~1-013489]:main():compute-mfcc-feats.cc:173) Processed features for key MH_8B
LOG (compute-mfcc-feats[5.5.166~1-013489]:main():compute-mfcc-feats.cc:172) Processed 210 utterances
VLOG[2] (compute-mfcc-feats[5.5.166~1-013489]:main():compute-mfcc-feats.cc:173) Processed features for key MH_933A
VLOG[2] (compute-mfcc-feats[5.5.166~1-013489]:main():compute-mfcc-feats.cc:173) Processed features for key MH_94153A
VLOG[2] (compute-mfcc-feats[5.5.166~1-013489]:main():compute-mfcc-feats.cc:173) Processed features for key MH_9433487A
VLOG[2] (compute-mfcc-feats[5.5.166~1-013489]:main():compute-mfcc-feats.cc:173) Processed features for key MH_9517A
VLOG[2] (compute-mfcc-feats[5.5.166~1-013489]:main():compute-mfcc-feats.cc:173) Processed features for key MH_9972OA
VLOG[2] (compute-mfcc-feats[5.5.166~1-013489]:main():compute-mfcc-feats.cc:173) Processed features for key MH_9A
VLOG[2] (compute-mfcc-feats[5.5.166~1-013489]:main():compute-mfcc-feats.cc:173) Processed features for key MH_9B
VLOG[2] (compute-mfcc-feats[5.5.166~1-013489]:main():compute-mfcc-feats.cc:173) Processed features for key MH_O27A
VLOG[2] (compute-mfcc-feats[5.5.166~1-013489]:main():compute-mfcc-feats.cc:173) Processed features for key MH_O67A
VLOG[2] (compute-mfcc-feats[5.5.166~1-013489]:main():compute-mfcc-feats.cc:173) Processed features for key MH_O6A
LOG (compute-mfcc-feats[5.5.166~1-013489]:main():compute-mfcc-feats.cc:172) Processed 220 utterances
VLOG[2] (compute-mfcc-feats[5.5.166~1-013489]:main():compute-mfcc-feats.cc:173) Processed features for key MH_O788458A
VLOG[2] (compute-mfcc-feats[5.5.166~1-013489]:main():compute-mfcc-feats.cc:173) Processed features for key MH_O87A
VLOG[2] (compute-mfcc-feats[5.5.166~1-013489]:main():compute-mfcc-feats.cc:173) Processed features for key MH_OA
VLOG[2] (compute-mfcc-feats[5.5.166~1-013489]:main():compute-mfcc-feats.cc:173) Processed features for key MH_OB
VLOG[2] (compute-mfcc-feats[5.5.166~1-013489]:main():compute-mfcc-feats.cc:173) Processed features for key MH_Z11A
VLOG[2] (compute-mfcc-feats[5.5.166~1-013489]:main():compute-mfcc-feats.cc:173) Processed features for key MH_Z37Z8A
VLOG[2] (compute-mfcc-feats[5.5.166~1-013489]:main():compute-mfcc-feats.cc:173) Processed features for key MH_Z4A
VLOG[2] (compute-mfcc-feats[5.5.166~1-013489]:main():compute-mfcc-feats.cc:173) Processed features for key MH_Z76A
VLOG[2] (compute-mfcc-feats[5.5.166~1-013489]:main():compute-mfcc-feats.cc:173) Processed features for key MH_Z9A
VLOG[2] (compute-mfcc-feats[5.5.166~1-013489]:main():compute-mfcc-feats.cc:173) Processed features for key MH_ZA
LOG (compute-mfcc-feats[5.5.166~1-013489]:main():compute-mfcc-feats.cc:172) Processed 230 utterances
VLOG[2] (compute-mfcc-feats[5.5.166~1-013489]:main():compute-mfcc-feats.cc:173) Processed features for key MH_ZB
VLOG[2] (compute-mfcc-feats[5.5.166~1-013489]:main():compute-mfcc-feats.cc:173) Processed features for key MK_11A
VLOG[2] (compute-mfcc-feats[5.5.166~1-013489]:main():compute-mfcc-feats.cc:173) Processed features for key MK_15ZA
VLOG[2] (compute-mfcc-feats[5.5.166~1-013489]:main():compute-mfcc-feats.cc:173) Processed features for key MK_188A
VLOG[2] (compute-mfcc-feats[5.5.166~1-013489]:main():compute-mfcc-feats.cc:173) Processed features for key MK_1A
VLOG[2] (compute-mfcc-feats[5.5.166~1-013489]:main():compute-mfcc-feats.cc:173) Processed features for key MK_1B
VLOG[2] (compute-mfcc-feats[5.5.166~1-013489]:main():compute-mfcc-feats.cc:173) Processed features for key MK_1O41A
VLOG[2] (compute-mfcc-feats[5.5.166~1-013489]:main():compute-mfcc-feats.cc:173) Processed features for key MK_1ZA
VLOG[2] (compute-mfcc-feats[5.5.166~1-013489]:main():compute-mfcc-feats.cc:173) Processed features for key MK_219ZZ9ZA
VLOG[2] (compute-mfcc-feats[5.5.166~1-013489]:main():compute-mfcc-feats.cc:173) Processed features for key MK_285A
LOG (compute-mfcc-feats[5.5.166~1-013489]:main():compute-mfcc-feats.cc:172) Processed 240 utterances
VLOG[2] (compute-mfcc-feats[5.5.166~1-013489]:main():compute-mfcc-feats.cc:173) Processed features for key MK_287A
VLOG[2] (compute-mfcc-feats[5.5.166~1-013489]:main():compute-mfcc-feats.cc:173) Processed features for key MK_296A
VLOG[2] (compute-mfcc-feats[5.5.166~1-013489]:main():compute-mfcc-feats.cc:173) Processed features for key MK_2A
VLOG[2] (compute-mfcc-feats[5.5.166~1-013489]:main():compute-mfcc-feats.cc:173) Processed features for key MK_2B
VLOG[2] (compute-mfcc-feats[5.5.166~1-013489]:main():compute-mfcc-feats.cc:173) Processed features for key MK_2OO3122A
VLOG[2] (compute-mfcc-feats[5.5.166~1-013489]:main():compute-mfcc-feats.cc:173) Processed features for key MK_3368827A
VLOG[2] (compute-mfcc-feats[5.5.166~1-013489]:main():compute-mfcc-feats.cc:173) Processed features for key MK_365A
VLOG[2] (compute-mfcc-feats[5.5.166~1-013489]:main():compute-mfcc-feats.cc:173) Processed features for key MK_38349A
VLOG[2] (compute-mfcc-feats[5.5.166~1-013489]:main():compute-mfcc-feats.cc:173) Processed features for key MK_3866635A
VLOG[2] (compute-mfcc-feats[5.5.166~1-013489]:main():compute-mfcc-feats.cc:173) Processed features for key MK_3A
LOG (compute-mfcc-feats[5.5.166~1-013489]:main():compute-mfcc-feats.cc:172) Processed 250 utterances
VLOG[2] (compute-mfcc-feats[5.5.166~1-013489]:main():compute-mfcc-feats.cc:173) Processed features for key MK_3B
VLOG[2] (compute-mfcc-feats[5.5.166~1-013489]:main():compute-mfcc-feats.cc:173) Processed features for key MK_3O6A
VLOG[2] (compute-mfcc-feats[5.5.166~1-013489]:main():compute-mfcc-feats.cc:173) Processed features for key MK_4239932A
VLOG[2] (compute-mfcc-feats[5.5.166~1-013489]:main():compute-mfcc-feats.cc:173) Processed features for key MK_45A
VLOG[2] (compute-mfcc-feats[5.5.166~1-013489]:main():compute-mfcc-feats.cc:173) Processed features for key MK_479A
VLOG[2] (compute-mfcc-feats[5.5.166~1-013489]:main():compute-mfcc-feats.cc:173) Processed features for key MK_483O7A
VLOG[2] (compute-mfcc-feats[5.5.166~1-013489]:main():compute-mfcc-feats.cc:173) Processed features for key MK_4A
VLOG[2] (compute-mfcc-feats[5.5.166~1-013489]:main():compute-mfcc-feats.cc:173) Processed features for key MK_4B
VLOG[2] (compute-mfcc-feats[5.5.166~1-013489]:main():compute-mfcc-feats.cc:173) Processed features for key MK_4Z2Z1A
VLOG[2] (compute-mfcc-feats[5.5.166~1-013489]:main():compute-mfcc-feats.cc:173) Processed features for key MK_52Z56A
LOG (compute-mfcc-feats[5.5.166~1-013489]:main():compute-mfcc-feats.cc:172) Processed 260 utterances
VLOG[2] (compute-mfcc-feats[5.5.166~1-013489]:main():compute-mfcc-feats.cc:173) Processed features for key MK_535A
VLOG[2] (compute-mfcc-feats[5.5.166~1-013489]:main():compute-mfcc-feats.cc:173) Processed features for key MK_5425858A
VLOG[2] (compute-mfcc-feats[5.5.166~1-013489]:main():compute-mfcc-feats.cc:173) Processed features for key MK_56A
VLOG[2] (compute-mfcc-feats[5.5.166~1-013489]:main():compute-mfcc-feats.cc:173) Processed features for key MK_5A
VLOG[2] (compute-mfcc-feats[5.5.166~1-013489]:main():compute-mfcc-feats.cc:173) Processed features for key MK_5B
VLOG[2] (compute-mfcc-feats[5.5.166~1-013489]:main():compute-mfcc-feats.cc:173) Processed features for key MK_5O44O87A
VLOG[2] (compute-mfcc-feats[5.5.166~1-013489]:main():compute-mfcc-feats.cc:173) Processed features for key MK_61A
VLOG[2] (compute-mfcc-feats[5.5.166~1-013489]:main():compute-mfcc-feats.cc:173) Processed features for key MK_6379A
VLOG[2] (compute-mfcc-feats[5.5.166~1-013489]:main():compute-mfcc-feats.cc:173) Processed features for key MK_6717A
VLOG[2] (compute-mfcc-feats[5.5.166~1-013489]:main():compute-mfcc-feats.cc:173) Processed features for key MK_6781625A
LOG (compute-mfcc-feats[5.5.166~1-013489]:main():compute-mfcc-feats.cc:172) Processed 270 utterances
VLOG[2] (compute-mfcc-feats[5.5.166~1-013489]:main():compute-mfcc-feats.cc:173) Processed features for key MK_68A
VLOG[2] (compute-mfcc-feats[5.5.166~1-013489]:main():compute-mfcc-feats.cc:173) Processed features for key MK_6A
VLOG[2] (compute-mfcc-feats[5.5.166~1-013489]:main():compute-mfcc-feats.cc:173) Processed features for key MK_6B
VLOG[2] (compute-mfcc-feats[5.5.166~1-013489]:main():compute-mfcc-feats.cc:173) Processed features for key MK_74595A
VLOG[2] (compute-mfcc-feats[5.5.166~1-013489]:main():compute-mfcc-feats.cc:173) Processed features for key MK_764Z6A
VLOG[2] (compute-mfcc-feats[5.5.166~1-013489]:main():compute-mfcc-feats.cc:173) Processed features for key MK_77A
VLOG[2] (compute-mfcc-feats[5.5.166~1-013489]:main():compute-mfcc-feats.cc:173) Processed features for key MK_7A
VLOG[2] (compute-mfcc-feats[5.5.166~1-013489]:main():compute-mfcc-feats.cc:173) Processed features for key MK_7B
VLOG[2] (compute-mfcc-feats[5.5.166~1-013489]:main():compute-mfcc-feats.cc:173) Processed features for key MK_7O94A
VLOG[2] (compute-mfcc-feats[5.5.166~1-013489]:main():compute-mfcc-feats.cc:173) Processed features for key MK_7Z4Z1A
LOG (compute-mfcc-feats[5.5.166~1-013489]:main():compute-mfcc-feats.cc:172) Processed 280 utterances
VLOG[2] (compute-mfcc-feats[5.5.166~1-013489]:main():compute-mfcc-feats.cc:173) Processed features for key MK_892A
VLOG[2] (compute-mfcc-feats[5.5.166~1-013489]:main():compute-mfcc-feats.cc:173) Processed features for key MK_89O3A
VLOG[2] (compute-mfcc-feats[5.5.166~1-013489]:main():compute-mfcc-feats.cc:173) Processed features for key MK_8A
VLOG[2] (compute-mfcc-feats[5.5.166~1-013489]:main():compute-mfcc-feats.cc:173) Processed features for key MK_8B
VLOG[2] (compute-mfcc-feats[5.5.166~1-013489]:main():compute-mfcc-feats.cc:173) Processed features for key MK_8O693A
VLOG[2] (compute-mfcc-feats[5.5.166~1-013489]:main():compute-mfcc-feats.cc:173) Processed features for key MK_8Z32A
VLOG[2] (compute-mfcc-feats[5.5.166~1-013489]:main():compute-mfcc-feats.cc:173) Processed features for key MK_8Z39221A
VLOG[2] (compute-mfcc-feats[5.5.166~1-013489]:main():compute-mfcc-feats.cc:173) Processed features for key MK_91A
VLOG[2] (compute-mfcc-feats[5.5.166~1-013489]:main():compute-mfcc-feats.cc:173) Processed features for key MK_91B
VLOG[2] (compute-mfcc-feats[5.5.166~1-013489]:main():compute-mfcc-feats.cc:173) Processed features for key MK_9754A
LOG (compute-mfcc-feats[5.5.166~1-013489]:main():compute-mfcc-feats.cc:172) Processed 290 utterances
VLOG[2] (compute-mfcc-feats[5.5.166~1-013489]:main():compute-mfcc-feats.cc:173) Processed features for key MK_9781ZZ2A
VLOG[2] (compute-mfcc-feats[5.5.166~1-013489]:main():compute-mfcc-feats.cc:173) Processed features for key MK_995OA
VLOG[2] (compute-mfcc-feats[5.5.166~1-013489]:main():compute-mfcc-feats.cc:173) Processed features for key MK_9A
VLOG[2] (compute-mfcc-feats[5.5.166~1-013489]:main():compute-mfcc-feats.cc:173) Processed features for key MK_9B
VLOG[2] (compute-mfcc-feats[5.5.166~1-013489]:main():compute-mfcc-feats.cc:173) Processed features for key MK_O1431OOA
VLOG[2] (compute-mfcc-feats[5.5.166~1-013489]:main():compute-mfcc-feats.cc:173) Processed features for key MK_O1A
VLOG[2] (compute-mfcc-feats[5.5.166~1-013489]:main():compute-mfcc-feats.cc:173) Processed features for key MK_O2OO9A
VLOG[2] (compute-mfcc-feats[5.5.166~1-013489]:main():compute-mfcc-feats.cc:173) Processed features for key MK_O5O2A
VLOG[2] (compute-mfcc-feats[5.5.166~1-013489]:main():compute-mfcc-feats.cc:173) Processed features for key MK_O72A
VLOG[2] (compute-mfcc-feats[5.5.166~1-013489]:main():compute-mfcc-feats.cc:173) Processed features for key MK_OA
LOG (compute-mfcc-feats[5.5.166~1-013489]:main():compute-mfcc-feats.cc:172) Processed 300 utterances
VLOG[2] (compute-mfcc-feats[5.5.166~1-013489]:main():compute-mfcc-feats.cc:173) Processed features for key MK_OB
VLOG[2] (compute-mfcc-feats[5.5.166~1-013489]:main():compute-mfcc-feats.cc:173) Processed features for key MK_Z6ZZA
VLOG[2] (compute-mfcc-feats[5.5.166~1-013489]:main():compute-mfcc-feats.cc:173) Processed features for key MK_Z73ZA
VLOG[2] (compute-mfcc-feats[5.5.166~1-013489]:main():compute-mfcc-feats.cc:173) Processed features for key MK_Z7712A
VLOG[2] (compute-mfcc-feats[5.5.166~1-013489]:main():compute-mfcc-feats.cc:173) Processed features for key MK_Z8298A
VLOG[2] (compute-mfcc-feats[5.5.166~1-013489]:main():compute-mfcc-feats.cc:173) Processed features for key MK_Z9A
VLOG[2] (compute-mfcc-feats[5.5.166~1-013489]:main():compute-mfcc-feats.cc:173) Processed features for key MK_ZA
VLOG[2] (compute-mfcc-feats[5.5.166~1-013489]:main():compute-mfcc-feats.cc:173) Processed features for key MK_ZB
VLOG[2] (compute-mfcc-feats[5.5.166~1-013489]:main():compute-mfcc-feats.cc:173) Processed features for key MM_12A
VLOG[2] (compute-mfcc-feats[5.5.166~1-013489]:main():compute-mfcc-feats.cc:173) Processed features for key MM_1549OA
LOG (compute-mfcc-feats[5.5.166~1-013489]:main():compute-mfcc-feats.cc:172) Processed 310 utterances
VLOG[2] (compute-mfcc-feats[5.5.166~1-013489]:main():compute-mfcc-feats.cc:173) Processed features for key MM_19A
VLOG[2] (compute-mfcc-feats[5.5.166~1-013489]:main():compute-mfcc-feats.cc:173) Processed features for key MM_1A
VLOG[2] (compute-mfcc-feats[5.5.166~1-013489]:main():compute-mfcc-feats.cc:173) Processed features for key MM_1B
VLOG[2] (compute-mfcc-feats[5.5.166~1-013489]:main():compute-mfcc-feats.cc:173) Processed features for key MM_1OOA
VLOG[2] (compute-mfcc-feats[5.5.166~1-013489]:main():compute-mfcc-feats.cc:173) Processed features for key MM_1ZA
VLOG[2] (compute-mfcc-feats[5.5.166~1-013489]:main():compute-mfcc-feats.cc:173) Processed features for key MM_2111685A
VLOG[2] (compute-mfcc-feats[5.5.166~1-013489]:main():compute-mfcc-feats.cc:173) Processed features for key MM_21Z2326A
VLOG[2] (compute-mfcc-feats[5.5.166~1-013489]:main():compute-mfcc-feats.cc:173) Processed features for key MM_25O6A
VLOG[2] (compute-mfcc-feats[5.5.166~1-013489]:main():compute-mfcc-feats.cc:173) Processed features for key MM_289Z7A
VLOG[2] (compute-mfcc-feats[5.5.166~1-013489]:main():compute-mfcc-feats.cc:173) Processed features for key MM_2A
LOG (compute-mfcc-feats[5.5.166~1-013489]:main():compute-mfcc-feats.cc:172) Processed 320 utterances
VLOG[2] (compute-mfcc-feats[5.5.166~1-013489]:main():compute-mfcc-feats.cc:173) Processed features for key MM_2B
VLOG[2] (compute-mfcc-feats[5.5.166~1-013489]:main():compute-mfcc-feats.cc:173) Processed features for key MM_2O18793A
VLOG[2] (compute-mfcc-feats[5.5.166~1-013489]:main():compute-mfcc-feats.cc:173) Processed features for key MM_342A
VLOG[2] (compute-mfcc-feats[5.5.166~1-013489]:main():compute-mfcc-feats.cc:173) Processed features for key MM_35451A
VLOG[2] (compute-mfcc-feats[5.5.166~1-013489]:main():compute-mfcc-feats.cc:173) Processed features for key MM_373A
VLOG[2] (compute-mfcc-feats[5.5.166~1-013489]:main():compute-mfcc-feats.cc:173) Processed features for key MM_381A
VLOG[2] (compute-mfcc-feats[5.5.166~1-013489]:main():compute-mfcc-feats.cc:173) Processed features for key MM_38675A
VLOG[2] (compute-mfcc-feats[5.5.166~1-013489]:main():compute-mfcc-feats.cc:173) Processed features for key MM_3A
VLOG[2] (compute-mfcc-feats[5.5.166~1-013489]:main():compute-mfcc-feats.cc:173) Processed features for key MM_3B
VLOG[2] (compute-mfcc-feats[5.5.166~1-013489]:main():compute-mfcc-feats.cc:173) Processed features for key MM_418A
LOG (compute-mfcc-feats[5.5.166~1-013489]:main():compute-mfcc-feats.cc:172) Processed 330 utterances
VLOG[2] (compute-mfcc-feats[5.5.166~1-013489]:main():compute-mfcc-feats.cc:173) Processed features for key MM_4362A
VLOG[2] (compute-mfcc-feats[5.5.166~1-013489]:main():compute-mfcc-feats.cc:173) Processed features for key MM_44A
VLOG[2] (compute-mfcc-feats[5.5.166~1-013489]:main():compute-mfcc-feats.cc:173) Processed features for key MM_4917A
VLOG[2] (compute-mfcc-feats[5.5.166~1-013489]:main():compute-mfcc-feats.cc:173) Processed features for key MM_4A
VLOG[2] (compute-mfcc-feats[5.5.166~1-013489]:main():compute-mfcc-feats.cc:173) Processed features for key MM_4B
VLOG[2] (compute-mfcc-feats[5.5.166~1-013489]:main():compute-mfcc-feats.cc:173) Processed features for key MM_4ZZ4A
VLOG[2] (compute-mfcc-feats[5.5.166~1-013489]:main():compute-mfcc-feats.cc:173) Processed features for key MM_52A
VLOG[2] (compute-mfcc-feats[5.5.166~1-013489]:main():compute-mfcc-feats.cc:173) Processed features for key MM_52Z8A
VLOG[2] (compute-mfcc-feats[5.5.166~1-013489]:main():compute-mfcc-feats.cc:173) Processed features for key MM_5569A
VLOG[2] (compute-mfcc-feats[5.5.166~1-013489]:main():compute-mfcc-feats.cc:173) Processed features for key MM_57A
LOG (compute-mfcc-feats[5.5.166~1-013489]:main():compute-mfcc-feats.cc:172) Processed 340 utterances
VLOG[2] (compute-mfcc-feats[5.5.166~1-013489]:main():compute-mfcc-feats.cc:173) Processed features for key MM_59A
VLOG[2] (compute-mfcc-feats[5.5.166~1-013489]:main():compute-mfcc-feats.cc:173) Processed features for key MM_5A
VLOG[2] (compute-mfcc-feats[5.5.166~1-013489]:main():compute-mfcc-feats.cc:173) Processed features for key MM_5B
VLOG[2] (compute-mfcc-feats[5.5.166~1-013489]:main():compute-mfcc-feats.cc:173) Processed features for key MM_613Z158A
VLOG[2] (compute-mfcc-feats[5.5.166~1-013489]:main():compute-mfcc-feats.cc:173) Processed features for key MM_68O42A
VLOG[2] (compute-mfcc-feats[5.5.166~1-013489]:main():compute-mfcc-feats.cc:173) Processed features for key MM_693A
VLOG[2] (compute-mfcc-feats[5.5.166~1-013489]:main():compute-mfcc-feats.cc:173) Processed features for key MM_6A
VLOG[2] (compute-mfcc-feats[5.5.166~1-013489]:main():compute-mfcc-feats.cc:173) Processed features for key MM_6B
VLOG[2] (compute-mfcc-feats[5.5.166~1-013489]:main():compute-mfcc-feats.cc:173) Processed features for key MM_6O2A
VLOG[2] (compute-mfcc-feats[5.5.166~1-013489]:main():compute-mfcc-feats.cc:173) Processed features for key MM_6Z1A
LOG (compute-mfcc-feats[5.5.166~1-013489]:main():compute-mfcc-feats.cc:172) Processed 350 utterances
VLOG[2] (compute-mfcc-feats[5.5.166~1-013489]:main():compute-mfcc-feats.cc:173) Processed features for key MM_7251764A
VLOG[2] (compute-mfcc-feats[5.5.166~1-013489]:main():compute-mfcc-feats.cc:173) Processed features for key MM_7488ZA
VLOG[2] (compute-mfcc-feats[5.5.166~1-013489]:main():compute-mfcc-feats.cc:173) Processed features for key MM_7731A
VLOG[2] (compute-mfcc-feats[5.5.166~1-013489]:main():compute-mfcc-feats.cc:173) Processed features for key MM_7A
VLOG[2] (compute-mfcc-feats[5.5.166~1-013489]:main():compute-mfcc-feats.cc:173) Processed features for key MM_7B
VLOG[2] (compute-mfcc-feats[5.5.166~1-013489]:main():compute-mfcc-feats.cc:173) Processed features for key MM_7O91OOOA
VLOG[2] (compute-mfcc-feats[5.5.166~1-013489]:main():compute-mfcc-feats.cc:173) Processed features for key MM_7ZA
VLOG[2] (compute-mfcc-feats[5.5.166~1-013489]:main():compute-mfcc-feats.cc:173) Processed features for key MM_8246A
VLOG[2] (compute-mfcc-feats[5.5.166~1-013489]:main():compute-mfcc-feats.cc:173) Processed features for key MM_84O7619A
VLOG[2] (compute-mfcc-feats[5.5.166~1-013489]:main():compute-mfcc-feats.cc:173) Processed features for key MM_85A
LOG (compute-mfcc-feats[5.5.166~1-013489]:main():compute-mfcc-feats.cc:172) Processed 360 utterances
VLOG[2] (compute-mfcc-feats[5.5.166~1-013489]:main():compute-mfcc-feats.cc:173) Processed features for key MM_88O4663A
VLOG[2] (compute-mfcc-feats[5.5.166~1-013489]:main():compute-mfcc-feats.cc:173) Processed features for key MM_8A
VLOG[2] (compute-mfcc-feats[5.5.166~1-013489]:main():compute-mfcc-feats.cc:173) Processed features for key MM_8B
VLOG[2] (compute-mfcc-feats[5.5.166~1-013489]:main():compute-mfcc-feats.cc:173) Processed features for key MM_8ZA
VLOG[2] (compute-mfcc-feats[5.5.166~1-013489]:main():compute-mfcc-feats.cc:173) Processed features for key MM_941A
VLOG[2] (compute-mfcc-feats[5.5.166~1-013489]:main():compute-mfcc-feats.cc:173) Processed features for key MM_97136A
VLOG[2] (compute-mfcc-feats[5.5.166~1-013489]:main():compute-mfcc-feats.cc:173) Processed features for key MM_97OO2A
VLOG[2] (compute-mfcc-feats[5.5.166~1-013489]:main():compute-mfcc-feats.cc:173) Processed features for key MM_9829OA
VLOG[2] (compute-mfcc-feats[5.5.166~1-013489]:main():compute-mfcc-feats.cc:173) Processed features for key MM_99A
VLOG[2] (compute-mfcc-feats[5.5.166~1-013489]:main():compute-mfcc-feats.cc:173) Processed features for key MM_9A
LOG (compute-mfcc-feats[5.5.166~1-013489]:main():compute-mfcc-feats.cc:172) Processed 370 utterances
VLOG[2] (compute-mfcc-feats[5.5.166~1-013489]:main():compute-mfcc-feats.cc:173) Processed features for key MM_9B
VLOG[2] (compute-mfcc-feats[5.5.166~1-013489]:main():compute-mfcc-feats.cc:173) Processed features for key MM_O1244O7A
VLOG[2] (compute-mfcc-feats[5.5.166~1-013489]:main():compute-mfcc-feats.cc:173) Processed features for key MM_O55O5A
VLOG[2] (compute-mfcc-feats[5.5.166~1-013489]:main():compute-mfcc-feats.cc:173) Processed features for key MM_O83OA
VLOG[2] (compute-mfcc-feats[5.5.166~1-013489]:main():compute-mfcc-feats.cc:173) Processed features for key MM_O896A
VLOG[2] (compute-mfcc-feats[5.5.166~1-013489]:main():compute-mfcc-feats.cc:173) Processed features for key MM_O956O62A
VLOG[2] (compute-mfcc-feats[5.5.166~1-013489]:main():compute-mfcc-feats.cc:173) Processed features for key MM_OA
VLOG[2] (compute-mfcc-feats[5.5.166~1-013489]:main():compute-mfcc-feats.cc:173) Processed features for key MM_OB
VLOG[2] (compute-mfcc-feats[5.5.166~1-013489]:main():compute-mfcc-feats.cc:173) Processed features for key MM_Z471A
VLOG[2] (compute-mfcc-feats[5.5.166~1-013489]:main():compute-mfcc-feats.cc:173) Processed features for key MM_Z5339A
LOG (compute-mfcc-feats[5.5.166~1-013489]:main():compute-mfcc-feats.cc:172) Processed 380 utterances
VLOG[2] (compute-mfcc-feats[5.5.166~1-013489]:main():compute-mfcc-feats.cc:173) Processed features for key MM_Z96A
VLOG[2] (compute-mfcc-feats[5.5.166~1-013489]:main():compute-mfcc-feats.cc:173) Processed features for key MM_ZA
VLOG[2] (compute-mfcc-feats[5.5.166~1-013489]:main():compute-mfcc-feats.cc:173) Processed features for key MM_ZB
VLOG[2] (compute-mfcc-feats[5.5.166~1-013489]:main():compute-mfcc-feats.cc:173) Processed features for key MM_ZZ266Z9A
VLOG[2] (compute-mfcc-feats[5.5.166~1-013489]:main():compute-mfcc-feats.cc:173) Processed features for key MM_ZZ7A
VLOG[2] (compute-mfcc-feats[5.5.166~1-013489]:main():compute-mfcc-feats.cc:173) Processed features for key MP_1475457A
VLOG[2] (compute-mfcc-feats[5.5.166~1-013489]:main():compute-mfcc-feats.cc:173) Processed features for key MP_18O49A
VLOG[2] (compute-mfcc-feats[5.5.166~1-013489]:main():compute-mfcc-feats.cc:173) Processed features for key MP_19A
VLOG[2] (compute-mfcc-feats[5.5.166~1-013489]:main():compute-mfcc-feats.cc:173) Processed features for key MP_1A
VLOG[2] (compute-mfcc-feats[5.5.166~1-013489]:main():compute-mfcc-feats.cc:173) Processed features for key MP_1B
LOG (compute-mfcc-feats[5.5.166~1-013489]:main():compute-mfcc-feats.cc:172) Processed 390 utterances
VLOG[2] (compute-mfcc-feats[5.5.166~1-013489]:main():compute-mfcc-feats.cc:173) Processed features for key MP_1OA
VLOG[2] (compute-mfcc-feats[5.5.166~1-013489]:main():compute-mfcc-feats.cc:173) Processed features for key MP_1Z4A
VLOG[2] (compute-mfcc-feats[5.5.166~1-013489]:main():compute-mfcc-feats.cc:173) Processed features for key MP_2212A
VLOG[2] (compute-mfcc-feats[5.5.166~1-013489]:main():compute-mfcc-feats.cc:173) Processed features for key MP_233934ZA
VLOG[2] (compute-mfcc-feats[5.5.166~1-013489]:main():compute-mfcc-feats.cc:173) Processed features for key MP_257A
VLOG[2] (compute-mfcc-feats[5.5.166~1-013489]:main():compute-mfcc-feats.cc:173) Processed features for key MP_269A
VLOG[2] (compute-mfcc-feats[5.5.166~1-013489]:main():compute-mfcc-feats.cc:173) Processed features for key MP_2856ZA
VLOG[2] (compute-mfcc-feats[5.5.166~1-013489]:main():compute-mfcc-feats.cc:173) Processed features for key MP_2A
VLOG[2] (compute-mfcc-feats[5.5.166~1-013489]:main():compute-mfcc-feats.cc:173) Processed features for key MP_2B
VLOG[2] (compute-mfcc-feats[5.5.166~1-013489]:main():compute-mfcc-feats.cc:173) Processed features for key MP_3141786A
LOG (compute-mfcc-feats[5.5.166~1-013489]:main():compute-mfcc-feats.cc:172) Processed 400 utterances
VLOG[2] (compute-mfcc-feats[5.5.166~1-013489]:main():compute-mfcc-feats.cc:173) Processed features for key MP_33A
VLOG[2] (compute-mfcc-feats[5.5.166~1-013489]:main():compute-mfcc-feats.cc:173) Processed features for key MP_35881A
VLOG[2] (compute-mfcc-feats[5.5.166~1-013489]:main():compute-mfcc-feats.cc:173) Processed features for key MP_3737ZA
VLOG[2] (compute-mfcc-feats[5.5.166~1-013489]:main():compute-mfcc-feats.cc:173) Processed features for key MP_3A
VLOG[2] (compute-mfcc-feats[5.5.166~1-013489]:main():compute-mfcc-feats.cc:173) Processed features for key MP_3B
VLOG[2] (compute-mfcc-feats[5.5.166~1-013489]:main():compute-mfcc-feats.cc:173) Processed features for key MP_3OO1826A
VLOG[2] (compute-mfcc-feats[5.5.166~1-013489]:main():compute-mfcc-feats.cc:173) Processed features for key MP_435OA
VLOG[2] (compute-mfcc-feats[5.5.166~1-013489]:main():compute-mfcc-feats.cc:173) Processed features for key MP_44A
VLOG[2] (compute-mfcc-feats[5.5.166~1-013489]:main():compute-mfcc-feats.cc:173) Processed features for key MP_48OA
VLOG[2] (compute-mfcc-feats[5.5.166~1-013489]:main():compute-mfcc-feats.cc:173) Processed features for key MP_4A
LOG (compute-mfcc-feats[5.5.166~1-013489]:main():compute-mfcc-feats.cc:172) Processed 410 utterances
VLOG[2] (compute-mfcc-feats[5.5.166~1-013489]:main():compute-mfcc-feats.cc:173) Processed features for key MP_4B
VLOG[2] (compute-mfcc-feats[5.5.166~1-013489]:main():compute-mfcc-feats.cc:173) Processed features for key MP_4O75O65A
VLOG[2] (compute-mfcc-feats[5.5.166~1-013489]:main():compute-mfcc-feats.cc:173) Processed features for key MP_4OA
VLOG[2] (compute-mfcc-feats[5.5.166~1-013489]:main():compute-mfcc-feats.cc:173) Processed features for key MP_51A
VLOG[2] (compute-mfcc-feats[5.5.166~1-013489]:main():compute-mfcc-feats.cc:173) Processed features for key MP_51O2O13A
VLOG[2] (compute-mfcc-feats[5.5.166~1-013489]:main():compute-mfcc-feats.cc:173) Processed features for key MP_53A
VLOG[2] (compute-mfcc-feats[5.5.166~1-013489]:main():compute-mfcc-feats.cc:173) Processed features for key MP_55589A
VLOG[2] (compute-mfcc-feats[5.5.166~1-013489]:main():compute-mfcc-feats.cc:173) Processed features for key MP_5A
VLOG[2] (compute-mfcc-feats[5.5.166~1-013489]:main():compute-mfcc-feats.cc:173) Processed features for key MP_5B
VLOG[2] (compute-mfcc-feats[5.5.166~1-013489]:main():compute-mfcc-feats.cc:173) Processed features for key MP_5O964A
LOG (compute-mfcc-feats[5.5.166~1-013489]:main():compute-mfcc-feats.cc:172) Processed 420 utterances
VLOG[2] (compute-mfcc-feats[5.5.166~1-013489]:main():compute-mfcc-feats.cc:173) Processed features for key MP_62543A
VLOG[2] (compute-mfcc-feats[5.5.166~1-013489]:main():compute-mfcc-feats.cc:173) Processed features for key MP_632A
VLOG[2] (compute-mfcc-feats[5.5.166~1-013489]:main():compute-mfcc-feats.cc:173) Processed features for key MP_63O7A
VLOG[2] (compute-mfcc-feats[5.5.166~1-013489]:main():compute-mfcc-feats.cc:173) Processed features for key MP_671A
VLOG[2] (compute-mfcc-feats[5.5.166~1-013489]:main():compute-mfcc-feats.cc:173) Processed features for key MP_6A
VLOG[2] (compute-mfcc-feats[5.5.166~1-013489]:main():compute-mfcc-feats.cc:173) Processed features for key MP_6B
VLOG[2] (compute-mfcc-feats[5.5.166~1-013489]:main():compute-mfcc-feats.cc:173) Processed features for key MP_6Z45A
VLOG[2] (compute-mfcc-feats[5.5.166~1-013489]:main():compute-mfcc-feats.cc:173) Processed features for key MP_738A
VLOG[2] (compute-mfcc-feats[5.5.166~1-013489]:main():compute-mfcc-feats.cc:173) Processed features for key MP_7442417A
VLOG[2] (compute-mfcc-feats[5.5.166~1-013489]:main():compute-mfcc-feats.cc:173) Processed features for key MP_748A
LOG (compute-mfcc-feats[5.5.166~1-013489]:main():compute-mfcc-feats.cc:172) Processed 430 utterances
VLOG[2] (compute-mfcc-feats[5.5.166~1-013489]:main():compute-mfcc-feats.cc:173) Processed features for key MP_7613A
VLOG[2] (compute-mfcc-feats[5.5.166~1-013489]:main():compute-mfcc-feats.cc:173) Processed features for key MP_7A
VLOG[2] (compute-mfcc-feats[5.5.166~1-013489]:main():compute-mfcc-feats.cc:173) Processed features for key MP_7B
VLOG[2] (compute-mfcc-feats[5.5.166~1-013489]:main():compute-mfcc-feats.cc:173) Processed features for key MP_7OA
VLOG[2] (compute-mfcc-feats[5.5.166~1-013489]:main():compute-mfcc-feats.cc:173) Processed features for key MP_8153611A
VLOG[2] (compute-mfcc-feats[5.5.166~1-013489]:main():compute-mfcc-feats.cc:173) Processed features for key MP_8384A
VLOG[2] (compute-mfcc-feats[5.5.166~1-013489]:main():compute-mfcc-feats.cc:173) Processed features for key MP_84A
VLOG[2] (compute-mfcc-feats[5.5.166~1-013489]:main():compute-mfcc-feats.cc:173) Processed features for key MP_86787A
VLOG[2] (compute-mfcc-feats[5.5.166~1-013489]:main():compute-mfcc-feats.cc:173) Processed features for key MP_872A
VLOG[2] (compute-mfcc-feats[5.5.166~1-013489]:main():compute-mfcc-feats.cc:173) Processed features for key MP_8A
LOG (compute-mfcc-feats[5.5.166~1-013489]:main():compute-mfcc-feats.cc:172) Processed 440 utterances
VLOG[2] (compute-mfcc-feats[5.5.166~1-013489]:main():compute-mfcc-feats.cc:173) Processed features for key MP_8B
VLOG[2] (compute-mfcc-feats[5.5.166~1-013489]:main():compute-mfcc-feats.cc:173) Processed features for key MP_91646A
VLOG[2] (compute-mfcc-feats[5.5.166~1-013489]:main():compute-mfcc-feats.cc:173) Processed features for key MP_9883A
VLOG[2] (compute-mfcc-feats[5.5.166~1-013489]:main():compute-mfcc-feats.cc:173) Processed features for key MP_9966A
VLOG[2] (compute-mfcc-feats[5.5.166~1-013489]:main():compute-mfcc-feats.cc:173) Processed features for key MP_9A
VLOG[2] (compute-mfcc-feats[5.5.166~1-013489]:main():compute-mfcc-feats.cc:173) Processed features for key MP_9B
VLOG[2] (compute-mfcc-feats[5.5.166~1-013489]:main():compute-mfcc-feats.cc:173) Processed features for key MP_9OA
VLOG[2] (compute-mfcc-feats[5.5.166~1-013489]:main():compute-mfcc-feats.cc:173) Processed features for key MP_9Z22492A
VLOG[2] (compute-mfcc-feats[5.5.166~1-013489]:main():compute-mfcc-feats.cc:173) Processed features for key MP_O3O8A
VLOG[2] (compute-mfcc-feats[5.5.166~1-013489]:main():compute-mfcc-feats.cc:173) Processed features for key MP_O68A
LOG (compute-mfcc-feats[5.5.166~1-013489]:main():compute-mfcc-feats.cc:172) Processed 450 utterances
VLOG[2] (compute-mfcc-feats[5.5.166~1-013489]:main():compute-mfcc-feats.cc:173) Processed features for key MP_O8O47O3A
VLOG[2] (compute-mfcc-feats[5.5.166~1-013489]:main():compute-mfcc-feats.cc:173) Processed features for key MP_OA
VLOG[2] (compute-mfcc-feats[5.5.166~1-013489]:main():compute-mfcc-feats.cc:173) Processed features for key MP_OB
VLOG[2] (compute-mfcc-feats[5.5.166~1-013489]:main():compute-mfcc-feats.cc:173) Processed features for key MP_OO21A
VLOG[2] (compute-mfcc-feats[5.5.166~1-013489]:main():compute-mfcc-feats.cc:173) Processed features for key MP_OO5A
VLOG[2] (compute-mfcc-feats[5.5.166~1-013489]:main():compute-mfcc-feats.cc:173) Processed features for key MP_Z12895ZA
VLOG[2] (compute-mfcc-feats[5.5.166~1-013489]:main():compute-mfcc-feats.cc:173) Processed features for key MP_Z1A
VLOG[2] (compute-mfcc-feats[5.5.166~1-013489]:main():compute-mfcc-feats.cc:173) Processed features for key MP_Z7695A
VLOG[2] (compute-mfcc-feats[5.5.166~1-013489]:main():compute-mfcc-feats.cc:173) Processed features for key MP_Z827A
VLOG[2] (compute-mfcc-feats[5.5.166~1-013489]:main():compute-mfcc-feats.cc:173) Processed features for key MP_ZA
LOG (compute-mfcc-feats[5.5.166~1-013489]:main():compute-mfcc-feats.cc:172) Processed 460 utterances
VLOG[2] (compute-mfcc-feats[5.5.166~1-013489]:main():compute-mfcc-feats.cc:173) Processed features for key MP_ZB
VLOG[2] (compute-mfcc-feats[5.5.166~1-013489]:main():compute-mfcc-feats.cc:173) Processed features for key MP_ZZ566A
VLOG[2] (compute-mfcc-feats[5.5.166~1-013489]:main():compute-mfcc-feats.cc:173) Processed features for key MR_117OA
VLOG[2] (compute-mfcc-feats[5.5.166~1-013489]:main():compute-mfcc-feats.cc:173) Processed features for key MR_1497ZA
VLOG[2] (compute-mfcc-feats[5.5.166~1-013489]:main():compute-mfcc-feats.cc:173) Processed features for key MR_15OA
VLOG[2] (compute-mfcc-feats[5.5.166~1-013489]:main():compute-mfcc-feats.cc:173) Processed features for key MR_16A
VLOG[2] (compute-mfcc-feats[5.5.166~1-013489]:main():compute-mfcc-feats.cc:173) Processed features for key MR_1893945A
VLOG[2] (compute-mfcc-feats[5.5.166~1-013489]:main():compute-mfcc-feats.cc:173) Processed features for key MR_1A
VLOG[2] (compute-mfcc-feats[5.5.166~1-013489]:main():compute-mfcc-feats.cc:173) Processed features for key MR_1B
VLOG[2] (compute-mfcc-feats[5.5.166~1-013489]:main():compute-mfcc-feats.cc:173) Processed features for key MR_2467A
LOG (compute-mfcc-feats[5.5.166~1-013489]:main():compute-mfcc-feats.cc:172) Processed 470 utterances
VLOG[2] (compute-mfcc-feats[5.5.166~1-013489]:main():compute-mfcc-feats.cc:173) Processed features for key MR_25595A
VLOG[2] (compute-mfcc-feats[5.5.166~1-013489]:main():compute-mfcc-feats.cc:173) Processed features for key MR_25A
VLOG[2] (compute-mfcc-feats[5.5.166~1-013489]:main():compute-mfcc-feats.cc:173) Processed features for key MR_2827A
VLOG[2] (compute-mfcc-feats[5.5.166~1-013489]:main():compute-mfcc-feats.cc:173) Processed features for key MR_2A
VLOG[2] (compute-mfcc-feats[5.5.166~1-013489]:main():compute-mfcc-feats.cc:173) Processed features for key MR_2B
VLOG[2] (compute-mfcc-feats[5.5.166~1-013489]:main():compute-mfcc-feats.cc:173) Processed features for key MR_2Z2996ZA
VLOG[2] (compute-mfcc-feats[5.5.166~1-013489]:main():compute-mfcc-feats.cc:173) Processed features for key MR_31Z6A
VLOG[2] (compute-mfcc-feats[5.5.166~1-013489]:main():compute-mfcc-feats.cc:173) Processed features for key MR_346OA
VLOG[2] (compute-mfcc-feats[5.5.166~1-013489]:main():compute-mfcc-feats.cc:173) Processed features for key MR_36512A
VLOG[2] (compute-mfcc-feats[5.5.166~1-013489]:main():compute-mfcc-feats.cc:173) Processed features for key MR_3A
LOG (compute-mfcc-feats[5.5.166~1-013489]:main():compute-mfcc-feats.cc:172) Processed 480 utterances
VLOG[2] (compute-mfcc-feats[5.5.166~1-013489]:main():compute-mfcc-feats.cc:173) Processed features for key MR_3B
VLOG[2] (compute-mfcc-feats[5.5.166~1-013489]:main():compute-mfcc-feats.cc:173) Processed features for key MR_3O484O1A
VLOG[2] (compute-mfcc-feats[5.5.166~1-013489]:main():compute-mfcc-feats.cc:173) Processed features for key MR_3Z377A
VLOG[2] (compute-mfcc-feats[5.5.166~1-013489]:main():compute-mfcc-feats.cc:173) Processed features for key MR_4379ZZ7A
VLOG[2] (compute-mfcc-feats[5.5.166~1-013489]:main():compute-mfcc-feats.cc:173) Processed features for key MR_437A
VLOG[2] (compute-mfcc-feats[5.5.166~1-013489]:main():compute-mfcc-feats.cc:173) Processed features for key MR_44179A
VLOG[2] (compute-mfcc-feats[5.5.166~1-013489]:main():compute-mfcc-feats.cc:173) Processed features for key MR_4A
VLOG[2] (compute-mfcc-feats[5.5.166~1-013489]:main():compute-mfcc-feats.cc:173) Processed features for key MR_4B
VLOG[2] (compute-mfcc-feats[5.5.166~1-013489]:main():compute-mfcc-feats.cc:173) Processed features for key MR_4O2A
VLOG[2] (compute-mfcc-feats[5.5.166~1-013489]:main():compute-mfcc-feats.cc:173) Processed features for key MR_4ZZ3A
LOG (compute-mfcc-feats[5.5.166~1-013489]:main():compute-mfcc-feats.cc:172) Processed 490 utterances
VLOG[2] (compute-mfcc-feats[5.5.166~1-013489]:main():compute-mfcc-feats.cc:173) Processed features for key MR_56Z4A
VLOG[2] (compute-mfcc-feats[5.5.166~1-013489]:main():compute-mfcc-feats.cc:173) Processed features for key MR_5756886A
VLOG[2] (compute-mfcc-feats[5.5.166~1-013489]:main():compute-mfcc-feats.cc:173) Processed features for key MR_586A
VLOG[2] (compute-mfcc-feats[5.5.166~1-013489]:main():compute-mfcc-feats.cc:173) Processed features for key MR_5981A
VLOG[2] (compute-mfcc-feats[5.5.166~1-013489]:main():compute-mfcc-feats.cc:173) Processed features for key MR_5A
VLOG[2] (compute-mfcc-feats[5.5.166~1-013489]:main():compute-mfcc-feats.cc:173) Processed features for key MR_5B
VLOG[2] (compute-mfcc-feats[5.5.166~1-013489]:main():compute-mfcc-feats.cc:173) Processed features for key MR_5ZA
VLOG[2] (compute-mfcc-feats[5.5.166~1-013489]:main():compute-mfcc-feats.cc:173) Processed features for key MR_61A
VLOG[2] (compute-mfcc-feats[5.5.166~1-013489]:main():compute-mfcc-feats.cc:173) Processed features for key MR_6238A
VLOG[2] (compute-mfcc-feats[5.5.166~1-013489]:main():compute-mfcc-feats.cc:173) Processed features for key MR_643A
LOG (compute-mfcc-feats[5.5.166~1-013489]:main():compute-mfcc-feats.cc:172) Processed 500 utterances
VLOG[2] (compute-mfcc-feats[5.5.166~1-013489]:main():compute-mfcc-feats.cc:173) Processed features for key MR_68524A
VLOG[2] (compute-mfcc-feats[5.5.166~1-013489]:main():compute-mfcc-feats.cc:173) Processed features for key MR_699A
VLOG[2] (compute-mfcc-feats[5.5.166~1-013489]:main():compute-mfcc-feats.cc:173) Processed features for key MR_6A
VLOG[2] (compute-mfcc-feats[5.5.166~1-013489]:main():compute-mfcc-feats.cc:173) Processed features for key MR_6B
VLOG[2] (compute-mfcc-feats[5.5.166~1-013489]:main():compute-mfcc-feats.cc:173) Processed features for key MR_72911A
VLOG[2] (compute-mfcc-feats[5.5.166~1-013489]:main():compute-mfcc-feats.cc:173) Processed features for key MR_75A
VLOG[2] (compute-mfcc-feats[5.5.166~1-013489]:main():compute-mfcc-feats.cc:173) Processed features for key MR_764A
VLOG[2] (compute-mfcc-feats[5.5.166~1-013489]:main():compute-mfcc-feats.cc:173) Processed features for key MR_771Z5A
VLOG[2] (compute-mfcc-feats[5.5.166~1-013489]:main():compute-mfcc-feats.cc:173) Processed features for key MR_79A
VLOG[2] (compute-mfcc-feats[5.5.166~1-013489]:main():compute-mfcc-feats.cc:173) Processed features for key MR_7A
LOG (compute-mfcc-feats[5.5.166~1-013489]:main():compute-mfcc-feats.cc:172) Processed 510 utterances
VLOG[2] (compute-mfcc-feats[5.5.166~1-013489]:main():compute-mfcc-feats.cc:173) Processed features for key MR_7B
VLOG[2] (compute-mfcc-feats[5.5.166~1-013489]:main():compute-mfcc-feats.cc:173) Processed features for key MR_81A
VLOG[2] (compute-mfcc-feats[5.5.166~1-013489]:main():compute-mfcc-feats.cc:173) Processed features for key MR_84A
VLOG[2] (compute-mfcc-feats[5.5.166~1-013489]:main():compute-mfcc-feats.cc:173) Processed features for key MR_876A
VLOG[2] (compute-mfcc-feats[5.5.166~1-013489]:main():compute-mfcc-feats.cc:173) Processed features for key MR_89A
VLOG[2] (compute-mfcc-feats[5.5.166~1-013489]:main():compute-mfcc-feats.cc:173) Processed features for key MR_8A
VLOG[2] (compute-mfcc-feats[5.5.166~1-013489]:main():compute-mfcc-feats.cc:173) Processed features for key MR_8B
VLOG[2] (compute-mfcc-feats[5.5.166~1-013489]:main():compute-mfcc-feats.cc:173) Processed features for key MR_8O7497OA
VLOG[2] (compute-mfcc-feats[5.5.166~1-013489]:main():compute-mfcc-feats.cc:173) Processed features for key MR_92336Z8A
VLOG[2] (compute-mfcc-feats[5.5.166~1-013489]:main():compute-mfcc-feats.cc:173) Processed features for key MR_926A
LOG (compute-mfcc-feats[5.5.166~1-013489]:main():compute-mfcc-feats.cc:172) Processed 520 utterances
VLOG[2] (compute-mfcc-feats[5.5.166~1-013489]:main():compute-mfcc-feats.cc:173) Processed features for key MR_96578A
VLOG[2] (compute-mfcc-feats[5.5.166~1-013489]:main():compute-mfcc-feats.cc:173) Processed features for key MR_98328A
VLOG[2] (compute-mfcc-feats[5.5.166~1-013489]:main():compute-mfcc-feats.cc:173) Processed features for key MR_9A
VLOG[2] (compute-mfcc-feats[5.5.166~1-013489]:main():compute-mfcc-feats.cc:173) Processed features for key MR_9B
VLOG[2] (compute-mfcc-feats[5.5.166~1-013489]:main():compute-mfcc-feats.cc:173) Processed features for key MR_9O69A
VLOG[2] (compute-mfcc-feats[5.5.166~1-013489]:main():compute-mfcc-feats.cc:173) Processed features for key MR_O2O6672A
VLOG[2] (compute-mfcc-feats[5.5.166~1-013489]:main():compute-mfcc-feats.cc:173) Processed features for key MR_O3O5351A
VLOG[2] (compute-mfcc-feats[5.5.166~1-013489]:main():compute-mfcc-feats.cc:173) Processed features for key MR_O78A
VLOG[2] (compute-mfcc-feats[5.5.166~1-013489]:main():compute-mfcc-feats.cc:173) Processed features for key MR_O9A
VLOG[2] (compute-mfcc-feats[5.5.166~1-013489]:main():compute-mfcc-feats.cc:173) Processed features for key MR_OA
LOG (compute-mfcc-feats[5.5.166~1-013489]:main():compute-mfcc-feats.cc:172) Processed 530 utterances
VLOG[2] (compute-mfcc-feats[5.5.166~1-013489]:main():compute-mfcc-feats.cc:173) Processed features for key MR_OB
VLOG[2] (compute-mfcc-feats[5.5.166~1-013489]:main():compute-mfcc-feats.cc:173) Processed features for key MR_OO85A
VLOG[2] (compute-mfcc-feats[5.5.166~1-013489]:main():compute-mfcc-feats.cc:173) Processed features for key MR_Z13A
VLOG[2] (compute-mfcc-feats[5.5.166~1-013489]:main():compute-mfcc-feats.cc:173) Processed features for key MR_Z42Z1A
VLOG[2] (compute-mfcc-feats[5.5.166~1-013489]:main():compute-mfcc-feats.cc:173) Processed features for key MR_Z635221A
VLOG[2] (compute-mfcc-feats[5.5.166~1-013489]:main():compute-mfcc-feats.cc:173) Processed features for key MR_ZA
VLOG[2] (compute-mfcc-feats[5.5.166~1-013489]:main():compute-mfcc-feats.cc:173) Processed features for key MR_ZB
VLOG[2] (compute-mfcc-feats[5.5.166~1-013489]:main():compute-mfcc-feats.cc:173) Processed features for key MR_ZZ93Z8ZA
VLOG[2] (compute-mfcc-feats[5.5.166~1-013489]:main():compute-mfcc-feats.cc:173) Processed features for key MR_ZZA
VLOG[2] (compute-mfcc-feats[5.5.166~1-013489]:main():compute-mfcc-feats.cc:173) Processed features for key MS_13OOA
LOG (compute-mfcc-feats[5.5.166~1-013489]:main():compute-mfcc-feats.cc:176)  Done 539 out of 539 utterances.
LOG (copy-feats[5.5.166~1-013489]:main():copy-feats.cc:143) Copied 539 feature matrices.
# Accounting: time=6 threads=1
# Ended (code 0) at Mon Dec  2 13:38:21 CST 2019, elapsed time 6 seconds
