# compute-mfcc-feats --verbose=2 --config=conf/mfcc.conf scp,p:exp/make_mfcc/train/wav_train.5.scp ark:- | copy-feats --compress=true ark:- ark,scp:/home/jincheng/SMIIP_1ST_HW/mfcc/raw_mfcc_train.5.ark,/home/jincheng/SMIIP_1ST_HW/mfcc/raw_mfcc_train.5.scp 
# Started at Sun Dec  1 23:50:57 CST 2019
#
copy-feats --compress=true ark:- ark,scp:/home/jincheng/SMIIP_1ST_HW/mfcc/raw_mfcc_train.5.ark,/home/jincheng/SMIIP_1ST_HW/mfcc/raw_mfcc_train.5.scp 
compute-mfcc-feats --verbose=2 --config=conf/mfcc.conf scp,p:exp/make_mfcc/train/wav_train.5.scp ark:- 
VLOG[2] (compute-mfcc-feats[5.5.166~1-013489]:main():compute-mfcc-feats.cc:173) Processed features for key EI_1451A
VLOG[2] (compute-mfcc-feats[5.5.166~1-013489]:main():compute-mfcc-feats.cc:173) Processed features for key EI_1469A
VLOG[2] (compute-mfcc-feats[5.5.166~1-013489]:main():compute-mfcc-feats.cc:173) Processed features for key EI_1A
VLOG[2] (compute-mfcc-feats[5.5.166~1-013489]:main():compute-mfcc-feats.cc:173) Processed features for key EI_1B
VLOG[2] (compute-mfcc-feats[5.5.166~1-013489]:main():compute-mfcc-feats.cc:173) Processed features for key EI_1O4OA
VLOG[2] (compute-mfcc-feats[5.5.166~1-013489]:main():compute-mfcc-feats.cc:173) Processed features for key EI_1ZZ8A
VLOG[2] (compute-mfcc-feats[5.5.166~1-013489]:main():compute-mfcc-feats.cc:173) Processed features for key EI_2291577A
VLOG[2] (compute-mfcc-feats[5.5.166~1-013489]:main():compute-mfcc-feats.cc:173) Processed features for key EI_2343784A
VLOG[2] (compute-mfcc-feats[5.5.166~1-013489]:main():compute-mfcc-feats.cc:173) Processed features for key EI_2816O8OA
LOG (compute-mfcc-feats[5.5.166~1-013489]:main():compute-mfcc-feats.cc:172) Processed 10 utterances
VLOG[2] (compute-mfcc-feats[5.5.166~1-013489]:main():compute-mfcc-feats.cc:173) Processed features for key EI_2A
VLOG[2] (compute-mfcc-feats[5.5.166~1-013489]:main():compute-mfcc-feats.cc:173) Processed features for key EI_2B
VLOG[2] (compute-mfcc-feats[5.5.166~1-013489]:main():compute-mfcc-feats.cc:173) Processed features for key EI_2O12A
VLOG[2] (compute-mfcc-feats[5.5.166~1-013489]:main():compute-mfcc-feats.cc:173) Processed features for key EI_2Z626A
VLOG[2] (compute-mfcc-feats[5.5.166~1-013489]:main():compute-mfcc-feats.cc:173) Processed features for key EI_3533A
VLOG[2] (compute-mfcc-feats[5.5.166~1-013489]:main():compute-mfcc-feats.cc:173) Processed features for key EI_35O23A
VLOG[2] (compute-mfcc-feats[5.5.166~1-013489]:main():compute-mfcc-feats.cc:173) Processed features for key EI_3A
VLOG[2] (compute-mfcc-feats[5.5.166~1-013489]:main():compute-mfcc-feats.cc:173) Processed features for key EI_3B
VLOG[2] (compute-mfcc-feats[5.5.166~1-013489]:main():compute-mfcc-feats.cc:173) Processed features for key EI_3OA
VLOG[2] (compute-mfcc-feats[5.5.166~1-013489]:main():compute-mfcc-feats.cc:173) Processed features for key EI_3Z17A
LOG (compute-mfcc-feats[5.5.166~1-013489]:main():compute-mfcc-feats.cc:172) Processed 20 utterances
VLOG[2] (compute-mfcc-feats[5.5.166~1-013489]:main():compute-mfcc-feats.cc:173) Processed features for key EI_3ZA
VLOG[2] (compute-mfcc-feats[5.5.166~1-013489]:main():compute-mfcc-feats.cc:173) Processed features for key EI_413A
VLOG[2] (compute-mfcc-feats[5.5.166~1-013489]:main():compute-mfcc-feats.cc:173) Processed features for key EI_4322OA
VLOG[2] (compute-mfcc-feats[5.5.166~1-013489]:main():compute-mfcc-feats.cc:173) Processed features for key EI_4596A
VLOG[2] (compute-mfcc-feats[5.5.166~1-013489]:main():compute-mfcc-feats.cc:173) Processed features for key EI_4656A
VLOG[2] (compute-mfcc-feats[5.5.166~1-013489]:main():compute-mfcc-feats.cc:173) Processed features for key EI_477A
VLOG[2] (compute-mfcc-feats[5.5.166~1-013489]:main():compute-mfcc-feats.cc:173) Processed features for key EI_4A
VLOG[2] (compute-mfcc-feats[5.5.166~1-013489]:main():compute-mfcc-feats.cc:173) Processed features for key EI_4B
VLOG[2] (compute-mfcc-feats[5.5.166~1-013489]:main():compute-mfcc-feats.cc:173) Processed features for key EI_52924A
VLOG[2] (compute-mfcc-feats[5.5.166~1-013489]:main():compute-mfcc-feats.cc:173) Processed features for key EI_548A
LOG (compute-mfcc-feats[5.5.166~1-013489]:main():compute-mfcc-feats.cc:172) Processed 30 utterances
VLOG[2] (compute-mfcc-feats[5.5.166~1-013489]:main():compute-mfcc-feats.cc:173) Processed features for key EI_54A
VLOG[2] (compute-mfcc-feats[5.5.166~1-013489]:main():compute-mfcc-feats.cc:173) Processed features for key EI_57532A
VLOG[2] (compute-mfcc-feats[5.5.166~1-013489]:main():compute-mfcc-feats.cc:173) Processed features for key EI_58879O8A
VLOG[2] (compute-mfcc-feats[5.5.166~1-013489]:main():compute-mfcc-feats.cc:173) Processed features for key EI_5A
VLOG[2] (compute-mfcc-feats[5.5.166~1-013489]:main():compute-mfcc-feats.cc:173) Processed features for key EI_5B
VLOG[2] (compute-mfcc-feats[5.5.166~1-013489]:main():compute-mfcc-feats.cc:173) Processed features for key EI_618Z34ZA
VLOG[2] (compute-mfcc-feats[5.5.166~1-013489]:main():compute-mfcc-feats.cc:173) Processed features for key EI_665OO36A
VLOG[2] (compute-mfcc-feats[5.5.166~1-013489]:main():compute-mfcc-feats.cc:173) Processed features for key EI_68A
VLOG[2] (compute-mfcc-feats[5.5.166~1-013489]:main():compute-mfcc-feats.cc:173) Processed features for key EI_69738A
VLOG[2] (compute-mfcc-feats[5.5.166~1-013489]:main():compute-mfcc-feats.cc:173) Processed features for key EI_6A
LOG (compute-mfcc-feats[5.5.166~1-013489]:main():compute-mfcc-feats.cc:172) Processed 40 utterances
VLOG[2] (compute-mfcc-feats[5.5.166~1-013489]:main():compute-mfcc-feats.cc:173) Processed features for key EI_6B
VLOG[2] (compute-mfcc-feats[5.5.166~1-013489]:main():compute-mfcc-feats.cc:173) Processed features for key EI_6Z86644A
VLOG[2] (compute-mfcc-feats[5.5.166~1-013489]:main():compute-mfcc-feats.cc:173) Processed features for key EI_718A
VLOG[2] (compute-mfcc-feats[5.5.166~1-013489]:main():compute-mfcc-feats.cc:173) Processed features for key EI_755ZA
VLOG[2] (compute-mfcc-feats[5.5.166~1-013489]:main():compute-mfcc-feats.cc:173) Processed features for key EI_785A
VLOG[2] (compute-mfcc-feats[5.5.166~1-013489]:main():compute-mfcc-feats.cc:173) Processed features for key EI_7A
VLOG[2] (compute-mfcc-feats[5.5.166~1-013489]:main():compute-mfcc-feats.cc:173) Processed features for key EI_7B
VLOG[2] (compute-mfcc-feats[5.5.166~1-013489]:main():compute-mfcc-feats.cc:173) Processed features for key EI_7OA
VLOG[2] (compute-mfcc-feats[5.5.166~1-013489]:main():compute-mfcc-feats.cc:173) Processed features for key EI_7Z7A
VLOG[2] (compute-mfcc-feats[5.5.166~1-013489]:main():compute-mfcc-feats.cc:173) Processed features for key EI_847OOA
LOG (compute-mfcc-feats[5.5.166~1-013489]:main():compute-mfcc-feats.cc:172) Processed 50 utterances
VLOG[2] (compute-mfcc-feats[5.5.166~1-013489]:main():compute-mfcc-feats.cc:173) Processed features for key EI_88A
VLOG[2] (compute-mfcc-feats[5.5.166~1-013489]:main():compute-mfcc-feats.cc:173) Processed features for key EI_89891A
VLOG[2] (compute-mfcc-feats[5.5.166~1-013489]:main():compute-mfcc-feats.cc:173) Processed features for key EI_8A
VLOG[2] (compute-mfcc-feats[5.5.166~1-013489]:main():compute-mfcc-feats.cc:173) Processed features for key EI_8B
VLOG[2] (compute-mfcc-feats[5.5.166~1-013489]:main():compute-mfcc-feats.cc:173) Processed features for key EI_8O6O7A
VLOG[2] (compute-mfcc-feats[5.5.166~1-013489]:main():compute-mfcc-feats.cc:173) Processed features for key EI_8Z73639A
VLOG[2] (compute-mfcc-feats[5.5.166~1-013489]:main():compute-mfcc-feats.cc:173) Processed features for key EI_93995A
VLOG[2] (compute-mfcc-feats[5.5.166~1-013489]:main():compute-mfcc-feats.cc:173) Processed features for key EI_93A
VLOG[2] (compute-mfcc-feats[5.5.166~1-013489]:main():compute-mfcc-feats.cc:173) Processed features for key EI_9442583A
VLOG[2] (compute-mfcc-feats[5.5.166~1-013489]:main():compute-mfcc-feats.cc:173) Processed features for key EI_996A
LOG (compute-mfcc-feats[5.5.166~1-013489]:main():compute-mfcc-feats.cc:172) Processed 60 utterances
VLOG[2] (compute-mfcc-feats[5.5.166~1-013489]:main():compute-mfcc-feats.cc:173) Processed features for key EI_9A
VLOG[2] (compute-mfcc-feats[5.5.166~1-013489]:main():compute-mfcc-feats.cc:173) Processed features for key EI_9B
VLOG[2] (compute-mfcc-feats[5.5.166~1-013489]:main():compute-mfcc-feats.cc:173) Processed features for key EI_9ZZ6215A
VLOG[2] (compute-mfcc-feats[5.5.166~1-013489]:main():compute-mfcc-feats.cc:173) Processed features for key EI_O19A
VLOG[2] (compute-mfcc-feats[5.5.166~1-013489]:main():compute-mfcc-feats.cc:173) Processed features for key EI_O249A
VLOG[2] (compute-mfcc-feats[5.5.166~1-013489]:main():compute-mfcc-feats.cc:173) Processed features for key EI_O3A
VLOG[2] (compute-mfcc-feats[5.5.166~1-013489]:main():compute-mfcc-feats.cc:173) Processed features for key EI_O9A
VLOG[2] (compute-mfcc-feats[5.5.166~1-013489]:main():compute-mfcc-feats.cc:173) Processed features for key EI_OA
VLOG[2] (compute-mfcc-feats[5.5.166~1-013489]:main():compute-mfcc-feats.cc:173) Processed features for key EI_OB
VLOG[2] (compute-mfcc-feats[5.5.166~1-013489]:main():compute-mfcc-feats.cc:173) Processed features for key EI_OO6A
LOG (compute-mfcc-feats[5.5.166~1-013489]:main():compute-mfcc-feats.cc:172) Processed 70 utterances
VLOG[2] (compute-mfcc-feats[5.5.166~1-013489]:main():compute-mfcc-feats.cc:173) Processed features for key EI_Z281ZA
VLOG[2] (compute-mfcc-feats[5.5.166~1-013489]:main():compute-mfcc-feats.cc:173) Processed features for key EI_Z2A
VLOG[2] (compute-mfcc-feats[5.5.166~1-013489]:main():compute-mfcc-feats.cc:173) Processed features for key EI_Z4A
VLOG[2] (compute-mfcc-feats[5.5.166~1-013489]:main():compute-mfcc-feats.cc:173) Processed features for key EI_Z4ZA
VLOG[2] (compute-mfcc-feats[5.5.166~1-013489]:main():compute-mfcc-feats.cc:173) Processed features for key EI_ZA
VLOG[2] (compute-mfcc-feats[5.5.166~1-013489]:main():compute-mfcc-feats.cc:173) Processed features for key EI_ZB
VLOG[2] (compute-mfcc-feats[5.5.166~1-013489]:main():compute-mfcc-feats.cc:173) Processed features for key EI_ZZ5Z161A
VLOG[2] (compute-mfcc-feats[5.5.166~1-013489]:main():compute-mfcc-feats.cc:173) Processed features for key EK_1437739A
VLOG[2] (compute-mfcc-feats[5.5.166~1-013489]:main():compute-mfcc-feats.cc:173) Processed features for key EK_14A
VLOG[2] (compute-mfcc-feats[5.5.166~1-013489]:main():compute-mfcc-feats.cc:173) Processed features for key EK_16A
LOG (compute-mfcc-feats[5.5.166~1-013489]:main():compute-mfcc-feats.cc:172) Processed 80 utterances
VLOG[2] (compute-mfcc-feats[5.5.166~1-013489]:main():compute-mfcc-feats.cc:173) Processed features for key EK_17118A
VLOG[2] (compute-mfcc-feats[5.5.166~1-013489]:main():compute-mfcc-feats.cc:173) Processed features for key EK_196572OA
VLOG[2] (compute-mfcc-feats[5.5.166~1-013489]:main():compute-mfcc-feats.cc:173) Processed features for key EK_1A
VLOG[2] (compute-mfcc-feats[5.5.166~1-013489]:main():compute-mfcc-feats.cc:173) Processed features for key EK_1B
VLOG[2] (compute-mfcc-feats[5.5.166~1-013489]:main():compute-mfcc-feats.cc:173) Processed features for key EK_23O9A
VLOG[2] (compute-mfcc-feats[5.5.166~1-013489]:main():compute-mfcc-feats.cc:173) Processed features for key EK_2425A
VLOG[2] (compute-mfcc-feats[5.5.166~1-013489]:main():compute-mfcc-feats.cc:173) Processed features for key EK_2723Z43A
VLOG[2] (compute-mfcc-feats[5.5.166~1-013489]:main():compute-mfcc-feats.cc:173) Processed features for key EK_29A
VLOG[2] (compute-mfcc-feats[5.5.166~1-013489]:main():compute-mfcc-feats.cc:173) Processed features for key EK_2A
VLOG[2] (compute-mfcc-feats[5.5.166~1-013489]:main():compute-mfcc-feats.cc:173) Processed features for key EK_2B
LOG (compute-mfcc-feats[5.5.166~1-013489]:main():compute-mfcc-feats.cc:172) Processed 90 utterances
VLOG[2] (compute-mfcc-feats[5.5.166~1-013489]:main():compute-mfcc-feats.cc:173) Processed features for key EK_2Z66A
VLOG[2] (compute-mfcc-feats[5.5.166~1-013489]:main():compute-mfcc-feats.cc:173) Processed features for key EK_311A
VLOG[2] (compute-mfcc-feats[5.5.166~1-013489]:main():compute-mfcc-feats.cc:173) Processed features for key EK_31554A
VLOG[2] (compute-mfcc-feats[5.5.166~1-013489]:main():compute-mfcc-feats.cc:173) Processed features for key EK_348A
VLOG[2] (compute-mfcc-feats[5.5.166~1-013489]:main():compute-mfcc-feats.cc:173) Processed features for key EK_376A
VLOG[2] (compute-mfcc-feats[5.5.166~1-013489]:main():compute-mfcc-feats.cc:173) Processed features for key EK_3A
VLOG[2] (compute-mfcc-feats[5.5.166~1-013489]:main():compute-mfcc-feats.cc:173) Processed features for key EK_3B
VLOG[2] (compute-mfcc-feats[5.5.166~1-013489]:main():compute-mfcc-feats.cc:173) Processed features for key EK_3ZA
VLOG[2] (compute-mfcc-feats[5.5.166~1-013489]:main():compute-mfcc-feats.cc:173) Processed features for key EK_42A
VLOG[2] (compute-mfcc-feats[5.5.166~1-013489]:main():compute-mfcc-feats.cc:173) Processed features for key EK_449A
LOG (compute-mfcc-feats[5.5.166~1-013489]:main():compute-mfcc-feats.cc:172) Processed 100 utterances
VLOG[2] (compute-mfcc-feats[5.5.166~1-013489]:main():compute-mfcc-feats.cc:173) Processed features for key EK_44A
VLOG[2] (compute-mfcc-feats[5.5.166~1-013489]:main():compute-mfcc-feats.cc:173) Processed features for key EK_4527A
VLOG[2] (compute-mfcc-feats[5.5.166~1-013489]:main():compute-mfcc-feats.cc:173) Processed features for key EK_45Z33A
VLOG[2] (compute-mfcc-feats[5.5.166~1-013489]:main():compute-mfcc-feats.cc:173) Processed features for key EK_4A
VLOG[2] (compute-mfcc-feats[5.5.166~1-013489]:main():compute-mfcc-feats.cc:173) Processed features for key EK_4B
VLOG[2] (compute-mfcc-feats[5.5.166~1-013489]:main():compute-mfcc-feats.cc:173) Processed features for key EK_5293A
VLOG[2] (compute-mfcc-feats[5.5.166~1-013489]:main():compute-mfcc-feats.cc:173) Processed features for key EK_5335A
VLOG[2] (compute-mfcc-feats[5.5.166~1-013489]:main():compute-mfcc-feats.cc:173) Processed features for key EK_54641A
VLOG[2] (compute-mfcc-feats[5.5.166~1-013489]:main():compute-mfcc-feats.cc:173) Processed features for key EK_58778A
VLOG[2] (compute-mfcc-feats[5.5.166~1-013489]:main():compute-mfcc-feats.cc:173) Processed features for key EK_58Z2A
LOG (compute-mfcc-feats[5.5.166~1-013489]:main():compute-mfcc-feats.cc:172) Processed 110 utterances
VLOG[2] (compute-mfcc-feats[5.5.166~1-013489]:main():compute-mfcc-feats.cc:173) Processed features for key EK_5A
VLOG[2] (compute-mfcc-feats[5.5.166~1-013489]:main():compute-mfcc-feats.cc:173) Processed features for key EK_5B
VLOG[2] (compute-mfcc-feats[5.5.166~1-013489]:main():compute-mfcc-feats.cc:173) Processed features for key EK_657Z1A
VLOG[2] (compute-mfcc-feats[5.5.166~1-013489]:main():compute-mfcc-feats.cc:173) Processed features for key EK_67A
VLOG[2] (compute-mfcc-feats[5.5.166~1-013489]:main():compute-mfcc-feats.cc:173) Processed features for key EK_686Z815A
VLOG[2] (compute-mfcc-feats[5.5.166~1-013489]:main():compute-mfcc-feats.cc:173) Processed features for key EK_69A
VLOG[2] (compute-mfcc-feats[5.5.166~1-013489]:main():compute-mfcc-feats.cc:173) Processed features for key EK_6A
VLOG[2] (compute-mfcc-feats[5.5.166~1-013489]:main():compute-mfcc-feats.cc:173) Processed features for key EK_6B
VLOG[2] (compute-mfcc-feats[5.5.166~1-013489]:main():compute-mfcc-feats.cc:173) Processed features for key EK_6OO4O62A
VLOG[2] (compute-mfcc-feats[5.5.166~1-013489]:main():compute-mfcc-feats.cc:173) Processed features for key EK_75183A
LOG (compute-mfcc-feats[5.5.166~1-013489]:main():compute-mfcc-feats.cc:172) Processed 120 utterances
VLOG[2] (compute-mfcc-feats[5.5.166~1-013489]:main():compute-mfcc-feats.cc:173) Processed features for key EK_759A
VLOG[2] (compute-mfcc-feats[5.5.166~1-013489]:main():compute-mfcc-feats.cc:173) Processed features for key EK_782O1A
VLOG[2] (compute-mfcc-feats[5.5.166~1-013489]:main():compute-mfcc-feats.cc:173) Processed features for key EK_798Z913A
VLOG[2] (compute-mfcc-feats[5.5.166~1-013489]:main():compute-mfcc-feats.cc:173) Processed features for key EK_7A
VLOG[2] (compute-mfcc-feats[5.5.166~1-013489]:main():compute-mfcc-feats.cc:173) Processed features for key EK_7B
VLOG[2] (compute-mfcc-feats[5.5.166~1-013489]:main():compute-mfcc-feats.cc:173) Processed features for key EK_7O7A
VLOG[2] (compute-mfcc-feats[5.5.166~1-013489]:main():compute-mfcc-feats.cc:173) Processed features for key EK_8221324A
VLOG[2] (compute-mfcc-feats[5.5.166~1-013489]:main():compute-mfcc-feats.cc:173) Processed features for key EK_84616A
VLOG[2] (compute-mfcc-feats[5.5.166~1-013489]:main():compute-mfcc-feats.cc:173) Processed features for key EK_85ZA
VLOG[2] (compute-mfcc-feats[5.5.166~1-013489]:main():compute-mfcc-feats.cc:173) Processed features for key EK_8A
LOG (compute-mfcc-feats[5.5.166~1-013489]:main():compute-mfcc-feats.cc:172) Processed 130 utterances
VLOG[2] (compute-mfcc-feats[5.5.166~1-013489]:main():compute-mfcc-feats.cc:173) Processed features for key EK_8B
VLOG[2] (compute-mfcc-feats[5.5.166~1-013489]:main():compute-mfcc-feats.cc:173) Processed features for key EK_8O8A
VLOG[2] (compute-mfcc-feats[5.5.166~1-013489]:main():compute-mfcc-feats.cc:173) Processed features for key EK_8OA
VLOG[2] (compute-mfcc-feats[5.5.166~1-013489]:main():compute-mfcc-feats.cc:173) Processed features for key EK_94O36A
VLOG[2] (compute-mfcc-feats[5.5.166~1-013489]:main():compute-mfcc-feats.cc:173) Processed features for key EK_97A
VLOG[2] (compute-mfcc-feats[5.5.166~1-013489]:main():compute-mfcc-feats.cc:173) Processed features for key EK_991A
VLOG[2] (compute-mfcc-feats[5.5.166~1-013489]:main():compute-mfcc-feats.cc:173) Processed features for key EK_99A
VLOG[2] (compute-mfcc-feats[5.5.166~1-013489]:main():compute-mfcc-feats.cc:173) Processed features for key EK_9A
VLOG[2] (compute-mfcc-feats[5.5.166~1-013489]:main():compute-mfcc-feats.cc:173) Processed features for key EK_9B
VLOG[2] (compute-mfcc-feats[5.5.166~1-013489]:main():compute-mfcc-feats.cc:173) Processed features for key EK_9O5A
LOG (compute-mfcc-feats[5.5.166~1-013489]:main():compute-mfcc-feats.cc:172) Processed 140 utterances
VLOG[2] (compute-mfcc-feats[5.5.166~1-013489]:main():compute-mfcc-feats.cc:173) Processed features for key EK_O25O648A
VLOG[2] (compute-mfcc-feats[5.5.166~1-013489]:main():compute-mfcc-feats.cc:173) Processed features for key EK_O553832A
VLOG[2] (compute-mfcc-feats[5.5.166~1-013489]:main():compute-mfcc-feats.cc:173) Processed features for key EK_O7634A
VLOG[2] (compute-mfcc-feats[5.5.166~1-013489]:main():compute-mfcc-feats.cc:173) Processed features for key EK_OA
VLOG[2] (compute-mfcc-feats[5.5.166~1-013489]:main():compute-mfcc-feats.cc:173) Processed features for key EK_OB
VLOG[2] (compute-mfcc-feats[5.5.166~1-013489]:main():compute-mfcc-feats.cc:173) Processed features for key EK_OO871OOA
VLOG[2] (compute-mfcc-feats[5.5.166~1-013489]:main():compute-mfcc-feats.cc:173) Processed features for key EK_OO9A
VLOG[2] (compute-mfcc-feats[5.5.166~1-013489]:main():compute-mfcc-feats.cc:173) Processed features for key EK_Z2ZZA
VLOG[2] (compute-mfcc-feats[5.5.166~1-013489]:main():compute-mfcc-feats.cc:173) Processed features for key EK_Z51ZA
VLOG[2] (compute-mfcc-feats[5.5.166~1-013489]:main():compute-mfcc-feats.cc:173) Processed features for key EK_Z747A
LOG (compute-mfcc-feats[5.5.166~1-013489]:main():compute-mfcc-feats.cc:172) Processed 150 utterances
VLOG[2] (compute-mfcc-feats[5.5.166~1-013489]:main():compute-mfcc-feats.cc:173) Processed features for key EK_Z7Z8A
VLOG[2] (compute-mfcc-feats[5.5.166~1-013489]:main():compute-mfcc-feats.cc:173) Processed features for key EK_ZA
VLOG[2] (compute-mfcc-feats[5.5.166~1-013489]:main():compute-mfcc-feats.cc:173) Processed features for key EK_ZB
VLOG[2] (compute-mfcc-feats[5.5.166~1-013489]:main():compute-mfcc-feats.cc:173) Processed features for key EK_ZZZ1262A
VLOG[2] (compute-mfcc-feats[5.5.166~1-013489]:main():compute-mfcc-feats.cc:173) Processed features for key EL_13Z5Z17A
VLOG[2] (compute-mfcc-feats[5.5.166~1-013489]:main():compute-mfcc-feats.cc:173) Processed features for key EL_14A
VLOG[2] (compute-mfcc-feats[5.5.166~1-013489]:main():compute-mfcc-feats.cc:173) Processed features for key EL_16ZZ625A
VLOG[2] (compute-mfcc-feats[5.5.166~1-013489]:main():compute-mfcc-feats.cc:173) Processed features for key EL_186A
VLOG[2] (compute-mfcc-feats[5.5.166~1-013489]:main():compute-mfcc-feats.cc:173) Processed features for key EL_1A
VLOG[2] (compute-mfcc-feats[5.5.166~1-013489]:main():compute-mfcc-feats.cc:173) Processed features for key EL_1B
LOG (compute-mfcc-feats[5.5.166~1-013489]:main():compute-mfcc-feats.cc:172) Processed 160 utterances
VLOG[2] (compute-mfcc-feats[5.5.166~1-013489]:main():compute-mfcc-feats.cc:173) Processed features for key EL_1Z94ZA
VLOG[2] (compute-mfcc-feats[5.5.166~1-013489]:main():compute-mfcc-feats.cc:173) Processed features for key EL_234A
VLOG[2] (compute-mfcc-feats[5.5.166~1-013489]:main():compute-mfcc-feats.cc:173) Processed features for key EL_246OO54A
VLOG[2] (compute-mfcc-feats[5.5.166~1-013489]:main():compute-mfcc-feats.cc:173) Processed features for key EL_29A
VLOG[2] (compute-mfcc-feats[5.5.166~1-013489]:main():compute-mfcc-feats.cc:173) Processed features for key EL_2A
VLOG[2] (compute-mfcc-feats[5.5.166~1-013489]:main():compute-mfcc-feats.cc:173) Processed features for key EL_2B
VLOG[2] (compute-mfcc-feats[5.5.166~1-013489]:main():compute-mfcc-feats.cc:173) Processed features for key EL_2O88A
VLOG[2] (compute-mfcc-feats[5.5.166~1-013489]:main():compute-mfcc-feats.cc:173) Processed features for key EL_2ZA
VLOG[2] (compute-mfcc-feats[5.5.166~1-013489]:main():compute-mfcc-feats.cc:173) Processed features for key EL_319A
VLOG[2] (compute-mfcc-feats[5.5.166~1-013489]:main():compute-mfcc-feats.cc:173) Processed features for key EL_36A
LOG (compute-mfcc-feats[5.5.166~1-013489]:main():compute-mfcc-feats.cc:172) Processed 170 utterances
VLOG[2] (compute-mfcc-feats[5.5.166~1-013489]:main():compute-mfcc-feats.cc:173) Processed features for key EL_37A
VLOG[2] (compute-mfcc-feats[5.5.166~1-013489]:main():compute-mfcc-feats.cc:173) Processed features for key EL_3895A
VLOG[2] (compute-mfcc-feats[5.5.166~1-013489]:main():compute-mfcc-feats.cc:173) Processed features for key EL_3A
VLOG[2] (compute-mfcc-feats[5.5.166~1-013489]:main():compute-mfcc-feats.cc:173) Processed features for key EL_3B
VLOG[2] (compute-mfcc-feats[5.5.166~1-013489]:main():compute-mfcc-feats.cc:173) Processed features for key EL_3OA
VLOG[2] (compute-mfcc-feats[5.5.166~1-013489]:main():compute-mfcc-feats.cc:173) Processed features for key EL_417A
VLOG[2] (compute-mfcc-feats[5.5.166~1-013489]:main():compute-mfcc-feats.cc:173) Processed features for key EL_44A
VLOG[2] (compute-mfcc-feats[5.5.166~1-013489]:main():compute-mfcc-feats.cc:173) Processed features for key EL_45169A
VLOG[2] (compute-mfcc-feats[5.5.166~1-013489]:main():compute-mfcc-feats.cc:173) Processed features for key EL_47732A
VLOG[2] (compute-mfcc-feats[5.5.166~1-013489]:main():compute-mfcc-feats.cc:173) Processed features for key EL_4A
LOG (compute-mfcc-feats[5.5.166~1-013489]:main():compute-mfcc-feats.cc:172) Processed 180 utterances
VLOG[2] (compute-mfcc-feats[5.5.166~1-013489]:main():compute-mfcc-feats.cc:173) Processed features for key EL_4B
VLOG[2] (compute-mfcc-feats[5.5.166~1-013489]:main():compute-mfcc-feats.cc:173) Processed features for key EL_4O63A
VLOG[2] (compute-mfcc-feats[5.5.166~1-013489]:main():compute-mfcc-feats.cc:173) Processed features for key EL_511A
VLOG[2] (compute-mfcc-feats[5.5.166~1-013489]:main():compute-mfcc-feats.cc:173) Processed features for key EL_53A
VLOG[2] (compute-mfcc-feats[5.5.166~1-013489]:main():compute-mfcc-feats.cc:173) Processed features for key EL_53OOA
VLOG[2] (compute-mfcc-feats[5.5.166~1-013489]:main():compute-mfcc-feats.cc:173) Processed features for key EL_5684827A
VLOG[2] (compute-mfcc-feats[5.5.166~1-013489]:main():compute-mfcc-feats.cc:173) Processed features for key EL_5A
VLOG[2] (compute-mfcc-feats[5.5.166~1-013489]:main():compute-mfcc-feats.cc:173) Processed features for key EL_5B
VLOG[2] (compute-mfcc-feats[5.5.166~1-013489]:main():compute-mfcc-feats.cc:173) Processed features for key EL_5O35662A
VLOG[2] (compute-mfcc-feats[5.5.166~1-013489]:main():compute-mfcc-feats.cc:173) Processed features for key EL_61O6875A
LOG (compute-mfcc-feats[5.5.166~1-013489]:main():compute-mfcc-feats.cc:172) Processed 190 utterances
VLOG[2] (compute-mfcc-feats[5.5.166~1-013489]:main():compute-mfcc-feats.cc:173) Processed features for key EL_6428A
VLOG[2] (compute-mfcc-feats[5.5.166~1-013489]:main():compute-mfcc-feats.cc:173) Processed features for key EL_67433A
VLOG[2] (compute-mfcc-feats[5.5.166~1-013489]:main():compute-mfcc-feats.cc:173) Processed features for key EL_67Z5A
VLOG[2] (compute-mfcc-feats[5.5.166~1-013489]:main():compute-mfcc-feats.cc:173) Processed features for key EL_6A
VLOG[2] (compute-mfcc-feats[5.5.166~1-013489]:main():compute-mfcc-feats.cc:173) Processed features for key EL_6B
VLOG[2] (compute-mfcc-feats[5.5.166~1-013489]:main():compute-mfcc-feats.cc:173) Processed features for key EL_6ZZZA
VLOG[2] (compute-mfcc-feats[5.5.166~1-013489]:main():compute-mfcc-feats.cc:173) Processed features for key EL_723A
VLOG[2] (compute-mfcc-feats[5.5.166~1-013489]:main():compute-mfcc-feats.cc:173) Processed features for key EL_7247A
VLOG[2] (compute-mfcc-feats[5.5.166~1-013489]:main():compute-mfcc-feats.cc:173) Processed features for key EL_748O2A
VLOG[2] (compute-mfcc-feats[5.5.166~1-013489]:main():compute-mfcc-feats.cc:173) Processed features for key EL_78579A
LOG (compute-mfcc-feats[5.5.166~1-013489]:main():compute-mfcc-feats.cc:172) Processed 200 utterances
VLOG[2] (compute-mfcc-feats[5.5.166~1-013489]:main():compute-mfcc-feats.cc:173) Processed features for key EL_7A
VLOG[2] (compute-mfcc-feats[5.5.166~1-013489]:main():compute-mfcc-feats.cc:173) Processed features for key EL_7B
VLOG[2] (compute-mfcc-feats[5.5.166~1-013489]:main():compute-mfcc-feats.cc:173) Processed features for key EL_7Z61591A
VLOG[2] (compute-mfcc-feats[5.5.166~1-013489]:main():compute-mfcc-feats.cc:173) Processed features for key EL_8187O81A
VLOG[2] (compute-mfcc-feats[5.5.166~1-013489]:main():compute-mfcc-feats.cc:173) Processed features for key EL_82OA
VLOG[2] (compute-mfcc-feats[5.5.166~1-013489]:main():compute-mfcc-feats.cc:173) Processed features for key EL_8A
VLOG[2] (compute-mfcc-feats[5.5.166~1-013489]:main():compute-mfcc-feats.cc:173) Processed features for key EL_8B
VLOG[2] (compute-mfcc-feats[5.5.166~1-013489]:main():compute-mfcc-feats.cc:173) Processed features for key EL_8O75A
VLOG[2] (compute-mfcc-feats[5.5.166~1-013489]:main():compute-mfcc-feats.cc:173) Processed features for key EL_8Z2A
VLOG[2] (compute-mfcc-feats[5.5.166~1-013489]:main():compute-mfcc-feats.cc:173) Processed features for key EL_8Z7Z4ZZA
LOG (compute-mfcc-feats[5.5.166~1-013489]:main():compute-mfcc-feats.cc:172) Processed 210 utterances
VLOG[2] (compute-mfcc-feats[5.5.166~1-013489]:main():compute-mfcc-feats.cc:173) Processed features for key EL_95A
VLOG[2] (compute-mfcc-feats[5.5.166~1-013489]:main():compute-mfcc-feats.cc:173) Processed features for key EL_966O4A
VLOG[2] (compute-mfcc-feats[5.5.166~1-013489]:main():compute-mfcc-feats.cc:173) Processed features for key EL_96A
VLOG[2] (compute-mfcc-feats[5.5.166~1-013489]:main():compute-mfcc-feats.cc:173) Processed features for key EL_9936542A
VLOG[2] (compute-mfcc-feats[5.5.166~1-013489]:main():compute-mfcc-feats.cc:173) Processed features for key EL_9A
VLOG[2] (compute-mfcc-feats[5.5.166~1-013489]:main():compute-mfcc-feats.cc:173) Processed features for key EL_9B
VLOG[2] (compute-mfcc-feats[5.5.166~1-013489]:main():compute-mfcc-feats.cc:173) Processed features for key EL_9O583A
VLOG[2] (compute-mfcc-feats[5.5.166~1-013489]:main():compute-mfcc-feats.cc:173) Processed features for key EL_O219A
VLOG[2] (compute-mfcc-feats[5.5.166~1-013489]:main():compute-mfcc-feats.cc:173) Processed features for key EL_O4A
VLOG[2] (compute-mfcc-feats[5.5.166~1-013489]:main():compute-mfcc-feats.cc:173) Processed features for key EL_O97A
LOG (compute-mfcc-feats[5.5.166~1-013489]:main():compute-mfcc-feats.cc:172) Processed 220 utterances
VLOG[2] (compute-mfcc-feats[5.5.166~1-013489]:main():compute-mfcc-feats.cc:173) Processed features for key EL_OA
VLOG[2] (compute-mfcc-feats[5.5.166~1-013489]:main():compute-mfcc-feats.cc:173) Processed features for key EL_OB
VLOG[2] (compute-mfcc-feats[5.5.166~1-013489]:main():compute-mfcc-feats.cc:173) Processed features for key EL_OO13A
VLOG[2] (compute-mfcc-feats[5.5.166~1-013489]:main():compute-mfcc-feats.cc:173) Processed features for key EL_OO3A
VLOG[2] (compute-mfcc-feats[5.5.166~1-013489]:main():compute-mfcc-feats.cc:173) Processed features for key EL_Z1ZA
VLOG[2] (compute-mfcc-feats[5.5.166~1-013489]:main():compute-mfcc-feats.cc:173) Processed features for key EL_Z45Z865A
VLOG[2] (compute-mfcc-feats[5.5.166~1-013489]:main():compute-mfcc-feats.cc:173) Processed features for key EL_Z7788A
VLOG[2] (compute-mfcc-feats[5.5.166~1-013489]:main():compute-mfcc-feats.cc:173) Processed features for key EL_Z8463A
VLOG[2] (compute-mfcc-feats[5.5.166~1-013489]:main():compute-mfcc-feats.cc:173) Processed features for key EL_Z9897A
VLOG[2] (compute-mfcc-feats[5.5.166~1-013489]:main():compute-mfcc-feats.cc:173) Processed features for key EL_ZA
LOG (compute-mfcc-feats[5.5.166~1-013489]:main():compute-mfcc-feats.cc:172) Processed 230 utterances
VLOG[2] (compute-mfcc-feats[5.5.166~1-013489]:main():compute-mfcc-feats.cc:173) Processed features for key EL_ZB
VLOG[2] (compute-mfcc-feats[5.5.166~1-013489]:main():compute-mfcc-feats.cc:173) Processed features for key ES_116A
VLOG[2] (compute-mfcc-feats[5.5.166~1-013489]:main():compute-mfcc-feats.cc:173) Processed features for key ES_15A
VLOG[2] (compute-mfcc-feats[5.5.166~1-013489]:main():compute-mfcc-feats.cc:173) Processed features for key ES_174A
VLOG[2] (compute-mfcc-feats[5.5.166~1-013489]:main():compute-mfcc-feats.cc:173) Processed features for key ES_198OA
VLOG[2] (compute-mfcc-feats[5.5.166~1-013489]:main():compute-mfcc-feats.cc:173) Processed features for key ES_1A
VLOG[2] (compute-mfcc-feats[5.5.166~1-013489]:main():compute-mfcc-feats.cc:173) Processed features for key ES_1B
VLOG[2] (compute-mfcc-feats[5.5.166~1-013489]:main():compute-mfcc-feats.cc:173) Processed features for key ES_1OA
VLOG[2] (compute-mfcc-feats[5.5.166~1-013489]:main():compute-mfcc-feats.cc:173) Processed features for key ES_22123A
VLOG[2] (compute-mfcc-feats[5.5.166~1-013489]:main():compute-mfcc-feats.cc:173) Processed features for key ES_24A
LOG (compute-mfcc-feats[5.5.166~1-013489]:main():compute-mfcc-feats.cc:172) Processed 240 utterances
VLOG[2] (compute-mfcc-feats[5.5.166~1-013489]:main():compute-mfcc-feats.cc:173) Processed features for key ES_25184A
VLOG[2] (compute-mfcc-feats[5.5.166~1-013489]:main():compute-mfcc-feats.cc:173) Processed features for key ES_25O4667A
VLOG[2] (compute-mfcc-feats[5.5.166~1-013489]:main():compute-mfcc-feats.cc:173) Processed features for key ES_2A
VLOG[2] (compute-mfcc-feats[5.5.166~1-013489]:main():compute-mfcc-feats.cc:173) Processed features for key ES_2B
VLOG[2] (compute-mfcc-feats[5.5.166~1-013489]:main():compute-mfcc-feats.cc:173) Processed features for key ES_2Z66A
VLOG[2] (compute-mfcc-feats[5.5.166~1-013489]:main():compute-mfcc-feats.cc:173) Processed features for key ES_31A
VLOG[2] (compute-mfcc-feats[5.5.166~1-013489]:main():compute-mfcc-feats.cc:173) Processed features for key ES_357A
VLOG[2] (compute-mfcc-feats[5.5.166~1-013489]:main():compute-mfcc-feats.cc:173) Processed features for key ES_367A
VLOG[2] (compute-mfcc-feats[5.5.166~1-013489]:main():compute-mfcc-feats.cc:173) Processed features for key ES_3812A
VLOG[2] (compute-mfcc-feats[5.5.166~1-013489]:main():compute-mfcc-feats.cc:173) Processed features for key ES_3A
LOG (compute-mfcc-feats[5.5.166~1-013489]:main():compute-mfcc-feats.cc:172) Processed 250 utterances
VLOG[2] (compute-mfcc-feats[5.5.166~1-013489]:main():compute-mfcc-feats.cc:173) Processed features for key ES_3B
VLOG[2] (compute-mfcc-feats[5.5.166~1-013489]:main():compute-mfcc-feats.cc:173) Processed features for key ES_3ZZA
VLOG[2] (compute-mfcc-feats[5.5.166~1-013489]:main():compute-mfcc-feats.cc:173) Processed features for key ES_41641A
VLOG[2] (compute-mfcc-feats[5.5.166~1-013489]:main():compute-mfcc-feats.cc:173) Processed features for key ES_428A
VLOG[2] (compute-mfcc-feats[5.5.166~1-013489]:main():compute-mfcc-feats.cc:173) Processed features for key ES_47A
VLOG[2] (compute-mfcc-feats[5.5.166~1-013489]:main():compute-mfcc-feats.cc:173) Processed features for key ES_49A
VLOG[2] (compute-mfcc-feats[5.5.166~1-013489]:main():compute-mfcc-feats.cc:173) Processed features for key ES_4A
VLOG[2] (compute-mfcc-feats[5.5.166~1-013489]:main():compute-mfcc-feats.cc:173) Processed features for key ES_4B
VLOG[2] (compute-mfcc-feats[5.5.166~1-013489]:main():compute-mfcc-feats.cc:173) Processed features for key ES_4Z56ZA
VLOG[2] (compute-mfcc-feats[5.5.166~1-013489]:main():compute-mfcc-feats.cc:173) Processed features for key ES_53283O9A
LOG (compute-mfcc-feats[5.5.166~1-013489]:main():compute-mfcc-feats.cc:172) Processed 260 utterances
VLOG[2] (compute-mfcc-feats[5.5.166~1-013489]:main():compute-mfcc-feats.cc:173) Processed features for key ES_5453949A
VLOG[2] (compute-mfcc-feats[5.5.166~1-013489]:main():compute-mfcc-feats.cc:173) Processed features for key ES_58631Z7A
VLOG[2] (compute-mfcc-feats[5.5.166~1-013489]:main():compute-mfcc-feats.cc:173) Processed features for key ES_5968A
VLOG[2] (compute-mfcc-feats[5.5.166~1-013489]:main():compute-mfcc-feats.cc:173) Processed features for key ES_5A
VLOG[2] (compute-mfcc-feats[5.5.166~1-013489]:main():compute-mfcc-feats.cc:173) Processed features for key ES_5B
VLOG[2] (compute-mfcc-feats[5.5.166~1-013489]:main():compute-mfcc-feats.cc:173) Processed features for key ES_5O89376A
VLOG[2] (compute-mfcc-feats[5.5.166~1-013489]:main():compute-mfcc-feats.cc:173) Processed features for key ES_62Z7614A
VLOG[2] (compute-mfcc-feats[5.5.166~1-013489]:main():compute-mfcc-feats.cc:173) Processed features for key ES_63A
VLOG[2] (compute-mfcc-feats[5.5.166~1-013489]:main():compute-mfcc-feats.cc:173) Processed features for key ES_6557A
VLOG[2] (compute-mfcc-feats[5.5.166~1-013489]:main():compute-mfcc-feats.cc:173) Processed features for key ES_6A
LOG (compute-mfcc-feats[5.5.166~1-013489]:main():compute-mfcc-feats.cc:172) Processed 270 utterances
VLOG[2] (compute-mfcc-feats[5.5.166~1-013489]:main():compute-mfcc-feats.cc:173) Processed features for key ES_6B
VLOG[2] (compute-mfcc-feats[5.5.166~1-013489]:main():compute-mfcc-feats.cc:173) Processed features for key ES_6Z5ZA
VLOG[2] (compute-mfcc-feats[5.5.166~1-013489]:main():compute-mfcc-feats.cc:173) Processed features for key ES_6ZA
VLOG[2] (compute-mfcc-feats[5.5.166~1-013489]:main():compute-mfcc-feats.cc:173) Processed features for key ES_713A
VLOG[2] (compute-mfcc-feats[5.5.166~1-013489]:main():compute-mfcc-feats.cc:173) Processed features for key ES_72A
VLOG[2] (compute-mfcc-feats[5.5.166~1-013489]:main():compute-mfcc-feats.cc:173) Processed features for key ES_747A
VLOG[2] (compute-mfcc-feats[5.5.166~1-013489]:main():compute-mfcc-feats.cc:173) Processed features for key ES_75444A
VLOG[2] (compute-mfcc-feats[5.5.166~1-013489]:main():compute-mfcc-feats.cc:173) Processed features for key ES_77A
VLOG[2] (compute-mfcc-feats[5.5.166~1-013489]:main():compute-mfcc-feats.cc:173) Processed features for key ES_7A
VLOG[2] (compute-mfcc-feats[5.5.166~1-013489]:main():compute-mfcc-feats.cc:173) Processed features for key ES_7B
LOG (compute-mfcc-feats[5.5.166~1-013489]:main():compute-mfcc-feats.cc:172) Processed 280 utterances
VLOG[2] (compute-mfcc-feats[5.5.166~1-013489]:main():compute-mfcc-feats.cc:173) Processed features for key ES_829A
VLOG[2] (compute-mfcc-feats[5.5.166~1-013489]:main():compute-mfcc-feats.cc:173) Processed features for key ES_8692OA
VLOG[2] (compute-mfcc-feats[5.5.166~1-013489]:main():compute-mfcc-feats.cc:173) Processed features for key ES_87Z88A
VLOG[2] (compute-mfcc-feats[5.5.166~1-013489]:main():compute-mfcc-feats.cc:173) Processed features for key ES_8A
VLOG[2] (compute-mfcc-feats[5.5.166~1-013489]:main():compute-mfcc-feats.cc:173) Processed features for key ES_8B
VLOG[2] (compute-mfcc-feats[5.5.166~1-013489]:main():compute-mfcc-feats.cc:173) Processed features for key ES_8Z4ZA
VLOG[2] (compute-mfcc-feats[5.5.166~1-013489]:main():compute-mfcc-feats.cc:173) Processed features for key ES_8Z819A
VLOG[2] (compute-mfcc-feats[5.5.166~1-013489]:main():compute-mfcc-feats.cc:173) Processed features for key ES_9113884A
VLOG[2] (compute-mfcc-feats[5.5.166~1-013489]:main():compute-mfcc-feats.cc:173) Processed features for key ES_9427ZZZA
VLOG[2] (compute-mfcc-feats[5.5.166~1-013489]:main():compute-mfcc-feats.cc:173) Processed features for key ES_98A
LOG (compute-mfcc-feats[5.5.166~1-013489]:main():compute-mfcc-feats.cc:172) Processed 290 utterances
VLOG[2] (compute-mfcc-feats[5.5.166~1-013489]:main():compute-mfcc-feats.cc:173) Processed features for key ES_9A
VLOG[2] (compute-mfcc-feats[5.5.166~1-013489]:main():compute-mfcc-feats.cc:173) Processed features for key ES_9B
VLOG[2] (compute-mfcc-feats[5.5.166~1-013489]:main():compute-mfcc-feats.cc:173) Processed features for key ES_9O658A
VLOG[2] (compute-mfcc-feats[5.5.166~1-013489]:main():compute-mfcc-feats.cc:173) Processed features for key ES_9Z3ZA
VLOG[2] (compute-mfcc-feats[5.5.166~1-013489]:main():compute-mfcc-feats.cc:173) Processed features for key ES_O178A
VLOG[2] (compute-mfcc-feats[5.5.166~1-013489]:main():compute-mfcc-feats.cc:173) Processed features for key ES_O1O34A
VLOG[2] (compute-mfcc-feats[5.5.166~1-013489]:main():compute-mfcc-feats.cc:173) Processed features for key ES_O59A
VLOG[2] (compute-mfcc-feats[5.5.166~1-013489]:main():compute-mfcc-feats.cc:173) Processed features for key ES_O873A
VLOG[2] (compute-mfcc-feats[5.5.166~1-013489]:main():compute-mfcc-feats.cc:173) Processed features for key ES_O9275A
VLOG[2] (compute-mfcc-feats[5.5.166~1-013489]:main():compute-mfcc-feats.cc:173) Processed features for key ES_OA
LOG (compute-mfcc-feats[5.5.166~1-013489]:main():compute-mfcc-feats.cc:172) Processed 300 utterances
VLOG[2] (compute-mfcc-feats[5.5.166~1-013489]:main():compute-mfcc-feats.cc:173) Processed features for key ES_OB
VLOG[2] (compute-mfcc-feats[5.5.166~1-013489]:main():compute-mfcc-feats.cc:173) Processed features for key ES_Z297395A
VLOG[2] (compute-mfcc-feats[5.5.166~1-013489]:main():compute-mfcc-feats.cc:173) Processed features for key ES_Z35521ZA
VLOG[2] (compute-mfcc-feats[5.5.166~1-013489]:main():compute-mfcc-feats.cc:173) Processed features for key ES_Z6Z1569A
VLOG[2] (compute-mfcc-feats[5.5.166~1-013489]:main():compute-mfcc-feats.cc:173) Processed features for key ES_Z971A
VLOG[2] (compute-mfcc-feats[5.5.166~1-013489]:main():compute-mfcc-feats.cc:173) Processed features for key ES_ZA
VLOG[2] (compute-mfcc-feats[5.5.166~1-013489]:main():compute-mfcc-feats.cc:173) Processed features for key ES_ZB
VLOG[2] (compute-mfcc-feats[5.5.166~1-013489]:main():compute-mfcc-feats.cc:173) Processed features for key ES_ZZ1A
VLOG[2] (compute-mfcc-feats[5.5.166~1-013489]:main():compute-mfcc-feats.cc:173) Processed features for key FC_11462O8A
VLOG[2] (compute-mfcc-feats[5.5.166~1-013489]:main():compute-mfcc-feats.cc:173) Processed features for key FC_1279A
LOG (compute-mfcc-feats[5.5.166~1-013489]:main():compute-mfcc-feats.cc:172) Processed 310 utterances
VLOG[2] (compute-mfcc-feats[5.5.166~1-013489]:main():compute-mfcc-feats.cc:173) Processed features for key FC_13ZA
VLOG[2] (compute-mfcc-feats[5.5.166~1-013489]:main():compute-mfcc-feats.cc:173) Processed features for key FC_15O6A
VLOG[2] (compute-mfcc-feats[5.5.166~1-013489]:main():compute-mfcc-feats.cc:173) Processed features for key FC_181Z2A
VLOG[2] (compute-mfcc-feats[5.5.166~1-013489]:main():compute-mfcc-feats.cc:173) Processed features for key FC_1A
VLOG[2] (compute-mfcc-feats[5.5.166~1-013489]:main():compute-mfcc-feats.cc:173) Processed features for key FC_1B
VLOG[2] (compute-mfcc-feats[5.5.166~1-013489]:main():compute-mfcc-feats.cc:173) Processed features for key FC_25A
VLOG[2] (compute-mfcc-feats[5.5.166~1-013489]:main():compute-mfcc-feats.cc:173) Processed features for key FC_2739434A
VLOG[2] (compute-mfcc-feats[5.5.166~1-013489]:main():compute-mfcc-feats.cc:173) Processed features for key FC_287A
VLOG[2] (compute-mfcc-feats[5.5.166~1-013489]:main():compute-mfcc-feats.cc:173) Processed features for key FC_2965OA
VLOG[2] (compute-mfcc-feats[5.5.166~1-013489]:main():compute-mfcc-feats.cc:173) Processed features for key FC_2A
LOG (compute-mfcc-feats[5.5.166~1-013489]:main():compute-mfcc-feats.cc:172) Processed 320 utterances
VLOG[2] (compute-mfcc-feats[5.5.166~1-013489]:main():compute-mfcc-feats.cc:173) Processed features for key FC_2B
VLOG[2] (compute-mfcc-feats[5.5.166~1-013489]:main():compute-mfcc-feats.cc:173) Processed features for key FC_2ZZ4591A
VLOG[2] (compute-mfcc-feats[5.5.166~1-013489]:main():compute-mfcc-feats.cc:173) Processed features for key FC_323A
VLOG[2] (compute-mfcc-feats[5.5.166~1-013489]:main():compute-mfcc-feats.cc:173) Processed features for key FC_33O169OA
VLOG[2] (compute-mfcc-feats[5.5.166~1-013489]:main():compute-mfcc-feats.cc:173) Processed features for key FC_358A
VLOG[2] (compute-mfcc-feats[5.5.166~1-013489]:main():compute-mfcc-feats.cc:173) Processed features for key FC_35A
VLOG[2] (compute-mfcc-feats[5.5.166~1-013489]:main():compute-mfcc-feats.cc:173) Processed features for key FC_38648O4A
VLOG[2] (compute-mfcc-feats[5.5.166~1-013489]:main():compute-mfcc-feats.cc:173) Processed features for key FC_3A
VLOG[2] (compute-mfcc-feats[5.5.166~1-013489]:main():compute-mfcc-feats.cc:173) Processed features for key FC_3B
VLOG[2] (compute-mfcc-feats[5.5.166~1-013489]:main():compute-mfcc-feats.cc:173) Processed features for key FC_42688A
LOG (compute-mfcc-feats[5.5.166~1-013489]:main():compute-mfcc-feats.cc:172) Processed 330 utterances
VLOG[2] (compute-mfcc-feats[5.5.166~1-013489]:main():compute-mfcc-feats.cc:173) Processed features for key FC_44O9A
VLOG[2] (compute-mfcc-feats[5.5.166~1-013489]:main():compute-mfcc-feats.cc:173) Processed features for key FC_4592464A
VLOG[2] (compute-mfcc-feats[5.5.166~1-013489]:main():compute-mfcc-feats.cc:173) Processed features for key FC_474A
VLOG[2] (compute-mfcc-feats[5.5.166~1-013489]:main():compute-mfcc-feats.cc:173) Processed features for key FC_47879A
VLOG[2] (compute-mfcc-feats[5.5.166~1-013489]:main():compute-mfcc-feats.cc:173) Processed features for key FC_4A
VLOG[2] (compute-mfcc-feats[5.5.166~1-013489]:main():compute-mfcc-feats.cc:173) Processed features for key FC_4B
VLOG[2] (compute-mfcc-feats[5.5.166~1-013489]:main():compute-mfcc-feats.cc:173) Processed features for key FC_517Z995A
VLOG[2] (compute-mfcc-feats[5.5.166~1-013489]:main():compute-mfcc-feats.cc:173) Processed features for key FC_5241A
VLOG[2] (compute-mfcc-feats[5.5.166~1-013489]:main():compute-mfcc-feats.cc:173) Processed features for key FC_531A
VLOG[2] (compute-mfcc-feats[5.5.166~1-013489]:main():compute-mfcc-feats.cc:173) Processed features for key FC_54Z42A
LOG (compute-mfcc-feats[5.5.166~1-013489]:main():compute-mfcc-feats.cc:172) Processed 340 utterances
VLOG[2] (compute-mfcc-feats[5.5.166~1-013489]:main():compute-mfcc-feats.cc:173) Processed features for key FC_58Z843ZA
VLOG[2] (compute-mfcc-feats[5.5.166~1-013489]:main():compute-mfcc-feats.cc:173) Processed features for key FC_5A
VLOG[2] (compute-mfcc-feats[5.5.166~1-013489]:main():compute-mfcc-feats.cc:173) Processed features for key FC_5B
VLOG[2] (compute-mfcc-feats[5.5.166~1-013489]:main():compute-mfcc-feats.cc:173) Processed features for key FC_61OO2OOA
VLOG[2] (compute-mfcc-feats[5.5.166~1-013489]:main():compute-mfcc-feats.cc:173) Processed features for key FC_66719A
VLOG[2] (compute-mfcc-feats[5.5.166~1-013489]:main():compute-mfcc-feats.cc:173) Processed features for key FC_66Z3A
VLOG[2] (compute-mfcc-feats[5.5.166~1-013489]:main():compute-mfcc-feats.cc:173) Processed features for key FC_6A
VLOG[2] (compute-mfcc-feats[5.5.166~1-013489]:main():compute-mfcc-feats.cc:173) Processed features for key FC_6B
VLOG[2] (compute-mfcc-feats[5.5.166~1-013489]:main():compute-mfcc-feats.cc:173) Processed features for key FC_6O3A
VLOG[2] (compute-mfcc-feats[5.5.166~1-013489]:main():compute-mfcc-feats.cc:173) Processed features for key FC_6OA
LOG (compute-mfcc-feats[5.5.166~1-013489]:main():compute-mfcc-feats.cc:172) Processed 350 utterances
VLOG[2] (compute-mfcc-feats[5.5.166~1-013489]:main():compute-mfcc-feats.cc:173) Processed features for key FC_71A
VLOG[2] (compute-mfcc-feats[5.5.166~1-013489]:main():compute-mfcc-feats.cc:173) Processed features for key FC_7521A
VLOG[2] (compute-mfcc-feats[5.5.166~1-013489]:main():compute-mfcc-feats.cc:173) Processed features for key FC_76128A
VLOG[2] (compute-mfcc-feats[5.5.166~1-013489]:main():compute-mfcc-feats.cc:173) Processed features for key FC_7A
VLOG[2] (compute-mfcc-feats[5.5.166~1-013489]:main():compute-mfcc-feats.cc:173) Processed features for key FC_7B
VLOG[2] (compute-mfcc-feats[5.5.166~1-013489]:main():compute-mfcc-feats.cc:173) Processed features for key FC_7OA
VLOG[2] (compute-mfcc-feats[5.5.166~1-013489]:main():compute-mfcc-feats.cc:173) Processed features for key FC_7Z891A
VLOG[2] (compute-mfcc-feats[5.5.166~1-013489]:main():compute-mfcc-feats.cc:173) Processed features for key FC_817A
VLOG[2] (compute-mfcc-feats[5.5.166~1-013489]:main():compute-mfcc-feats.cc:173) Processed features for key FC_8219388A
VLOG[2] (compute-mfcc-feats[5.5.166~1-013489]:main():compute-mfcc-feats.cc:173) Processed features for key FC_85Z54A
LOG (compute-mfcc-feats[5.5.166~1-013489]:main():compute-mfcc-feats.cc:172) Processed 360 utterances
VLOG[2] (compute-mfcc-feats[5.5.166~1-013489]:main():compute-mfcc-feats.cc:173) Processed features for key FC_86A
VLOG[2] (compute-mfcc-feats[5.5.166~1-013489]:main():compute-mfcc-feats.cc:173) Processed features for key FC_8A
VLOG[2] (compute-mfcc-feats[5.5.166~1-013489]:main():compute-mfcc-feats.cc:173) Processed features for key FC_8B
VLOG[2] (compute-mfcc-feats[5.5.166~1-013489]:main():compute-mfcc-feats.cc:173) Processed features for key FC_8Z1A
VLOG[2] (compute-mfcc-feats[5.5.166~1-013489]:main():compute-mfcc-feats.cc:173) Processed features for key FC_92A
VLOG[2] (compute-mfcc-feats[5.5.166~1-013489]:main():compute-mfcc-feats.cc:173) Processed features for key FC_9498A
VLOG[2] (compute-mfcc-feats[5.5.166~1-013489]:main():compute-mfcc-feats.cc:173) Processed features for key FC_972A
VLOG[2] (compute-mfcc-feats[5.5.166~1-013489]:main():compute-mfcc-feats.cc:173) Processed features for key FC_97822A
VLOG[2] (compute-mfcc-feats[5.5.166~1-013489]:main():compute-mfcc-feats.cc:173) Processed features for key FC_9A
VLOG[2] (compute-mfcc-feats[5.5.166~1-013489]:main():compute-mfcc-feats.cc:173) Processed features for key FC_9B
LOG (compute-mfcc-feats[5.5.166~1-013489]:main():compute-mfcc-feats.cc:172) Processed 370 utterances
VLOG[2] (compute-mfcc-feats[5.5.166~1-013489]:main():compute-mfcc-feats.cc:173) Processed features for key FC_9O8OA
VLOG[2] (compute-mfcc-feats[5.5.166~1-013489]:main():compute-mfcc-feats.cc:173) Processed features for key FC_O1A
VLOG[2] (compute-mfcc-feats[5.5.166~1-013489]:main():compute-mfcc-feats.cc:173) Processed features for key FC_O49O373A
VLOG[2] (compute-mfcc-feats[5.5.166~1-013489]:main():compute-mfcc-feats.cc:173) Processed features for key FC_O5A
VLOG[2] (compute-mfcc-feats[5.5.166~1-013489]:main():compute-mfcc-feats.cc:173) Processed features for key FC_O63A
VLOG[2] (compute-mfcc-feats[5.5.166~1-013489]:main():compute-mfcc-feats.cc:173) Processed features for key FC_OA
VLOG[2] (compute-mfcc-feats[5.5.166~1-013489]:main():compute-mfcc-feats.cc:173) Processed features for key FC_OB
VLOG[2] (compute-mfcc-feats[5.5.166~1-013489]:main():compute-mfcc-feats.cc:173) Processed features for key FC_OOA
VLOG[2] (compute-mfcc-feats[5.5.166~1-013489]:main():compute-mfcc-feats.cc:173) Processed features for key FC_Z157A
VLOG[2] (compute-mfcc-feats[5.5.166~1-013489]:main():compute-mfcc-feats.cc:173) Processed features for key FC_Z6A
LOG (compute-mfcc-feats[5.5.166~1-013489]:main():compute-mfcc-feats.cc:172) Processed 380 utterances
VLOG[2] (compute-mfcc-feats[5.5.166~1-013489]:main():compute-mfcc-feats.cc:173) Processed features for key FC_Z9983A
VLOG[2] (compute-mfcc-feats[5.5.166~1-013489]:main():compute-mfcc-feats.cc:173) Processed features for key FC_ZA
VLOG[2] (compute-mfcc-feats[5.5.166~1-013489]:main():compute-mfcc-feats.cc:173) Processed features for key FC_ZB
VLOG[2] (compute-mfcc-feats[5.5.166~1-013489]:main():compute-mfcc-feats.cc:173) Processed features for key FC_ZZ76A
VLOG[2] (compute-mfcc-feats[5.5.166~1-013489]:main():compute-mfcc-feats.cc:173) Processed features for key FC_ZZ7ZA
VLOG[2] (compute-mfcc-feats[5.5.166~1-013489]:main():compute-mfcc-feats.cc:173) Processed features for key FD_1225A
VLOG[2] (compute-mfcc-feats[5.5.166~1-013489]:main():compute-mfcc-feats.cc:173) Processed features for key FD_1423A
VLOG[2] (compute-mfcc-feats[5.5.166~1-013489]:main():compute-mfcc-feats.cc:173) Processed features for key FD_1681A
VLOG[2] (compute-mfcc-feats[5.5.166~1-013489]:main():compute-mfcc-feats.cc:173) Processed features for key FD_177A
VLOG[2] (compute-mfcc-feats[5.5.166~1-013489]:main():compute-mfcc-feats.cc:173) Processed features for key FD_1A
LOG (compute-mfcc-feats[5.5.166~1-013489]:main():compute-mfcc-feats.cc:172) Processed 390 utterances
VLOG[2] (compute-mfcc-feats[5.5.166~1-013489]:main():compute-mfcc-feats.cc:173) Processed features for key FD_1B
VLOG[2] (compute-mfcc-feats[5.5.166~1-013489]:main():compute-mfcc-feats.cc:173) Processed features for key FD_1Z36A
VLOG[2] (compute-mfcc-feats[5.5.166~1-013489]:main():compute-mfcc-feats.cc:173) Processed features for key FD_234A
VLOG[2] (compute-mfcc-feats[5.5.166~1-013489]:main():compute-mfcc-feats.cc:173) Processed features for key FD_24A
VLOG[2] (compute-mfcc-feats[5.5.166~1-013489]:main():compute-mfcc-feats.cc:173) Processed features for key FD_2641736A
VLOG[2] (compute-mfcc-feats[5.5.166~1-013489]:main():compute-mfcc-feats.cc:173) Processed features for key FD_26A
VLOG[2] (compute-mfcc-feats[5.5.166~1-013489]:main():compute-mfcc-feats.cc:173) Processed features for key FD_29OA
VLOG[2] (compute-mfcc-feats[5.5.166~1-013489]:main():compute-mfcc-feats.cc:173) Processed features for key FD_2A
VLOG[2] (compute-mfcc-feats[5.5.166~1-013489]:main():compute-mfcc-feats.cc:173) Processed features for key FD_2B
VLOG[2] (compute-mfcc-feats[5.5.166~1-013489]:main():compute-mfcc-feats.cc:173) Processed features for key FD_354OA
LOG (compute-mfcc-feats[5.5.166~1-013489]:main():compute-mfcc-feats.cc:172) Processed 400 utterances
VLOG[2] (compute-mfcc-feats[5.5.166~1-013489]:main():compute-mfcc-feats.cc:173) Processed features for key FD_37Z8ZA
VLOG[2] (compute-mfcc-feats[5.5.166~1-013489]:main():compute-mfcc-feats.cc:173) Processed features for key FD_387A
VLOG[2] (compute-mfcc-feats[5.5.166~1-013489]:main():compute-mfcc-feats.cc:173) Processed features for key FD_389A
VLOG[2] (compute-mfcc-feats[5.5.166~1-013489]:main():compute-mfcc-feats.cc:173) Processed features for key FD_393ZA
VLOG[2] (compute-mfcc-feats[5.5.166~1-013489]:main():compute-mfcc-feats.cc:173) Processed features for key FD_3A
VLOG[2] (compute-mfcc-feats[5.5.166~1-013489]:main():compute-mfcc-feats.cc:173) Processed features for key FD_3B
VLOG[2] (compute-mfcc-feats[5.5.166~1-013489]:main():compute-mfcc-feats.cc:173) Processed features for key FD_4325A
VLOG[2] (compute-mfcc-feats[5.5.166~1-013489]:main():compute-mfcc-feats.cc:173) Processed features for key FD_4571A
VLOG[2] (compute-mfcc-feats[5.5.166~1-013489]:main():compute-mfcc-feats.cc:173) Processed features for key FD_46A
VLOG[2] (compute-mfcc-feats[5.5.166~1-013489]:main():compute-mfcc-feats.cc:173) Processed features for key FD_4A
LOG (compute-mfcc-feats[5.5.166~1-013489]:main():compute-mfcc-feats.cc:172) Processed 410 utterances
VLOG[2] (compute-mfcc-feats[5.5.166~1-013489]:main():compute-mfcc-feats.cc:173) Processed features for key FD_4B
VLOG[2] (compute-mfcc-feats[5.5.166~1-013489]:main():compute-mfcc-feats.cc:173) Processed features for key FD_4Z67A
VLOG[2] (compute-mfcc-feats[5.5.166~1-013489]:main():compute-mfcc-feats.cc:173) Processed features for key FD_4ZA
VLOG[2] (compute-mfcc-feats[5.5.166~1-013489]:main():compute-mfcc-feats.cc:173) Processed features for key FD_5212Z19A
VLOG[2] (compute-mfcc-feats[5.5.166~1-013489]:main():compute-mfcc-feats.cc:173) Processed features for key FD_539A
VLOG[2] (compute-mfcc-feats[5.5.166~1-013489]:main():compute-mfcc-feats.cc:173) Processed features for key FD_5549962A
VLOG[2] (compute-mfcc-feats[5.5.166~1-013489]:main():compute-mfcc-feats.cc:173) Processed features for key FD_557A
VLOG[2] (compute-mfcc-feats[5.5.166~1-013489]:main():compute-mfcc-feats.cc:173) Processed features for key FD_56ZA
VLOG[2] (compute-mfcc-feats[5.5.166~1-013489]:main():compute-mfcc-feats.cc:173) Processed features for key FD_5A
VLOG[2] (compute-mfcc-feats[5.5.166~1-013489]:main():compute-mfcc-feats.cc:173) Processed features for key FD_5B
LOG (compute-mfcc-feats[5.5.166~1-013489]:main():compute-mfcc-feats.cc:172) Processed 420 utterances
VLOG[2] (compute-mfcc-feats[5.5.166~1-013489]:main():compute-mfcc-feats.cc:173) Processed features for key FD_613OOO4A
VLOG[2] (compute-mfcc-feats[5.5.166~1-013489]:main():compute-mfcc-feats.cc:173) Processed features for key FD_6792ZA
VLOG[2] (compute-mfcc-feats[5.5.166~1-013489]:main():compute-mfcc-feats.cc:173) Processed features for key FD_68A
VLOG[2] (compute-mfcc-feats[5.5.166~1-013489]:main():compute-mfcc-feats.cc:173) Processed features for key FD_6A
VLOG[2] (compute-mfcc-feats[5.5.166~1-013489]:main():compute-mfcc-feats.cc:173) Processed features for key FD_6B
VLOG[2] (compute-mfcc-feats[5.5.166~1-013489]:main():compute-mfcc-feats.cc:173) Processed features for key FD_6O166A
VLOG[2] (compute-mfcc-feats[5.5.166~1-013489]:main():compute-mfcc-feats.cc:173) Processed features for key FD_6Z97ZA
VLOG[2] (compute-mfcc-feats[5.5.166~1-013489]:main():compute-mfcc-feats.cc:173) Processed features for key FD_7372A
VLOG[2] (compute-mfcc-feats[5.5.166~1-013489]:main():compute-mfcc-feats.cc:173) Processed features for key FD_741O8A
VLOG[2] (compute-mfcc-feats[5.5.166~1-013489]:main():compute-mfcc-feats.cc:173) Processed features for key FD_769ZZA
LOG (compute-mfcc-feats[5.5.166~1-013489]:main():compute-mfcc-feats.cc:172) Processed 430 utterances
VLOG[2] (compute-mfcc-feats[5.5.166~1-013489]:main():compute-mfcc-feats.cc:173) Processed features for key FD_78A
VLOG[2] (compute-mfcc-feats[5.5.166~1-013489]:main():compute-mfcc-feats.cc:173) Processed features for key FD_7A
VLOG[2] (compute-mfcc-feats[5.5.166~1-013489]:main():compute-mfcc-feats.cc:173) Processed features for key FD_7B
VLOG[2] (compute-mfcc-feats[5.5.166~1-013489]:main():compute-mfcc-feats.cc:173) Processed features for key FD_7O1586OA
VLOG[2] (compute-mfcc-feats[5.5.166~1-013489]:main():compute-mfcc-feats.cc:173) Processed features for key FD_81A
VLOG[2] (compute-mfcc-feats[5.5.166~1-013489]:main():compute-mfcc-feats.cc:173) Processed features for key FD_8311Z18A
VLOG[2] (compute-mfcc-feats[5.5.166~1-013489]:main():compute-mfcc-feats.cc:173) Processed features for key FD_84428A
VLOG[2] (compute-mfcc-feats[5.5.166~1-013489]:main():compute-mfcc-feats.cc:173) Processed features for key FD_8585OA
VLOG[2] (compute-mfcc-feats[5.5.166~1-013489]:main():compute-mfcc-feats.cc:173) Processed features for key FD_8A
VLOG[2] (compute-mfcc-feats[5.5.166~1-013489]:main():compute-mfcc-feats.cc:173) Processed features for key FD_8B
LOG (compute-mfcc-feats[5.5.166~1-013489]:main():compute-mfcc-feats.cc:172) Processed 440 utterances
VLOG[2] (compute-mfcc-feats[5.5.166~1-013489]:main():compute-mfcc-feats.cc:173) Processed features for key FD_8O78335A
VLOG[2] (compute-mfcc-feats[5.5.166~1-013489]:main():compute-mfcc-feats.cc:173) Processed features for key FD_94469A
VLOG[2] (compute-mfcc-feats[5.5.166~1-013489]:main():compute-mfcc-feats.cc:173) Processed features for key FD_9475214A
VLOG[2] (compute-mfcc-feats[5.5.166~1-013489]:main():compute-mfcc-feats.cc:173) Processed features for key FD_95311A
VLOG[2] (compute-mfcc-feats[5.5.166~1-013489]:main():compute-mfcc-feats.cc:173) Processed features for key FD_963O65OA
VLOG[2] (compute-mfcc-feats[5.5.166~1-013489]:main():compute-mfcc-feats.cc:173) Processed features for key FD_9A
VLOG[2] (compute-mfcc-feats[5.5.166~1-013489]:main():compute-mfcc-feats.cc:173) Processed features for key FD_9B
VLOG[2] (compute-mfcc-feats[5.5.166~1-013489]:main():compute-mfcc-feats.cc:173) Processed features for key FD_9Z8A
VLOG[2] (compute-mfcc-feats[5.5.166~1-013489]:main():compute-mfcc-feats.cc:173) Processed features for key FD_O6A
VLOG[2] (compute-mfcc-feats[5.5.166~1-013489]:main():compute-mfcc-feats.cc:173) Processed features for key FD_O7O91A
LOG (compute-mfcc-feats[5.5.166~1-013489]:main():compute-mfcc-feats.cc:172) Processed 450 utterances
VLOG[2] (compute-mfcc-feats[5.5.166~1-013489]:main():compute-mfcc-feats.cc:173) Processed features for key FD_O9O4A
VLOG[2] (compute-mfcc-feats[5.5.166~1-013489]:main():compute-mfcc-feats.cc:173) Processed features for key FD_OA
VLOG[2] (compute-mfcc-feats[5.5.166~1-013489]:main():compute-mfcc-feats.cc:173) Processed features for key FD_OB
VLOG[2] (compute-mfcc-feats[5.5.166~1-013489]:main():compute-mfcc-feats.cc:173) Processed features for key FD_OO2722OA
VLOG[2] (compute-mfcc-feats[5.5.166~1-013489]:main():compute-mfcc-feats.cc:173) Processed features for key FD_OOA
VLOG[2] (compute-mfcc-feats[5.5.166~1-013489]:main():compute-mfcc-feats.cc:173) Processed features for key FD_Z28A
VLOG[2] (compute-mfcc-feats[5.5.166~1-013489]:main():compute-mfcc-feats.cc:173) Processed features for key FD_Z56A
VLOG[2] (compute-mfcc-feats[5.5.166~1-013489]:main():compute-mfcc-feats.cc:173) Processed features for key FD_Z62ZZ3ZA
VLOG[2] (compute-mfcc-feats[5.5.166~1-013489]:main():compute-mfcc-feats.cc:173) Processed features for key FD_Z7A
VLOG[2] (compute-mfcc-feats[5.5.166~1-013489]:main():compute-mfcc-feats.cc:173) Processed features for key FD_ZA
LOG (compute-mfcc-feats[5.5.166~1-013489]:main():compute-mfcc-feats.cc:172) Processed 460 utterances
VLOG[2] (compute-mfcc-feats[5.5.166~1-013489]:main():compute-mfcc-feats.cc:173) Processed features for key FD_ZB
VLOG[2] (compute-mfcc-feats[5.5.166~1-013489]:main():compute-mfcc-feats.cc:173) Processed features for key FD_ZZA
VLOG[2] (compute-mfcc-feats[5.5.166~1-013489]:main():compute-mfcc-feats.cc:173) Processed features for key FF_12A
VLOG[2] (compute-mfcc-feats[5.5.166~1-013489]:main():compute-mfcc-feats.cc:173) Processed features for key FF_1482A
VLOG[2] (compute-mfcc-feats[5.5.166~1-013489]:main():compute-mfcc-feats.cc:173) Processed features for key FF_15Z679ZA
VLOG[2] (compute-mfcc-feats[5.5.166~1-013489]:main():compute-mfcc-feats.cc:173) Processed features for key FF_1645A
VLOG[2] (compute-mfcc-feats[5.5.166~1-013489]:main():compute-mfcc-feats.cc:173) Processed features for key FF_1A
VLOG[2] (compute-mfcc-feats[5.5.166~1-013489]:main():compute-mfcc-feats.cc:173) Processed features for key FF_1B
VLOG[2] (compute-mfcc-feats[5.5.166~1-013489]:main():compute-mfcc-feats.cc:173) Processed features for key FF_1Z237A
VLOG[2] (compute-mfcc-feats[5.5.166~1-013489]:main():compute-mfcc-feats.cc:173) Processed features for key FF_23Z8A
LOG (compute-mfcc-feats[5.5.166~1-013489]:main():compute-mfcc-feats.cc:172) Processed 470 utterances
VLOG[2] (compute-mfcc-feats[5.5.166~1-013489]:main():compute-mfcc-feats.cc:173) Processed features for key FF_246A
VLOG[2] (compute-mfcc-feats[5.5.166~1-013489]:main():compute-mfcc-feats.cc:173) Processed features for key FF_281A
VLOG[2] (compute-mfcc-feats[5.5.166~1-013489]:main():compute-mfcc-feats.cc:173) Processed features for key FF_2A
VLOG[2] (compute-mfcc-feats[5.5.166~1-013489]:main():compute-mfcc-feats.cc:173) Processed features for key FF_2B
VLOG[2] (compute-mfcc-feats[5.5.166~1-013489]:main():compute-mfcc-feats.cc:173) Processed features for key FF_2Z3A
VLOG[2] (compute-mfcc-feats[5.5.166~1-013489]:main():compute-mfcc-feats.cc:173) Processed features for key FF_2ZA
VLOG[2] (compute-mfcc-feats[5.5.166~1-013489]:main():compute-mfcc-feats.cc:173) Processed features for key FF_32687A
VLOG[2] (compute-mfcc-feats[5.5.166~1-013489]:main():compute-mfcc-feats.cc:173) Processed features for key FF_335A
VLOG[2] (compute-mfcc-feats[5.5.166~1-013489]:main():compute-mfcc-feats.cc:173) Processed features for key FF_36OO719A
VLOG[2] (compute-mfcc-feats[5.5.166~1-013489]:main():compute-mfcc-feats.cc:173) Processed features for key FF_388A
LOG (compute-mfcc-feats[5.5.166~1-013489]:main():compute-mfcc-feats.cc:172) Processed 480 utterances
VLOG[2] (compute-mfcc-feats[5.5.166~1-013489]:main():compute-mfcc-feats.cc:173) Processed features for key FF_3A
VLOG[2] (compute-mfcc-feats[5.5.166~1-013489]:main():compute-mfcc-feats.cc:173) Processed features for key FF_3B
VLOG[2] (compute-mfcc-feats[5.5.166~1-013489]:main():compute-mfcc-feats.cc:173) Processed features for key FF_3O855A
VLOG[2] (compute-mfcc-feats[5.5.166~1-013489]:main():compute-mfcc-feats.cc:173) Processed features for key FF_4189A
VLOG[2] (compute-mfcc-feats[5.5.166~1-013489]:main():compute-mfcc-feats.cc:173) Processed features for key FF_41O4749A
VLOG[2] (compute-mfcc-feats[5.5.166~1-013489]:main():compute-mfcc-feats.cc:173) Processed features for key FF_42O9A
VLOG[2] (compute-mfcc-feats[5.5.166~1-013489]:main():compute-mfcc-feats.cc:173) Processed features for key FF_49A
VLOG[2] (compute-mfcc-feats[5.5.166~1-013489]:main():compute-mfcc-feats.cc:173) Processed features for key FF_4A
VLOG[2] (compute-mfcc-feats[5.5.166~1-013489]:main():compute-mfcc-feats.cc:173) Processed features for key FF_4B
VLOG[2] (compute-mfcc-feats[5.5.166~1-013489]:main():compute-mfcc-feats.cc:173) Processed features for key FF_4ZA
LOG (compute-mfcc-feats[5.5.166~1-013489]:main():compute-mfcc-feats.cc:172) Processed 490 utterances
VLOG[2] (compute-mfcc-feats[5.5.166~1-013489]:main():compute-mfcc-feats.cc:173) Processed features for key FF_5227ZA
VLOG[2] (compute-mfcc-feats[5.5.166~1-013489]:main():compute-mfcc-feats.cc:173) Processed features for key FF_53A
VLOG[2] (compute-mfcc-feats[5.5.166~1-013489]:main():compute-mfcc-feats.cc:173) Processed features for key FF_58544A
VLOG[2] (compute-mfcc-feats[5.5.166~1-013489]:main():compute-mfcc-feats.cc:173) Processed features for key FF_59A
VLOG[2] (compute-mfcc-feats[5.5.166~1-013489]:main():compute-mfcc-feats.cc:173) Processed features for key FF_5A
VLOG[2] (compute-mfcc-feats[5.5.166~1-013489]:main():compute-mfcc-feats.cc:173) Processed features for key FF_5B
VLOG[2] (compute-mfcc-feats[5.5.166~1-013489]:main():compute-mfcc-feats.cc:173) Processed features for key FF_5O27A
VLOG[2] (compute-mfcc-feats[5.5.166~1-013489]:main():compute-mfcc-feats.cc:173) Processed features for key FF_6517571A
VLOG[2] (compute-mfcc-feats[5.5.166~1-013489]:main():compute-mfcc-feats.cc:173) Processed features for key FF_6684O9OA
VLOG[2] (compute-mfcc-feats[5.5.166~1-013489]:main():compute-mfcc-feats.cc:173) Processed features for key FF_6696A
LOG (compute-mfcc-feats[5.5.166~1-013489]:main():compute-mfcc-feats.cc:172) Processed 500 utterances
VLOG[2] (compute-mfcc-feats[5.5.166~1-013489]:main():compute-mfcc-feats.cc:173) Processed features for key FF_67OA
VLOG[2] (compute-mfcc-feats[5.5.166~1-013489]:main():compute-mfcc-feats.cc:173) Processed features for key FF_6A
VLOG[2] (compute-mfcc-feats[5.5.166~1-013489]:main():compute-mfcc-feats.cc:173) Processed features for key FF_6B
VLOG[2] (compute-mfcc-feats[5.5.166~1-013489]:main():compute-mfcc-feats.cc:173) Processed features for key FF_6ZZ961ZA
VLOG[2] (compute-mfcc-feats[5.5.166~1-013489]:main():compute-mfcc-feats.cc:173) Processed features for key FF_735A
VLOG[2] (compute-mfcc-feats[5.5.166~1-013489]:main():compute-mfcc-feats.cc:173) Processed features for key FF_7453A
VLOG[2] (compute-mfcc-feats[5.5.166~1-013489]:main():compute-mfcc-feats.cc:173) Processed features for key FF_76169A
VLOG[2] (compute-mfcc-feats[5.5.166~1-013489]:main():compute-mfcc-feats.cc:173) Processed features for key FF_78399A
VLOG[2] (compute-mfcc-feats[5.5.166~1-013489]:main():compute-mfcc-feats.cc:173) Processed features for key FF_7925A
VLOG[2] (compute-mfcc-feats[5.5.166~1-013489]:main():compute-mfcc-feats.cc:173) Processed features for key FF_7A
LOG (compute-mfcc-feats[5.5.166~1-013489]:main():compute-mfcc-feats.cc:172) Processed 510 utterances
VLOG[2] (compute-mfcc-feats[5.5.166~1-013489]:main():compute-mfcc-feats.cc:173) Processed features for key FF_7B
VLOG[2] (compute-mfcc-feats[5.5.166~1-013489]:main():compute-mfcc-feats.cc:173) Processed features for key FF_819OO42A
VLOG[2] (compute-mfcc-feats[5.5.166~1-013489]:main():compute-mfcc-feats.cc:173) Processed features for key FF_82A
VLOG[2] (compute-mfcc-feats[5.5.166~1-013489]:main():compute-mfcc-feats.cc:173) Processed features for key FF_83628A
VLOG[2] (compute-mfcc-feats[5.5.166~1-013489]:main():compute-mfcc-feats.cc:173) Processed features for key FF_84A
VLOG[2] (compute-mfcc-feats[5.5.166~1-013489]:main():compute-mfcc-feats.cc:173) Processed features for key FF_8A
VLOG[2] (compute-mfcc-feats[5.5.166~1-013489]:main():compute-mfcc-feats.cc:173) Processed features for key FF_8B
VLOG[2] (compute-mfcc-feats[5.5.166~1-013489]:main():compute-mfcc-feats.cc:173) Processed features for key FF_8Z1A
VLOG[2] (compute-mfcc-feats[5.5.166~1-013489]:main():compute-mfcc-feats.cc:173) Processed features for key FF_91177A
VLOG[2] (compute-mfcc-feats[5.5.166~1-013489]:main():compute-mfcc-feats.cc:173) Processed features for key FF_93A
LOG (compute-mfcc-feats[5.5.166~1-013489]:main():compute-mfcc-feats.cc:172) Processed 520 utterances
VLOG[2] (compute-mfcc-feats[5.5.166~1-013489]:main():compute-mfcc-feats.cc:173) Processed features for key FF_94A
VLOG[2] (compute-mfcc-feats[5.5.166~1-013489]:main():compute-mfcc-feats.cc:173) Processed features for key FF_9512A
VLOG[2] (compute-mfcc-feats[5.5.166~1-013489]:main():compute-mfcc-feats.cc:173) Processed features for key FF_973A
VLOG[2] (compute-mfcc-feats[5.5.166~1-013489]:main():compute-mfcc-feats.cc:173) Processed features for key FF_9A
VLOG[2] (compute-mfcc-feats[5.5.166~1-013489]:main():compute-mfcc-feats.cc:173) Processed features for key FF_9B
VLOG[2] (compute-mfcc-feats[5.5.166~1-013489]:main():compute-mfcc-feats.cc:173) Processed features for key FF_O14OA
VLOG[2] (compute-mfcc-feats[5.5.166~1-013489]:main():compute-mfcc-feats.cc:173) Processed features for key FF_O2188A
VLOG[2] (compute-mfcc-feats[5.5.166~1-013489]:main():compute-mfcc-feats.cc:173) Processed features for key FF_O3OO5A
VLOG[2] (compute-mfcc-feats[5.5.166~1-013489]:main():compute-mfcc-feats.cc:173) Processed features for key FF_O5O1392A
VLOG[2] (compute-mfcc-feats[5.5.166~1-013489]:main():compute-mfcc-feats.cc:173) Processed features for key FF_O872934A
LOG (compute-mfcc-feats[5.5.166~1-013489]:main():compute-mfcc-feats.cc:172) Processed 530 utterances
VLOG[2] (compute-mfcc-feats[5.5.166~1-013489]:main():compute-mfcc-feats.cc:173) Processed features for key FF_OA
VLOG[2] (compute-mfcc-feats[5.5.166~1-013489]:main():compute-mfcc-feats.cc:173) Processed features for key FF_OB
VLOG[2] (compute-mfcc-feats[5.5.166~1-013489]:main():compute-mfcc-feats.cc:173) Processed features for key FF_Z46Z48ZA
VLOG[2] (compute-mfcc-feats[5.5.166~1-013489]:main():compute-mfcc-feats.cc:173) Processed features for key FF_Z6A
VLOG[2] (compute-mfcc-feats[5.5.166~1-013489]:main():compute-mfcc-feats.cc:173) Processed features for key FF_Z89158ZA
VLOG[2] (compute-mfcc-feats[5.5.166~1-013489]:main():compute-mfcc-feats.cc:173) Processed features for key FF_Z9ZA
VLOG[2] (compute-mfcc-feats[5.5.166~1-013489]:main():compute-mfcc-feats.cc:173) Processed features for key FF_ZA
VLOG[2] (compute-mfcc-feats[5.5.166~1-013489]:main():compute-mfcc-feats.cc:173) Processed features for key FF_ZB
VLOG[2] (compute-mfcc-feats[5.5.166~1-013489]:main():compute-mfcc-feats.cc:173) Processed features for key FF_ZZ1A
VLOG[2] (compute-mfcc-feats[5.5.166~1-013489]:main():compute-mfcc-feats.cc:173) Processed features for key FI_11ZZ167A
LOG (compute-mfcc-feats[5.5.166~1-013489]:main():compute-mfcc-feats.cc:176)  Done 539 out of 539 utterances.
LOG (copy-feats[5.5.166~1-013489]:main():copy-feats.cc:143) Copied 539 feature matrices.
# Accounting: time=5 threads=1
# Ended (code 0) at Sun Dec  1 23:51:02 CST 2019, elapsed time 5 seconds
