# compute-mfcc-feats --verbose=2 --config=conf/mfcc.conf scp,p:exp/make_mfcc/train/wav_train.6.scp ark:- | copy-feats --compress=true ark:- ark,scp:/home/jincheng/SMIIP_1ST_HW/mfcc/raw_mfcc_train.6.ark,/home/jincheng/SMIIP_1ST_HW/mfcc/raw_mfcc_train.6.scp 
# Started at Mon Dec  2 13:38:15 CST 2019
#
copy-feats --compress=true ark:- ark,scp:/home/jincheng/SMIIP_1ST_HW/mfcc/raw_mfcc_train.6.ark,/home/jincheng/SMIIP_1ST_HW/mfcc/raw_mfcc_train.6.scp 
compute-mfcc-feats --verbose=2 --config=conf/mfcc.conf scp,p:exp/make_mfcc/train/wav_train.6.scp ark:- 
VLOG[2] (compute-mfcc-feats[5.5.166~1-013489]:main():compute-mfcc-feats.cc:173) Processed features for key FI_147A
VLOG[2] (compute-mfcc-feats[5.5.166~1-013489]:main():compute-mfcc-feats.cc:173) Processed features for key FI_189O5A
VLOG[2] (compute-mfcc-feats[5.5.166~1-013489]:main():compute-mfcc-feats.cc:173) Processed features for key FI_18A
VLOG[2] (compute-mfcc-feats[5.5.166~1-013489]:main():compute-mfcc-feats.cc:173) Processed features for key FI_1A
VLOG[2] (compute-mfcc-feats[5.5.166~1-013489]:main():compute-mfcc-feats.cc:173) Processed features for key FI_1B
VLOG[2] (compute-mfcc-feats[5.5.166~1-013489]:main():compute-mfcc-feats.cc:173) Processed features for key FI_1O32A
VLOG[2] (compute-mfcc-feats[5.5.166~1-013489]:main():compute-mfcc-feats.cc:173) Processed features for key FI_2125227A
VLOG[2] (compute-mfcc-feats[5.5.166~1-013489]:main():compute-mfcc-feats.cc:173) Processed features for key FI_24OA
VLOG[2] (compute-mfcc-feats[5.5.166~1-013489]:main():compute-mfcc-feats.cc:173) Processed features for key FI_27659A
LOG (compute-mfcc-feats[5.5.166~1-013489]:main():compute-mfcc-feats.cc:172) Processed 10 utterances
VLOG[2] (compute-mfcc-feats[5.5.166~1-013489]:main():compute-mfcc-feats.cc:173) Processed features for key FI_2868154A
VLOG[2] (compute-mfcc-feats[5.5.166~1-013489]:main():compute-mfcc-feats.cc:173) Processed features for key FI_29A
VLOG[2] (compute-mfcc-feats[5.5.166~1-013489]:main():compute-mfcc-feats.cc:173) Processed features for key FI_2A
VLOG[2] (compute-mfcc-feats[5.5.166~1-013489]:main():compute-mfcc-feats.cc:173) Processed features for key FI_2B
VLOG[2] (compute-mfcc-feats[5.5.166~1-013489]:main():compute-mfcc-feats.cc:173) Processed features for key FI_33A
VLOG[2] (compute-mfcc-feats[5.5.166~1-013489]:main():compute-mfcc-feats.cc:173) Processed features for key FI_34O15A
VLOG[2] (compute-mfcc-feats[5.5.166~1-013489]:main():compute-mfcc-feats.cc:173) Processed features for key FI_385A
VLOG[2] (compute-mfcc-feats[5.5.166~1-013489]:main():compute-mfcc-feats.cc:173) Processed features for key FI_3A
VLOG[2] (compute-mfcc-feats[5.5.166~1-013489]:main():compute-mfcc-feats.cc:173) Processed features for key FI_3B
VLOG[2] (compute-mfcc-feats[5.5.166~1-013489]:main():compute-mfcc-feats.cc:173) Processed features for key FI_3O4OA
LOG (compute-mfcc-feats[5.5.166~1-013489]:main():compute-mfcc-feats.cc:172) Processed 20 utterances
VLOG[2] (compute-mfcc-feats[5.5.166~1-013489]:main():compute-mfcc-feats.cc:173) Processed features for key FI_3Z844A
VLOG[2] (compute-mfcc-feats[5.5.166~1-013489]:main():compute-mfcc-feats.cc:173) Processed features for key FI_41A
VLOG[2] (compute-mfcc-feats[5.5.166~1-013489]:main():compute-mfcc-feats.cc:173) Processed features for key FI_42Z23A
VLOG[2] (compute-mfcc-feats[5.5.166~1-013489]:main():compute-mfcc-feats.cc:173) Processed features for key FI_45A
VLOG[2] (compute-mfcc-feats[5.5.166~1-013489]:main():compute-mfcc-feats.cc:173) Processed features for key FI_491OO78A
VLOG[2] (compute-mfcc-feats[5.5.166~1-013489]:main():compute-mfcc-feats.cc:173) Processed features for key FI_4924A
VLOG[2] (compute-mfcc-feats[5.5.166~1-013489]:main():compute-mfcc-feats.cc:173) Processed features for key FI_4A
VLOG[2] (compute-mfcc-feats[5.5.166~1-013489]:main():compute-mfcc-feats.cc:173) Processed features for key FI_4B
VLOG[2] (compute-mfcc-feats[5.5.166~1-013489]:main():compute-mfcc-feats.cc:173) Processed features for key FI_53A
VLOG[2] (compute-mfcc-feats[5.5.166~1-013489]:main():compute-mfcc-feats.cc:173) Processed features for key FI_5682A
LOG (compute-mfcc-feats[5.5.166~1-013489]:main():compute-mfcc-feats.cc:172) Processed 30 utterances
VLOG[2] (compute-mfcc-feats[5.5.166~1-013489]:main():compute-mfcc-feats.cc:173) Processed features for key FI_56A
VLOG[2] (compute-mfcc-feats[5.5.166~1-013489]:main():compute-mfcc-feats.cc:173) Processed features for key FI_5823OA
VLOG[2] (compute-mfcc-feats[5.5.166~1-013489]:main():compute-mfcc-feats.cc:173) Processed features for key FI_5A
VLOG[2] (compute-mfcc-feats[5.5.166~1-013489]:main():compute-mfcc-feats.cc:173) Processed features for key FI_5B
VLOG[2] (compute-mfcc-feats[5.5.166~1-013489]:main():compute-mfcc-feats.cc:173) Processed features for key FI_5OOA
VLOG[2] (compute-mfcc-feats[5.5.166~1-013489]:main():compute-mfcc-feats.cc:173) Processed features for key FI_6296O93A
VLOG[2] (compute-mfcc-feats[5.5.166~1-013489]:main():compute-mfcc-feats.cc:173) Processed features for key FI_639A
VLOG[2] (compute-mfcc-feats[5.5.166~1-013489]:main():compute-mfcc-feats.cc:173) Processed features for key FI_66OO8A
VLOG[2] (compute-mfcc-feats[5.5.166~1-013489]:main():compute-mfcc-feats.cc:173) Processed features for key FI_695O172A
VLOG[2] (compute-mfcc-feats[5.5.166~1-013489]:main():compute-mfcc-feats.cc:173) Processed features for key FI_69936A
LOG (compute-mfcc-feats[5.5.166~1-013489]:main():compute-mfcc-feats.cc:172) Processed 40 utterances
VLOG[2] (compute-mfcc-feats[5.5.166~1-013489]:main():compute-mfcc-feats.cc:173) Processed features for key FI_6A
VLOG[2] (compute-mfcc-feats[5.5.166~1-013489]:main():compute-mfcc-feats.cc:173) Processed features for key FI_6B
VLOG[2] (compute-mfcc-feats[5.5.166~1-013489]:main():compute-mfcc-feats.cc:173) Processed features for key FI_72O2A
VLOG[2] (compute-mfcc-feats[5.5.166~1-013489]:main():compute-mfcc-feats.cc:173) Processed features for key FI_7394A
VLOG[2] (compute-mfcc-feats[5.5.166~1-013489]:main():compute-mfcc-feats.cc:173) Processed features for key FI_7428A
VLOG[2] (compute-mfcc-feats[5.5.166~1-013489]:main():compute-mfcc-feats.cc:173) Processed features for key FI_77194A
VLOG[2] (compute-mfcc-feats[5.5.166~1-013489]:main():compute-mfcc-feats.cc:173) Processed features for key FI_7961443A
VLOG[2] (compute-mfcc-feats[5.5.166~1-013489]:main():compute-mfcc-feats.cc:173) Processed features for key FI_7A
VLOG[2] (compute-mfcc-feats[5.5.166~1-013489]:main():compute-mfcc-feats.cc:173) Processed features for key FI_7B
VLOG[2] (compute-mfcc-feats[5.5.166~1-013489]:main():compute-mfcc-feats.cc:173) Processed features for key FI_847ZA
LOG (compute-mfcc-feats[5.5.166~1-013489]:main():compute-mfcc-feats.cc:172) Processed 50 utterances
VLOG[2] (compute-mfcc-feats[5.5.166~1-013489]:main():compute-mfcc-feats.cc:173) Processed features for key FI_881A
VLOG[2] (compute-mfcc-feats[5.5.166~1-013489]:main():compute-mfcc-feats.cc:173) Processed features for key FI_887516ZA
VLOG[2] (compute-mfcc-feats[5.5.166~1-013489]:main():compute-mfcc-feats.cc:173) Processed features for key FI_8A
VLOG[2] (compute-mfcc-feats[5.5.166~1-013489]:main():compute-mfcc-feats.cc:173) Processed features for key FI_8B
VLOG[2] (compute-mfcc-feats[5.5.166~1-013489]:main():compute-mfcc-feats.cc:173) Processed features for key FI_8O9A
VLOG[2] (compute-mfcc-feats[5.5.166~1-013489]:main():compute-mfcc-feats.cc:173) Processed features for key FI_8ZZ9752A
VLOG[2] (compute-mfcc-feats[5.5.166~1-013489]:main():compute-mfcc-feats.cc:173) Processed features for key FI_91A
VLOG[2] (compute-mfcc-feats[5.5.166~1-013489]:main():compute-mfcc-feats.cc:173) Processed features for key FI_9834A
VLOG[2] (compute-mfcc-feats[5.5.166~1-013489]:main():compute-mfcc-feats.cc:173) Processed features for key FI_9864A
VLOG[2] (compute-mfcc-feats[5.5.166~1-013489]:main():compute-mfcc-feats.cc:173) Processed features for key FI_9A
LOG (compute-mfcc-feats[5.5.166~1-013489]:main():compute-mfcc-feats.cc:172) Processed 60 utterances
VLOG[2] (compute-mfcc-feats[5.5.166~1-013489]:main():compute-mfcc-feats.cc:173) Processed features for key FI_9B
VLOG[2] (compute-mfcc-feats[5.5.166~1-013489]:main():compute-mfcc-feats.cc:173) Processed features for key FI_9O62OO8A
VLOG[2] (compute-mfcc-feats[5.5.166~1-013489]:main():compute-mfcc-feats.cc:173) Processed features for key FI_9ZZA
VLOG[2] (compute-mfcc-feats[5.5.166~1-013489]:main():compute-mfcc-feats.cc:173) Processed features for key FI_O213551A
VLOG[2] (compute-mfcc-feats[5.5.166~1-013489]:main():compute-mfcc-feats.cc:173) Processed features for key FI_O38A
VLOG[2] (compute-mfcc-feats[5.5.166~1-013489]:main():compute-mfcc-feats.cc:173) Processed features for key FI_O436A
VLOG[2] (compute-mfcc-feats[5.5.166~1-013489]:main():compute-mfcc-feats.cc:173) Processed features for key FI_O5A
VLOG[2] (compute-mfcc-feats[5.5.166~1-013489]:main():compute-mfcc-feats.cc:173) Processed features for key FI_O6A
VLOG[2] (compute-mfcc-feats[5.5.166~1-013489]:main():compute-mfcc-feats.cc:173) Processed features for key FI_OA
VLOG[2] (compute-mfcc-feats[5.5.166~1-013489]:main():compute-mfcc-feats.cc:173) Processed features for key FI_OB
LOG (compute-mfcc-feats[5.5.166~1-013489]:main():compute-mfcc-feats.cc:172) Processed 70 utterances
VLOG[2] (compute-mfcc-feats[5.5.166~1-013489]:main():compute-mfcc-feats.cc:173) Processed features for key FI_Z35ZZA
VLOG[2] (compute-mfcc-feats[5.5.166~1-013489]:main():compute-mfcc-feats.cc:173) Processed features for key FI_Z41A
VLOG[2] (compute-mfcc-feats[5.5.166~1-013489]:main():compute-mfcc-feats.cc:173) Processed features for key FI_Z6A
VLOG[2] (compute-mfcc-feats[5.5.166~1-013489]:main():compute-mfcc-feats.cc:173) Processed features for key FI_Z7ZA
VLOG[2] (compute-mfcc-feats[5.5.166~1-013489]:main():compute-mfcc-feats.cc:173) Processed features for key FI_Z8995A
VLOG[2] (compute-mfcc-feats[5.5.166~1-013489]:main():compute-mfcc-feats.cc:173) Processed features for key FI_ZA
VLOG[2] (compute-mfcc-feats[5.5.166~1-013489]:main():compute-mfcc-feats.cc:173) Processed features for key FI_ZB
VLOG[2] (compute-mfcc-feats[5.5.166~1-013489]:main():compute-mfcc-feats.cc:173) Processed features for key FJ_13Z9A
VLOG[2] (compute-mfcc-feats[5.5.166~1-013489]:main():compute-mfcc-feats.cc:173) Processed features for key FJ_142A
VLOG[2] (compute-mfcc-feats[5.5.166~1-013489]:main():compute-mfcc-feats.cc:173) Processed features for key FJ_1465A
LOG (compute-mfcc-feats[5.5.166~1-013489]:main():compute-mfcc-feats.cc:172) Processed 80 utterances
VLOG[2] (compute-mfcc-feats[5.5.166~1-013489]:main():compute-mfcc-feats.cc:173) Processed features for key FJ_1545OA
VLOG[2] (compute-mfcc-feats[5.5.166~1-013489]:main():compute-mfcc-feats.cc:173) Processed features for key FJ_17A
VLOG[2] (compute-mfcc-feats[5.5.166~1-013489]:main():compute-mfcc-feats.cc:173) Processed features for key FJ_1A
VLOG[2] (compute-mfcc-feats[5.5.166~1-013489]:main():compute-mfcc-feats.cc:173) Processed features for key FJ_1B
VLOG[2] (compute-mfcc-feats[5.5.166~1-013489]:main():compute-mfcc-feats.cc:173) Processed features for key FJ_211ZA
VLOG[2] (compute-mfcc-feats[5.5.166~1-013489]:main():compute-mfcc-feats.cc:173) Processed features for key FJ_2648849A
VLOG[2] (compute-mfcc-feats[5.5.166~1-013489]:main():compute-mfcc-feats.cc:173) Processed features for key FJ_289Z568A
VLOG[2] (compute-mfcc-feats[5.5.166~1-013489]:main():compute-mfcc-feats.cc:173) Processed features for key FJ_28A
VLOG[2] (compute-mfcc-feats[5.5.166~1-013489]:main():compute-mfcc-feats.cc:173) Processed features for key FJ_29198Z5A
VLOG[2] (compute-mfcc-feats[5.5.166~1-013489]:main():compute-mfcc-feats.cc:173) Processed features for key FJ_2A
LOG (compute-mfcc-feats[5.5.166~1-013489]:main():compute-mfcc-feats.cc:172) Processed 90 utterances
VLOG[2] (compute-mfcc-feats[5.5.166~1-013489]:main():compute-mfcc-feats.cc:173) Processed features for key FJ_2B
VLOG[2] (compute-mfcc-feats[5.5.166~1-013489]:main():compute-mfcc-feats.cc:173) Processed features for key FJ_32751A
VLOG[2] (compute-mfcc-feats[5.5.166~1-013489]:main():compute-mfcc-feats.cc:173) Processed features for key FJ_32OA
VLOG[2] (compute-mfcc-feats[5.5.166~1-013489]:main():compute-mfcc-feats.cc:173) Processed features for key FJ_343ZA
VLOG[2] (compute-mfcc-feats[5.5.166~1-013489]:main():compute-mfcc-feats.cc:173) Processed features for key FJ_3854A
VLOG[2] (compute-mfcc-feats[5.5.166~1-013489]:main():compute-mfcc-feats.cc:173) Processed features for key FJ_3A
VLOG[2] (compute-mfcc-feats[5.5.166~1-013489]:main():compute-mfcc-feats.cc:173) Processed features for key FJ_3B
VLOG[2] (compute-mfcc-feats[5.5.166~1-013489]:main():compute-mfcc-feats.cc:173) Processed features for key FJ_3O3A
VLOG[2] (compute-mfcc-feats[5.5.166~1-013489]:main():compute-mfcc-feats.cc:173) Processed features for key FJ_419A
VLOG[2] (compute-mfcc-feats[5.5.166~1-013489]:main():compute-mfcc-feats.cc:173) Processed features for key FJ_46858A
LOG (compute-mfcc-feats[5.5.166~1-013489]:main():compute-mfcc-feats.cc:172) Processed 100 utterances
VLOG[2] (compute-mfcc-feats[5.5.166~1-013489]:main():compute-mfcc-feats.cc:173) Processed features for key FJ_4A
VLOG[2] (compute-mfcc-feats[5.5.166~1-013489]:main():compute-mfcc-feats.cc:173) Processed features for key FJ_4B
VLOG[2] (compute-mfcc-feats[5.5.166~1-013489]:main():compute-mfcc-feats.cc:173) Processed features for key FJ_4O3A
VLOG[2] (compute-mfcc-feats[5.5.166~1-013489]:main():compute-mfcc-feats.cc:173) Processed features for key FJ_4Z2ZA
VLOG[2] (compute-mfcc-feats[5.5.166~1-013489]:main():compute-mfcc-feats.cc:173) Processed features for key FJ_4ZZ4A
VLOG[2] (compute-mfcc-feats[5.5.166~1-013489]:main():compute-mfcc-feats.cc:173) Processed features for key FJ_51A
VLOG[2] (compute-mfcc-feats[5.5.166~1-013489]:main():compute-mfcc-feats.cc:173) Processed features for key FJ_5257222A
VLOG[2] (compute-mfcc-feats[5.5.166~1-013489]:main():compute-mfcc-feats.cc:173) Processed features for key FJ_53815A
VLOG[2] (compute-mfcc-feats[5.5.166~1-013489]:main():compute-mfcc-feats.cc:173) Processed features for key FJ_58Z23A
VLOG[2] (compute-mfcc-feats[5.5.166~1-013489]:main():compute-mfcc-feats.cc:173) Processed features for key FJ_59A
LOG (compute-mfcc-feats[5.5.166~1-013489]:main():compute-mfcc-feats.cc:172) Processed 110 utterances
VLOG[2] (compute-mfcc-feats[5.5.166~1-013489]:main():compute-mfcc-feats.cc:173) Processed features for key FJ_5A
VLOG[2] (compute-mfcc-feats[5.5.166~1-013489]:main():compute-mfcc-feats.cc:173) Processed features for key FJ_5B
VLOG[2] (compute-mfcc-feats[5.5.166~1-013489]:main():compute-mfcc-feats.cc:173) Processed features for key FJ_61A
VLOG[2] (compute-mfcc-feats[5.5.166~1-013489]:main():compute-mfcc-feats.cc:173) Processed features for key FJ_6535Z7ZA
VLOG[2] (compute-mfcc-feats[5.5.166~1-013489]:main():compute-mfcc-feats.cc:173) Processed features for key FJ_67OA
VLOG[2] (compute-mfcc-feats[5.5.166~1-013489]:main():compute-mfcc-feats.cc:173) Processed features for key FJ_69A
VLOG[2] (compute-mfcc-feats[5.5.166~1-013489]:main():compute-mfcc-feats.cc:173) Processed features for key FJ_6A
VLOG[2] (compute-mfcc-feats[5.5.166~1-013489]:main():compute-mfcc-feats.cc:173) Processed features for key FJ_6B
VLOG[2] (compute-mfcc-feats[5.5.166~1-013489]:main():compute-mfcc-feats.cc:173) Processed features for key FJ_6Z9A
VLOG[2] (compute-mfcc-feats[5.5.166~1-013489]:main():compute-mfcc-feats.cc:173) Processed features for key FJ_74556A
LOG (compute-mfcc-feats[5.5.166~1-013489]:main():compute-mfcc-feats.cc:172) Processed 120 utterances
VLOG[2] (compute-mfcc-feats[5.5.166~1-013489]:main():compute-mfcc-feats.cc:173) Processed features for key FJ_755A
VLOG[2] (compute-mfcc-feats[5.5.166~1-013489]:main():compute-mfcc-feats.cc:173) Processed features for key FJ_7764A
VLOG[2] (compute-mfcc-feats[5.5.166~1-013489]:main():compute-mfcc-feats.cc:173) Processed features for key FJ_7792449A
VLOG[2] (compute-mfcc-feats[5.5.166~1-013489]:main():compute-mfcc-feats.cc:173) Processed features for key FJ_79A
VLOG[2] (compute-mfcc-feats[5.5.166~1-013489]:main():compute-mfcc-feats.cc:173) Processed features for key FJ_7A
VLOG[2] (compute-mfcc-feats[5.5.166~1-013489]:main():compute-mfcc-feats.cc:173) Processed features for key FJ_7B
VLOG[2] (compute-mfcc-feats[5.5.166~1-013489]:main():compute-mfcc-feats.cc:173) Processed features for key FJ_83631A
VLOG[2] (compute-mfcc-feats[5.5.166~1-013489]:main():compute-mfcc-feats.cc:173) Processed features for key FJ_83OO1A
VLOG[2] (compute-mfcc-feats[5.5.166~1-013489]:main():compute-mfcc-feats.cc:173) Processed features for key FJ_863369OA
VLOG[2] (compute-mfcc-feats[5.5.166~1-013489]:main():compute-mfcc-feats.cc:173) Processed features for key FJ_86A
LOG (compute-mfcc-feats[5.5.166~1-013489]:main():compute-mfcc-feats.cc:172) Processed 130 utterances
VLOG[2] (compute-mfcc-feats[5.5.166~1-013489]:main():compute-mfcc-feats.cc:173) Processed features for key FJ_8A
VLOG[2] (compute-mfcc-feats[5.5.166~1-013489]:main():compute-mfcc-feats.cc:173) Processed features for key FJ_8B
VLOG[2] (compute-mfcc-feats[5.5.166~1-013489]:main():compute-mfcc-feats.cc:173) Processed features for key FJ_8O5OA
VLOG[2] (compute-mfcc-feats[5.5.166~1-013489]:main():compute-mfcc-feats.cc:173) Processed features for key FJ_934A
VLOG[2] (compute-mfcc-feats[5.5.166~1-013489]:main():compute-mfcc-feats.cc:173) Processed features for key FJ_9439947A
VLOG[2] (compute-mfcc-feats[5.5.166~1-013489]:main():compute-mfcc-feats.cc:173) Processed features for key FJ_952A
VLOG[2] (compute-mfcc-feats[5.5.166~1-013489]:main():compute-mfcc-feats.cc:173) Processed features for key FJ_96116A
VLOG[2] (compute-mfcc-feats[5.5.166~1-013489]:main():compute-mfcc-feats.cc:173) Processed features for key FJ_97O29A
VLOG[2] (compute-mfcc-feats[5.5.166~1-013489]:main():compute-mfcc-feats.cc:173) Processed features for key FJ_9A
VLOG[2] (compute-mfcc-feats[5.5.166~1-013489]:main():compute-mfcc-feats.cc:173) Processed features for key FJ_9B
LOG (compute-mfcc-feats[5.5.166~1-013489]:main():compute-mfcc-feats.cc:172) Processed 140 utterances
VLOG[2] (compute-mfcc-feats[5.5.166~1-013489]:main():compute-mfcc-feats.cc:173) Processed features for key FJ_O18A
VLOG[2] (compute-mfcc-feats[5.5.166~1-013489]:main():compute-mfcc-feats.cc:173) Processed features for key FJ_O933A
VLOG[2] (compute-mfcc-feats[5.5.166~1-013489]:main():compute-mfcc-feats.cc:173) Processed features for key FJ_OA
VLOG[2] (compute-mfcc-feats[5.5.166~1-013489]:main():compute-mfcc-feats.cc:173) Processed features for key FJ_OB
VLOG[2] (compute-mfcc-feats[5.5.166~1-013489]:main():compute-mfcc-feats.cc:173) Processed features for key FJ_OO48A
VLOG[2] (compute-mfcc-feats[5.5.166~1-013489]:main():compute-mfcc-feats.cc:173) Processed features for key FJ_OO625A
VLOG[2] (compute-mfcc-feats[5.5.166~1-013489]:main():compute-mfcc-feats.cc:173) Processed features for key FJ_OOA
VLOG[2] (compute-mfcc-feats[5.5.166~1-013489]:main():compute-mfcc-feats.cc:173) Processed features for key FJ_Z372782A
VLOG[2] (compute-mfcc-feats[5.5.166~1-013489]:main():compute-mfcc-feats.cc:173) Processed features for key FJ_Z44Z392A
VLOG[2] (compute-mfcc-feats[5.5.166~1-013489]:main():compute-mfcc-feats.cc:173) Processed features for key FJ_Z6671Z1A
LOG (compute-mfcc-feats[5.5.166~1-013489]:main():compute-mfcc-feats.cc:172) Processed 150 utterances
VLOG[2] (compute-mfcc-feats[5.5.166~1-013489]:main():compute-mfcc-feats.cc:173) Processed features for key FJ_Z6A
VLOG[2] (compute-mfcc-feats[5.5.166~1-013489]:main():compute-mfcc-feats.cc:173) Processed features for key FJ_ZA
VLOG[2] (compute-mfcc-feats[5.5.166~1-013489]:main():compute-mfcc-feats.cc:173) Processed features for key FJ_ZB
VLOG[2] (compute-mfcc-feats[5.5.166~1-013489]:main():compute-mfcc-feats.cc:173) Processed features for key FJ_ZZA
VLOG[2] (compute-mfcc-feats[5.5.166~1-013489]:main():compute-mfcc-feats.cc:173) Processed features for key FK_11ZA
VLOG[2] (compute-mfcc-feats[5.5.166~1-013489]:main():compute-mfcc-feats.cc:173) Processed features for key FK_13A
VLOG[2] (compute-mfcc-feats[5.5.166~1-013489]:main():compute-mfcc-feats.cc:173) Processed features for key FK_17966O6A
VLOG[2] (compute-mfcc-feats[5.5.166~1-013489]:main():compute-mfcc-feats.cc:173) Processed features for key FK_198ZZ18A
VLOG[2] (compute-mfcc-feats[5.5.166~1-013489]:main():compute-mfcc-feats.cc:173) Processed features for key FK_1A
VLOG[2] (compute-mfcc-feats[5.5.166~1-013489]:main():compute-mfcc-feats.cc:173) Processed features for key FK_1B
LOG (compute-mfcc-feats[5.5.166~1-013489]:main():compute-mfcc-feats.cc:172) Processed 160 utterances
VLOG[2] (compute-mfcc-feats[5.5.166~1-013489]:main():compute-mfcc-feats.cc:173) Processed features for key FK_1Z65A
VLOG[2] (compute-mfcc-feats[5.5.166~1-013489]:main():compute-mfcc-feats.cc:173) Processed features for key FK_24387O8A
VLOG[2] (compute-mfcc-feats[5.5.166~1-013489]:main():compute-mfcc-feats.cc:173) Processed features for key FK_26A
VLOG[2] (compute-mfcc-feats[5.5.166~1-013489]:main():compute-mfcc-feats.cc:173) Processed features for key FK_2877A
VLOG[2] (compute-mfcc-feats[5.5.166~1-013489]:main():compute-mfcc-feats.cc:173) Processed features for key FK_28A
VLOG[2] (compute-mfcc-feats[5.5.166~1-013489]:main():compute-mfcc-feats.cc:173) Processed features for key FK_2A
VLOG[2] (compute-mfcc-feats[5.5.166~1-013489]:main():compute-mfcc-feats.cc:173) Processed features for key FK_2B
VLOG[2] (compute-mfcc-feats[5.5.166~1-013489]:main():compute-mfcc-feats.cc:173) Processed features for key FK_2O9A
VLOG[2] (compute-mfcc-feats[5.5.166~1-013489]:main():compute-mfcc-feats.cc:173) Processed features for key FK_31A
VLOG[2] (compute-mfcc-feats[5.5.166~1-013489]:main():compute-mfcc-feats.cc:173) Processed features for key FK_31O7A
LOG (compute-mfcc-feats[5.5.166~1-013489]:main():compute-mfcc-feats.cc:172) Processed 170 utterances
VLOG[2] (compute-mfcc-feats[5.5.166~1-013489]:main():compute-mfcc-feats.cc:173) Processed features for key FK_32Z3A
VLOG[2] (compute-mfcc-feats[5.5.166~1-013489]:main():compute-mfcc-feats.cc:173) Processed features for key FK_36937ZZA
VLOG[2] (compute-mfcc-feats[5.5.166~1-013489]:main():compute-mfcc-feats.cc:173) Processed features for key FK_38O5329A
VLOG[2] (compute-mfcc-feats[5.5.166~1-013489]:main():compute-mfcc-feats.cc:173) Processed features for key FK_3A
VLOG[2] (compute-mfcc-feats[5.5.166~1-013489]:main():compute-mfcc-feats.cc:173) Processed features for key FK_3B
VLOG[2] (compute-mfcc-feats[5.5.166~1-013489]:main():compute-mfcc-feats.cc:173) Processed features for key FK_4834A
VLOG[2] (compute-mfcc-feats[5.5.166~1-013489]:main():compute-mfcc-feats.cc:173) Processed features for key FK_48495A
VLOG[2] (compute-mfcc-feats[5.5.166~1-013489]:main():compute-mfcc-feats.cc:173) Processed features for key FK_4A
VLOG[2] (compute-mfcc-feats[5.5.166~1-013489]:main():compute-mfcc-feats.cc:173) Processed features for key FK_4B
VLOG[2] (compute-mfcc-feats[5.5.166~1-013489]:main():compute-mfcc-feats.cc:173) Processed features for key FK_4OOA
LOG (compute-mfcc-feats[5.5.166~1-013489]:main():compute-mfcc-feats.cc:172) Processed 180 utterances
VLOG[2] (compute-mfcc-feats[5.5.166~1-013489]:main():compute-mfcc-feats.cc:173) Processed features for key FK_4Z3Z8A
VLOG[2] (compute-mfcc-feats[5.5.166~1-013489]:main():compute-mfcc-feats.cc:173) Processed features for key FK_4Z5A
VLOG[2] (compute-mfcc-feats[5.5.166~1-013489]:main():compute-mfcc-feats.cc:173) Processed features for key FK_547A
VLOG[2] (compute-mfcc-feats[5.5.166~1-013489]:main():compute-mfcc-feats.cc:173) Processed features for key FK_575O68OA
VLOG[2] (compute-mfcc-feats[5.5.166~1-013489]:main():compute-mfcc-feats.cc:173) Processed features for key FK_58A
VLOG[2] (compute-mfcc-feats[5.5.166~1-013489]:main():compute-mfcc-feats.cc:173) Processed features for key FK_591O4A
VLOG[2] (compute-mfcc-feats[5.5.166~1-013489]:main():compute-mfcc-feats.cc:173) Processed features for key FK_5A
VLOG[2] (compute-mfcc-feats[5.5.166~1-013489]:main():compute-mfcc-feats.cc:173) Processed features for key FK_5B
VLOG[2] (compute-mfcc-feats[5.5.166~1-013489]:main():compute-mfcc-feats.cc:173) Processed features for key FK_5O5A
VLOG[2] (compute-mfcc-feats[5.5.166~1-013489]:main():compute-mfcc-feats.cc:173) Processed features for key FK_63662A
LOG (compute-mfcc-feats[5.5.166~1-013489]:main():compute-mfcc-feats.cc:172) Processed 190 utterances
VLOG[2] (compute-mfcc-feats[5.5.166~1-013489]:main():compute-mfcc-feats.cc:173) Processed features for key FK_63Z47A
VLOG[2] (compute-mfcc-feats[5.5.166~1-013489]:main():compute-mfcc-feats.cc:173) Processed features for key FK_64A
VLOG[2] (compute-mfcc-feats[5.5.166~1-013489]:main():compute-mfcc-feats.cc:173) Processed features for key FK_68O4212A
VLOG[2] (compute-mfcc-feats[5.5.166~1-013489]:main():compute-mfcc-feats.cc:173) Processed features for key FK_6A
VLOG[2] (compute-mfcc-feats[5.5.166~1-013489]:main():compute-mfcc-feats.cc:173) Processed features for key FK_6B
VLOG[2] (compute-mfcc-feats[5.5.166~1-013489]:main():compute-mfcc-feats.cc:173) Processed features for key FK_6O235A
VLOG[2] (compute-mfcc-feats[5.5.166~1-013489]:main():compute-mfcc-feats.cc:173) Processed features for key FK_7185A
VLOG[2] (compute-mfcc-feats[5.5.166~1-013489]:main():compute-mfcc-feats.cc:173) Processed features for key FK_722ZA
VLOG[2] (compute-mfcc-feats[5.5.166~1-013489]:main():compute-mfcc-feats.cc:173) Processed features for key FK_74O3O35A
VLOG[2] (compute-mfcc-feats[5.5.166~1-013489]:main():compute-mfcc-feats.cc:173) Processed features for key FK_786A
LOG (compute-mfcc-feats[5.5.166~1-013489]:main():compute-mfcc-feats.cc:172) Processed 200 utterances
VLOG[2] (compute-mfcc-feats[5.5.166~1-013489]:main():compute-mfcc-feats.cc:173) Processed features for key FK_7945A
VLOG[2] (compute-mfcc-feats[5.5.166~1-013489]:main():compute-mfcc-feats.cc:173) Processed features for key FK_7A
VLOG[2] (compute-mfcc-feats[5.5.166~1-013489]:main():compute-mfcc-feats.cc:173) Processed features for key FK_7B
VLOG[2] (compute-mfcc-feats[5.5.166~1-013489]:main():compute-mfcc-feats.cc:173) Processed features for key FK_81516A
VLOG[2] (compute-mfcc-feats[5.5.166~1-013489]:main():compute-mfcc-feats.cc:173) Processed features for key FK_81A
VLOG[2] (compute-mfcc-feats[5.5.166~1-013489]:main():compute-mfcc-feats.cc:173) Processed features for key FK_88A
VLOG[2] (compute-mfcc-feats[5.5.166~1-013489]:main():compute-mfcc-feats.cc:173) Processed features for key FK_89A
VLOG[2] (compute-mfcc-feats[5.5.166~1-013489]:main():compute-mfcc-feats.cc:173) Processed features for key FK_89ZA
VLOG[2] (compute-mfcc-feats[5.5.166~1-013489]:main():compute-mfcc-feats.cc:173) Processed features for key FK_8A
VLOG[2] (compute-mfcc-feats[5.5.166~1-013489]:main():compute-mfcc-feats.cc:173) Processed features for key FK_8B
LOG (compute-mfcc-feats[5.5.166~1-013489]:main():compute-mfcc-feats.cc:172) Processed 210 utterances
VLOG[2] (compute-mfcc-feats[5.5.166~1-013489]:main():compute-mfcc-feats.cc:173) Processed features for key FK_925A
VLOG[2] (compute-mfcc-feats[5.5.166~1-013489]:main():compute-mfcc-feats.cc:173) Processed features for key FK_9459714A
VLOG[2] (compute-mfcc-feats[5.5.166~1-013489]:main():compute-mfcc-feats.cc:173) Processed features for key FK_98233A
VLOG[2] (compute-mfcc-feats[5.5.166~1-013489]:main():compute-mfcc-feats.cc:173) Processed features for key FK_99224A
VLOG[2] (compute-mfcc-feats[5.5.166~1-013489]:main():compute-mfcc-feats.cc:173) Processed features for key FK_9A
VLOG[2] (compute-mfcc-feats[5.5.166~1-013489]:main():compute-mfcc-feats.cc:173) Processed features for key FK_9B
VLOG[2] (compute-mfcc-feats[5.5.166~1-013489]:main():compute-mfcc-feats.cc:173) Processed features for key FK_9Z78A
VLOG[2] (compute-mfcc-feats[5.5.166~1-013489]:main():compute-mfcc-feats.cc:173) Processed features for key FK_O112758A
VLOG[2] (compute-mfcc-feats[5.5.166~1-013489]:main():compute-mfcc-feats.cc:173) Processed features for key FK_O2A
VLOG[2] (compute-mfcc-feats[5.5.166~1-013489]:main():compute-mfcc-feats.cc:173) Processed features for key FK_O7677A
LOG (compute-mfcc-feats[5.5.166~1-013489]:main():compute-mfcc-feats.cc:172) Processed 220 utterances
VLOG[2] (compute-mfcc-feats[5.5.166~1-013489]:main():compute-mfcc-feats.cc:173) Processed features for key FK_OA
VLOG[2] (compute-mfcc-feats[5.5.166~1-013489]:main():compute-mfcc-feats.cc:173) Processed features for key FK_OB
VLOG[2] (compute-mfcc-feats[5.5.166~1-013489]:main():compute-mfcc-feats.cc:173) Processed features for key FK_OO1A
VLOG[2] (compute-mfcc-feats[5.5.166~1-013489]:main():compute-mfcc-feats.cc:173) Processed features for key FK_OO86A
VLOG[2] (compute-mfcc-feats[5.5.166~1-013489]:main():compute-mfcc-feats.cc:173) Processed features for key FK_Z2A
VLOG[2] (compute-mfcc-feats[5.5.166~1-013489]:main():compute-mfcc-feats.cc:173) Processed features for key FK_Z5256A
VLOG[2] (compute-mfcc-feats[5.5.166~1-013489]:main():compute-mfcc-feats.cc:173) Processed features for key FK_Z765A
VLOG[2] (compute-mfcc-feats[5.5.166~1-013489]:main():compute-mfcc-feats.cc:173) Processed features for key FK_Z91A
VLOG[2] (compute-mfcc-feats[5.5.166~1-013489]:main():compute-mfcc-feats.cc:173) Processed features for key FK_Z99Z461A
VLOG[2] (compute-mfcc-feats[5.5.166~1-013489]:main():compute-mfcc-feats.cc:173) Processed features for key FK_ZA
LOG (compute-mfcc-feats[5.5.166~1-013489]:main():compute-mfcc-feats.cc:172) Processed 230 utterances
VLOG[2] (compute-mfcc-feats[5.5.166~1-013489]:main():compute-mfcc-feats.cc:173) Processed features for key FK_ZB
VLOG[2] (compute-mfcc-feats[5.5.166~1-013489]:main():compute-mfcc-feats.cc:173) Processed features for key FL_115A
VLOG[2] (compute-mfcc-feats[5.5.166~1-013489]:main():compute-mfcc-feats.cc:173) Processed features for key FL_163A
VLOG[2] (compute-mfcc-feats[5.5.166~1-013489]:main():compute-mfcc-feats.cc:173) Processed features for key FL_17A
VLOG[2] (compute-mfcc-feats[5.5.166~1-013489]:main():compute-mfcc-feats.cc:173) Processed features for key FL_1A
VLOG[2] (compute-mfcc-feats[5.5.166~1-013489]:main():compute-mfcc-feats.cc:173) Processed features for key FL_1B
VLOG[2] (compute-mfcc-feats[5.5.166~1-013489]:main():compute-mfcc-feats.cc:173) Processed features for key FL_1OOA
VLOG[2] (compute-mfcc-feats[5.5.166~1-013489]:main():compute-mfcc-feats.cc:173) Processed features for key FL_1ZZZ8A
VLOG[2] (compute-mfcc-feats[5.5.166~1-013489]:main():compute-mfcc-feats.cc:173) Processed features for key FL_22O8452A
VLOG[2] (compute-mfcc-feats[5.5.166~1-013489]:main():compute-mfcc-feats.cc:173) Processed features for key FL_255Z5A
LOG (compute-mfcc-feats[5.5.166~1-013489]:main():compute-mfcc-feats.cc:172) Processed 240 utterances
VLOG[2] (compute-mfcc-feats[5.5.166~1-013489]:main():compute-mfcc-feats.cc:173) Processed features for key FL_276A
VLOG[2] (compute-mfcc-feats[5.5.166~1-013489]:main():compute-mfcc-feats.cc:173) Processed features for key FL_29A
VLOG[2] (compute-mfcc-feats[5.5.166~1-013489]:main():compute-mfcc-feats.cc:173) Processed features for key FL_2A
VLOG[2] (compute-mfcc-feats[5.5.166~1-013489]:main():compute-mfcc-feats.cc:173) Processed features for key FL_2B
VLOG[2] (compute-mfcc-feats[5.5.166~1-013489]:main():compute-mfcc-feats.cc:173) Processed features for key FL_2OO2O34A
VLOG[2] (compute-mfcc-feats[5.5.166~1-013489]:main():compute-mfcc-feats.cc:173) Processed features for key FL_318A
VLOG[2] (compute-mfcc-feats[5.5.166~1-013489]:main():compute-mfcc-feats.cc:173) Processed features for key FL_33465A
VLOG[2] (compute-mfcc-feats[5.5.166~1-013489]:main():compute-mfcc-feats.cc:173) Processed features for key FL_3747A
VLOG[2] (compute-mfcc-feats[5.5.166~1-013489]:main():compute-mfcc-feats.cc:173) Processed features for key FL_39A
VLOG[2] (compute-mfcc-feats[5.5.166~1-013489]:main():compute-mfcc-feats.cc:173) Processed features for key FL_3A
LOG (compute-mfcc-feats[5.5.166~1-013489]:main():compute-mfcc-feats.cc:172) Processed 250 utterances
VLOG[2] (compute-mfcc-feats[5.5.166~1-013489]:main():compute-mfcc-feats.cc:173) Processed features for key FL_3B
VLOG[2] (compute-mfcc-feats[5.5.166~1-013489]:main():compute-mfcc-feats.cc:173) Processed features for key FL_3Z278A
VLOG[2] (compute-mfcc-feats[5.5.166~1-013489]:main():compute-mfcc-feats.cc:173) Processed features for key FL_4367A
VLOG[2] (compute-mfcc-feats[5.5.166~1-013489]:main():compute-mfcc-feats.cc:173) Processed features for key FL_44916A
VLOG[2] (compute-mfcc-feats[5.5.166~1-013489]:main():compute-mfcc-feats.cc:173) Processed features for key FL_4753551A
VLOG[2] (compute-mfcc-feats[5.5.166~1-013489]:main():compute-mfcc-feats.cc:173) Processed features for key FL_48568O4A
VLOG[2] (compute-mfcc-feats[5.5.166~1-013489]:main():compute-mfcc-feats.cc:173) Processed features for key FL_4A
VLOG[2] (compute-mfcc-feats[5.5.166~1-013489]:main():compute-mfcc-feats.cc:173) Processed features for key FL_4B
VLOG[2] (compute-mfcc-feats[5.5.166~1-013489]:main():compute-mfcc-feats.cc:173) Processed features for key FL_4Z96A
VLOG[2] (compute-mfcc-feats[5.5.166~1-013489]:main():compute-mfcc-feats.cc:173) Processed features for key FL_521A
LOG (compute-mfcc-feats[5.5.166~1-013489]:main():compute-mfcc-feats.cc:172) Processed 260 utterances
VLOG[2] (compute-mfcc-feats[5.5.166~1-013489]:main():compute-mfcc-feats.cc:173) Processed features for key FL_53394OOA
VLOG[2] (compute-mfcc-feats[5.5.166~1-013489]:main():compute-mfcc-feats.cc:173) Processed features for key FL_5417A
VLOG[2] (compute-mfcc-feats[5.5.166~1-013489]:main():compute-mfcc-feats.cc:173) Processed features for key FL_58A
VLOG[2] (compute-mfcc-feats[5.5.166~1-013489]:main():compute-mfcc-feats.cc:173) Processed features for key FL_5964498A
VLOG[2] (compute-mfcc-feats[5.5.166~1-013489]:main():compute-mfcc-feats.cc:173) Processed features for key FL_5A
VLOG[2] (compute-mfcc-feats[5.5.166~1-013489]:main():compute-mfcc-feats.cc:173) Processed features for key FL_5B
VLOG[2] (compute-mfcc-feats[5.5.166~1-013489]:main():compute-mfcc-feats.cc:173) Processed features for key FL_613A
VLOG[2] (compute-mfcc-feats[5.5.166~1-013489]:main():compute-mfcc-feats.cc:173) Processed features for key FL_6142A
VLOG[2] (compute-mfcc-feats[5.5.166~1-013489]:main():compute-mfcc-feats.cc:173) Processed features for key FL_66897A
VLOG[2] (compute-mfcc-feats[5.5.166~1-013489]:main():compute-mfcc-feats.cc:173) Processed features for key FL_693A
LOG (compute-mfcc-feats[5.5.166~1-013489]:main():compute-mfcc-feats.cc:172) Processed 270 utterances
VLOG[2] (compute-mfcc-feats[5.5.166~1-013489]:main():compute-mfcc-feats.cc:173) Processed features for key FL_6A
VLOG[2] (compute-mfcc-feats[5.5.166~1-013489]:main():compute-mfcc-feats.cc:173) Processed features for key FL_6B
VLOG[2] (compute-mfcc-feats[5.5.166~1-013489]:main():compute-mfcc-feats.cc:173) Processed features for key FL_6Z32A
VLOG[2] (compute-mfcc-feats[5.5.166~1-013489]:main():compute-mfcc-feats.cc:173) Processed features for key FL_735A
VLOG[2] (compute-mfcc-feats[5.5.166~1-013489]:main():compute-mfcc-feats.cc:173) Processed features for key FL_75O32A
VLOG[2] (compute-mfcc-feats[5.5.166~1-013489]:main():compute-mfcc-feats.cc:173) Processed features for key FL_77Z6224A
VLOG[2] (compute-mfcc-feats[5.5.166~1-013489]:main():compute-mfcc-feats.cc:173) Processed features for key FL_78Z4ZA
VLOG[2] (compute-mfcc-feats[5.5.166~1-013489]:main():compute-mfcc-feats.cc:173) Processed features for key FL_7A
VLOG[2] (compute-mfcc-feats[5.5.166~1-013489]:main():compute-mfcc-feats.cc:173) Processed features for key FL_7B
VLOG[2] (compute-mfcc-feats[5.5.166~1-013489]:main():compute-mfcc-feats.cc:173) Processed features for key FL_7O156A
LOG (compute-mfcc-feats[5.5.166~1-013489]:main():compute-mfcc-feats.cc:172) Processed 280 utterances
VLOG[2] (compute-mfcc-feats[5.5.166~1-013489]:main():compute-mfcc-feats.cc:173) Processed features for key FL_82579A
VLOG[2] (compute-mfcc-feats[5.5.166~1-013489]:main():compute-mfcc-feats.cc:173) Processed features for key FL_8387141A
VLOG[2] (compute-mfcc-feats[5.5.166~1-013489]:main():compute-mfcc-feats.cc:173) Processed features for key FL_8437A
VLOG[2] (compute-mfcc-feats[5.5.166~1-013489]:main():compute-mfcc-feats.cc:173) Processed features for key FL_86A
VLOG[2] (compute-mfcc-feats[5.5.166~1-013489]:main():compute-mfcc-feats.cc:173) Processed features for key FL_8981A
VLOG[2] (compute-mfcc-feats[5.5.166~1-013489]:main():compute-mfcc-feats.cc:173) Processed features for key FL_8A
VLOG[2] (compute-mfcc-feats[5.5.166~1-013489]:main():compute-mfcc-feats.cc:173) Processed features for key FL_8B
VLOG[2] (compute-mfcc-feats[5.5.166~1-013489]:main():compute-mfcc-feats.cc:173) Processed features for key FL_946A
VLOG[2] (compute-mfcc-feats[5.5.166~1-013489]:main():compute-mfcc-feats.cc:173) Processed features for key FL_95A
VLOG[2] (compute-mfcc-feats[5.5.166~1-013489]:main():compute-mfcc-feats.cc:173) Processed features for key FL_9A
LOG (compute-mfcc-feats[5.5.166~1-013489]:main():compute-mfcc-feats.cc:172) Processed 290 utterances
VLOG[2] (compute-mfcc-feats[5.5.166~1-013489]:main():compute-mfcc-feats.cc:173) Processed features for key FL_9B
VLOG[2] (compute-mfcc-feats[5.5.166~1-013489]:main():compute-mfcc-feats.cc:173) Processed features for key FL_9OA
VLOG[2] (compute-mfcc-feats[5.5.166~1-013489]:main():compute-mfcc-feats.cc:173) Processed features for key FL_9Z1A
VLOG[2] (compute-mfcc-feats[5.5.166~1-013489]:main():compute-mfcc-feats.cc:173) Processed features for key FL_9ZA
VLOG[2] (compute-mfcc-feats[5.5.166~1-013489]:main():compute-mfcc-feats.cc:173) Processed features for key FL_O2366A
VLOG[2] (compute-mfcc-feats[5.5.166~1-013489]:main():compute-mfcc-feats.cc:173) Processed features for key FL_O5O9A
VLOG[2] (compute-mfcc-feats[5.5.166~1-013489]:main():compute-mfcc-feats.cc:173) Processed features for key FL_O73O7O5A
VLOG[2] (compute-mfcc-feats[5.5.166~1-013489]:main():compute-mfcc-feats.cc:173) Processed features for key FL_O87626OA
VLOG[2] (compute-mfcc-feats[5.5.166~1-013489]:main():compute-mfcc-feats.cc:173) Processed features for key FL_O9A
VLOG[2] (compute-mfcc-feats[5.5.166~1-013489]:main():compute-mfcc-feats.cc:173) Processed features for key FL_OA
LOG (compute-mfcc-feats[5.5.166~1-013489]:main():compute-mfcc-feats.cc:172) Processed 300 utterances
VLOG[2] (compute-mfcc-feats[5.5.166~1-013489]:main():compute-mfcc-feats.cc:173) Processed features for key FL_OB
VLOG[2] (compute-mfcc-feats[5.5.166~1-013489]:main():compute-mfcc-feats.cc:173) Processed features for key FL_Z3Z7972A
VLOG[2] (compute-mfcc-feats[5.5.166~1-013489]:main():compute-mfcc-feats.cc:173) Processed features for key FL_Z5A
VLOG[2] (compute-mfcc-feats[5.5.166~1-013489]:main():compute-mfcc-feats.cc:173) Processed features for key FL_Z699A
VLOG[2] (compute-mfcc-feats[5.5.166~1-013489]:main():compute-mfcc-feats.cc:173) Processed features for key FL_Z7A
VLOG[2] (compute-mfcc-feats[5.5.166~1-013489]:main():compute-mfcc-feats.cc:173) Processed features for key FL_ZA
VLOG[2] (compute-mfcc-feats[5.5.166~1-013489]:main():compute-mfcc-feats.cc:173) Processed features for key FL_ZB
VLOG[2] (compute-mfcc-feats[5.5.166~1-013489]:main():compute-mfcc-feats.cc:173) Processed features for key FL_ZZ21A
VLOG[2] (compute-mfcc-feats[5.5.166~1-013489]:main():compute-mfcc-feats.cc:173) Processed features for key GG_11352A
VLOG[2] (compute-mfcc-feats[5.5.166~1-013489]:main():compute-mfcc-feats.cc:173) Processed features for key GG_134A
LOG (compute-mfcc-feats[5.5.166~1-013489]:main():compute-mfcc-feats.cc:172) Processed 310 utterances
VLOG[2] (compute-mfcc-feats[5.5.166~1-013489]:main():compute-mfcc-feats.cc:173) Processed features for key GG_1565A
VLOG[2] (compute-mfcc-feats[5.5.166~1-013489]:main():compute-mfcc-feats.cc:173) Processed features for key GG_16814A
VLOG[2] (compute-mfcc-feats[5.5.166~1-013489]:main():compute-mfcc-feats.cc:173) Processed features for key GG_1A
VLOG[2] (compute-mfcc-feats[5.5.166~1-013489]:main():compute-mfcc-feats.cc:173) Processed features for key GG_1B
VLOG[2] (compute-mfcc-feats[5.5.166~1-013489]:main():compute-mfcc-feats.cc:173) Processed features for key GG_1O9A
VLOG[2] (compute-mfcc-feats[5.5.166~1-013489]:main():compute-mfcc-feats.cc:173) Processed features for key GG_224A
VLOG[2] (compute-mfcc-feats[5.5.166~1-013489]:main():compute-mfcc-feats.cc:173) Processed features for key GG_235A
VLOG[2] (compute-mfcc-feats[5.5.166~1-013489]:main():compute-mfcc-feats.cc:173) Processed features for key GG_25A
VLOG[2] (compute-mfcc-feats[5.5.166~1-013489]:main():compute-mfcc-feats.cc:173) Processed features for key GG_29OO1A
VLOG[2] (compute-mfcc-feats[5.5.166~1-013489]:main():compute-mfcc-feats.cc:173) Processed features for key GG_2A
LOG (compute-mfcc-feats[5.5.166~1-013489]:main():compute-mfcc-feats.cc:172) Processed 320 utterances
VLOG[2] (compute-mfcc-feats[5.5.166~1-013489]:main():compute-mfcc-feats.cc:173) Processed features for key GG_2B
VLOG[2] (compute-mfcc-feats[5.5.166~1-013489]:main():compute-mfcc-feats.cc:173) Processed features for key GG_2O78A
VLOG[2] (compute-mfcc-feats[5.5.166~1-013489]:main():compute-mfcc-feats.cc:173) Processed features for key GG_3175A
VLOG[2] (compute-mfcc-feats[5.5.166~1-013489]:main():compute-mfcc-feats.cc:173) Processed features for key GG_36Z55A
VLOG[2] (compute-mfcc-feats[5.5.166~1-013489]:main():compute-mfcc-feats.cc:173) Processed features for key GG_381OA
VLOG[2] (compute-mfcc-feats[5.5.166~1-013489]:main():compute-mfcc-feats.cc:173) Processed features for key GG_3A
VLOG[2] (compute-mfcc-feats[5.5.166~1-013489]:main():compute-mfcc-feats.cc:173) Processed features for key GG_3B
VLOG[2] (compute-mfcc-feats[5.5.166~1-013489]:main():compute-mfcc-feats.cc:173) Processed features for key GG_3O661A
VLOG[2] (compute-mfcc-feats[5.5.166~1-013489]:main():compute-mfcc-feats.cc:173) Processed features for key GG_3ZZA
VLOG[2] (compute-mfcc-feats[5.5.166~1-013489]:main():compute-mfcc-feats.cc:173) Processed features for key GG_43A
LOG (compute-mfcc-feats[5.5.166~1-013489]:main():compute-mfcc-feats.cc:172) Processed 330 utterances
VLOG[2] (compute-mfcc-feats[5.5.166~1-013489]:main():compute-mfcc-feats.cc:173) Processed features for key GG_4459A
VLOG[2] (compute-mfcc-feats[5.5.166~1-013489]:main():compute-mfcc-feats.cc:173) Processed features for key GG_4679A
VLOG[2] (compute-mfcc-feats[5.5.166~1-013489]:main():compute-mfcc-feats.cc:173) Processed features for key GG_49433O4A
VLOG[2] (compute-mfcc-feats[5.5.166~1-013489]:main():compute-mfcc-feats.cc:173) Processed features for key GG_4A
VLOG[2] (compute-mfcc-feats[5.5.166~1-013489]:main():compute-mfcc-feats.cc:173) Processed features for key GG_4B
VLOG[2] (compute-mfcc-feats[5.5.166~1-013489]:main():compute-mfcc-feats.cc:173) Processed features for key GG_4ZZA
VLOG[2] (compute-mfcc-feats[5.5.166~1-013489]:main():compute-mfcc-feats.cc:173) Processed features for key GG_534A
VLOG[2] (compute-mfcc-feats[5.5.166~1-013489]:main():compute-mfcc-feats.cc:173) Processed features for key GG_53A
VLOG[2] (compute-mfcc-feats[5.5.166~1-013489]:main():compute-mfcc-feats.cc:173) Processed features for key GG_54A
VLOG[2] (compute-mfcc-feats[5.5.166~1-013489]:main():compute-mfcc-feats.cc:173) Processed features for key GG_573A
LOG (compute-mfcc-feats[5.5.166~1-013489]:main():compute-mfcc-feats.cc:172) Processed 340 utterances
VLOG[2] (compute-mfcc-feats[5.5.166~1-013489]:main():compute-mfcc-feats.cc:173) Processed features for key GG_5A
VLOG[2] (compute-mfcc-feats[5.5.166~1-013489]:main():compute-mfcc-feats.cc:173) Processed features for key GG_5B
VLOG[2] (compute-mfcc-feats[5.5.166~1-013489]:main():compute-mfcc-feats.cc:173) Processed features for key GG_5Z927A
VLOG[2] (compute-mfcc-feats[5.5.166~1-013489]:main():compute-mfcc-feats.cc:173) Processed features for key GG_645A
VLOG[2] (compute-mfcc-feats[5.5.166~1-013489]:main():compute-mfcc-feats.cc:173) Processed features for key GG_67489O9A
VLOG[2] (compute-mfcc-feats[5.5.166~1-013489]:main():compute-mfcc-feats.cc:173) Processed features for key GG_6861A
VLOG[2] (compute-mfcc-feats[5.5.166~1-013489]:main():compute-mfcc-feats.cc:173) Processed features for key GG_69ZZ312A
VLOG[2] (compute-mfcc-feats[5.5.166~1-013489]:main():compute-mfcc-feats.cc:173) Processed features for key GG_6A
VLOG[2] (compute-mfcc-feats[5.5.166~1-013489]:main():compute-mfcc-feats.cc:173) Processed features for key GG_6B
VLOG[2] (compute-mfcc-feats[5.5.166~1-013489]:main():compute-mfcc-feats.cc:173) Processed features for key GG_6O5884OA
LOG (compute-mfcc-feats[5.5.166~1-013489]:main():compute-mfcc-feats.cc:172) Processed 350 utterances
VLOG[2] (compute-mfcc-feats[5.5.166~1-013489]:main():compute-mfcc-feats.cc:173) Processed features for key GG_726A
VLOG[2] (compute-mfcc-feats[5.5.166~1-013489]:main():compute-mfcc-feats.cc:173) Processed features for key GG_73A
VLOG[2] (compute-mfcc-feats[5.5.166~1-013489]:main():compute-mfcc-feats.cc:173) Processed features for key GG_77A
VLOG[2] (compute-mfcc-feats[5.5.166~1-013489]:main():compute-mfcc-feats.cc:173) Processed features for key GG_7A
VLOG[2] (compute-mfcc-feats[5.5.166~1-013489]:main():compute-mfcc-feats.cc:173) Processed features for key GG_7B
VLOG[2] (compute-mfcc-feats[5.5.166~1-013489]:main():compute-mfcc-feats.cc:173) Processed features for key GG_7O8A
VLOG[2] (compute-mfcc-feats[5.5.166~1-013489]:main():compute-mfcc-feats.cc:173) Processed features for key GG_7ZA
VLOG[2] (compute-mfcc-feats[5.5.166~1-013489]:main():compute-mfcc-feats.cc:173) Processed features for key GG_855O515A
VLOG[2] (compute-mfcc-feats[5.5.166~1-013489]:main():compute-mfcc-feats.cc:173) Processed features for key GG_8574A
VLOG[2] (compute-mfcc-feats[5.5.166~1-013489]:main():compute-mfcc-feats.cc:173) Processed features for key GG_8626A
LOG (compute-mfcc-feats[5.5.166~1-013489]:main():compute-mfcc-feats.cc:172) Processed 360 utterances
VLOG[2] (compute-mfcc-feats[5.5.166~1-013489]:main():compute-mfcc-feats.cc:173) Processed features for key GG_8712A
VLOG[2] (compute-mfcc-feats[5.5.166~1-013489]:main():compute-mfcc-feats.cc:173) Processed features for key GG_8A
VLOG[2] (compute-mfcc-feats[5.5.166~1-013489]:main():compute-mfcc-feats.cc:173) Processed features for key GG_8B
VLOG[2] (compute-mfcc-feats[5.5.166~1-013489]:main():compute-mfcc-feats.cc:173) Processed features for key GG_8O379A
VLOG[2] (compute-mfcc-feats[5.5.166~1-013489]:main():compute-mfcc-feats.cc:173) Processed features for key GG_91A
VLOG[2] (compute-mfcc-feats[5.5.166~1-013489]:main():compute-mfcc-feats.cc:173) Processed features for key GG_92O2A
VLOG[2] (compute-mfcc-feats[5.5.166~1-013489]:main():compute-mfcc-feats.cc:173) Processed features for key GG_95958A
VLOG[2] (compute-mfcc-feats[5.5.166~1-013489]:main():compute-mfcc-feats.cc:173) Processed features for key GG_98Z787ZA
VLOG[2] (compute-mfcc-feats[5.5.166~1-013489]:main():compute-mfcc-feats.cc:173) Processed features for key GG_9A
VLOG[2] (compute-mfcc-feats[5.5.166~1-013489]:main():compute-mfcc-feats.cc:173) Processed features for key GG_9B
LOG (compute-mfcc-feats[5.5.166~1-013489]:main():compute-mfcc-feats.cc:172) Processed 370 utterances
VLOG[2] (compute-mfcc-feats[5.5.166~1-013489]:main():compute-mfcc-feats.cc:173) Processed features for key GG_9ZA
VLOG[2] (compute-mfcc-feats[5.5.166~1-013489]:main():compute-mfcc-feats.cc:173) Processed features for key GG_O238O7OA
VLOG[2] (compute-mfcc-feats[5.5.166~1-013489]:main():compute-mfcc-feats.cc:173) Processed features for key GG_O32O4OOA
VLOG[2] (compute-mfcc-feats[5.5.166~1-013489]:main():compute-mfcc-feats.cc:173) Processed features for key GG_O8A
VLOG[2] (compute-mfcc-feats[5.5.166~1-013489]:main():compute-mfcc-feats.cc:173) Processed features for key GG_OA
VLOG[2] (compute-mfcc-feats[5.5.166~1-013489]:main():compute-mfcc-feats.cc:173) Processed features for key GG_OB
VLOG[2] (compute-mfcc-feats[5.5.166~1-013489]:main():compute-mfcc-feats.cc:173) Processed features for key GG_OO18837A
VLOG[2] (compute-mfcc-feats[5.5.166~1-013489]:main():compute-mfcc-feats.cc:173) Processed features for key GG_OO66476A
VLOG[2] (compute-mfcc-feats[5.5.166~1-013489]:main():compute-mfcc-feats.cc:173) Processed features for key GG_Z2893A
VLOG[2] (compute-mfcc-feats[5.5.166~1-013489]:main():compute-mfcc-feats.cc:173) Processed features for key GG_Z4975ZZA
LOG (compute-mfcc-feats[5.5.166~1-013489]:main():compute-mfcc-feats.cc:172) Processed 380 utterances
VLOG[2] (compute-mfcc-feats[5.5.166~1-013489]:main():compute-mfcc-feats.cc:173) Processed features for key GG_Z4Z39A
VLOG[2] (compute-mfcc-feats[5.5.166~1-013489]:main():compute-mfcc-feats.cc:173) Processed features for key GG_Z6A
VLOG[2] (compute-mfcc-feats[5.5.166~1-013489]:main():compute-mfcc-feats.cc:173) Processed features for key GG_Z8424A
VLOG[2] (compute-mfcc-feats[5.5.166~1-013489]:main():compute-mfcc-feats.cc:173) Processed features for key GG_ZA
VLOG[2] (compute-mfcc-feats[5.5.166~1-013489]:main():compute-mfcc-feats.cc:173) Processed features for key GG_ZB
VLOG[2] (compute-mfcc-feats[5.5.166~1-013489]:main():compute-mfcc-feats.cc:173) Processed features for key GJ_1282A
VLOG[2] (compute-mfcc-feats[5.5.166~1-013489]:main():compute-mfcc-feats.cc:173) Processed features for key GJ_13OOA
VLOG[2] (compute-mfcc-feats[5.5.166~1-013489]:main():compute-mfcc-feats.cc:173) Processed features for key GJ_146A
VLOG[2] (compute-mfcc-feats[5.5.166~1-013489]:main():compute-mfcc-feats.cc:173) Processed features for key GJ_16A
VLOG[2] (compute-mfcc-feats[5.5.166~1-013489]:main():compute-mfcc-feats.cc:173) Processed features for key GJ_1A
LOG (compute-mfcc-feats[5.5.166~1-013489]:main():compute-mfcc-feats.cc:172) Processed 390 utterances
VLOG[2] (compute-mfcc-feats[5.5.166~1-013489]:main():compute-mfcc-feats.cc:173) Processed features for key GJ_1B
VLOG[2] (compute-mfcc-feats[5.5.166~1-013489]:main():compute-mfcc-feats.cc:173) Processed features for key GJ_1Z633A
VLOG[2] (compute-mfcc-feats[5.5.166~1-013489]:main():compute-mfcc-feats.cc:173) Processed features for key GJ_22Z5A
VLOG[2] (compute-mfcc-feats[5.5.166~1-013489]:main():compute-mfcc-feats.cc:173) Processed features for key GJ_26Z7759A
VLOG[2] (compute-mfcc-feats[5.5.166~1-013489]:main():compute-mfcc-feats.cc:173) Processed features for key GJ_2921967A
VLOG[2] (compute-mfcc-feats[5.5.166~1-013489]:main():compute-mfcc-feats.cc:173) Processed features for key GJ_29A
VLOG[2] (compute-mfcc-feats[5.5.166~1-013489]:main():compute-mfcc-feats.cc:173) Processed features for key GJ_2A
VLOG[2] (compute-mfcc-feats[5.5.166~1-013489]:main():compute-mfcc-feats.cc:173) Processed features for key GJ_2B
VLOG[2] (compute-mfcc-feats[5.5.166~1-013489]:main():compute-mfcc-feats.cc:173) Processed features for key GJ_2Z5A
VLOG[2] (compute-mfcc-feats[5.5.166~1-013489]:main():compute-mfcc-feats.cc:173) Processed features for key GJ_31O4OA
LOG (compute-mfcc-feats[5.5.166~1-013489]:main():compute-mfcc-feats.cc:172) Processed 400 utterances
VLOG[2] (compute-mfcc-feats[5.5.166~1-013489]:main():compute-mfcc-feats.cc:173) Processed features for key GJ_323A
VLOG[2] (compute-mfcc-feats[5.5.166~1-013489]:main():compute-mfcc-feats.cc:173) Processed features for key GJ_3521Z73A
VLOG[2] (compute-mfcc-feats[5.5.166~1-013489]:main():compute-mfcc-feats.cc:173) Processed features for key GJ_3A
VLOG[2] (compute-mfcc-feats[5.5.166~1-013489]:main():compute-mfcc-feats.cc:173) Processed features for key GJ_3B
VLOG[2] (compute-mfcc-feats[5.5.166~1-013489]:main():compute-mfcc-feats.cc:173) Processed features for key GJ_3O886A
VLOG[2] (compute-mfcc-feats[5.5.166~1-013489]:main():compute-mfcc-feats.cc:173) Processed features for key GJ_3Z8ZA
VLOG[2] (compute-mfcc-feats[5.5.166~1-013489]:main():compute-mfcc-feats.cc:173) Processed features for key GJ_4144A
VLOG[2] (compute-mfcc-feats[5.5.166~1-013489]:main():compute-mfcc-feats.cc:173) Processed features for key GJ_44A
VLOG[2] (compute-mfcc-feats[5.5.166~1-013489]:main():compute-mfcc-feats.cc:173) Processed features for key GJ_496A
VLOG[2] (compute-mfcc-feats[5.5.166~1-013489]:main():compute-mfcc-feats.cc:173) Processed features for key GJ_4A
LOG (compute-mfcc-feats[5.5.166~1-013489]:main():compute-mfcc-feats.cc:172) Processed 410 utterances
VLOG[2] (compute-mfcc-feats[5.5.166~1-013489]:main():compute-mfcc-feats.cc:173) Processed features for key GJ_4B
VLOG[2] (compute-mfcc-feats[5.5.166~1-013489]:main():compute-mfcc-feats.cc:173) Processed features for key GJ_4O5A
VLOG[2] (compute-mfcc-feats[5.5.166~1-013489]:main():compute-mfcc-feats.cc:173) Processed features for key GJ_4O92OA
VLOG[2] (compute-mfcc-feats[5.5.166~1-013489]:main():compute-mfcc-feats.cc:173) Processed features for key GJ_5173391A
VLOG[2] (compute-mfcc-feats[5.5.166~1-013489]:main():compute-mfcc-feats.cc:173) Processed features for key GJ_5424Z18A
VLOG[2] (compute-mfcc-feats[5.5.166~1-013489]:main():compute-mfcc-feats.cc:173) Processed features for key GJ_56651A
VLOG[2] (compute-mfcc-feats[5.5.166~1-013489]:main():compute-mfcc-feats.cc:173) Processed features for key GJ_589A
VLOG[2] (compute-mfcc-feats[5.5.166~1-013489]:main():compute-mfcc-feats.cc:173) Processed features for key GJ_58A
VLOG[2] (compute-mfcc-feats[5.5.166~1-013489]:main():compute-mfcc-feats.cc:173) Processed features for key GJ_5A
VLOG[2] (compute-mfcc-feats[5.5.166~1-013489]:main():compute-mfcc-feats.cc:173) Processed features for key GJ_5B
LOG (compute-mfcc-feats[5.5.166~1-013489]:main():compute-mfcc-feats.cc:172) Processed 420 utterances
VLOG[2] (compute-mfcc-feats[5.5.166~1-013489]:main():compute-mfcc-feats.cc:173) Processed features for key GJ_61157A
VLOG[2] (compute-mfcc-feats[5.5.166~1-013489]:main():compute-mfcc-feats.cc:173) Processed features for key GJ_6378A
VLOG[2] (compute-mfcc-feats[5.5.166~1-013489]:main():compute-mfcc-feats.cc:173) Processed features for key GJ_6683472A
VLOG[2] (compute-mfcc-feats[5.5.166~1-013489]:main():compute-mfcc-feats.cc:173) Processed features for key GJ_672A
VLOG[2] (compute-mfcc-feats[5.5.166~1-013489]:main():compute-mfcc-feats.cc:173) Processed features for key GJ_6A
VLOG[2] (compute-mfcc-feats[5.5.166~1-013489]:main():compute-mfcc-feats.cc:173) Processed features for key GJ_6B
VLOG[2] (compute-mfcc-feats[5.5.166~1-013489]:main():compute-mfcc-feats.cc:173) Processed features for key GJ_6Z9Z1A
VLOG[2] (compute-mfcc-feats[5.5.166~1-013489]:main():compute-mfcc-feats.cc:173) Processed features for key GJ_762A
VLOG[2] (compute-mfcc-feats[5.5.166~1-013489]:main():compute-mfcc-feats.cc:173) Processed features for key GJ_78A
VLOG[2] (compute-mfcc-feats[5.5.166~1-013489]:main():compute-mfcc-feats.cc:173) Processed features for key GJ_7985A
LOG (compute-mfcc-feats[5.5.166~1-013489]:main():compute-mfcc-feats.cc:172) Processed 430 utterances
VLOG[2] (compute-mfcc-feats[5.5.166~1-013489]:main():compute-mfcc-feats.cc:173) Processed features for key GJ_79A
VLOG[2] (compute-mfcc-feats[5.5.166~1-013489]:main():compute-mfcc-feats.cc:173) Processed features for key GJ_7A
VLOG[2] (compute-mfcc-feats[5.5.166~1-013489]:main():compute-mfcc-feats.cc:173) Processed features for key GJ_7B
VLOG[2] (compute-mfcc-feats[5.5.166~1-013489]:main():compute-mfcc-feats.cc:173) Processed features for key GJ_7ZA
VLOG[2] (compute-mfcc-feats[5.5.166~1-013489]:main():compute-mfcc-feats.cc:173) Processed features for key GJ_846OO26A
VLOG[2] (compute-mfcc-feats[5.5.166~1-013489]:main():compute-mfcc-feats.cc:173) Processed features for key GJ_84A
VLOG[2] (compute-mfcc-feats[5.5.166~1-013489]:main():compute-mfcc-feats.cc:173) Processed features for key GJ_85ZA
VLOG[2] (compute-mfcc-feats[5.5.166~1-013489]:main():compute-mfcc-feats.cc:173) Processed features for key GJ_8711O61A
VLOG[2] (compute-mfcc-feats[5.5.166~1-013489]:main():compute-mfcc-feats.cc:173) Processed features for key GJ_8A
VLOG[2] (compute-mfcc-feats[5.5.166~1-013489]:main():compute-mfcc-feats.cc:173) Processed features for key GJ_8B
LOG (compute-mfcc-feats[5.5.166~1-013489]:main():compute-mfcc-feats.cc:172) Processed 440 utterances
VLOG[2] (compute-mfcc-feats[5.5.166~1-013489]:main():compute-mfcc-feats.cc:173) Processed features for key GJ_8O5A
VLOG[2] (compute-mfcc-feats[5.5.166~1-013489]:main():compute-mfcc-feats.cc:173) Processed features for key GJ_91A
VLOG[2] (compute-mfcc-feats[5.5.166~1-013489]:main():compute-mfcc-feats.cc:173) Processed features for key GJ_948Z981A
VLOG[2] (compute-mfcc-feats[5.5.166~1-013489]:main():compute-mfcc-feats.cc:173) Processed features for key GJ_95O1275A
VLOG[2] (compute-mfcc-feats[5.5.166~1-013489]:main():compute-mfcc-feats.cc:173) Processed features for key GJ_977O2A
VLOG[2] (compute-mfcc-feats[5.5.166~1-013489]:main():compute-mfcc-feats.cc:173) Processed features for key GJ_99534A
VLOG[2] (compute-mfcc-feats[5.5.166~1-013489]:main():compute-mfcc-feats.cc:173) Processed features for key GJ_9A
VLOG[2] (compute-mfcc-feats[5.5.166~1-013489]:main():compute-mfcc-feats.cc:173) Processed features for key GJ_9B
VLOG[2] (compute-mfcc-feats[5.5.166~1-013489]:main():compute-mfcc-feats.cc:173) Processed features for key GJ_O174A
VLOG[2] (compute-mfcc-feats[5.5.166~1-013489]:main():compute-mfcc-feats.cc:173) Processed features for key GJ_O439A
LOG (compute-mfcc-feats[5.5.166~1-013489]:main():compute-mfcc-feats.cc:172) Processed 450 utterances
VLOG[2] (compute-mfcc-feats[5.5.166~1-013489]:main():compute-mfcc-feats.cc:173) Processed features for key GJ_O7A
VLOG[2] (compute-mfcc-feats[5.5.166~1-013489]:main():compute-mfcc-feats.cc:173) Processed features for key GJ_O7O65A
VLOG[2] (compute-mfcc-feats[5.5.166~1-013489]:main():compute-mfcc-feats.cc:173) Processed features for key GJ_O9936A
VLOG[2] (compute-mfcc-feats[5.5.166~1-013489]:main():compute-mfcc-feats.cc:173) Processed features for key GJ_OA
VLOG[2] (compute-mfcc-feats[5.5.166~1-013489]:main():compute-mfcc-feats.cc:173) Processed features for key GJ_OB
VLOG[2] (compute-mfcc-feats[5.5.166~1-013489]:main():compute-mfcc-feats.cc:173) Processed features for key GJ_Z286A
VLOG[2] (compute-mfcc-feats[5.5.166~1-013489]:main():compute-mfcc-feats.cc:173) Processed features for key GJ_Z2A
VLOG[2] (compute-mfcc-feats[5.5.166~1-013489]:main():compute-mfcc-feats.cc:173) Processed features for key GJ_Z37ZZ49A
VLOG[2] (compute-mfcc-feats[5.5.166~1-013489]:main():compute-mfcc-feats.cc:173) Processed features for key GJ_Z6ZA
VLOG[2] (compute-mfcc-feats[5.5.166~1-013489]:main():compute-mfcc-feats.cc:173) Processed features for key GJ_Z871A
LOG (compute-mfcc-feats[5.5.166~1-013489]:main():compute-mfcc-feats.cc:172) Processed 460 utterances
VLOG[2] (compute-mfcc-feats[5.5.166~1-013489]:main():compute-mfcc-feats.cc:173) Processed features for key GJ_ZA
VLOG[2] (compute-mfcc-feats[5.5.166~1-013489]:main():compute-mfcc-feats.cc:173) Processed features for key GJ_ZB
VLOG[2] (compute-mfcc-feats[5.5.166~1-013489]:main():compute-mfcc-feats.cc:173) Processed features for key GR_1238OA
VLOG[2] (compute-mfcc-feats[5.5.166~1-013489]:main():compute-mfcc-feats.cc:173) Processed features for key GR_14483A
VLOG[2] (compute-mfcc-feats[5.5.166~1-013489]:main():compute-mfcc-feats.cc:173) Processed features for key GR_1826394A
VLOG[2] (compute-mfcc-feats[5.5.166~1-013489]:main():compute-mfcc-feats.cc:173) Processed features for key GR_1A
VLOG[2] (compute-mfcc-feats[5.5.166~1-013489]:main():compute-mfcc-feats.cc:173) Processed features for key GR_1B
VLOG[2] (compute-mfcc-feats[5.5.166~1-013489]:main():compute-mfcc-feats.cc:173) Processed features for key GR_1O5O6A
VLOG[2] (compute-mfcc-feats[5.5.166~1-013489]:main():compute-mfcc-feats.cc:173) Processed features for key GR_1ZA
VLOG[2] (compute-mfcc-feats[5.5.166~1-013489]:main():compute-mfcc-feats.cc:173) Processed features for key GR_2195A
LOG (compute-mfcc-feats[5.5.166~1-013489]:main():compute-mfcc-feats.cc:172) Processed 470 utterances
VLOG[2] (compute-mfcc-feats[5.5.166~1-013489]:main():compute-mfcc-feats.cc:173) Processed features for key GR_24Z1A
VLOG[2] (compute-mfcc-feats[5.5.166~1-013489]:main():compute-mfcc-feats.cc:173) Processed features for key GR_26Z3ZA
VLOG[2] (compute-mfcc-feats[5.5.166~1-013489]:main():compute-mfcc-feats.cc:173) Processed features for key GR_27A
VLOG[2] (compute-mfcc-feats[5.5.166~1-013489]:main():compute-mfcc-feats.cc:173) Processed features for key GR_29A
VLOG[2] (compute-mfcc-feats[5.5.166~1-013489]:main():compute-mfcc-feats.cc:173) Processed features for key GR_2A
VLOG[2] (compute-mfcc-feats[5.5.166~1-013489]:main():compute-mfcc-feats.cc:173) Processed features for key GR_2B
VLOG[2] (compute-mfcc-feats[5.5.166~1-013489]:main():compute-mfcc-feats.cc:173) Processed features for key GR_344A
VLOG[2] (compute-mfcc-feats[5.5.166~1-013489]:main():compute-mfcc-feats.cc:173) Processed features for key GR_3519558A
VLOG[2] (compute-mfcc-feats[5.5.166~1-013489]:main():compute-mfcc-feats.cc:173) Processed features for key GR_35Z3A
VLOG[2] (compute-mfcc-feats[5.5.166~1-013489]:main():compute-mfcc-feats.cc:173) Processed features for key GR_36OA
LOG (compute-mfcc-feats[5.5.166~1-013489]:main():compute-mfcc-feats.cc:172) Processed 480 utterances
VLOG[2] (compute-mfcc-feats[5.5.166~1-013489]:main():compute-mfcc-feats.cc:173) Processed features for key GR_3A
VLOG[2] (compute-mfcc-feats[5.5.166~1-013489]:main():compute-mfcc-feats.cc:173) Processed features for key GR_3B
VLOG[2] (compute-mfcc-feats[5.5.166~1-013489]:main():compute-mfcc-feats.cc:173) Processed features for key GR_3OO4A
VLOG[2] (compute-mfcc-feats[5.5.166~1-013489]:main():compute-mfcc-feats.cc:173) Processed features for key GR_41A
VLOG[2] (compute-mfcc-feats[5.5.166~1-013489]:main():compute-mfcc-feats.cc:173) Processed features for key GR_4696474A
VLOG[2] (compute-mfcc-feats[5.5.166~1-013489]:main():compute-mfcc-feats.cc:173) Processed features for key GR_47O1A
VLOG[2] (compute-mfcc-feats[5.5.166~1-013489]:main():compute-mfcc-feats.cc:173) Processed features for key GR_493Z8A
VLOG[2] (compute-mfcc-feats[5.5.166~1-013489]:main():compute-mfcc-feats.cc:173) Processed features for key GR_4A
VLOG[2] (compute-mfcc-feats[5.5.166~1-013489]:main():compute-mfcc-feats.cc:173) Processed features for key GR_4B
VLOG[2] (compute-mfcc-feats[5.5.166~1-013489]:main():compute-mfcc-feats.cc:173) Processed features for key GR_4OOA
LOG (compute-mfcc-feats[5.5.166~1-013489]:main():compute-mfcc-feats.cc:172) Processed 490 utterances
VLOG[2] (compute-mfcc-feats[5.5.166~1-013489]:main():compute-mfcc-feats.cc:173) Processed features for key GR_52142O7A
VLOG[2] (compute-mfcc-feats[5.5.166~1-013489]:main():compute-mfcc-feats.cc:173) Processed features for key GR_57988A
VLOG[2] (compute-mfcc-feats[5.5.166~1-013489]:main():compute-mfcc-feats.cc:173) Processed features for key GR_57A
VLOG[2] (compute-mfcc-feats[5.5.166~1-013489]:main():compute-mfcc-feats.cc:173) Processed features for key GR_599A
VLOG[2] (compute-mfcc-feats[5.5.166~1-013489]:main():compute-mfcc-feats.cc:173) Processed features for key GR_5A
VLOG[2] (compute-mfcc-feats[5.5.166~1-013489]:main():compute-mfcc-feats.cc:173) Processed features for key GR_5B
VLOG[2] (compute-mfcc-feats[5.5.166~1-013489]:main():compute-mfcc-feats.cc:173) Processed features for key GR_5O25676A
VLOG[2] (compute-mfcc-feats[5.5.166~1-013489]:main():compute-mfcc-feats.cc:173) Processed features for key GR_6239A
VLOG[2] (compute-mfcc-feats[5.5.166~1-013489]:main():compute-mfcc-feats.cc:173) Processed features for key GR_62A
VLOG[2] (compute-mfcc-feats[5.5.166~1-013489]:main():compute-mfcc-feats.cc:173) Processed features for key GR_64O53A
LOG (compute-mfcc-feats[5.5.166~1-013489]:main():compute-mfcc-feats.cc:172) Processed 500 utterances
VLOG[2] (compute-mfcc-feats[5.5.166~1-013489]:main():compute-mfcc-feats.cc:173) Processed features for key GR_6543A
VLOG[2] (compute-mfcc-feats[5.5.166~1-013489]:main():compute-mfcc-feats.cc:173) Processed features for key GR_6848A
VLOG[2] (compute-mfcc-feats[5.5.166~1-013489]:main():compute-mfcc-feats.cc:173) Processed features for key GR_6A
VLOG[2] (compute-mfcc-feats[5.5.166~1-013489]:main():compute-mfcc-feats.cc:173) Processed features for key GR_6B
VLOG[2] (compute-mfcc-feats[5.5.166~1-013489]:main():compute-mfcc-feats.cc:173) Processed features for key GR_7566116A
VLOG[2] (compute-mfcc-feats[5.5.166~1-013489]:main():compute-mfcc-feats.cc:173) Processed features for key GR_769A
VLOG[2] (compute-mfcc-feats[5.5.166~1-013489]:main():compute-mfcc-feats.cc:173) Processed features for key GR_774ZZ13A
VLOG[2] (compute-mfcc-feats[5.5.166~1-013489]:main():compute-mfcc-feats.cc:173) Processed features for key GR_78852A
VLOG[2] (compute-mfcc-feats[5.5.166~1-013489]:main():compute-mfcc-feats.cc:173) Processed features for key GR_7A
VLOG[2] (compute-mfcc-feats[5.5.166~1-013489]:main():compute-mfcc-feats.cc:173) Processed features for key GR_7B
LOG (compute-mfcc-feats[5.5.166~1-013489]:main():compute-mfcc-feats.cc:172) Processed 510 utterances
VLOG[2] (compute-mfcc-feats[5.5.166~1-013489]:main():compute-mfcc-feats.cc:173) Processed features for key GR_7ZZ7ZA
VLOG[2] (compute-mfcc-feats[5.5.166~1-013489]:main():compute-mfcc-feats.cc:173) Processed features for key GR_81771OOA
VLOG[2] (compute-mfcc-feats[5.5.166~1-013489]:main():compute-mfcc-feats.cc:173) Processed features for key GR_84A
VLOG[2] (compute-mfcc-feats[5.5.166~1-013489]:main():compute-mfcc-feats.cc:173) Processed features for key GR_85Z4317A
VLOG[2] (compute-mfcc-feats[5.5.166~1-013489]:main():compute-mfcc-feats.cc:173) Processed features for key GR_86O667OA
VLOG[2] (compute-mfcc-feats[5.5.166~1-013489]:main():compute-mfcc-feats.cc:173) Processed features for key GR_8A
VLOG[2] (compute-mfcc-feats[5.5.166~1-013489]:main():compute-mfcc-feats.cc:173) Processed features for key GR_8B
VLOG[2] (compute-mfcc-feats[5.5.166~1-013489]:main():compute-mfcc-feats.cc:173) Processed features for key GR_8ZA
VLOG[2] (compute-mfcc-feats[5.5.166~1-013489]:main():compute-mfcc-feats.cc:173) Processed features for key GR_92Z75A
VLOG[2] (compute-mfcc-feats[5.5.166~1-013489]:main():compute-mfcc-feats.cc:173) Processed features for key GR_933A
LOG (compute-mfcc-feats[5.5.166~1-013489]:main():compute-mfcc-feats.cc:172) Processed 520 utterances
VLOG[2] (compute-mfcc-feats[5.5.166~1-013489]:main():compute-mfcc-feats.cc:173) Processed features for key GR_9A
VLOG[2] (compute-mfcc-feats[5.5.166~1-013489]:main():compute-mfcc-feats.cc:173) Processed features for key GR_9B
VLOG[2] (compute-mfcc-feats[5.5.166~1-013489]:main():compute-mfcc-feats.cc:173) Processed features for key GR_9OO1A
VLOG[2] (compute-mfcc-feats[5.5.166~1-013489]:main():compute-mfcc-feats.cc:173) Processed features for key GR_9Z2A
VLOG[2] (compute-mfcc-feats[5.5.166~1-013489]:main():compute-mfcc-feats.cc:173) Processed features for key GR_9ZA
VLOG[2] (compute-mfcc-feats[5.5.166~1-013489]:main():compute-mfcc-feats.cc:173) Processed features for key GR_O33A
VLOG[2] (compute-mfcc-feats[5.5.166~1-013489]:main():compute-mfcc-feats.cc:173) Processed features for key GR_O36O813A
VLOG[2] (compute-mfcc-feats[5.5.166~1-013489]:main():compute-mfcc-feats.cc:173) Processed features for key GR_O45A
VLOG[2] (compute-mfcc-feats[5.5.166~1-013489]:main():compute-mfcc-feats.cc:173) Processed features for key GR_O738OA
VLOG[2] (compute-mfcc-feats[5.5.166~1-013489]:main():compute-mfcc-feats.cc:173) Processed features for key GR_O972A
LOG (compute-mfcc-feats[5.5.166~1-013489]:main():compute-mfcc-feats.cc:172) Processed 530 utterances
VLOG[2] (compute-mfcc-feats[5.5.166~1-013489]:main():compute-mfcc-feats.cc:173) Processed features for key GR_OA
VLOG[2] (compute-mfcc-feats[5.5.166~1-013489]:main():compute-mfcc-feats.cc:173) Processed features for key GR_OB
VLOG[2] (compute-mfcc-feats[5.5.166~1-013489]:main():compute-mfcc-feats.cc:173) Processed features for key GR_Z5A
VLOG[2] (compute-mfcc-feats[5.5.166~1-013489]:main():compute-mfcc-feats.cc:173) Processed features for key GR_Z61A
VLOG[2] (compute-mfcc-feats[5.5.166~1-013489]:main():compute-mfcc-feats.cc:173) Processed features for key GR_Z865A
VLOG[2] (compute-mfcc-feats[5.5.166~1-013489]:main():compute-mfcc-feats.cc:173) Processed features for key GR_ZA
VLOG[2] (compute-mfcc-feats[5.5.166~1-013489]:main():compute-mfcc-feats.cc:173) Processed features for key GR_ZB
VLOG[2] (compute-mfcc-feats[5.5.166~1-013489]:main():compute-mfcc-feats.cc:173) Processed features for key GR_ZZ2A
VLOG[2] (compute-mfcc-feats[5.5.166~1-013489]:main():compute-mfcc-feats.cc:173) Processed features for key GR_ZZA
VLOG[2] (compute-mfcc-feats[5.5.166~1-013489]:main():compute-mfcc-feats.cc:173) Processed features for key GT_12ZA
LOG (compute-mfcc-feats[5.5.166~1-013489]:main():compute-mfcc-feats.cc:176)  Done 539 out of 539 utterances.
LOG (copy-feats[5.5.166~1-013489]:main():copy-feats.cc:143) Copied 539 feature matrices.
# Accounting: time=5 threads=1
# Ended (code 0) at Mon Dec  2 13:38:20 CST 2019, elapsed time 5 seconds
