# gunzip -c exp/mono0a/decode/depth_stats_tmp.*.gz | steps/diagnostic/analyze_lattice_depth_stats.py exp/mono0a/graph 
# Started at Thu Dec  5 01:04:23 CST 2019
#
The total amount of data analyzed assuming 100 frames per second is 4.2 hours
Overall, lattice depth (10,50,90-percentile)=(1,1,2) and mean=1.2
Nonsilence phones as a group account for 67.4% of frames, with lattice depth (10,50,90-percentile)=(1,1,2) and mean=1.2
Phone sil accounts for 32.6% of frames, with lattice depth (10,50,90-percentile)=(1,1,2) and mean=1.2
Phone ay accounts for 7.0% of frames, with lattice depth (10,50,90-percentile)=(1,1,2) and mean=1.2
Phone ow accounts for 5.7% of frames, with lattice depth (10,50,90-percentile)=(1,2,2) and mean=1.7
Phone n accounts for 5.3% of frames, with lattice depth (10,50,90-percentile)=(1,1,2) and mean=1.2
Phone s accounts for 4.9% of frames, with lattice depth (10,50,90-percentile)=(1,1,2) and mean=1.1
Phone r accounts for 4.5% of frames, with lattice depth (10,50,90-percentile)=(1,1,2) and mean=1.2
Phone iy accounts for 4.3% of frames, with lattice depth (10,50,90-percentile)=(1,1,2) and mean=1.1
Phone f accounts for 4.0% of frames, with lattice depth (10,50,90-percentile)=(1,1,2) and mean=1.2
Phone v accounts for 3.7% of frames, with lattice depth (10,50,90-percentile)=(1,1,2) and mean=1.1
Phone uw accounts for 3.4% of frames, with lattice depth (10,50,90-percentile)=(1,1,2) and mean=1.2
Phone t accounts for 3.3% of frames, with lattice depth (10,50,90-percentile)=(1,1,2) and mean=1.2
Phone ey accounts for 3.2% of frames, with lattice depth (10,50,90-percentile)=(1,1,2) and mean=1.2
Phone w accounts for 3.0% of frames, with lattice depth (10,50,90-percentile)=(1,1,2) and mean=1.2
Phone ao accounts for 2.7% of frames, with lattice depth (10,50,90-percentile)=(1,1,2) and mean=1.1
Phone z accounts for 2.3% of frames, with lattice depth (10,50,90-percentile)=(1,1,1) and mean=1.1
Phone k accounts for 2.3% of frames, with lattice depth (10,50,90-percentile)=(1,1,1) and mean=1.1
Phone ah accounts for 2.2% of frames, with lattice depth (10,50,90-percentile)=(1,1,2) and mean=1.2
Phone th accounts for 2.0% of frames, with lattice depth (10,50,90-percentile)=(1,1,2) and mean=1.2
Phone ih accounts for 1.9% of frames, with lattice depth (10,50,90-percentile)=(1,1,2) and mean=1.1
Phone eh accounts for 1.8% of frames, with lattice depth (10,50,90-percentile)=(1,1,2) and mean=1.1
# Accounting: time=0 threads=1
# Ended (code 0) at Thu Dec  5 01:04:23 CST 2019, elapsed time 0 seconds
